Epoch: 0
Validation loss: 16275.493164
Validation accuracy: 0.572228
Test accuracy: 0.562366
Validation loss: 14691.060547
Validation accuracy: 0.572228
Test accuracy: 0.562366
Validation loss: 13589.733398
Validation accuracy: 0.643476
Test accuracy: 0.634070
Validation loss: 12985.337891
Validation accuracy: 0.704657
Test accuracy: 0.690306
Validation loss: 12848.813477
Validation accuracy: 0.590547
Test accuracy: 0.588097
Validation loss: 11566.460938
Validation accuracy: 0.781080
Test accuracy: 0.777976
Training loss: 109816.779358
Training accuracy: 0.791744

Epoch: 1
Validation loss: 11558.501953
Validation accuracy: 0.791218
Test accuracy: 0.787883
Validation loss: 11466.427734
Validation accuracy: 0.797791
Test accuracy: 0.787099
Validation loss: 11241.849609
Validation accuracy: 0.826738
Test accuracy: 0.822452
Validation loss: 13495.739258
Validation accuracy: 0.817858
Test accuracy: 0.813970
Validation loss: 11533.031250
Validation accuracy: 0.766886
Test accuracy: 0.765289
Validation loss: 10976.704102
Validation accuracy: 0.850510
Test accuracy: 0.843621
Training loss: 93211.700226
Training accuracy: 0.829050

Epoch: 2
Validation loss: 10877.776367
Validation accuracy: 0.832681
Test accuracy: 0.826016
Validation loss: 10659.041016
Validation accuracy: 0.866173
Test accuracy: 0.857520
Validation loss: 10553.045898
Validation accuracy: 0.848133
Test accuracy: 0.841910
Validation loss: 11001.185547
Validation accuracy: 0.831842
Test accuracy: 0.821953
Validation loss: 10545.722656
Validation accuracy: 0.860089
Test accuracy: 0.847612
Validation loss: 10958.394531
Validation accuracy: 0.862956
Test accuracy: 0.855880
Training loss: 87175.509720
Training accuracy: 0.876287

Epoch: 3
Validation loss: 10409.696289
Validation accuracy: 0.879807
Test accuracy: 0.873343
Validation loss: 10041.493164
Validation accuracy: 0.890505
Test accuracy: 0.887883
Validation loss: 10161.427734
Validation accuracy: 0.882254
Test accuracy: 0.883179
Validation loss: 10684.511719
Validation accuracy: 0.887079
Test accuracy: 0.884818
Validation loss: 10338.692383
Validation accuracy: 0.886869
Test accuracy: 0.885816
Validation loss: 10631.056641
Validation accuracy: 0.864145
Test accuracy: 0.864718
Training loss: 85096.934097
Training accuracy: 0.874641

Epoch: 4
Validation loss: 10168.513672
Validation accuracy: 0.878409
Test accuracy: 0.878475
Validation loss: 10185.885742
Validation accuracy: 0.879877
Test accuracy: 0.878118
Validation loss: 10356.975586
Validation accuracy: 0.890994
Test accuracy: 0.887028
Validation loss: 10349.201172
Validation accuracy: 0.897287
Test accuracy: 0.897006
Validation loss: 9987.797852
Validation accuracy: 0.895889
Test accuracy: 0.896080
Validation loss: 10332.826172
Validation accuracy: 0.891693
Test accuracy: 0.893514
Training loss: 84401.934799
Training accuracy: 0.894112

Epoch: 5
Validation loss: 10008.660156
Validation accuracy: 0.896448
Test accuracy: 0.894155
Validation loss: 10269.521484
Validation accuracy: 0.897287
Test accuracy: 0.896151
Validation loss: 10031.163086
Validation accuracy: 0.900573
Test accuracy: 0.899857
Validation loss: 10071.736328
Validation accuracy: 0.889316
Test accuracy: 0.887313
Validation loss: 10294.882812
Validation accuracy: 0.889806
Test accuracy: 0.890449
Validation loss: 9969.703125
Validation accuracy: 0.901762
Test accuracy: 0.900499
Training loss: 83152.994873
Training accuracy: 0.896778

Epoch: 6
Validation loss: 9919.004883
Validation accuracy: 0.899035
Test accuracy: 0.897434
Validation loss: 10004.125977
Validation accuracy: 0.898196
Test accuracy: 0.899572
Validation loss: 9962.580078
Validation accuracy: 0.903090
Test accuracy: 0.903564
Validation loss: 10085.374023
Validation accuracy: 0.892882
Test accuracy: 0.892017
Validation loss: 10291.843750
Validation accuracy: 0.894700
Test accuracy: 0.892302
Validation loss: 10151.534180
Validation accuracy: 0.905957
Test accuracy: 0.904490
Training loss: 82161.364243
Training accuracy: 0.885740

Epoch: 7
Validation loss: 10141.385742
Validation accuracy: 0.885051
Test accuracy: 0.883321
Validation loss: 9824.032227
Validation accuracy: 0.910712
Test accuracy: 0.907698
Validation loss: 10040.123047
Validation accuracy: 0.901622
Test accuracy: 0.899715
Validation loss: 9928.100586
Validation accuracy: 0.906796
Test accuracy: 0.902352
Validation loss: 9972.801758
Validation accuracy: 0.907146
Test accuracy: 0.902708
Validation loss: 9691.227539
Validation accuracy: 0.912250
Test accuracy: 0.909195
Training loss: 81149.006729
Training accuracy: 0.902537

Epoch: 8
Validation loss: 9943.159180
Validation accuracy: 0.903580
Test accuracy: 0.898931
Validation loss: 9882.529297
Validation accuracy: 0.900503
Test accuracy: 0.896864
Validation loss: 9958.181641
Validation accuracy: 0.910572
Test accuracy: 0.907983
Validation loss: 9708.561523
Validation accuracy: 0.910502
Test accuracy: 0.906914
Validation loss: 10317.002930
Validation accuracy: 0.897846
Test accuracy: 0.898574
Validation loss: 9758.711914
Validation accuracy: 0.916375
Test accuracy: 0.913043
Training loss: 80368.339050
Training accuracy: 0.910073

Epoch: 9
Validation loss: 9871.959961
Validation accuracy: 0.910013
Test accuracy: 0.907555
Validation loss: 9818.554688
Validation accuracy: 0.919312
Test accuracy: 0.916108
Validation loss: 9923.186523
Validation accuracy: 0.909663
Test accuracy: 0.908268
Validation loss: 9647.182617
Validation accuracy: 0.916026
Test accuracy: 0.913115
Validation loss: 9952.730469
Validation accuracy: 0.914068
Test accuracy: 0.911190
Validation loss: 10064.180664
Validation accuracy: 0.904419
Test accuracy: 0.903778
Training loss: 79740.565781
Training accuracy: 0.915475

Epoch: 10
Validation loss: 9794.036133
Validation accuracy: 0.918753
Test accuracy: 0.914825
Validation loss: 10038.048828
Validation accuracy: 0.907495
Test accuracy: 0.905702
Validation loss: 9592.348633
Validation accuracy: 0.920221
Test accuracy: 0.917177
Validation loss: 9860.376953
Validation accuracy: 0.914487
Test accuracy: 0.909266
Validation loss: 9833.202148
Validation accuracy: 0.915886
Test accuracy: 0.909979
Validation loss: 9931.437500
Validation accuracy: 0.916865
Test accuracy: 0.913257
Training loss: 79225.542343
Training accuracy: 0.918846

Epoch: 11
Validation loss: 9732.366211
Validation accuracy: 0.921130
Test accuracy: 0.918318
Validation loss: 9825.999023
Validation accuracy: 0.917983
Test accuracy: 0.913471
Validation loss: 9777.013672
Validation accuracy: 0.912390
Test accuracy: 0.908054
Validation loss: 9672.005859
Validation accuracy: 0.915606
Test accuracy: 0.911974
Validation loss: 9628.730469
Validation accuracy: 0.921689
Test accuracy: 0.917177
Validation loss: 9624.508789
Validation accuracy: 0.917704
Test accuracy: 0.914041
Training loss: 78379.332520
Training accuracy: 0.915056

Epoch: 12
Validation loss: 9731.714844
Validation accuracy: 0.917005
Test accuracy: 0.916465
Validation loss: 9870.232422
Validation accuracy: 0.920501
Test accuracy: 0.917249
Validation loss: 9852.284180
Validation accuracy: 0.916795
Test accuracy: 0.912901
Validation loss: 9642.220703
Validation accuracy: 0.925045
Test accuracy: 0.918888
Validation loss: 9852.361328
Validation accuracy: 0.905747
Test accuracy: 0.902637
Validation loss: 9622.171875
Validation accuracy: 0.924067
Test accuracy: 0.919601
Training loss: 78443.502548
Training accuracy: 0.882002

Epoch: 13
Validation loss: 10146.355469
Validation accuracy: 0.881625
Test accuracy: 0.878261
Validation loss: 9677.801758
Validation accuracy: 0.919941
Test accuracy: 0.917106
Validation loss: 9689.115234
Validation accuracy: 0.924696
Test accuracy: 0.920670
Validation loss: 9469.082031
Validation accuracy: 0.926374
Test accuracy: 0.920955
Validation loss: 9659.429688
Validation accuracy: 0.922668
Test accuracy: 0.919316
Validation loss: 9884.984375
Validation accuracy: 0.903860
Test accuracy: 0.902495
Training loss: 77629.586273
Training accuracy: 0.919587

Epoch: 14
Validation loss: 9605.351562
Validation accuracy: 0.921130
Test accuracy: 0.917605
Validation loss: 9649.644531
Validation accuracy: 0.918543
Test accuracy: 0.918532
Validation loss: 9682.557617
Validation accuracy: 0.921759
Test accuracy: 0.920599
Validation loss: 9577.862305
Validation accuracy: 0.926793
Test accuracy: 0.920599
Validation loss: 9696.045898
Validation accuracy: 0.926094
Test accuracy: 0.922381
Validation loss: 9470.578125
Validation accuracy: 0.926514
Test accuracy: 0.922238
Training loss: 77610.288284
Training accuracy: 0.926757

Epoch: 15
Validation loss: 9784.234375
Validation accuracy: 0.930150
Test accuracy: 0.928297
Validation loss: 9633.967773
Validation accuracy: 0.920990
Test accuracy: 0.917106
Validation loss: 9660.054688
Validation accuracy: 0.923787
Test accuracy: 0.919102
Validation loss: 9641.621094
Validation accuracy: 0.899105
Test accuracy: 0.902352
Validation loss: 9474.957031
Validation accuracy: 0.926654
Test accuracy: 0.921668
Validation loss: 9832.208984
Validation accuracy: 0.903440
Test accuracy: 0.897006
Training loss: 77641.877060
Training accuracy: 0.916363

Epoch: 16
Validation loss: 9651.481445
Validation accuracy: 0.913369
Test accuracy: 0.911333
Validation loss: 9509.816406
Validation accuracy: 0.914278
Test accuracy: 0.917035
Validation loss: 9962.911133
Validation accuracy: 0.903860
Test accuracy: 0.901711
Validation loss: 9512.826172
Validation accuracy: 0.928262
Test accuracy: 0.924661
Validation loss: 9614.535156
Validation accuracy: 0.930779
Test accuracy: 0.924091
Validation loss: 9632.860352
Validation accuracy: 0.926514
Test accuracy: 0.922951
Training loss: 76901.248703
Training accuracy: 0.928656

Epoch: 17
Validation loss: 9434.544922
Validation accuracy: 0.930499
Test accuracy: 0.928083
Validation loss: 9532.167969
Validation accuracy: 0.927353
Test accuracy: 0.925517
Validation loss: 10085.468750
Validation accuracy: 0.925675
Test accuracy: 0.923165
Validation loss: 9372.093750
Validation accuracy: 0.928821
Test accuracy: 0.924519
Validation loss: 9635.398438
Validation accuracy: 0.926724
Test accuracy: 0.924733
Validation loss: 9486.784180
Validation accuracy: 0.928472
Test accuracy: 0.926657
Training loss: 76984.378448
Training accuracy: 0.925990

Epoch: 18
Validation loss: 9497.330078
Validation accuracy: 0.925535
Test accuracy: 0.922808
Validation loss: 9528.983398
Validation accuracy: 0.925255
Test accuracy: 0.923735
Validation loss: 9559.658203
Validation accuracy: 0.931408
Test accuracy: 0.927655
Validation loss: 9437.318359
Validation accuracy: 0.930849
Test accuracy: 0.928439
Validation loss: 9537.853516
Validation accuracy: 0.923018
Test accuracy: 0.919244
Validation loss: 9524.888672
Validation accuracy: 0.930150
Test accuracy: 0.928225
Training loss: 76629.732605
Training accuracy: 0.928499

Epoch: 19
Validation loss: 9436.583984
Validation accuracy: 0.926234
Test accuracy: 0.923378
Validation loss: 9539.829102
Validation accuracy: 0.932107
Test accuracy: 0.929508
Validation loss: 9510.148438
Validation accuracy: 0.930010
Test accuracy: 0.927869
Validation loss: 9754.010742
Validation accuracy: 0.922808
Test accuracy: 0.918318
Validation loss: 9358.744141
Validation accuracy: 0.931129
Test accuracy: 0.929936
Validation loss: 9617.847656
Validation accuracy: 0.926164
Test accuracy: 0.924733
Training loss: 76380.354477
Training accuracy: 0.931766

Epoch: 20
Validation loss: 9395.977539
Validation accuracy: 0.930359
Test accuracy: 0.927655
Validation loss: 9533.524414
Validation accuracy: 0.932807
Test accuracy: 0.929651
Validation loss: 9636.057617
Validation accuracy: 0.915816
Test accuracy: 0.910406
Validation loss: 9335.168945
Validation accuracy: 0.931898
Test accuracy: 0.929936
Validation loss: 9391.104492
Validation accuracy: 0.927003
Test accuracy: 0.923735
Validation loss: 9416.242188
Validation accuracy: 0.932037
Test accuracy: 0.930577
Training loss: 76247.821869
Training accuracy: 0.933430

Epoch: 21
Validation loss: 9425.766602
Validation accuracy: 0.933716
Test accuracy: 0.930506
Validation loss: 9471.241211
Validation accuracy: 0.925954
Test accuracy: 0.922951
Validation loss: 9499.878906
Validation accuracy: 0.932317
Test accuracy: 0.928795
Validation loss: 9535.299805
Validation accuracy: 0.922808
Test accuracy: 0.921454
Validation loss: 9382.954102
Validation accuracy: 0.933716
Test accuracy: 0.928582
Validation loss: 9566.695312
Validation accuracy: 0.926094
Test accuracy: 0.924875
Training loss: 75531.512299
Training accuracy: 0.922087

Epoch: 22
Validation loss: 9954.125977
Validation accuracy: 0.917844
Test accuracy: 0.916322
Validation loss: 9585.669922
Validation accuracy: 0.920501
Test accuracy: 0.916322
Validation loss: 9332.766602
Validation accuracy: 0.925115
Test accuracy: 0.922167
Validation loss: 9405.684570
Validation accuracy: 0.932247
Test accuracy: 0.929152
Validation loss: 9411.146484
Validation accuracy: 0.923647
Test accuracy: 0.924305
Validation loss: 9455.138672
Validation accuracy: 0.931968
Test accuracy: 0.931504
Training loss: 75633.829056
Training accuracy: 0.934493

Epoch: 23
Validation loss: 9488.979492
Validation accuracy: 0.936233
Test accuracy: 0.933143
Validation loss: 9547.097656
Validation accuracy: 0.931758
Test accuracy: 0.925873
Validation loss: 9385.825195
Validation accuracy: 0.933855
Test accuracy: 0.927227
Validation loss: 9243.729492
Validation accuracy: 0.932317
Test accuracy: 0.931005
Validation loss: 9303.398438
Validation accuracy: 0.928891
Test accuracy: 0.924875
Validation loss: 9292.650391
Validation accuracy: 0.935254
Test accuracy: 0.930934
Training loss: 75874.121185
Training accuracy: 0.915056

Epoch: 24
Validation loss: 9723.200195
Validation accuracy: 0.919102
Test accuracy: 0.911262
Validation loss: 9870.688477
Validation accuracy: 0.909243
Test accuracy: 0.910264
Validation loss: 9350.397461
Validation accuracy: 0.932807
Test accuracy: 0.930007
Validation loss: 9300.000000
Validation accuracy: 0.933576
Test accuracy: 0.931290
Validation loss: 9551.835938
Validation accuracy: 0.921549
Test accuracy: 0.917890
Validation loss: 9463.578125
Validation accuracy: 0.932737
Test accuracy: 0.929009
Training loss: 75273.761993
Training accuracy: 0.935242

Epoch: 25
Validation loss: 9352.712891
Validation accuracy: 0.933016
Test accuracy: 0.931789
Validation loss: 9545.532227
Validation accuracy: 0.928192
Test accuracy: 0.928867
Validation loss: 9368.605469
Validation accuracy: 0.933925
Test accuracy: 0.931718
Validation loss: 9373.627930
Validation accuracy: 0.934904
Test accuracy: 0.932288
Validation loss: 9466.767578
Validation accuracy: 0.930429
Test accuracy: 0.933428
Validation loss: 9419.096680
Validation accuracy: 0.928122
Test accuracy: 0.927014
Training loss: 75525.405807
Training accuracy: 0.935155

Epoch: 26
Validation loss: 9410.805664
Validation accuracy: 0.930639
Test accuracy: 0.927441
Validation loss: 9547.172852
Validation accuracy: 0.930499
Test accuracy: 0.926016
Validation loss: 9445.143555
Validation accuracy: 0.929381
Test accuracy: 0.928225
Validation loss: 9280.752930
Validation accuracy: 0.930569
Test accuracy: 0.931148
Validation loss: 9984.053711
Validation accuracy: 0.911341
Test accuracy: 0.907199
Validation loss: 9587.285156
Validation accuracy: 0.932457
Test accuracy: 0.927156
Training loss: 75275.882812
Training accuracy: 0.933552

Epoch: 27
Validation loss: 9232.990234
Validation accuracy: 0.931548
Test accuracy: 0.927370
Validation loss: 9351.003906
Validation accuracy: 0.934764
Test accuracy: 0.931433
Validation loss: 9467.839844
Validation accuracy: 0.934485
Test accuracy: 0.932074
Validation loss: 9378.588867
Validation accuracy: 0.934555
Test accuracy: 0.930221
Validation loss: 9297.942383
Validation accuracy: 0.936652
Test accuracy: 0.929009
Validation loss: 9465.359375
Validation accuracy: 0.930220
Test accuracy: 0.926586
Training loss: 75052.369583
Training accuracy: 0.939468

Epoch: 28
Validation loss: 9461.799805
Validation accuracy: 0.938400
Test accuracy: 0.931504
Validation loss: 9482.506836
Validation accuracy: 0.935673
Test accuracy: 0.932431
Validation loss: 9572.825195
Validation accuracy: 0.925815
Test accuracy: 0.921597
Validation loss: 9460.437500
Validation accuracy: 0.935743
Test accuracy: 0.934925
Validation loss: 9182.931641
Validation accuracy: 0.936862
Test accuracy: 0.934212
Validation loss: 9443.029297
Validation accuracy: 0.935184
Test accuracy: 0.932929
Training loss: 74817.053543
Training accuracy: 0.938213

Epoch: 29
Validation loss: 9504.978516
Validation accuracy: 0.934764
Test accuracy: 0.931504
Validation loss: 9535.611328
Validation accuracy: 0.929870
Test accuracy: 0.924661
Validation loss: 9591.407227
Validation accuracy: 0.939379
Test accuracy: 0.933357
Validation loss: 9345.433594
Validation accuracy: 0.928262
Test accuracy: 0.925018
Validation loss: 9529.791992
Validation accuracy: 0.932107
Test accuracy: 0.928154
Validation loss: 9271.008789
Validation accuracy: 0.932737
Test accuracy: 0.928867
Training loss: 74737.800201
Training accuracy: 0.935495

Epoch: 30
Validation loss: 9281.553711
Validation accuracy: 0.927423
Test accuracy: 0.930791
Validation loss: 9293.395508
Validation accuracy: 0.935883
Test accuracy: 0.930435
Validation loss: 9500.998047
Validation accuracy: 0.935673
Test accuracy: 0.931361
Validation loss: 9278.689453
Validation accuracy: 0.937491
Test accuracy: 0.934640
Validation loss: 9287.268555
Validation accuracy: 0.937841
Test accuracy: 0.932716
Validation loss: 9334.161133
Validation accuracy: 0.935883
Test accuracy: 0.934640
Training loss: 74857.506851
Training accuracy: 0.940391

Epoch: 31
Validation loss: 9313.878906
Validation accuracy: 0.938121
Test accuracy: 0.935282
Validation loss: 9507.760742
Validation accuracy: 0.937911
Test accuracy: 0.931504
Validation loss: 9429.301758
Validation accuracy: 0.933156
Test accuracy: 0.928724
Validation loss: 9424.101562
Validation accuracy: 0.931548
Test accuracy: 0.928795
Validation loss: 9265.735352
Validation accuracy: 0.930919
Test accuracy: 0.928653
Validation loss: 9236.882812
Validation accuracy: 0.937491
Test accuracy: 0.933286
Training loss: 74555.389496
Training accuracy: 0.938344

Epoch: 32
Validation loss: 9207.937500
Validation accuracy: 0.936442
Test accuracy: 0.933001
Validation loss: 9219.845703
Validation accuracy: 0.936512
Test accuracy: 0.930150
Validation loss: 9162.112305
Validation accuracy: 0.937212
Test accuracy: 0.933571
Validation loss: 9296.977539
Validation accuracy: 0.935533
Test accuracy: 0.931076
Validation loss: 9319.595703
Validation accuracy: 0.936023
Test accuracy: 0.931718
Validation loss: 9152.163086
Validation accuracy: 0.939169
Test accuracy: 0.933785
Training loss: 74529.435059
Training accuracy: 0.932751

Epoch: 33
Validation loss: 9280.986328
Validation accuracy: 0.929870
Test accuracy: 0.925659
Validation loss: 9230.538086
Validation accuracy: 0.935184
Test accuracy: 0.933500
Validation loss: 9398.111328
Validation accuracy: 0.929730
Test accuracy: 0.926087
Validation loss: 9395.688477
Validation accuracy: 0.927702
Test accuracy: 0.923877
Validation loss: 9170.681641
Validation accuracy: 0.935953
Test accuracy: 0.933856
Validation loss: 9342.613281
Validation accuracy: 0.935533
Test accuracy: 0.931148
Training loss: 74497.945297
Training accuracy: 0.933282

Epoch: 34
Validation loss: 9351.312500
Validation accuracy: 0.931548
Test accuracy: 0.925659
Validation loss: 9301.836914
Validation accuracy: 0.936512
Test accuracy: 0.935567
Validation loss: 9299.749023
Validation accuracy: 0.938820
Test accuracy: 0.935923
Validation loss: 9199.653320
Validation accuracy: 0.938960
Test accuracy: 0.931646
Validation loss: 9303.622070
Validation accuracy: 0.932667
Test accuracy: 0.927940
Validation loss: 9478.850586
Validation accuracy: 0.939589
Test accuracy: 0.933428
Training loss: 74212.507996
Training accuracy: 0.941411

Epoch: 35
Validation loss: 9248.468750
Validation accuracy: 0.937981
Test accuracy: 0.935210
Validation loss: 9290.934570
Validation accuracy: 0.936862
Test accuracy: 0.933072
Validation loss: 9262.753906
Validation accuracy: 0.940008
Test accuracy: 0.934569
Validation loss: 9511.090820
Validation accuracy: 0.934974
Test accuracy: 0.929722
Validation loss: 9675.651367
Validation accuracy: 0.919032
Test accuracy: 0.917463
Validation loss: 9267.240234
Validation accuracy: 0.933226
Test accuracy: 0.928011
Training loss: 74208.101181
Training accuracy: 0.937752

Epoch: 36
Validation loss: 9318.350586
Validation accuracy: 0.936373
Test accuracy: 0.930934
Validation loss: 9273.571289
Validation accuracy: 0.937981
Test accuracy: 0.931932
Validation loss: 9285.739258
Validation accuracy: 0.937771
Test accuracy: 0.932217
Validation loss: 9165.185547
Validation accuracy: 0.938190
Test accuracy: 0.934854
Validation loss: 9309.718750
Validation accuracy: 0.932247
Test accuracy: 0.930007
Validation loss: 9250.570312
Validation accuracy: 0.940708
Test accuracy: 0.935068
Training loss: 74359.558807
Training accuracy: 0.941733

Epoch: 37
Validation loss: 9255.950195
Validation accuracy: 0.941826
Test accuracy: 0.935424
Validation loss: 9283.375000
Validation accuracy: 0.934275
Test accuracy: 0.930221
Validation loss: 9252.444336
Validation accuracy: 0.935254
Test accuracy: 0.928653
Validation loss: 9444.847656
Validation accuracy: 0.933855
Test accuracy: 0.928154
Validation loss: 9442.702148
Validation accuracy: 0.926514
Test accuracy: 0.919672
Validation loss: 9216.845703
Validation accuracy: 0.941127
Test accuracy: 0.936921
Training loss: 74135.527298
Training accuracy: 0.937638

Epoch: 38
Validation loss: 9192.100586
Validation accuracy: 0.937212
Test accuracy: 0.930364
Validation loss: 9308.296875
Validation accuracy: 0.922528
Test accuracy: 0.917177
Validation loss: 9392.736328
Validation accuracy: 0.935533
Test accuracy: 0.930150
Validation loss: 9217.125977
Validation accuracy: 0.937421
Test accuracy: 0.932644
Validation loss: 9200.687500
Validation accuracy: 0.939519
Test accuracy: 0.933072
Validation loss: 9503.254883
Validation accuracy: 0.937072
Test accuracy: 0.932929
Training loss: 74299.064072
Training accuracy: 0.943528

Epoch: 39
Validation loss: 9404.439453
Validation accuracy: 0.942036
Test accuracy: 0.937277
Validation loss: 9324.325195
Validation accuracy: 0.938610
Test accuracy: 0.932359
Validation loss: 9287.594727
Validation accuracy: 0.941477
Test accuracy: 0.935994
Validation loss: 9192.950195
Validation accuracy: 0.937701
Test accuracy: 0.934141
Validation loss: 9269.083008
Validation accuracy: 0.939869
Test accuracy: 0.935638
Validation loss: 9180.153320
Validation accuracy: 0.935114
Test accuracy: 0.932431
Training loss: 74373.239395
Training accuracy: 0.942012

Epoch: 40
Validation loss: 9144.998047
Validation accuracy: 0.940078
Test accuracy: 0.933571
Validation loss: 9212.092773
Validation accuracy: 0.938890
Test accuracy: 0.935424
Validation loss: 9276.830078
Validation accuracy: 0.937072
Test accuracy: 0.932573
Validation loss: 9310.503906
Validation accuracy: 0.939799
Test accuracy: 0.935282
Validation loss: 9138.634766
Validation accuracy: 0.939869
Test accuracy: 0.935353
Validation loss: 9198.537109
Validation accuracy: 0.937281
Test accuracy: 0.930150
Training loss: 73776.855682
Training accuracy: 0.932707

Epoch: 41
Validation loss: 9398.350586
Validation accuracy: 0.926654
Test accuracy: 0.922167
Validation loss: 9054.315430
Validation accuracy: 0.937771
Test accuracy: 0.933999
Validation loss: 9226.625000
Validation accuracy: 0.938820
Test accuracy: 0.933428
Validation loss: 9131.008789
Validation accuracy: 0.939659
Test accuracy: 0.933785
Validation loss: 9219.856445
Validation accuracy: 0.940288
Test accuracy: 0.936137
Validation loss: 9429.613281
Validation accuracy: 0.937701
Test accuracy: 0.930720
Training loss: 73545.961105
Training accuracy: 0.939267

Epoch: 42
Validation loss: 9141.043945
Validation accuracy: 0.936932
Test accuracy: 0.931718
Validation loss: 9380.724609
Validation accuracy: 0.938400
Test accuracy: 0.933713
Validation loss: 9125.104492
Validation accuracy: 0.942316
Test accuracy: 0.936921
Validation loss: 9327.107422
Validation accuracy: 0.934694
Test accuracy: 0.931076
Validation loss: 9300.316406
Validation accuracy: 0.938680
Test accuracy: 0.934498
Validation loss: 9212.742188
Validation accuracy: 0.934694
Test accuracy: 0.927370
Training loss: 73729.820618
Training accuracy: 0.943014

Epoch: 43
Validation loss: 9167.581055
Validation accuracy: 0.938540
Test accuracy: 0.935282
Validation loss: 9284.881836
Validation accuracy: 0.940847
Test accuracy: 0.936137
Validation loss: 9201.135742
Validation accuracy: 0.937981
Test accuracy: 0.932929
Validation loss: 9067.680664
Validation accuracy: 0.939729
Test accuracy: 0.936066
Validation loss: 9157.659180
Validation accuracy: 0.936442
Test accuracy: 0.933143
Validation loss: 9339.704102
Validation accuracy: 0.937002
Test accuracy: 0.933571
Training loss: 73679.688477
Training accuracy: 0.943754

Epoch: 44
Validation loss: 9070.171875
Validation accuracy: 0.938260
Test accuracy: 0.935780
Validation loss: 9272.072266
Validation accuracy: 0.935813
Test accuracy: 0.928439
Validation loss: 9275.913086
Validation accuracy: 0.943295
Test accuracy: 0.936778
Validation loss: 9142.426758
Validation accuracy: 0.940288
Test accuracy: 0.935994
Validation loss: 9160.905273
Validation accuracy: 0.941896
Test accuracy: 0.937349
Validation loss: 9210.375977
Validation accuracy: 0.932877
Test accuracy: 0.929223
Training loss: 73826.813812
Training accuracy: 0.942378

Epoch: 45
Validation loss: 9119.035156
Validation accuracy: 0.938190
Test accuracy: 0.933856
Validation loss: 9248.297852
Validation accuracy: 0.935673
Test accuracy: 0.932929
Validation loss: 9177.874023
Validation accuracy: 0.936792
Test accuracy: 0.929294
Validation loss: 9212.907227
Validation accuracy: 0.938400
Test accuracy: 0.932217
Validation loss: 9218.796875
Validation accuracy: 0.936932
Test accuracy: 0.931860
Validation loss: 9220.666016
Validation accuracy: 0.923367
Test accuracy: 0.916108
Training loss: 73478.128326
Training accuracy: 0.943423

Epoch: 46
Validation loss: 9176.102539
Validation accuracy: 0.938121
Test accuracy: 0.932288
Validation loss: 9312.461914
Validation accuracy: 0.939869
Test accuracy: 0.933001
Validation loss: 9272.875977
Validation accuracy: 0.933855
Test accuracy: 0.931932
Validation loss: 9168.120117
Validation accuracy: 0.939309
Test accuracy: 0.934569
Validation loss: 9257.893555
Validation accuracy: 0.941826
Test accuracy: 0.936992
Validation loss: 9165.744141
Validation accuracy: 0.942805
Test accuracy: 0.937634
Training loss: 73272.671509
Training accuracy: 0.942604

Epoch: 47
Validation loss: 9100.494141
Validation accuracy: 0.938190
Test accuracy: 0.933143
Validation loss: 9180.154297
Validation accuracy: 0.943434
Test accuracy: 0.936493
Validation loss: 9092.295898
Validation accuracy: 0.941337
Test accuracy: 0.935424
Validation loss: 9405.636719
Validation accuracy: 0.940428
Test accuracy: 0.932787
Validation loss: 9046.714844
Validation accuracy: 0.942246
Test accuracy: 0.936208
Validation loss: 9244.808594
Validation accuracy: 0.939729
Test accuracy: 0.933785
Training loss: 73546.829834
Training accuracy: 0.942674

Epoch: 48
Validation loss: 9239.562500
Validation accuracy: 0.938190
Test accuracy: 0.933999
Validation loss: 9191.833984
Validation accuracy: 0.939659
Test accuracy: 0.933999
Validation loss: 9138.957031
Validation accuracy: 0.943155
Test accuracy: 0.936493
Validation loss: 9137.482422
Validation accuracy: 0.939449
Test accuracy: 0.935567
Validation loss: 9094.199219
Validation accuracy: 0.943225
Test accuracy: 0.935638
Validation loss: 9247.246094
Validation accuracy: 0.941267
Test accuracy: 0.933571
Training loss: 73162.779251
Training accuracy: 0.944599

Epoch: 49
Validation loss: 9107.669922
Validation accuracy: 0.936862
Test accuracy: 0.932858
Validation loss: 9131.840820
Validation accuracy: 0.933785
Test accuracy: 0.927441
Validation loss: 9124.613281
Validation accuracy: 0.938960
Test accuracy: 0.933357
Validation loss: 9082.411133
Validation accuracy: 0.943365
Test accuracy: 0.936636
Validation loss: 9154.416992
Validation accuracy: 0.937072
Test accuracy: 0.931290
Validation loss: 9057.124023
Validation accuracy: 0.943994
Test accuracy: 0.938560
Training loss: 73372.471741
Training accuracy: 0.939381

Epoch: 50
Validation loss: 9427.190430
Validation accuracy: 0.938680
Test accuracy: 0.933072
Validation loss: 9138.902344
Validation accuracy: 0.945252
Test accuracy: 0.940984
Validation loss: 9134.595703
Validation accuracy: 0.943155
Test accuracy: 0.938845
Validation loss: 9079.438477
Validation accuracy: 0.944204
Test accuracy: 0.936992
Validation loss: 9210.433594
Validation accuracy: 0.941127
Test accuracy: 0.936636
Validation loss: 9079.268555
Validation accuracy: 0.944274
Test accuracy: 0.938988
Training loss: 73357.724854
Training accuracy: 0.944843

Epoch: 51
Validation loss: 9173.994141
Validation accuracy: 0.945322
Test accuracy: 0.935495
Validation loss: 9134.655273
Validation accuracy: 0.939659
Test accuracy: 0.934640
Validation loss: 9224.534180
Validation accuracy: 0.942106
Test accuracy: 0.937135
Validation loss: 9215.391602
Validation accuracy: 0.942526
Test accuracy: 0.933500
Validation loss: 9148.066406
Validation accuracy: 0.944274
Test accuracy: 0.937420
Validation loss: 9348.266602
Validation accuracy: 0.935883
Test accuracy: 0.930150
Training loss: 73091.635208
Training accuracy: 0.946089

Epoch: 52
Validation loss: 9162.348633
Validation accuracy: 0.945742
Test accuracy: 0.935424
Validation loss: 9289.399414
Validation accuracy: 0.932807
Test accuracy: 0.927370
Validation loss: 9129.452148
Validation accuracy: 0.944763
Test accuracy: 0.936636
Validation loss: 9173.323242
Validation accuracy: 0.934135
Test accuracy: 0.930150
Validation loss: 9113.829102
Validation accuracy: 0.945672
Test accuracy: 0.940128
Validation loss: 9303.910156
Validation accuracy: 0.942456
Test accuracy: 0.938489
Training loss: 72902.211349
Training accuracy: 0.938928

Epoch: 53
Validation loss: 9495.457031
Validation accuracy: 0.932946
Test accuracy: 0.927584
Validation loss: 9079.326172
Validation accuracy: 0.944064
Test accuracy: 0.934925
Validation loss: 9073.263672
Validation accuracy: 0.943504
Test accuracy: 0.937776
Validation loss: 9402.182617
Validation accuracy: 0.929031
Test accuracy: 0.924661
Validation loss: 9217.969727
Validation accuracy: 0.943854
Test accuracy: 0.936850
Validation loss: 9375.868164
Validation accuracy: 0.941686
Test accuracy: 0.935780
Training loss: 72964.400833
Training accuracy: 0.947727

Epoch: 54
Validation loss: 9130.444336
Validation accuracy: 0.943085
Test accuracy: 0.936850
Validation loss: 9253.611328
Validation accuracy: 0.943644
Test accuracy: 0.938489
Validation loss: 9339.144531
Validation accuracy: 0.935044
Test accuracy: 0.930292
Validation loss: 9127.168945
Validation accuracy: 0.944623
Test accuracy: 0.937349
Validation loss: 9305.446289
Validation accuracy: 0.941896
Test accuracy: 0.937277
Validation loss: 9326.306641
Validation accuracy: 0.941057
Test accuracy: 0.935923
Training loss: 73143.843246
Training accuracy: 0.945845

Epoch: 55
Validation loss: 9286.915039
Validation accuracy: 0.943994
Test accuracy: 0.938346
Validation loss: 9226.867188
Validation accuracy: 0.940498
Test accuracy: 0.936066
Validation loss: 9174.468750
Validation accuracy: 0.942246
Test accuracy: 0.935994
Validation loss: 9140.851562
Validation accuracy: 0.942456
Test accuracy: 0.936066
Validation loss: 9210.590820
Validation accuracy: 0.936932
Test accuracy: 0.935638
Validation loss: 9215.682617
Validation accuracy: 0.934485
Test accuracy: 0.926230
Training loss: 73217.360504
Training accuracy: 0.941053

Epoch: 56
Validation loss: 9191.395508
Validation accuracy: 0.937911
Test accuracy: 0.929579
Validation loss: 9174.224609
Validation accuracy: 0.943295
Test accuracy: 0.935282
Validation loss: 9077.693359
Validation accuracy: 0.935673
Test accuracy: 0.929081
Validation loss: 9206.339844
Validation accuracy: 0.940148
Test accuracy: 0.938061
Validation loss: 9327.320312
Validation accuracy: 0.937002
Test accuracy: 0.930007
Validation loss: 9189.423828
Validation accuracy: 0.946161
Test accuracy: 0.939202
Training loss: 72858.379807
Training accuracy: 0.947997

Epoch: 57
Validation loss: 9142.412109
Validation accuracy: 0.943574
Test accuracy: 0.937349
Validation loss: 9170.275391
Validation accuracy: 0.940218
Test accuracy: 0.936565
Validation loss: 9125.089844
Validation accuracy: 0.944343
Test accuracy: 0.935139
Validation loss: 9229.222656
Validation accuracy: 0.941617
Test accuracy: 0.935210
Validation loss: 9207.199219
Validation accuracy: 0.937002
Test accuracy: 0.931219
Validation loss: 9182.990234
Validation accuracy: 0.943994
Test accuracy: 0.938988
Training loss: 72775.826019
Training accuracy: 0.941890

Epoch: 58
Validation loss: 9380.640625
Validation accuracy: 0.933156
Test accuracy: 0.928368
Validation loss: 9231.522461
Validation accuracy: 0.935254
Test accuracy: 0.932929
Validation loss: 9071.885742
Validation accuracy: 0.939659
Test accuracy: 0.934355
Validation loss: 9039.033203
Validation accuracy: 0.941197
Test accuracy: 0.935353
Validation loss: 9244.508789
Validation accuracy: 0.937142
Test accuracy: 0.933072
Validation loss: 9208.297852
Validation accuracy: 0.940148
Test accuracy: 0.933143
Training loss: 72433.154037
Training accuracy: 0.946063

Epoch: 59
Validation loss: 9206.419922
Validation accuracy: 0.936303
Test accuracy: 0.933072
Validation loss: 9011.116211
Validation accuracy: 0.942875
Test accuracy: 0.934569
Validation loss: 9089.432617
Validation accuracy: 0.941407
Test accuracy: 0.936422
Validation loss: 9257.103516
Validation accuracy: 0.930709
Test accuracy: 0.923877
Validation loss: 9192.237305
Validation accuracy: 0.937771
Test accuracy: 0.932716
Validation loss: 9054.024414
Validation accuracy: 0.944763
Test accuracy: 0.937491
Training loss: 72672.921310
Training accuracy: 0.950872

Epoch: 60
Validation loss: 8955.330078
Validation accuracy: 0.942036
Test accuracy: 0.939914
Validation loss: 9161.978516
Validation accuracy: 0.937212
Test accuracy: 0.931504
Validation loss: 9240.701172
Validation accuracy: 0.945322
Test accuracy: 0.940413
Validation loss: 9100.373047
Validation accuracy: 0.940078
Test accuracy: 0.934070
Validation loss: 9217.058594
Validation accuracy: 0.940778
Test accuracy: 0.933500
Validation loss: 9216.706055
Validation accuracy: 0.939869
Test accuracy: 0.935353
Training loss: 72706.749603
Training accuracy: 0.947875

Epoch: 61
Validation loss: 9152.427734
Validation accuracy: 0.941267
Test accuracy: 0.933999
Validation loss: 9238.226562
Validation accuracy: 0.936233
Test accuracy: 0.930934
Validation loss: 9050.164062
Validation accuracy: 0.944553
Test accuracy: 0.937063
Validation loss: 9101.064453
Validation accuracy: 0.943015
Test accuracy: 0.937990
Validation loss: 9192.529297
Validation accuracy: 0.943225
Test accuracy: 0.937420
Validation loss: 9053.346680
Validation accuracy: 0.944064
Test accuracy: 0.941126
Training loss: 72720.391129
Training accuracy: 0.945148

Epoch: 62
Validation loss: 9127.158203
Validation accuracy: 0.938190
Test accuracy: 0.934212
Validation loss: 9209.664062
Validation accuracy: 0.939938
Test accuracy: 0.933428
Validation loss: 9319.698242
Validation accuracy: 0.940428
Test accuracy: 0.935282
Validation loss: 9228.408203
Validation accuracy: 0.943504
Test accuracy: 0.936066
Validation loss: 9169.237305
Validation accuracy: 0.945742
Test accuracy: 0.934640
Validation loss: 9211.201172
Validation accuracy: 0.945532
Test accuracy: 0.937420
Training loss: 72229.786957
Training accuracy: 0.950567

Epoch: 63
Validation loss: 9149.520508
Validation accuracy: 0.947420
Test accuracy: 0.938917
Validation loss: 9149.605469
Validation accuracy: 0.942176
Test accuracy: 0.936351
Validation loss: 9213.410156
Validation accuracy: 0.943295
Test accuracy: 0.935139
Validation loss: 9245.572266
Validation accuracy: 0.940847
Test accuracy: 0.935353
Validation loss: 9062.708008
Validation accuracy: 0.944693
Test accuracy: 0.936636
Validation loss: 9028.999023
Validation accuracy: 0.941826
Test accuracy: 0.938845
Training loss: 72637.070976
Training accuracy: 0.949530

Epoch: 64
Validation loss: 9038.593750
Validation accuracy: 0.945252
Test accuracy: 0.940128
Validation loss: 9133.434570
Validation accuracy: 0.941756
Test accuracy: 0.939059
Validation loss: 9061.621094
Validation accuracy: 0.941477
Test accuracy: 0.938275
Validation loss: 9090.063477
Validation accuracy: 0.936442
Test accuracy: 0.930364
Validation loss: 9119.263672
Validation accuracy: 0.941966
Test accuracy: 0.936066
Validation loss: 9263.541016
Validation accuracy: 0.935184
Test accuracy: 0.931646
Training loss: 72547.679504
Training accuracy: 0.945479

Epoch: 65
Validation loss: 9224.634766
Validation accuracy: 0.936233
Test accuracy: 0.932929
Validation loss: 9223.030273
Validation accuracy: 0.938260
Test accuracy: 0.931148
Validation loss: 9164.816406
Validation accuracy: 0.945462
Test accuracy: 0.938917
Validation loss: 9256.075195
Validation accuracy: 0.939729
Test accuracy: 0.937349
Validation loss: 9287.821289
Validation accuracy: 0.940358
Test accuracy: 0.936565
Validation loss: 9059.546875
Validation accuracy: 0.943924
Test accuracy: 0.938133
Training loss: 72406.945297
Training accuracy: 0.949243

Epoch: 66
Validation loss: 9182.048828
Validation accuracy: 0.943365
Test accuracy: 0.937634
Validation loss: 9126.395508
Validation accuracy: 0.942246
Test accuracy: 0.936707
Validation loss: 9119.812500
Validation accuracy: 0.946022
Test accuracy: 0.937634
Validation loss: 9158.107422
Validation accuracy: 0.938470
Test accuracy: 0.932787
Validation loss: 9044.952148
Validation accuracy: 0.939379
Test accuracy: 0.936778
Validation loss: 9069.909180
Validation accuracy: 0.944204
Test accuracy: 0.938346
Training loss: 72469.301834
Training accuracy: 0.949766

Epoch: 67
Validation loss: 8997.458984
Validation accuracy: 0.944064
Test accuracy: 0.937491
Validation loss: 9106.062500
Validation accuracy: 0.942386
Test accuracy: 0.934783
Validation loss: 9041.570312
Validation accuracy: 0.943574
Test accuracy: 0.935210
Validation loss: 9051.195312
Validation accuracy: 0.944343
Test accuracy: 0.936636
Validation loss: 9317.239258
Validation accuracy: 0.940917
Test accuracy: 0.933143
Validation loss: 9060.491211
Validation accuracy: 0.939099
Test accuracy: 0.936636
Training loss: 72951.996567
Training accuracy: 0.949896

Epoch: 68
Validation loss: 9118.705078
Validation accuracy: 0.939659
Test accuracy: 0.932074
Validation loss: 9045.772461
Validation accuracy: 0.938680
Test accuracy: 0.931005
Validation loss: 9054.377930
Validation accuracy: 0.946441
Test accuracy: 0.940556
Validation loss: 9097.227539
Validation accuracy: 0.942945
Test accuracy: 0.938774
Validation loss: 9232.620117
Validation accuracy: 0.945532
Test accuracy: 0.938845
Validation loss: 9063.834961
Validation accuracy: 0.943994
Test accuracy: 0.938988
Training loss: 71935.799347
Training accuracy: 0.948903

Epoch: 69
Validation loss: 9096.723633
Validation accuracy: 0.943574
Test accuracy: 0.939059
Validation loss: 9032.700195
Validation accuracy: 0.943434
Test accuracy: 0.937277
Validation loss: 9340.291016
Validation accuracy: 0.937771
Test accuracy: 0.933286
Validation loss: 9151.517578
Validation accuracy: 0.943784
Test accuracy: 0.936137
Validation loss: 9087.331055
Validation accuracy: 0.947350
Test accuracy: 0.939558
Validation loss: 9091.176758
Validation accuracy: 0.945322
Test accuracy: 0.939701
Training loss: 72316.544846
Training accuracy: 0.947257

Epoch: 70
Validation loss: 9288.862305
Validation accuracy: 0.937701
Test accuracy: 0.929793
Validation loss: 9229.939453
Validation accuracy: 0.941477
Test accuracy: 0.933856
Validation loss: 9091.524414
Validation accuracy: 0.943994
Test accuracy: 0.938774
Validation loss: 9138.368164
Validation accuracy: 0.945882
Test accuracy: 0.939273
Validation loss: 9044.055664
Validation accuracy: 0.943644
Test accuracy: 0.936921
Validation loss: 9423.207031
Validation accuracy: 0.941686
Test accuracy: 0.936422
Training loss: 72364.829102
Training accuracy: 0.949679

Epoch: 71
Validation loss: 9043.960938
Validation accuracy: 0.940638
Test accuracy: 0.932573
Validation loss: 9365.375000
Validation accuracy: 0.941966
Test accuracy: 0.932644
Validation loss: 9270.144531
Validation accuracy: 0.939449
Test accuracy: 0.934854
Validation loss: 9191.448242
Validation accuracy: 0.936512
Test accuracy: 0.932787
Validation loss: 9143.171875
Validation accuracy: 0.941197
Test accuracy: 0.935353
Validation loss: 9188.302734
Validation accuracy: 0.939449
Test accuracy: 0.933856
Training loss: 72208.336990
Training accuracy: 0.949365

Epoch: 72
Validation loss: 9194.211914
Validation accuracy: 0.938121
Test accuracy: 0.934070
Validation loss: 9077.657227
Validation accuracy: 0.941547
Test accuracy: 0.935210
Validation loss: 9218.288086
Validation accuracy: 0.940917
Test accuracy: 0.934783
Validation loss: 9205.913086
Validation accuracy: 0.942665
Test accuracy: 0.937847
Validation loss: 9190.366211
Validation accuracy: 0.945113
Test accuracy: 0.937919
Validation loss: 9147.724609
Validation accuracy: 0.942526
Test accuracy: 0.937705
Training loss: 71817.828049
Training accuracy: 0.951177

Epoch: 73
Validation loss: 9130.114258
Validation accuracy: 0.940148
Test accuracy: 0.935282
Validation loss: 9047.655273
Validation accuracy: 0.942246
Test accuracy: 0.938632
Validation loss: 9103.208008
Validation accuracy: 0.942945
Test accuracy: 0.938061
Validation loss: 9083.203125
Validation accuracy: 0.944903
Test accuracy: 0.939130
Validation loss: 9215.727539
Validation accuracy: 0.943644
Test accuracy: 0.936921
Validation loss: 9107.657227
Validation accuracy: 0.943644
Test accuracy: 0.937919
Training loss: 72251.350342
Training accuracy: 0.951830

Epoch: 74
Validation loss: 9215.560547
Validation accuracy: 0.943225
Test accuracy: 0.937919
Validation loss: 9051.801758
Validation accuracy: 0.943994
Test accuracy: 0.937491
Validation loss: 9139.544922
Validation accuracy: 0.944483
Test accuracy: 0.940200
Validation loss: 9124.303711
Validation accuracy: 0.942246
Test accuracy: 0.936707
Validation loss: 9066.644531
Validation accuracy: 0.943714
Test accuracy: 0.939701
Validation loss: 9067.591797
Validation accuracy: 0.943714
Test accuracy: 0.940342
Training loss: 72045.990891
Training accuracy: 0.951412

Epoch: 75
Validation loss: 9163.535156
Validation accuracy: 0.942106
Test accuracy: 0.937919
Validation loss: 9200.963867
Validation accuracy: 0.946231
Test accuracy: 0.935638
Validation loss: 9054.026367
Validation accuracy: 0.936093
Test accuracy: 0.933500
Validation loss: 9113.033203
Validation accuracy: 0.943714
Test accuracy: 0.937776
Validation loss: 9088.907227
Validation accuracy: 0.940148
Test accuracy: 0.935709
Validation loss: 9027.032227
Validation accuracy: 0.943784
Test accuracy: 0.935852
Training loss: 71545.732071
Training accuracy: 0.952972

Epoch: 76
Validation loss: 9118.741211
Validation accuracy: 0.942945
Test accuracy: 0.936279
Validation loss: 9068.118164
Validation accuracy: 0.941407
Test accuracy: 0.938489
Validation loss: 9252.437500
Validation accuracy: 0.944833
Test accuracy: 0.941126
Validation loss: 8929.006836
Validation accuracy: 0.940847
Test accuracy: 0.937277
Validation loss: 9134.345703
Validation accuracy: 0.946581
Test accuracy: 0.938418
Validation loss: 9129.441406
Validation accuracy: 0.941686
Test accuracy: 0.937420
Training loss: 71638.897324
Training accuracy: 0.945087

Epoch: 77
Validation loss: 9224.364258
Validation accuracy: 0.935533
Test accuracy: 0.926372
Validation loss: 9274.698242
Validation accuracy: 0.938330
Test accuracy: 0.934212
Validation loss: 9353.756836
Validation accuracy: 0.933576
Test accuracy: 0.929294
Validation loss: 9172.930664
Validation accuracy: 0.942176
Test accuracy: 0.934711
Validation loss: 9197.486328
Validation accuracy: 0.940917
Test accuracy: 0.937847
Validation loss: 8973.079102
Validation accuracy: 0.942316
Test accuracy: 0.936850
Training loss: 71967.511047
Training accuracy: 0.952310

Epoch: 78
Validation loss: 9424.879883
Validation accuracy: 0.942665
Test accuracy: 0.936493
Validation loss: 9164.479492
Validation accuracy: 0.935324
Test accuracy: 0.932573
Validation loss: 9191.024414
Validation accuracy: 0.943854
Test accuracy: 0.935282
Validation loss: 8984.067383
Validation accuracy: 0.940917
Test accuracy: 0.937990
Validation loss: 9179.659180
Validation accuracy: 0.942595
Test accuracy: 0.936066
Validation loss: 9045.898438
Validation accuracy: 0.941826
Test accuracy: 0.936778
Training loss: 71820.917801
Training accuracy: 0.955882

Epoch: 79
Validation loss: 9115.238281
Validation accuracy: 0.945252
Test accuracy: 0.941197
Validation loss: 9160.070312
Validation accuracy: 0.939729
Test accuracy: 0.935282
Validation loss: 9101.841797
Validation accuracy: 0.941896
Test accuracy: 0.935638
Validation loss: 9119.958008
Validation accuracy: 0.944833
Test accuracy: 0.939344
Validation loss: 9137.208008
Validation accuracy: 0.940498
Test accuracy: 0.938061
Validation loss: 9219.614258
Validation accuracy: 0.943085
Test accuracy: 0.941696
Training loss: 71804.218781
Training accuracy: 0.946211

Epoch: 80
Validation loss: 9099.888672
Validation accuracy: 0.930919
Test accuracy: 0.930221
Validation loss: 9094.290039
Validation accuracy: 0.945392
Test accuracy: 0.940200
Validation loss: 9476.673828
Validation accuracy: 0.943085
Test accuracy: 0.939629
Validation loss: 9234.244141
Validation accuracy: 0.942106
Test accuracy: 0.935852
Validation loss: 9140.881836
Validation accuracy: 0.942735
Test accuracy: 0.936279
Validation loss: 9054.512695
Validation accuracy: 0.945113
Test accuracy: 0.940556
Training loss: 71655.330978
Training accuracy: 0.953494

Epoch: 81
Validation loss: 9068.940430
Validation accuracy: 0.945532
Test accuracy: 0.938275
Validation loss: 9128.256836
Validation accuracy: 0.939449
Test accuracy: 0.934426
Validation loss: 9218.084961
Validation accuracy: 0.937841
Test accuracy: 0.932858
Validation loss: 9095.634766
Validation accuracy: 0.944693
Test accuracy: 0.939487
Validation loss: 9124.648438
Validation accuracy: 0.945113
Test accuracy: 0.939843
Validation loss: 9760.334961
Validation accuracy: 0.926234
Test accuracy: 0.925303
Training loss: 71805.935989
Training accuracy: 0.950044

Epoch: 82
Validation loss: 9197.571289
Validation accuracy: 0.940218
Test accuracy: 0.933927
Validation loss: 9123.879883
Validation accuracy: 0.941127
Test accuracy: 0.937277
Validation loss: 9148.271484
Validation accuracy: 0.942526
Test accuracy: 0.935852
Validation loss: 9168.719727
Validation accuracy: 0.943854
Test accuracy: 0.936493
Validation loss: 9211.131836
Validation accuracy: 0.943714
Test accuracy: 0.939344
Validation loss: 9161.885742
Validation accuracy: 0.941197
Test accuracy: 0.936137
Training loss: 71569.069916
Training accuracy: 0.952658

Epoch: 83
Validation loss: 9187.021484
Validation accuracy: 0.945812
Test accuracy: 0.940200
Validation loss: 9183.545898
Validation accuracy: 0.940008
Test accuracy: 0.935567
Validation loss: 9186.669922
Validation accuracy: 0.945182
Test accuracy: 0.940912
Validation loss: 9129.408203
Validation accuracy: 0.945182
Test accuracy: 0.940485
Validation loss: 9066.363281
Validation accuracy: 0.944413
Test accuracy: 0.940841
Validation loss: 9130.845703
Validation accuracy: 0.942246
Test accuracy: 0.937562
Training loss: 71463.379883
Training accuracy: 0.955106

Epoch: 84
Validation loss: 9165.020508
Validation accuracy: 0.943085
Test accuracy: 0.941340
Validation loss: 9143.913086
Validation accuracy: 0.942665
Test accuracy: 0.937634
Validation loss: 9043.782227
Validation accuracy: 0.943994
Test accuracy: 0.938204
Validation loss: 9313.069336
Validation accuracy: 0.936932
Test accuracy: 0.931219
Validation loss: 9031.343750
Validation accuracy: 0.946861
Test accuracy: 0.942195
Validation loss: 9094.853516
Validation accuracy: 0.944833
Test accuracy: 0.941696
Training loss: 71612.749527
Training accuracy: 0.950994

Epoch: 85
Validation loss: 9344.781250
Validation accuracy: 0.937631
Test accuracy: 0.933072
Validation loss: 9086.571289
Validation accuracy: 0.945392
Test accuracy: 0.939487
Validation loss: 9209.004883
Validation accuracy: 0.941197
Test accuracy: 0.938133
Validation loss: 9249.471680
Validation accuracy: 0.943574
Test accuracy: 0.939914
Validation loss: 9183.283203
Validation accuracy: 0.943434
Test accuracy: 0.940200
Validation loss: 9322.041016
Validation accuracy: 0.939729
Test accuracy: 0.937705
Training loss: 71313.916046
Training accuracy: 0.956552

Epoch: 86
Validation loss: 9195.072266
Validation accuracy: 0.943015
Test accuracy: 0.940200
Validation loss: 9187.129883
Validation accuracy: 0.944973
Test accuracy: 0.938774
Validation loss: 9116.610352
Validation accuracy: 0.943784
Test accuracy: 0.940485
Validation loss: 9086.458008
Validation accuracy: 0.939449
Test accuracy: 0.932288
Validation loss: 9255.037109
Validation accuracy: 0.940218
Test accuracy: 0.936208
Validation loss: 9173.043945
Validation accuracy: 0.938540
Test accuracy: 0.929722
Training loss: 71591.497421
Training accuracy: 0.952893

Epoch: 87
Validation loss: 9127.433594
Validation accuracy: 0.942176
Test accuracy: 0.938560
Validation loss: 9233.241211
Validation accuracy: 0.946371
Test accuracy: 0.942124
Validation loss: 9191.184570
Validation accuracy: 0.943924
Test accuracy: 0.938774
Validation loss: 9026.536133
Validation accuracy: 0.946861
Test accuracy: 0.939772
Validation loss: 9283.707031
Validation accuracy: 0.945043
Test accuracy: 0.938560
Validation loss: 9150.058594
Validation accuracy: 0.944343
Test accuracy: 0.939344
Training loss: 71446.781586
Training accuracy: 0.956012

Epoch: 88
Validation loss: 9264.783203
Validation accuracy: 0.942595
Test accuracy: 0.938988
Validation loss: 9127.708984
Validation accuracy: 0.946651
Test accuracy: 0.937491
Validation loss: 9032.378906
Validation accuracy: 0.943434
Test accuracy: 0.939843
Validation loss: 9049.373047
Validation accuracy: 0.946721
Test accuracy: 0.939772
Validation loss: 9124.745117
Validation accuracy: 0.943155
Test accuracy: 0.935068
Validation loss: 9160.018555
Validation accuracy: 0.942316
Test accuracy: 0.938275
Training loss: 71289.646530
Training accuracy: 0.957241

Epoch: 89
Validation loss: 9130.992188
Validation accuracy: 0.947070
Test accuracy: 0.942124
Validation loss: 9236.807617
Validation accuracy: 0.948399
Test accuracy: 0.940413
Validation loss: 9219.385742
Validation accuracy: 0.945532
Test accuracy: 0.938204
Validation loss: 9017.208008
Validation accuracy: 0.945392
Test accuracy: 0.943051
Validation loss: 9157.267578
Validation accuracy: 0.940917
Test accuracy: 0.935567
Validation loss: 9078.612305
Validation accuracy: 0.941057
Test accuracy: 0.935923
Training loss: 71289.207443
Training accuracy: 0.957894

Epoch: 90
Validation loss: 9091.864258
Validation accuracy: 0.947210
Test accuracy: 0.940057
Validation loss: 9358.358398
Validation accuracy: 0.945742
Test accuracy: 0.942552
Validation loss: 9208.189453
Validation accuracy: 0.943854
Test accuracy: 0.940984
Validation loss: 9171.812500
Validation accuracy: 0.942875
Test accuracy: 0.936565
Validation loss: 9015.969727
Validation accuracy: 0.944763
Test accuracy: 0.938774
Validation loss: 9181.853516
Validation accuracy: 0.945952
Test accuracy: 0.938774
Training loss: 71502.866592
Training accuracy: 0.954374

Epoch: 91
Validation loss: 9298.765625
Validation accuracy: 0.939729
Test accuracy: 0.937349
Validation loss: 9115.275391
Validation accuracy: 0.945952
Test accuracy: 0.938988
Validation loss: 9097.458984
Validation accuracy: 0.945462
Test accuracy: 0.942053
Validation loss: 9207.198242
Validation accuracy: 0.941407
Test accuracy: 0.936707
Validation loss: 9233.105469
Validation accuracy: 0.943924
Test accuracy: 0.938774
Validation loss: 9084.736328
Validation accuracy: 0.945113
Test accuracy: 0.938632
Training loss: 71243.301697
Training accuracy: 0.956997

Epoch: 92
Validation loss: 9201.263672
Validation accuracy: 0.948049
Test accuracy: 0.941696
Validation loss: 9177.901367
Validation accuracy: 0.940638
Test accuracy: 0.939914
Validation loss: 9003.233398
Validation accuracy: 0.945882
Test accuracy: 0.943906
Validation loss: 9135.523438
Validation accuracy: 0.943994
Test accuracy: 0.938703
Validation loss: 9013.433594
Validation accuracy: 0.947839
Test accuracy: 0.941696
Validation loss: 9104.902344
Validation accuracy: 0.947490
Test accuracy: 0.938560
Training loss: 71267.943359
Training accuracy: 0.950724

Epoch: 93
Validation loss: 9243.944336
Validation accuracy: 0.937072
Test accuracy: 0.931646
Validation loss: 9063.788086
Validation accuracy: 0.946930
Test accuracy: 0.940200
Validation loss: 9108.280273
Validation accuracy: 0.943155
Test accuracy: 0.940342
Validation loss: 9159.987305
Validation accuracy: 0.939519
Test accuracy: 0.936921
Validation loss: 9040.582031
Validation accuracy: 0.943784
Test accuracy: 0.940912
Validation loss: 9260.091797
Validation accuracy: 0.942945
Test accuracy: 0.937776
Training loss: 71056.013626
Training accuracy: 0.953930

Epoch: 94
Validation loss: 9261.793945
Validation accuracy: 0.939659
Test accuracy: 0.934212
Validation loss: 9143.313477
Validation accuracy: 0.943295
Test accuracy: 0.940200
Validation loss: 9157.183594
Validation accuracy: 0.940778
Test accuracy: 0.932145
Validation loss: 9160.896484
Validation accuracy: 0.942945
Test accuracy: 0.939914
Validation loss: 9344.756836
Validation accuracy: 0.941267
Test accuracy: 0.936992
Validation loss: 9155.907227
Validation accuracy: 0.935603
Test accuracy: 0.929294
Training loss: 71095.444260
Training accuracy: 0.956091

Epoch: 95
Validation loss: 9078.649414
Validation accuracy: 0.940638
Test accuracy: 0.936208
Validation loss: 9137.938477
Validation accuracy: 0.943574
Test accuracy: 0.938632
Validation loss: 9198.286133
Validation accuracy: 0.940917
Test accuracy: 0.937634
Validation loss: 9119.878906
Validation accuracy: 0.947210
Test accuracy: 0.941981
Validation loss: 9090.209961
Validation accuracy: 0.943015
Test accuracy: 0.939701
Validation loss: 9078.542969
Validation accuracy: 0.943784
Test accuracy: 0.937206
Training loss: 70972.559021
Training accuracy: 0.953285

Epoch: 96
Validation loss: 9151.758789
Validation accuracy: 0.939799
Test accuracy: 0.932787
Validation loss: 9033.956055
Validation accuracy: 0.944553
Test accuracy: 0.937491
Validation loss: 9174.556641
Validation accuracy: 0.942805
Test accuracy: 0.936279
Validation loss: 9060.353516
Validation accuracy: 0.944623
Test accuracy: 0.939202
Validation loss: 9159.127930
Validation accuracy: 0.945043
Test accuracy: 0.939629
Validation loss: 9160.470703
Validation accuracy: 0.943574
Test accuracy: 0.938275
Training loss: 71428.888489
Training accuracy: 0.951473

Epoch: 97
Validation loss: 9097.338867
Validation accuracy: 0.944204
Test accuracy: 0.938560
Validation loss: 9203.513672
Validation accuracy: 0.944903
Test accuracy: 0.939914
Validation loss: 9011.085938
Validation accuracy: 0.947280
Test accuracy: 0.938346
Validation loss: 9085.556641
Validation accuracy: 0.947070
Test accuracy: 0.940128
Validation loss: 9176.439453
Validation accuracy: 0.942316
Test accuracy: 0.932573
Validation loss: 9174.339844
Validation accuracy: 0.943365
Test accuracy: 0.936137
Training loss: 71304.966690
Training accuracy: 0.958164

Epoch: 98
Validation loss: 9088.954102
Validation accuracy: 0.941477
Test accuracy: 0.940912
Validation loss: 9039.666992
Validation accuracy: 0.945742
Test accuracy: 0.940699
Validation loss: 9164.535156
Validation accuracy: 0.941896
Test accuracy: 0.936066
Validation loss: 8985.415039
Validation accuracy: 0.942875
Test accuracy: 0.936351
Validation loss: 9094.252930
Validation accuracy: 0.944064
Test accuracy: 0.939416
Validation loss: 9178.359375
Validation accuracy: 0.947770
Test accuracy: 0.940841
Training loss: 71240.887772
Training accuracy: 0.958826

Epoch: 99
Validation loss: 9123.923828
Validation accuracy: 0.946091
Test accuracy: 0.940342
Validation loss: 9112.641602
Validation accuracy: 0.943644
Test accuracy: 0.935353
Validation loss: 9025.166016
Validation accuracy: 0.947140
Test accuracy: 0.942766
Validation loss: 9102.228516
Validation accuracy: 0.946861
Test accuracy: 0.939843
Validation loss: 9120.578125
Validation accuracy: 0.942595
Test accuracy: 0.938632
Validation loss: 9168.707031
Validation accuracy: 0.941477
Test accuracy: 0.938917
Training loss: 71030.646851
Training accuracy: 0.954610

Epoch: 100
Validation loss: 9188.279297
Validation accuracy: 0.946022
Test accuracy: 0.939772
Validation loss: 9246.010742
Validation accuracy: 0.946441
Test accuracy: 0.939487
Validation loss: 9058.487305
Validation accuracy: 0.947490
Test accuracy: 0.939558
Validation loss: 9115.088867
Validation accuracy: 0.943295
Test accuracy: 0.936636
Validation loss: 9180.964844
Validation accuracy: 0.943365
Test accuracy: 0.937705
Validation loss: 9316.585938
Validation accuracy: 0.939099
Test accuracy: 0.937776
Training loss: 71048.891388
Training accuracy: 0.960787

Epoch: 101
Validation loss: 9027.123047
Validation accuracy: 0.945462
Test accuracy: 0.939986
Validation loss: 9234.250000
Validation accuracy: 0.942106
Test accuracy: 0.935210
Validation loss: 9188.552734
Validation accuracy: 0.945113
Test accuracy: 0.939986
Validation loss: 9150.702148
Validation accuracy: 0.942665
Test accuracy: 0.940271
Validation loss: 9089.279297
Validation accuracy: 0.945043
Test accuracy: 0.940984
Validation loss: 9143.014648
Validation accuracy: 0.943225
Test accuracy: 0.934355
Training loss: 70678.816170
Training accuracy: 0.958103

Epoch: 102
Validation loss: 9015.951172
Validation accuracy: 0.944204
Test accuracy: 0.937847
Validation loss: 9213.250000
Validation accuracy: 0.945952
Test accuracy: 0.938204
Validation loss: 9105.618164
Validation accuracy: 0.947350
Test accuracy: 0.940627
Validation loss: 9106.677734
Validation accuracy: 0.937911
Test accuracy: 0.931575
Validation loss: 8985.605469
Validation accuracy: 0.944833
Test accuracy: 0.941910
Validation loss: 9216.783203
Validation accuracy: 0.942665
Test accuracy: 0.939701
Training loss: 70832.158691
Training accuracy: 0.958739

Epoch: 103
Validation loss: 9160.720703
Validation accuracy: 0.940638
Test accuracy: 0.936921
Validation loss: 9115.927734
Validation accuracy: 0.945322
Test accuracy: 0.943193
Validation loss: 9099.924805
Validation accuracy: 0.945252
Test accuracy: 0.939344
Validation loss: 9234.858398
Validation accuracy: 0.942735
Test accuracy: 0.936992
Validation loss: 9146.470703
Validation accuracy: 0.940218
Test accuracy: 0.931718
Validation loss: 9060.326172
Validation accuracy: 0.943225
Test accuracy: 0.941839
Training loss: 71047.631195
Training accuracy: 0.958094

Epoch: 104
Validation loss: 9167.606445
Validation accuracy: 0.942735
Test accuracy: 0.937776
Validation loss: 9057.280273
Validation accuracy: 0.942665
Test accuracy: 0.940485
Validation loss: 9179.711914
Validation accuracy: 0.944623
Test accuracy: 0.942480
Validation loss: 9135.431641
Validation accuracy: 0.940428
Test accuracy: 0.935923
Validation loss: 8974.302734
Validation accuracy: 0.942665
Test accuracy: 0.939130
Validation loss: 9241.589844
Validation accuracy: 0.943784
Test accuracy: 0.935567
Training loss: 70628.789841
Training accuracy: 0.960499

Epoch: 105
Validation loss: 9131.132812
Validation accuracy: 0.947280
Test accuracy: 0.941197
Validation loss: 8951.026367
Validation accuracy: 0.946301
Test accuracy: 0.940271
Validation loss: 9233.898438
Validation accuracy: 0.947000
Test accuracy: 0.944334
Validation loss: 9097.730469
Validation accuracy: 0.944973
Test accuracy: 0.938560
Validation loss: 9130.472656
Validation accuracy: 0.943714
Test accuracy: 0.938845
Validation loss: 9101.714844
Validation accuracy: 0.943924
Test accuracy: 0.938133
Training loss: 70851.414192
Training accuracy: 0.958251

Epoch: 106
Validation loss: 8901.181641
Validation accuracy: 0.944903
Test accuracy: 0.936850
Validation loss: 9165.531250
Validation accuracy: 0.941756
Test accuracy: 0.938418
Validation loss: 9382.484375
Validation accuracy: 0.933855
Test accuracy: 0.927156
Validation loss: 8869.056641
Validation accuracy: 0.942386
Test accuracy: 0.941197
Validation loss: 9104.772461
Validation accuracy: 0.946301
Test accuracy: 0.942409
Validation loss: 9061.756836
Validation accuracy: 0.946371
Test accuracy: 0.944262
Training loss: 70877.320709
Training accuracy: 0.961754

Epoch: 107
Validation loss: 9149.654297
Validation accuracy: 0.947560
Test accuracy: 0.940984
Validation loss: 9040.981445
Validation accuracy: 0.939938
Test accuracy: 0.940413
Validation loss: 9076.816406
Validation accuracy: 0.948049
Test accuracy: 0.944547
Validation loss: 9195.620117
Validation accuracy: 0.946791
Test accuracy: 0.941554
Validation loss: 9032.219727
Validation accuracy: 0.941826
Test accuracy: 0.940342
Validation loss: 9048.153320
Validation accuracy: 0.943365
Test accuracy: 0.941055
Training loss: 70772.591858
Training accuracy: 0.958983

Epoch: 108
Validation loss: 9205.574219
Validation accuracy: 0.942456
Test accuracy: 0.938489
Validation loss: 9105.091797
Validation accuracy: 0.944973
Test accuracy: 0.939843
Validation loss: 9372.365234
Validation accuracy: 0.940358
Test accuracy: 0.936778
