Epoch: 0
Validation loss: 16545.789062
Validation accuracy: 0.233674
Test accuracy: 0.249822
Validation loss: 14089.792969
Validation accuracy: 0.623200
Test accuracy: 0.609408
Validation loss: 13642.997070
Validation accuracy: 0.664592
Test accuracy: 0.654312
Validation loss: 11700.671875
Validation accuracy: 0.815690
Test accuracy: 0.806914
Validation loss: 11220.861328
Validation accuracy: 0.805831
Test accuracy: 0.792872
Validation loss: 10987.197266
Validation accuracy: 0.840162
Test accuracy: 0.837562
Training loss: 104809.865692
Training accuracy: 0.796893

Epoch: 1
Validation loss: 11963.213867
Validation accuracy: 0.803524
Test accuracy: 0.792373
Validation loss: 11042.053711
Validation accuracy: 0.803874
Test accuracy: 0.792730
Validation loss: 11414.255859
Validation accuracy: 0.853167
Test accuracy: 0.854669
Validation loss: 10514.620117
Validation accuracy: 0.873444
Test accuracy: 0.870991
Validation loss: 13274.905273
Validation accuracy: 0.774157
Test accuracy: 0.776978
Validation loss: 10777.624023
Validation accuracy: 0.853797
Test accuracy: 0.843977
Training loss: 89493.784668
Training accuracy: 0.779591

Epoch: 2
Validation loss: 11561.704102
Validation accuracy: 0.781989
Test accuracy: 0.778760
Validation loss: 11088.973633
Validation accuracy: 0.832681
Test accuracy: 0.832431
Validation loss: 10759.169922
Validation accuracy: 0.873654
Test accuracy: 0.868924
Validation loss: 10431.694336
Validation accuracy: 0.852888
Test accuracy: 0.847969
Validation loss: 10552.017578
Validation accuracy: 0.858062
Test accuracy: 0.862651
Validation loss: 10280.708008
Validation accuracy: 0.886170
Test accuracy: 0.884034
Training loss: 86326.417389
Training accuracy: 0.876470

Epoch: 3
Validation loss: 10295.697266
Validation accuracy: 0.879248
Test accuracy: 0.875624
Validation loss: 10117.782227
Validation accuracy: 0.884212
Test accuracy: 0.885246
Validation loss: 10284.646484
Validation accuracy: 0.881066
Test accuracy: 0.880827
Validation loss: 10259.290039
Validation accuracy: 0.881205
Test accuracy: 0.879116
Validation loss: 10262.729492
Validation accuracy: 0.882464
Test accuracy: 0.878047
Validation loss: 10269.434570
Validation accuracy: 0.890155
Test accuracy: 0.894726
Training loss: 84615.259384
Training accuracy: 0.872567

Epoch: 4
Validation loss: 10246.796875
Validation accuracy: 0.874074
Test accuracy: 0.868995
Validation loss: 10375.708984
Validation accuracy: 0.862607
Test accuracy: 0.859729
Validation loss: 10395.753906
Validation accuracy: 0.868130
Test accuracy: 0.859943
Validation loss: 10303.271484
Validation accuracy: 0.893511
Test accuracy: 0.892302
Validation loss: 10233.201172
Validation accuracy: 0.898476
Test accuracy: 0.899572
Validation loss: 10131.107422
Validation accuracy: 0.874633
Test accuracy: 0.881112
Training loss: 83156.081848
Training accuracy: 0.889495

Epoch: 5
Validation loss: 9836.109375
Validation accuracy: 0.896168
Test accuracy: 0.891376
Validation loss: 9874.198242
Validation accuracy: 0.899734
Test accuracy: 0.900855
Validation loss: 10418.037109
Validation accuracy: 0.893511
Test accuracy: 0.890948
Validation loss: 9897.615234
Validation accuracy: 0.896728
Test accuracy: 0.895367
Validation loss: 10077.569336
Validation accuracy: 0.899245
Test accuracy: 0.898361
Validation loss: 9863.212891
Validation accuracy: 0.903860
Test accuracy: 0.905132
Training loss: 81536.647736
Training accuracy: 0.893546

Epoch: 6
Validation loss: 10426.968750
Validation accuracy: 0.894211
Test accuracy: 0.897078
Validation loss: 10090.470703
Validation accuracy: 0.901203
Test accuracy: 0.900855
Validation loss: 10042.758789
Validation accuracy: 0.889316
Test accuracy: 0.888239
Validation loss: 9502.611328
Validation accuracy: 0.910572
Test accuracy: 0.907912
Validation loss: 10162.215820
Validation accuracy: 0.897567
Test accuracy: 0.888952
Validation loss: 10046.946289
Validation accuracy: 0.909873
Test accuracy: 0.911903
Training loss: 79980.388947
Training accuracy: 0.911632

Epoch: 7
Validation loss: 9634.980469
Validation accuracy: 0.914208
Test accuracy: 0.911190
Validation loss: 9955.566406
Validation accuracy: 0.909104
Test accuracy: 0.909480
Validation loss: 9648.307617
Validation accuracy: 0.915327
Test accuracy: 0.913186
Validation loss: 9526.312500
Validation accuracy: 0.915117
Test accuracy: 0.914113
Validation loss: 9935.227539
Validation accuracy: 0.910013
Test accuracy: 0.907912
Validation loss: 9880.704102
Validation accuracy: 0.912110
Test accuracy: 0.911119
Training loss: 79644.181900
Training accuracy: 0.916990

Epoch: 8
Validation loss: 9653.758789
Validation accuracy: 0.916725
Test accuracy: 0.915396
Validation loss: 10230.423828
Validation accuracy: 0.870158
Test accuracy: 0.864576
Validation loss: 9666.528320
Validation accuracy: 0.917494
Test accuracy: 0.916108
Validation loss: 9747.290039
Validation accuracy: 0.914977
Test accuracy: 0.911903
Validation loss: 9631.736328
Validation accuracy: 0.922319
Test accuracy: 0.918033
Validation loss: 9610.891602
Validation accuracy: 0.919732
Test accuracy: 0.915182
Training loss: 78400.144440
Training accuracy: 0.910143

Epoch: 9
Validation loss: 9799.478516
Validation accuracy: 0.916725
Test accuracy: 0.910549
Validation loss: 9748.255859
Validation accuracy: 0.915327
Test accuracy: 0.909979
Validation loss: 9544.861328
Validation accuracy: 0.924906
Test accuracy: 0.922167
Validation loss: 9540.210938
Validation accuracy: 0.912949
Test accuracy: 0.915966
Validation loss: 9674.585938
Validation accuracy: 0.922528
Test accuracy: 0.919743
Validation loss: 9638.915039
Validation accuracy: 0.911621
Test accuracy: 0.909765
Training loss: 78250.459106
Training accuracy: 0.922017

Epoch: 10
Validation loss: 9682.794922
Validation accuracy: 0.921130
Test accuracy: 0.921169
Validation loss: 10119.297852
Validation accuracy: 0.905328
Test accuracy: 0.903065
Validation loss: 9584.441406
Validation accuracy: 0.914487
Test accuracy: 0.912972
Validation loss: 9785.558594
Validation accuracy: 0.921060
Test accuracy: 0.918247
Validation loss: 9463.658203
Validation accuracy: 0.918892
Test accuracy: 0.919387
Validation loss: 9471.280273
Validation accuracy: 0.925045
Test accuracy: 0.919530
Training loss: 77193.182648
Training accuracy: 0.921852

Epoch: 11
Validation loss: 9592.846680
Validation accuracy: 0.923088
Test accuracy: 0.919886
Validation loss: 9583.112305
Validation accuracy: 0.919032
Test accuracy: 0.918460
Validation loss: 9503.738281
Validation accuracy: 0.924486
Test accuracy: 0.915752
Validation loss: 9265.677734
Validation accuracy: 0.927563
Test accuracy: 0.927726
Validation loss: 9518.962891
Validation accuracy: 0.927353
Test accuracy: 0.925374
Validation loss: 9475.540039
Validation accuracy: 0.926863
Test accuracy: 0.920884
Training loss: 76932.867477
Training accuracy: 0.915858

Epoch: 12
Validation loss: 9700.106445
Validation accuracy: 0.915327
Test accuracy: 0.908624
Validation loss: 9590.138672
Validation accuracy: 0.927493
Test accuracy: 0.925303
Validation loss: 9379.535156
Validation accuracy: 0.929450
Test accuracy: 0.924875
Validation loss: 9519.263672
Validation accuracy: 0.920640
Test accuracy: 0.915467
Validation loss: 9319.514648
Validation accuracy: 0.926444
Test accuracy: 0.925873
Validation loss: 9642.416016
Validation accuracy: 0.919242
Test accuracy: 0.913828
Training loss: 76576.287567
Training accuracy: 0.919935

Epoch: 13
Validation loss: 9622.221680
Validation accuracy: 0.918962
Test accuracy: 0.912046
Validation loss: 9402.126953
Validation accuracy: 0.923577
Test accuracy: 0.919530
Validation loss: 9842.306641
Validation accuracy: 0.907006
Test accuracy: 0.903279
Validation loss: 9503.989258
Validation accuracy: 0.922319
Test accuracy: 0.920884
Validation loss: 9511.176758
Validation accuracy: 0.924206
Test accuracy: 0.920171
Validation loss: 9589.782227
Validation accuracy: 0.925815
Test accuracy: 0.921525
Training loss: 75943.695969
Training accuracy: 0.931488

Epoch: 14
Validation loss: 9324.728516
Validation accuracy: 0.931898
Test accuracy: 0.927798
Validation loss: 9430.901367
Validation accuracy: 0.928681
Test accuracy: 0.926372
Validation loss: 9314.572266
Validation accuracy: 0.933086
Test accuracy: 0.926586
Validation loss: 9478.507812
Validation accuracy: 0.932527
Test accuracy: 0.929366
Validation loss: 9217.307617
Validation accuracy: 0.932737
Test accuracy: 0.923521
Validation loss: 9317.068359
Validation accuracy: 0.931268
Test accuracy: 0.928653
Training loss: 75523.603836
Training accuracy: 0.935443

Epoch: 15
Validation loss: 9316.712891
Validation accuracy: 0.932177
Test accuracy: 0.930649
Validation loss: 9339.776367
Validation accuracy: 0.930849
Test accuracy: 0.927726
Validation loss: 9641.107422
Validation accuracy: 0.904559
Test accuracy: 0.904205
Validation loss: 9232.512695
Validation accuracy: 0.937002
Test accuracy: 0.931860
Validation loss: 9327.987305
Validation accuracy: 0.935394
Test accuracy: 0.929294
Validation loss: 9416.284180
Validation accuracy: 0.929171
Test accuracy: 0.920670
Training loss: 75169.364441
Training accuracy: 0.933849

Epoch: 16
Validation loss: 9400.061523
Validation accuracy: 0.936373
Test accuracy: 0.932787
Validation loss: 9365.478516
Validation accuracy: 0.932457
Test accuracy: 0.927655
Validation loss: 9290.787109
Validation accuracy: 0.933855
Test accuracy: 0.927370
Validation loss: 9282.512695
Validation accuracy: 0.927423
Test accuracy: 0.927798
Validation loss: 9420.691406
Validation accuracy: 0.934485
Test accuracy: 0.931433
Validation loss: 9225.101562
Validation accuracy: 0.931478
Test accuracy: 0.929722
Training loss: 75287.780075
Training accuracy: 0.933727

Epoch: 17
Validation loss: 9213.979492
Validation accuracy: 0.932877
Test accuracy: 0.930862
Validation loss: 9299.445312
Validation accuracy: 0.935953
Test accuracy: 0.932288
Validation loss: 9296.834961
Validation accuracy: 0.935813
Test accuracy: 0.929793
Validation loss: 9350.138672
Validation accuracy: 0.933506
Test accuracy: 0.928795
Validation loss: 9302.831055
Validation accuracy: 0.936862
Test accuracy: 0.931433
Validation loss: 9086.817383
Validation accuracy: 0.938190
Test accuracy: 0.932145
Training loss: 74839.120911
Training accuracy: 0.935120

Epoch: 18
Validation loss: 9304.323242
Validation accuracy: 0.939099
Test accuracy: 0.931148
Validation loss: 9197.672852
Validation accuracy: 0.938680
Test accuracy: 0.932074
Validation loss: 9326.074219
Validation accuracy: 0.935044
Test accuracy: 0.931290
Validation loss: 9305.592773
Validation accuracy: 0.932037
Test accuracy: 0.929366
Validation loss: 9408.537109
Validation accuracy: 0.929730
Test accuracy: 0.926586
Validation loss: 9254.468750
Validation accuracy: 0.938121
Test accuracy: 0.933072
Training loss: 74716.520157
Training accuracy: 0.935722

Epoch: 19
Validation loss: 9289.397461
Validation accuracy: 0.931478
Test accuracy: 0.929081
Validation loss: 9143.304688
Validation accuracy: 0.938121
Test accuracy: 0.934996
Validation loss: 9380.128906
Validation accuracy: 0.930359
Test accuracy: 0.929009
Validation loss: 9568.907227
Validation accuracy: 0.926724
Test accuracy: 0.927441
Validation loss: 9295.648438
Validation accuracy: 0.931758
Test accuracy: 0.924305
Validation loss: 9398.405273
Validation accuracy: 0.928891
Test accuracy: 0.925089
Training loss: 74523.816116
Training accuracy: 0.936845

Epoch: 20
Validation loss: 9382.670898
Validation accuracy: 0.936862
Test accuracy: 0.933642
Validation loss: 9733.331055
Validation accuracy: 0.902182
Test accuracy: 0.902994
Validation loss: 9201.005859
Validation accuracy: 0.937351
Test accuracy: 0.931433
Validation loss: 9373.076172
Validation accuracy: 0.936093
Test accuracy: 0.933215
Validation loss: 9152.073242
Validation accuracy: 0.940638
Test accuracy: 0.935139
Validation loss: 9272.199219
Validation accuracy: 0.938051
Test accuracy: 0.933428
Training loss: 74150.698700
Training accuracy: 0.924309

Epoch: 21
Validation loss: 9548.936523
Validation accuracy: 0.920361
Test accuracy: 0.915110
Validation loss: 9361.780273
Validation accuracy: 0.935673
Test accuracy: 0.933856
Validation loss: 9411.791992
Validation accuracy: 0.924836
Test accuracy: 0.923093
Validation loss: 9233.580078
Validation accuracy: 0.936512
Test accuracy: 0.931005
Validation loss: 9164.276367
Validation accuracy: 0.940778
Test accuracy: 0.935780
Validation loss: 9217.593750
Validation accuracy: 0.937351
Test accuracy: 0.934783
Training loss: 73871.516846
Training accuracy: 0.941202

Epoch: 22
Validation loss: 9094.402344
Validation accuracy: 0.937701
Test accuracy: 0.935353
Validation loss: 9216.092773
Validation accuracy: 0.937841
Test accuracy: 0.930364
Validation loss: 9176.373047
Validation accuracy: 0.935114
Test accuracy: 0.932359
Validation loss: 9182.572266
Validation accuracy: 0.936582
Test accuracy: 0.935139
Validation loss: 9236.448242
Validation accuracy: 0.932946
Test accuracy: 0.931076
Validation loss: 9142.379883
Validation accuracy: 0.939379
Test accuracy: 0.937063
Training loss: 73677.051239
Training accuracy: 0.940086

Epoch: 23
Validation loss: 9300.445312
Validation accuracy: 0.932107
Test accuracy: 0.929152
Validation loss: 9177.587891
Validation accuracy: 0.936442
Test accuracy: 0.933357
Validation loss: 9046.824219
Validation accuracy: 0.936303
Test accuracy: 0.934996
Validation loss: 9143.840820
Validation accuracy: 0.939379
Test accuracy: 0.937420
Validation loss: 9134.301758
Validation accuracy: 0.939379
Test accuracy: 0.935068
Validation loss: 9198.177734
Validation accuracy: 0.936722
Test accuracy: 0.930506
Training loss: 73902.964249
Training accuracy: 0.939442

Epoch: 24
Validation loss: 9233.280273
Validation accuracy: 0.938400
Test accuracy: 0.932573
Validation loss: 9310.855469
Validation accuracy: 0.939449
Test accuracy: 0.935282
Validation loss: 9400.804688
Validation accuracy: 0.932037
Test accuracy: 0.932003
Validation loss: 9316.162109
Validation accuracy: 0.931898
Test accuracy: 0.927655
Validation loss: 9195.485352
Validation accuracy: 0.939519
Test accuracy: 0.934498
Validation loss: 9126.657227
Validation accuracy: 0.937072
Test accuracy: 0.935567
Training loss: 73273.122925
Training accuracy: 0.942386

Epoch: 25
Validation loss: 9340.113281
Validation accuracy: 0.939869
Test accuracy: 0.933215
Validation loss: 9067.722656
Validation accuracy: 0.938680
Test accuracy: 0.935353
Validation loss: 9164.923828
Validation accuracy: 0.939309
Test accuracy: 0.928510
Validation loss: 9136.895508
Validation accuracy: 0.942036
Test accuracy: 0.938133
Validation loss: 9057.808594
Validation accuracy: 0.938330
Test accuracy: 0.935567
Validation loss: 9060.967773
Validation accuracy: 0.940568
Test accuracy: 0.939273
Training loss: 73431.556427
Training accuracy: 0.943458

Epoch: 26
Validation loss: 9044.285156
Validation accuracy: 0.941826
Test accuracy: 0.937562
Validation loss: 9151.104492
Validation accuracy: 0.936722
Test accuracy: 0.933357
Validation loss: 9225.149414
Validation accuracy: 0.943434
Test accuracy: 0.939914
Validation loss: 9166.667969
Validation accuracy: 0.939799
Test accuracy: 0.937206
Validation loss: 9260.316406
Validation accuracy: 0.929171
Test accuracy: 0.927227
Validation loss: 9281.553711
Validation accuracy: 0.937142
Test accuracy: 0.935994
Training loss: 73060.942139
Training accuracy: 0.939651

Epoch: 27
Validation loss: 9064.658203
Validation accuracy: 0.929590
Test accuracy: 0.927512
Validation loss: 9416.635742
Validation accuracy: 0.936163
Test accuracy: 0.936208
Validation loss: 9186.919922
Validation accuracy: 0.941127
Test accuracy: 0.936422
Validation loss: 9163.358398
Validation accuracy: 0.941896
Test accuracy: 0.937349
Validation loss: 9008.840820
Validation accuracy: 0.939239
Test accuracy: 0.937420
Validation loss: 9238.544922
Validation accuracy: 0.939099
Test accuracy: 0.933500
Training loss: 72970.927780
Training accuracy: 0.941480

Epoch: 28
Validation loss: 9122.748047
Validation accuracy: 0.936792
Test accuracy: 0.931575
Validation loss: 9114.666016
Validation accuracy: 0.940218
Test accuracy: 0.935638
Validation loss: 9293.371094
Validation accuracy: 0.935743
Test accuracy: 0.936137
Validation loss: 9057.870117
Validation accuracy: 0.945322
Test accuracy: 0.938061
Validation loss: 9077.953125
Validation accuracy: 0.931688
Test accuracy: 0.925873
Validation loss: 9100.711914
Validation accuracy: 0.932667
Test accuracy: 0.924163
Training loss: 72915.609451
Training accuracy: 0.938553

Epoch: 29
Validation loss: 9179.457031
Validation accuracy: 0.934135
Test accuracy: 0.926087
Validation loss: 9364.060547
Validation accuracy: 0.939869
Test accuracy: 0.934996
Validation loss: 9043.209961
Validation accuracy: 0.941617
Test accuracy: 0.934783
Validation loss: 9136.734375
Validation accuracy: 0.943085
Test accuracy: 0.937277
Validation loss: 8996.471680
Validation accuracy: 0.943225
Test accuracy: 0.935567
Validation loss: 9145.184570
Validation accuracy: 0.943155
Test accuracy: 0.935353
Training loss: 72987.134491
Training accuracy: 0.946812

Epoch: 30
Validation loss: 9066.126953
Validation accuracy: 0.943085
Test accuracy: 0.937135
Validation loss: 9177.211914
Validation accuracy: 0.941127
Test accuracy: 0.938204
Validation loss: 9147.016602
Validation accuracy: 0.941617
Test accuracy: 0.936992
Validation loss: 9021.791016
Validation accuracy: 0.946721
Test accuracy: 0.938774
Validation loss: 9222.204102
Validation accuracy: 0.940358
Test accuracy: 0.936565
Validation loss: 9292.957031
Validation accuracy: 0.937351
Test accuracy: 0.934783
Training loss: 72724.737259
Training accuracy: 0.948607

Epoch: 31
Validation loss: 9100.873047
Validation accuracy: 0.942246
Test accuracy: 0.937705
Validation loss: 9145.088867
Validation accuracy: 0.941686
Test accuracy: 0.937634
Validation loss: 8882.434570
Validation accuracy: 0.937212
Test accuracy: 0.933927
Validation loss: 9226.715820
Validation accuracy: 0.942036
Test accuracy: 0.936636
Validation loss: 9061.641602
Validation accuracy: 0.942386
Test accuracy: 0.936565
Validation loss: 8933.380859
Validation accuracy: 0.946581
Test accuracy: 0.942124
Training loss: 72192.501175
Training accuracy: 0.945366

Epoch: 32
Validation loss: 9137.833984
Validation accuracy: 0.942176
Test accuracy: 0.938346
Validation loss: 9264.387695
Validation accuracy: 0.940708
Test accuracy: 0.933286
Validation loss: 9219.831055
Validation accuracy: 0.945882
Test accuracy: 0.939772
Validation loss: 9185.342773
Validation accuracy: 0.942875
Test accuracy: 0.936208
Validation loss: 9143.967773
Validation accuracy: 0.939169
Test accuracy: 0.933428
Validation loss: 9146.850586
Validation accuracy: 0.941477
Test accuracy: 0.937206
Training loss: 72333.800461
Training accuracy: 0.945471

Epoch: 33
Validation loss: 9241.024414
Validation accuracy: 0.938400
Test accuracy: 0.935282
Validation loss: 9337.449219
Validation accuracy: 0.938400
Test accuracy: 0.935994
Validation loss: 9014.764648
Validation accuracy: 0.943295
Test accuracy: 0.939059
Validation loss: 9049.019531
Validation accuracy: 0.939169
Test accuracy: 0.932858
Validation loss: 8959.364258
Validation accuracy: 0.939589
Test accuracy: 0.933642
Validation loss: 9039.461914
Validation accuracy: 0.945812
Test accuracy: 0.937206
Training loss: 72381.411621
Training accuracy: 0.950654

Epoch: 34
Validation loss: 8925.798828
Validation accuracy: 0.945252
Test accuracy: 0.939273
Validation loss: 8887.631836
Validation accuracy: 0.943225
Test accuracy: 0.940057
Validation loss: 8907.202148
Validation accuracy: 0.944064
Test accuracy: 0.937206
Validation loss: 9076.505859
Validation accuracy: 0.942526
Test accuracy: 0.937847
Validation loss: 8957.356445
Validation accuracy: 0.944483
Test accuracy: 0.937847
Validation loss: 8914.617188
Validation accuracy: 0.944973
Test accuracy: 0.940271
Training loss: 72312.200928
Training accuracy: 0.949548

Epoch: 35
Validation loss: 9196.534180
Validation accuracy: 0.943155
Test accuracy: 0.938275
Validation loss: 9033.026367
Validation accuracy: 0.944483
Test accuracy: 0.934783
Validation loss: 9149.121094
Validation accuracy: 0.945182
Test accuracy: 0.937919
Validation loss: 9207.747070
Validation accuracy: 0.941966
Test accuracy: 0.934355
Validation loss: 9020.502930
Validation accuracy: 0.945182
Test accuracy: 0.938703
Validation loss: 8923.401367
Validation accuracy: 0.946371
Test accuracy: 0.938988
Training loss: 72157.627640
Training accuracy: 0.951377

Epoch: 36
Validation loss: 9102.683594
Validation accuracy: 0.943574
Test accuracy: 0.939487
Validation loss: 9118.862305
Validation accuracy: 0.945182
Test accuracy: 0.937990
Validation loss: 9270.802734
Validation accuracy: 0.938890
Test accuracy: 0.930791
Validation loss: 9228.165039
Validation accuracy: 0.940987
Test accuracy: 0.935068
Validation loss: 9089.160156
Validation accuracy: 0.945742
Test accuracy: 0.937491
Validation loss: 9129.041992
Validation accuracy: 0.943574
Test accuracy: 0.937847
Training loss: 71988.645477
Training accuracy: 0.952031

Epoch: 37
Validation loss: 9183.166992
Validation accuracy: 0.945672
Test accuracy: 0.939986
Validation loss: 9101.698242
Validation accuracy: 0.943085
Test accuracy: 0.933642
Validation loss: 9119.810547
Validation accuracy: 0.945392
Test accuracy: 0.940413
Validation loss: 9269.740234
Validation accuracy: 0.931618
Test accuracy: 0.924947
Validation loss: 9040.563477
Validation accuracy: 0.944343
Test accuracy: 0.939558
Validation loss: 9359.228516
Validation accuracy: 0.944064
Test accuracy: 0.938346
Training loss: 71833.166840
Training accuracy: 0.950184

Epoch: 38
Validation loss: 9036.738281
Validation accuracy: 0.940218
Test accuracy: 0.937420
Validation loss: 9126.469727
Validation accuracy: 0.941826
Test accuracy: 0.937420
Validation loss: 8882.246094
Validation accuracy: 0.945812
Test accuracy: 0.937277
Validation loss: 9094.918945
Validation accuracy: 0.947070
Test accuracy: 0.942908
Validation loss: 9054.043945
Validation accuracy: 0.947000
Test accuracy: 0.940057
Validation loss: 9094.391602
Validation accuracy: 0.947909
Test accuracy: 0.942979
Training loss: 71539.191971
Training accuracy: 0.952728

Epoch: 39
Validation loss: 9038.314453
Validation accuracy: 0.947560
Test accuracy: 0.942053
Validation loss: 8960.720703
Validation accuracy: 0.946091
Test accuracy: 0.940912
Validation loss: 9059.582031
Validation accuracy: 0.942036
Test accuracy: 0.937491
Validation loss: 9210.263672
Validation accuracy: 0.945952
Test accuracy: 0.937990
Validation loss: 9191.542969
Validation accuracy: 0.947979
Test accuracy: 0.941696
Validation loss: 9337.573242
Validation accuracy: 0.941477
Test accuracy: 0.934925
Training loss: 71466.035690
Training accuracy: 0.953224

Epoch: 40
Validation loss: 9031.491211
Validation accuracy: 0.946091
Test accuracy: 0.940057
Validation loss: 9069.329102
Validation accuracy: 0.944553
Test accuracy: 0.938204
Validation loss: 9304.213867
Validation accuracy: 0.943155
Test accuracy: 0.939772
Validation loss: 9059.929688
Validation accuracy: 0.944274
Test accuracy: 0.937919
Validation loss: 8994.776367
Validation accuracy: 0.944693
Test accuracy: 0.940200
Validation loss: 9085.713867
Validation accuracy: 0.946721
Test accuracy: 0.937990
Training loss: 71024.528366
Training accuracy: 0.956108

Epoch: 41
Validation loss: 9129.876953
Validation accuracy: 0.949308
Test accuracy: 0.942267
Validation loss: 9073.805664
Validation accuracy: 0.944134
Test accuracy: 0.938061
Validation loss: 8990.423828
Validation accuracy: 0.943994
Test accuracy: 0.939772
Validation loss: 9004.333984
Validation accuracy: 0.946861
Test accuracy: 0.940413
Validation loss: 8906.075195
Validation accuracy: 0.946791
Test accuracy: 0.943906
Validation loss: 9237.167969
Validation accuracy: 0.946231
Test accuracy: 0.940770
Training loss: 71264.177490
Training accuracy: 0.951081

Epoch: 42
Validation loss: 9227.377930
Validation accuracy: 0.936862
Test accuracy: 0.937420
Validation loss: 9143.854492
Validation accuracy: 0.945952
Test accuracy: 0.940342
Validation loss: 9054.369141
Validation accuracy: 0.944903
Test accuracy: 0.941340
Validation loss: 9124.486328
Validation accuracy: 0.943295
Test accuracy: 0.939701
Validation loss: 9003.003906
Validation accuracy: 0.943924
Test accuracy: 0.936707
Validation loss: 9131.458984
Validation accuracy: 0.944343
Test accuracy: 0.940627
Training loss: 71249.430725
Training accuracy: 0.954296

Epoch: 43
Validation loss: 9116.013672
Validation accuracy: 0.942945
Test accuracy: 0.937063
Validation loss: 9382.832031
Validation accuracy: 0.938750
Test accuracy: 0.934141
Validation loss: 9093.009766
Validation accuracy: 0.945462
Test accuracy: 0.941483
Validation loss: 9194.336914
Validation accuracy: 0.945602
Test accuracy: 0.938346
Validation loss: 9057.632812
Validation accuracy: 0.943085
Test accuracy: 0.940128
Validation loss: 9051.793945
Validation accuracy: 0.942945
Test accuracy: 0.937135
Training loss: 71178.472412
Training accuracy: 0.951909

Epoch: 44
Validation loss: 9223.028320
Validation accuracy: 0.944413
Test accuracy: 0.942338
Validation loss: 9075.607422
Validation accuracy: 0.943924
Test accuracy: 0.935852
Validation loss: 8925.419922
Validation accuracy: 0.944693
Test accuracy: 0.938204
Validation loss: 9093.195312
Validation accuracy: 0.943714
Test accuracy: 0.936493
Validation loss: 9046.906250
Validation accuracy: 0.940218
Test accuracy: 0.936493
Validation loss: 9030.013672
Validation accuracy: 0.946022
Test accuracy: 0.938489
Training loss: 70861.942184
Training accuracy: 0.955533

Epoch: 45
Validation loss: 8951.413086
Validation accuracy: 0.946371
Test accuracy: 0.938560
Validation loss: 9071.803711
Validation accuracy: 0.945252
Test accuracy: 0.942338
Validation loss: 9111.457031
Validation accuracy: 0.946861
Test accuracy: 0.941126
Validation loss: 8952.089844
Validation accuracy: 0.948748
Test accuracy: 0.941269
Validation loss: 9148.442383
Validation accuracy: 0.944833
Test accuracy: 0.942267
Validation loss: 9001.183594
Validation accuracy: 0.950566
Test accuracy: 0.941411
Training loss: 70847.533600
Training accuracy: 0.955821

Epoch: 46
Validation loss: 9098.142578
Validation accuracy: 0.946161
Test accuracy: 0.939772
Validation loss: 8897.636719
Validation accuracy: 0.944413
Test accuracy: 0.937847
Validation loss: 8944.823242
Validation accuracy: 0.950007
Test accuracy: 0.942979
Validation loss: 8945.181641
Validation accuracy: 0.945672
Test accuracy: 0.940413
Validation loss: 8995.569336
Validation accuracy: 0.943155
Test accuracy: 0.935567
Validation loss: 9038.203125
Validation accuracy: 0.945672
Test accuracy: 0.940057
Training loss: 70523.184097
Training accuracy: 0.954287

Epoch: 47
Validation loss: 9228.879883
Validation accuracy: 0.946441
Test accuracy: 0.940485
Validation loss: 9089.922852
Validation accuracy: 0.946022
Test accuracy: 0.936066
Validation loss: 8914.301758
Validation accuracy: 0.947490
Test accuracy: 0.939202
Validation loss: 8946.398438
Validation accuracy: 0.947140
Test accuracy: 0.939843
Validation loss: 9091.921875
Validation accuracy: 0.948888
Test accuracy: 0.942267
Validation loss: 9025.194336
Validation accuracy: 0.949727
Test accuracy: 0.944048
Training loss: 70840.444656
Training accuracy: 0.958155

Epoch: 48
Validation loss: 9067.952148
Validation accuracy: 0.947490
Test accuracy: 0.939558
Validation loss: 8983.612305
Validation accuracy: 0.948399
Test accuracy: 0.941126
Validation loss: 9158.106445
Validation accuracy: 0.946651
Test accuracy: 0.941554
Validation loss: 9524.911133
Validation accuracy: 0.934625
Test accuracy: 0.926586
Validation loss: 8990.454102
Validation accuracy: 0.949028
Test accuracy: 0.941839
Validation loss: 9118.736328
Validation accuracy: 0.948539
Test accuracy: 0.940841
Training loss: 70821.006104
Training accuracy: 0.954261

Epoch: 49
Validation loss: 9014.375000
Validation accuracy: 0.942595
Test accuracy: 0.935994
Validation loss: 9173.331055
Validation accuracy: 0.942176
Test accuracy: 0.938346
Validation loss: 9384.557617
Validation accuracy: 0.926094
Test accuracy: 0.921098
Validation loss: 9168.773438
Validation accuracy: 0.948399
Test accuracy: 0.943692
Validation loss: 9179.600586
Validation accuracy: 0.942805
Test accuracy: 0.938917
Validation loss: 8953.502930
Validation accuracy: 0.947140
Test accuracy: 0.942979
Training loss: 70695.547394
Training accuracy: 0.957816

Epoch: 50
Validation loss: 9263.246094
Validation accuracy: 0.944833
Test accuracy: 0.939059
Validation loss: 9066.508789
Validation accuracy: 0.938260
Test accuracy: 0.932858
Validation loss: 9057.314453
Validation accuracy: 0.950566
Test accuracy: 0.943051
Validation loss: 8948.938477
Validation accuracy: 0.947979
Test accuracy: 0.942552
Validation loss: 8931.184570
Validation accuracy: 0.948958
Test accuracy: 0.940841
Validation loss: 9178.993164
Validation accuracy: 0.938680
Test accuracy: 0.932288
Training loss: 71072.745804
Training accuracy: 0.955873

Epoch: 51
Validation loss: 9042.801758
Validation accuracy: 0.943644
Test accuracy: 0.933001
Validation loss: 9046.612305
Validation accuracy: 0.944204
Test accuracy: 0.937562
Validation loss: 8983.684570
Validation accuracy: 0.949168
Test accuracy: 0.939558
Validation loss: 8970.054688
Validation accuracy: 0.950566
Test accuracy: 0.943763
Validation loss: 9101.206055
Validation accuracy: 0.948399
Test accuracy: 0.941981
Validation loss: 9052.048828
Validation accuracy: 0.947700
Test accuracy: 0.940342
Training loss: 70332.710938
Training accuracy: 0.961431

Epoch: 52
Validation loss: 9162.051758
Validation accuracy: 0.947420
Test accuracy: 0.938703
Validation loss: 9258.016602
Validation accuracy: 0.946581
Test accuracy: 0.941126
Validation loss: 9021.533203
Validation accuracy: 0.947700
Test accuracy: 0.941411
Validation loss: 9199.887695
Validation accuracy: 0.945113
Test accuracy: 0.941197
Validation loss: 9125.155273
Validation accuracy: 0.947140
Test accuracy: 0.938418
Validation loss: 9263.832031
Validation accuracy: 0.937212
Test accuracy: 0.931361
Training loss: 70182.300476
Training accuracy: 0.953137

Epoch: 53
Validation loss: 9117.540039
Validation accuracy: 0.936652
Test accuracy: 0.934212
Validation loss: 9127.213867
Validation accuracy: 0.944763
Test accuracy: 0.938703
Validation loss: 9181.476562
Validation accuracy: 0.945532
Test accuracy: 0.941197
Validation loss: 9121.862305
Validation accuracy: 0.948049
Test accuracy: 0.942552
Validation loss: 9043.329102
Validation accuracy: 0.949727
Test accuracy: 0.944690
Validation loss: 8889.734375
Validation accuracy: 0.947420
Test accuracy: 0.943692
Training loss: 70200.425476
Training accuracy: 0.959288

Epoch: 54
Validation loss: 9122.495117
Validation accuracy: 0.948888
Test accuracy: 0.945118
Validation loss: 9095.272461
Validation accuracy: 0.949168
Test accuracy: 0.941768
Validation loss: 8993.013672
Validation accuracy: 0.947700
Test accuracy: 0.941340
Validation loss: 9109.669922
Validation accuracy: 0.945602
Test accuracy: 0.941625
Validation loss: 8941.125977
Validation accuracy: 0.946231
Test accuracy: 0.941554
Validation loss: 9105.457031
Validation accuracy: 0.948469
Test accuracy: 0.945046
Training loss: 70128.670410
Training accuracy: 0.960264

Epoch: 55
Validation loss: 9140.967773
Validation accuracy: 0.943854
Test accuracy: 0.938204
Validation loss: 8991.676758
Validation accuracy: 0.952105
Test accuracy: 0.944833
Validation loss: 8847.524414
Validation accuracy: 0.947140
Test accuracy: 0.943193
Validation loss: 9039.235352
Validation accuracy: 0.948958
Test accuracy: 0.942124
Validation loss: 8853.162109
Validation accuracy: 0.951266
Test accuracy: 0.943977
Validation loss: 9037.314453
Validation accuracy: 0.946301
Test accuracy: 0.938845
Training loss: 69884.435059
Training accuracy: 0.961231

Epoch: 56
Validation loss: 9077.791992
Validation accuracy: 0.951196
Test accuracy: 0.942979
Validation loss: 9310.160156
Validation accuracy: 0.947280
Test accuracy: 0.945545
Validation loss: 9034.111328
Validation accuracy: 0.942246
Test accuracy: 0.935852
Validation loss: 9207.044922
Validation accuracy: 0.946791
Test accuracy: 0.939701
Validation loss: 8958.026367
Validation accuracy: 0.948049
Test accuracy: 0.944547
Validation loss: 9189.910156
Validation accuracy: 0.944343
Test accuracy: 0.941625
Training loss: 69868.444992
Training accuracy: 0.961945

Epoch: 57
Validation loss: 9051.706055
Validation accuracy: 0.948189
Test accuracy: 0.943051
Validation loss: 8867.013672
Validation accuracy: 0.949587
Test accuracy: 0.944547
Validation loss: 9064.906250
Validation accuracy: 0.942246
Test accuracy: 0.935780
Validation loss: 8990.419922
Validation accuracy: 0.947700
Test accuracy: 0.940699
Validation loss: 9044.348633
Validation accuracy: 0.946930
Test accuracy: 0.939843
Validation loss: 9343.057617
Validation accuracy: 0.939938
Test accuracy: 0.935495
Training loss: 69711.303528
Training accuracy: 0.962729

Epoch: 58
Validation loss: 8975.291992
Validation accuracy: 0.947909
Test accuracy: 0.939701
Validation loss: 9216.806641
Validation accuracy: 0.946371
Test accuracy: 0.941696
Validation loss: 9041.981445
Validation accuracy: 0.949378
Test accuracy: 0.945830
Validation loss: 9182.167969
Validation accuracy: 0.941337
Test accuracy: 0.932716
Validation loss: 9004.508789
Validation accuracy: 0.950636
Test accuracy: 0.941910
Validation loss: 9083.759766
Validation accuracy: 0.946231
Test accuracy: 0.943336
Training loss: 69984.642746
Training accuracy: 0.963696

Epoch: 59
Validation loss: 9088.550781
Validation accuracy: 0.949518
Test accuracy: 0.938988
Validation loss: 9135.202148
Validation accuracy: 0.948609
Test accuracy: 0.939629
Validation loss: 8966.664062
Validation accuracy: 0.949797
Test accuracy: 0.942053
Validation loss: 9082.916992
Validation accuracy: 0.949657
Test accuracy: 0.941981
Validation loss: 9091.180664
Validation accuracy: 0.948958
Test accuracy: 0.940271
Validation loss: 8987.223633
Validation accuracy: 0.948259
Test accuracy: 0.938133
Training loss: 69717.873444
Training accuracy: 0.962006

Epoch: 60
Validation loss: 9178.530273
Validation accuracy: 0.946651
Test accuracy: 0.940841
Validation loss: 9245.479492
Validation accuracy: 0.940218
Test accuracy: 0.932217
Validation loss: 9040.007812
Validation accuracy: 0.949448
Test accuracy: 0.946614
Validation loss: 9050.117188
Validation accuracy: 0.950496
Test accuracy: 0.943122
Validation loss: 9011.524414
Validation accuracy: 0.948818
Test accuracy: 0.941981
Validation loss: 8944.938477
Validation accuracy: 0.946091
Test accuracy: 0.939914
Training loss: 69588.946533
Training accuracy: 0.962834

Epoch: 61
Validation loss: 9031.588867
Validation accuracy: 0.949797
Test accuracy: 0.942908
Validation loss: 9015.033203
Validation accuracy: 0.948049
Test accuracy: 0.941768
Validation loss: 9016.167969
Validation accuracy: 0.948259
Test accuracy: 0.939701
Validation loss: 9045.055664
Validation accuracy: 0.949448
Test accuracy: 0.943478
Validation loss: 9113.780273
Validation accuracy: 0.949098
Test accuracy: 0.944547
Validation loss: 9202.363281
Validation accuracy: 0.951405
Test accuracy: 0.944334
Training loss: 69677.407761
Training accuracy: 0.964071

Epoch: 62
Validation loss: 9028.743164
Validation accuracy: 0.947140
Test accuracy: 0.943478
Validation loss: 9017.646484
Validation accuracy: 0.948119
Test accuracy: 0.940912
Validation loss: 9208.711914
Validation accuracy: 0.942246
Test accuracy: 0.939202
Validation loss: 9084.749023
Validation accuracy: 0.947839
Test accuracy: 0.941483
Validation loss: 9016.990234
Validation accuracy: 0.952175
Test accuracy: 0.944547
Validation loss: 9074.824219
Validation accuracy: 0.948539
Test accuracy: 0.939558
Training loss: 69613.861526
Training accuracy: 0.965160

Epoch: 63
Validation loss: 9010.807617
Validation accuracy: 0.951196
Test accuracy: 0.945617
Validation loss: 9095.519531
Validation accuracy: 0.949937
Test accuracy: 0.942908
Validation loss: 9118.927734
Validation accuracy: 0.946371
Test accuracy: 0.938418
Validation loss: 9125.492188
Validation accuracy: 0.945532
Test accuracy: 0.943835
Validation loss: 9026.693359
Validation accuracy: 0.943085
Test accuracy: 0.937847
Validation loss: 8862.384766
Validation accuracy: 0.951196
Test accuracy: 0.944833
Training loss: 69803.102783
Training accuracy: 0.962808

Epoch: 64
Validation loss: 8974.755859
Validation accuracy: 0.949378
Test accuracy: 0.940770
Validation loss: 9121.243164
Validation accuracy: 0.949378
Test accuracy: 0.942338
Validation loss: 9030.710938
Validation accuracy: 0.948958
Test accuracy: 0.942552
Validation loss: 9050.838867
Validation accuracy: 0.946441
Test accuracy: 0.942694
Validation loss: 8927.667969
Validation accuracy: 0.951685
Test accuracy: 0.944761
Validation loss: 9079.865234
Validation accuracy: 0.950636
Test accuracy: 0.946258
Training loss: 69804.937469
Training accuracy: 0.965543

Epoch: 65
Validation loss: 9064.802734
Validation accuracy: 0.946581
Test accuracy: 0.945260
Validation loss: 8943.167969
Validation accuracy: 0.952804
Test accuracy: 0.945688
Validation loss: 9128.801758
Validation accuracy: 0.946930
Test accuracy: 0.942908
Validation loss: 9020.110352
Validation accuracy: 0.948958
Test accuracy: 0.945902
Validation loss: 8944.098633
Validation accuracy: 0.948818
Test accuracy: 0.943193
Validation loss: 9037.722656
Validation accuracy: 0.949238
Test accuracy: 0.941910
Training loss: 69453.706558
Training accuracy: 0.966293

Epoch: 66
Validation loss: 9217.170898
Validation accuracy: 0.951196
Test accuracy: 0.942623
Validation loss: 9169.084961
Validation accuracy: 0.948818
Test accuracy: 0.944405
Validation loss: 9072.397461
Validation accuracy: 0.943225
Test accuracy: 0.938632
Validation loss: 9169.910156
Validation accuracy: 0.948679
Test accuracy: 0.944048
Validation loss: 9055.486328
Validation accuracy: 0.950287
Test accuracy: 0.944405
Validation loss: 9267.903320
Validation accuracy: 0.951196
Test accuracy: 0.940627
Training loss: 68862.265289
Training accuracy: 0.966101

Epoch: 67
Validation loss: 9007.332031
Validation accuracy: 0.951685
Test accuracy: 0.943621
Validation loss: 9013.476562
Validation accuracy: 0.947140
Test accuracy: 0.936850
Validation loss: 9096.935547
Validation accuracy: 0.952594
Test accuracy: 0.944334
Validation loss: 8855.039062
Validation accuracy: 0.949448
Test accuracy: 0.945973
Validation loss: 9122.503906
Validation accuracy: 0.949727
Test accuracy: 0.943336
Validation loss: 9053.978516
Validation accuracy: 0.947420
Test accuracy: 0.942124
Training loss: 68942.919189
Training accuracy: 0.966824

Epoch: 68
Validation loss: 8921.361328
Validation accuracy: 0.953503
Test accuracy: 0.946614
Validation loss: 9231.083984
Validation accuracy: 0.948119
Test accuracy: 0.943835
Validation loss: 9104.134766
Validation accuracy: 0.946161
Test accuracy: 0.942837
Validation loss: 8983.652344
Validation accuracy: 0.950916
Test accuracy: 0.946828
Validation loss: 9128.314453
Validation accuracy: 0.949098
Test accuracy: 0.942837
Validation loss: 9213.793945
Validation accuracy: 0.949028
Test accuracy: 0.941768
Training loss: 69253.082108
Training accuracy: 0.965866

Epoch: 69
Validation loss: 9099.322266
Validation accuracy: 0.947350
Test accuracy: 0.940770
Validation loss: 9043.055664
Validation accuracy: 0.948679
Test accuracy: 0.941839
Validation loss: 9076.510742
Validation accuracy: 0.948119
Test accuracy: 0.940770
Validation loss: 9081.277344
Validation accuracy: 0.952524
Test accuracy: 0.945189
Validation loss: 9120.858398
Validation accuracy: 0.948958
Test accuracy: 0.939843
Validation loss: 9161.864258
Validation accuracy: 0.949937
Test accuracy: 0.940413
Training loss: 69061.325668
Training accuracy: 0.967225

Epoch: 70
Validation loss: 9089.716797
Validation accuracy: 0.950007
Test accuracy: 0.942480
Validation loss: 9142.000977
Validation accuracy: 0.948609
Test accuracy: 0.941483
Validation loss: 9144.256836
Validation accuracy: 0.950427
Test accuracy: 0.941910
Validation loss: 8944.347656
Validation accuracy: 0.950007
Test accuracy: 0.941910
Validation loss: 9013.300781
Validation accuracy: 0.948469
Test accuracy: 0.942908
Validation loss: 8951.059570
Validation accuracy: 0.951196
Test accuracy: 0.946258
Training loss: 68828.134308
Training accuracy: 0.967408

Epoch: 71
Validation loss: 8915.309570
Validation accuracy: 0.949657
Test accuracy: 0.942766
Validation loss: 9165.246094
Validation accuracy: 0.946022
Test accuracy: 0.939273
Validation loss: 9050.711914
Validation accuracy: 0.945392
Test accuracy: 0.939629
Validation loss: 9140.068359
Validation accuracy: 0.948609
Test accuracy: 0.941197
Validation loss: 8984.413086
Validation accuracy: 0.947770
Test accuracy: 0.942124
Validation loss: 8979.512695
Validation accuracy: 0.946511
Test accuracy: 0.941411
Training loss: 69059.012619
Training accuracy: 0.966972

Epoch: 72
Validation loss: 9024.211914
Validation accuracy: 0.952664
Test accuracy: 0.945403
Validation loss: 9192.554688
Validation accuracy: 0.947210
Test accuracy: 0.938774
Validation loss: 9083.590820
Validation accuracy: 0.952384
Test accuracy: 0.945118
Validation loss: 8965.411133
Validation accuracy: 0.952734
Test accuracy: 0.941197
Validation loss: 9141.234375
Validation accuracy: 0.948609
Test accuracy: 0.940627
Validation loss: 9027.308594
Validation accuracy: 0.951825
Test accuracy: 0.944262
Training loss: 68876.681366
Training accuracy: 0.968445

Epoch: 73
Validation loss: 9045.251953
Validation accuracy: 0.952874
Test accuracy: 0.944547
Validation loss: 9030.582031
Validation accuracy: 0.947210
Test accuracy: 0.944476
Validation loss: 9167.990234
Validation accuracy: 0.947490
Test accuracy: 0.942195
Validation loss: 8987.644531
Validation accuracy: 0.953083
Test accuracy: 0.943122
Validation loss: 9024.084961
Validation accuracy: 0.947560
Test accuracy: 0.943407
Validation loss: 9021.660156
Validation accuracy: 0.950496
Test accuracy: 0.940984
Training loss: 68592.749451
Training accuracy: 0.969316

Epoch: 74
Validation loss: 9086.813477
Validation accuracy: 0.949098
Test accuracy: 0.941411
Validation loss: 9064.790039
Validation accuracy: 0.948818
Test accuracy: 0.939416
Validation loss: 9080.804688
Validation accuracy: 0.947280
Test accuracy: 0.943051
Validation loss: 9097.433594
Validation accuracy: 0.949727
Test accuracy: 0.944262
Validation loss: 8990.069336
Validation accuracy: 0.948888
Test accuracy: 0.943193
Validation loss: 9145.145508
Validation accuracy: 0.951196
Test accuracy: 0.945189
Training loss: 68917.347702
Training accuracy: 0.968540

Epoch: 75
Validation loss: 9047.119141
Validation accuracy: 0.947420
Test accuracy: 0.940413
Validation loss: 9106.927734
Validation accuracy: 0.944903
Test accuracy: 0.937847
Validation loss: 9006.583008
Validation accuracy: 0.946231
Test accuracy: 0.938632
Validation loss: 9226.632812
Validation accuracy: 0.950496
Test accuracy: 0.946044
Validation loss: 9012.350586
Validation accuracy: 0.951266
Test accuracy: 0.942908
Validation loss: 9027.437500
Validation accuracy: 0.951056
Test accuracy: 0.943264
Training loss: 68695.205429
Training accuracy: 0.967582

Epoch: 76
Validation loss: 9152.606445
Validation accuracy: 0.949657
Test accuracy: 0.939487
Validation loss: 9212.201172
Validation accuracy: 0.950496
Test accuracy: 0.944833
Validation loss: 8991.824219
Validation accuracy: 0.950357
Test accuracy: 0.941768
Validation loss: 9093.383789
Validation accuracy: 0.943854
Test accuracy: 0.939416
Validation loss: 9239.261719
Validation accuracy: 0.948189
Test accuracy: 0.943407
Validation loss: 9067.680664
Validation accuracy: 0.949937
Test accuracy: 0.944476
Training loss: 68577.743774
Training accuracy: 0.970527

Epoch: 77
Validation loss: 9060.143555
Validation accuracy: 0.950357
Test accuracy: 0.943906
Validation loss: 8965.686523
Validation accuracy: 0.949028
Test accuracy: 0.944120
Validation loss: 9127.666016
Validation accuracy: 0.952105
Test accuracy: 0.945759
Validation loss: 9173.515625
Validation accuracy: 0.946371
Test accuracy: 0.937705
Validation loss: 9273.679688
Validation accuracy: 0.949518
Test accuracy: 0.941910
Validation loss: 8978.289062
Validation accuracy: 0.952035
Test accuracy: 0.946329
Training loss: 68551.457825
Training accuracy: 0.968723

Epoch: 78
Validation loss: 9131.349609
Validation accuracy: 0.952384
Test accuracy: 0.945902
Validation loss: 9227.328125
Validation accuracy: 0.949098
Test accuracy: 0.943051
Validation loss: 9117.873047
Validation accuracy: 0.952105
Test accuracy: 0.944048
Validation loss: 8843.141602
Validation accuracy: 0.947909
Test accuracy: 0.940200
Validation loss: 8890.343750
Validation accuracy: 0.951335
Test accuracy: 0.947327
Validation loss: 9025.417969
Validation accuracy: 0.950496
Test accuracy: 0.947612
Training loss: 68253.124985
Training accuracy: 0.969856

Epoch: 79
Validation loss: 9032.495117
Validation accuracy: 0.949657
Test accuracy: 0.943407
Validation loss: 9245.858398
Validation accuracy: 0.947770
Test accuracy: 0.942837
Validation loss: 9224.587891
Validation accuracy: 0.944763
Test accuracy: 0.935780
Validation loss: 9074.302734
Validation accuracy: 0.949937
Test accuracy: 0.944547
Validation loss: 9324.006836
Validation accuracy: 0.947560
Test accuracy: 0.942409
Validation loss: 9029.766602
Validation accuracy: 0.947700
Test accuracy: 0.943193
Training loss: 68466.119995
Training accuracy: 0.969943

Epoch: 80
Validation loss: 9160.364258
Validation accuracy: 0.949797
Test accuracy: 0.943621
Validation loss: 8983.789062
Validation accuracy: 0.951405
Test accuracy: 0.941839
Validation loss: 9375.638672
Validation accuracy: 0.947909
Test accuracy: 0.941625
Validation loss: 9110.998047
Validation accuracy: 0.952874
Test accuracy: 0.944048
Validation loss: 9116.255859
Validation accuracy: 0.950986
Test accuracy: 0.943906
Validation loss: 9091.459961
Validation accuracy: 0.951056
Test accuracy: 0.942338
Training loss: 68444.038101
Training accuracy: 0.970300

Epoch: 81
Validation loss: 8862.331055
Validation accuracy: 0.948259
Test accuracy: 0.940413
Validation loss: 9145.377930
Validation accuracy: 0.952524
Test accuracy: 0.945902
Validation loss: 9082.568359
Validation accuracy: 0.950496
Test accuracy: 0.943264
Validation loss: 9096.237305
Validation accuracy: 0.954971
Test accuracy: 0.944547
Validation loss: 9264.696289
Validation accuracy: 0.951056
Test accuracy: 0.942338
Validation loss: 9107.002930
Validation accuracy: 0.949657
Test accuracy: 0.941696
Training loss: 67788.123138
Training accuracy: 0.969952

Epoch: 82
Validation loss: 9349.656250
Validation accuracy: 0.944553
Test accuracy: 0.938418
Validation loss: 9375.370117
Validation accuracy: 0.948818
Test accuracy: 0.941625
Validation loss: 9024.846680
Validation accuracy: 0.949937
Test accuracy: 0.946614
Validation loss: 9058.827148
Validation accuracy: 0.952175
Test accuracy: 0.942623
Validation loss: 9092.523438
Validation accuracy: 0.951965
Test accuracy: 0.946543
Validation loss: 9181.790039
Validation accuracy: 0.948888
Test accuracy: 0.941126
Training loss: 68200.789734
Training accuracy: 0.972330

Epoch: 83
Validation loss: 9152.613281
Validation accuracy: 0.950287
Test accuracy: 0.944761
Validation loss: 9031.145508
Validation accuracy: 0.949867
Test accuracy: 0.945331
Validation loss: 8947.031250
Validation accuracy: 0.949797
Test accuracy: 0.943763
Validation loss: 9114.880859
Validation accuracy: 0.952175
Test accuracy: 0.945331
Validation loss: 9214.217773
Validation accuracy: 0.944903
Test accuracy: 0.937562
Validation loss: 9184.608398
Validation accuracy: 0.950846
Test accuracy: 0.941340
Training loss: 68078.990906
Training accuracy: 0.971851

Epoch: 84
Validation loss: 9110.232422
Validation accuracy: 0.950846
Test accuracy: 0.943336
Validation loss: 9138.627930
Validation accuracy: 0.951405
Test accuracy: 0.947684
Validation loss: 9087.854492
Validation accuracy: 0.948679
Test accuracy: 0.939202
Validation loss: 9185.748047
Validation accuracy: 0.946511
Test accuracy: 0.942267
Validation loss: 9096.056641
Validation accuracy: 0.950357
Test accuracy: 0.944547
Validation loss: 9140.811523
Validation accuracy: 0.949587
Test accuracy: 0.943122
Training loss: 68394.520294
Training accuracy: 0.971659

Epoch: 85
Validation loss: 9108.820312
Validation accuracy: 0.950217
Test accuracy: 0.942267
Validation loss: 9026.248047
Validation accuracy: 0.950007
Test accuracy: 0.944547
Validation loss: 9280.966797
Validation accuracy: 0.948049
Test accuracy: 0.942480
Validation loss: 9130.343750
Validation accuracy: 0.950287
Test accuracy: 0.944191
Validation loss: 9092.560547
Validation accuracy: 0.949797
Test accuracy: 0.944690
Validation loss: 9230.475586
Validation accuracy: 0.949308
Test accuracy: 0.942124
Training loss: 67975.293030
Training accuracy: 0.972984

Epoch: 86
Validation loss: 9173.793945
Validation accuracy: 0.950007
Test accuracy: 0.944191
Validation loss: 9149.650391
Validation accuracy: 0.946511
Test accuracy: 0.938133
Validation loss: 9182.467773
Validation accuracy: 0.949797
Test accuracy: 0.945189
Validation loss: 9202.794922
Validation accuracy: 0.952105
Test accuracy: 0.944262
Validation loss: 9100.814453
Validation accuracy: 0.948189
Test accuracy: 0.942267
Validation loss: 9126.153320
Validation accuracy: 0.948679
Test accuracy: 0.941981
Training loss: 68194.856262
Training accuracy: 0.973010

Epoch: 87
Validation loss: 9222.697266
Validation accuracy: 0.950496
Test accuracy: 0.942766
Validation loss: 9213.597656
Validation accuracy: 0.950496
Test accuracy: 0.943835
Validation loss: 9312.677734
Validation accuracy: 0.950566
Test accuracy: 0.943550
Validation loss: 9234.511719
Validation accuracy: 0.953643
Test accuracy: 0.946115
Validation loss: 9226.681641
Validation accuracy: 0.947210
Test accuracy: 0.940627
Validation loss: 9243.769531
Validation accuracy: 0.949378
Test accuracy: 0.944476
Training loss: 67837.141785
Training accuracy: 0.969525

Epoch: 88
Validation loss: 9322.133789
Validation accuracy: 0.945952
Test accuracy: 0.939202
Validation loss: 9023.040039
Validation accuracy: 0.951685
Test accuracy: 0.947541
Validation loss: 8997.418945
Validation accuracy: 0.952594
Test accuracy: 0.944262
Validation loss: 9386.688477
Validation accuracy: 0.944343
Test accuracy: 0.936565
Validation loss: 8971.071289
Validation accuracy: 0.951545
Test accuracy: 0.945688
Validation loss: 9143.904297
Validation accuracy: 0.947490
Test accuracy: 0.942552
Training loss: 67556.856293
Training accuracy: 0.973228

Epoch: 89
Validation loss: 9215.187500
Validation accuracy: 0.950776
Test accuracy: 0.943906
Validation loss: 9282.216797
Validation accuracy: 0.950287
Test accuracy: 0.943763
Validation loss: 9215.977539
Validation accuracy: 0.949518
Test accuracy: 0.944334
Validation loss: 9258.312500
Validation accuracy: 0.947350
Test accuracy: 0.938632
Validation loss: 9192.410156
Validation accuracy: 0.950846
Test accuracy: 0.946472
Validation loss: 9232.679688
Validation accuracy: 0.950846
Test accuracy: 0.943550
Training loss: 68094.086365
Training accuracy: 0.974456

Epoch: 90
Validation loss: 9265.113281
Validation accuracy: 0.948818
Test accuracy: 0.943692
Validation loss: 9153.631836
Validation accuracy: 0.952244
Test accuracy: 0.943478
Validation loss: 9250.898438
Validation accuracy: 0.953923
Test accuracy: 0.946115
Validation loss: 9211.269531
Validation accuracy: 0.950636
Test accuracy: 0.945474
Validation loss: 9089.906250
Validation accuracy: 0.949587
Test accuracy: 0.942623
Validation loss: 9249.125977
Validation accuracy: 0.950846
Test accuracy: 0.945617
Training loss: 67844.892380
Training accuracy: 0.973506

Epoch: 91
Validation loss: 9276.188477
Validation accuracy: 0.948888
Test accuracy: 0.942338
Validation loss: 9095.743164
Validation accuracy: 0.945462
Test accuracy: 0.940984
Validation loss: 9166.855469
Validation accuracy: 0.949238
Test accuracy: 0.945046
Validation loss: 9100.973633
Validation accuracy: 0.951335
Test accuracy: 0.944619
Validation loss: 9182.712891
Validation accuracy: 0.953293
Test accuracy: 0.945046
Validation loss: 9265.789062
Validation accuracy: 0.952314
Test accuracy: 0.942623
Training loss: 67830.646988
Training accuracy: 0.973079

Epoch: 92
Validation loss: 9336.222656
Validation accuracy: 0.947490
Test accuracy: 0.941269
Validation loss: 9125.512695
Validation accuracy: 0.950846
Test accuracy: 0.944547
Validation loss: 9177.362305
Validation accuracy: 0.949867
Test accuracy: 0.946044
Validation loss: 9149.055664
Validation accuracy: 0.947770
Test accuracy: 0.940984
Validation loss: 9103.044922
Validation accuracy: 0.946861
Test accuracy: 0.941411
Validation loss: 9129.803711
Validation accuracy: 0.950636
Test accuracy: 0.946900
Training loss: 67637.114685
Training accuracy: 0.974325

Epoch: 93
Validation loss: 9050.992188
Validation accuracy: 0.948399
Test accuracy: 0.946614
Validation loss: 9166.842773
Validation accuracy: 0.948329
Test accuracy: 0.944547
Validation loss: 9199.921875
Validation accuracy: 0.945532
Test accuracy: 0.942694
Validation loss: 9185.186523
Validation accuracy: 0.948539
Test accuracy: 0.940485
Validation loss: 9268.451172
Validation accuracy: 0.950776
Test accuracy: 0.945617
Validation loss: 9200.390625
Validation accuracy: 0.947770
Test accuracy: 0.943336
Training loss: 67502.811462
Training accuracy: 0.973924

Epoch: 94
Validation loss: 9302.605469
Validation accuracy: 0.949448
Test accuracy: 0.942908
Validation loss: 9501.598633
Validation accuracy: 0.943015
Test accuracy: 0.938703
Validation loss: 9090.161133
Validation accuracy: 0.951056
Test accuracy: 0.945331
Validation loss: 9244.478516
Validation accuracy: 0.947839
Test accuracy: 0.944405
Validation loss: 9080.024414
Validation accuracy: 0.945952
Test accuracy: 0.938133
Validation loss: 9279.471680
Validation accuracy: 0.951545
Test accuracy: 0.944405
Training loss: 67955.796432
Training accuracy: 0.974107

Epoch: 95
Validation loss: 9458.148438
Validation accuracy: 0.947140
Test accuracy: 0.942338
Validation loss: 9111.202148
Validation accuracy: 0.950636
Test accuracy: 0.941483
Validation loss: 9261.250000
Validation accuracy: 0.947490
Test accuracy: 0.942552
Validation loss: 9242.998047
Validation accuracy: 0.949518
Test accuracy: 0.943621
Validation loss: 8974.515625
Validation accuracy: 0.950636
Test accuracy: 0.946329
Validation loss: 9227.124023
Validation accuracy: 0.948679
Test accuracy: 0.944405
Training loss: 67888.217285
Training accuracy: 0.974970

Epoch: 96
Validation loss: 9258.349609
Validation accuracy: 0.948818
Test accuracy: 0.941483
Validation loss: 9273.291992
Validation accuracy: 0.946022
Test accuracy: 0.942338
Validation loss: 9106.809570
Validation accuracy: 0.945392
Test accuracy: 0.941625
Validation loss: 9291.214844
Validation accuracy: 0.950147
Test accuracy: 0.944405
Validation loss: 9195.607422
Validation accuracy: 0.946861
Test accuracy: 0.941554
Validation loss: 9199.203125
Validation accuracy: 0.949518
Test accuracy: 0.944476
Training loss: 67225.176437
Training accuracy: 0.974665

Epoch: 97
Validation loss: 9251.094727
Validation accuracy: 0.946161
Test accuracy: 0.941554
Validation loss: 9378.322266
Validation accuracy: 0.949937
Test accuracy: 0.946900
Validation loss: 9210.337891
Validation accuracy: 0.949587
Test accuracy: 0.944476
Validation loss: 9203.779297
Validation accuracy: 0.947070
Test accuracy: 0.941197
Validation loss: 9057.596680
Validation accuracy: 0.944343
Test accuracy: 0.941625
Validation loss: 9221.413086
Validation accuracy: 0.950147
Test accuracy: 0.946258
Training loss: 67668.056732
Training accuracy: 0.975257

Epoch: 98
Validation loss: 9216.391602
Validation accuracy: 0.949657
Test accuracy: 0.943193
Validation loss: 9323.963867
Validation accuracy: 0.950776
Test accuracy: 0.943550
Validation loss: 9033.649414
Validation accuracy: 0.951266
Test accuracy: 0.942694
Validation loss: 9205.082031
Validation accuracy: 0.950916
Test accuracy: 0.946258
Validation loss: 9282.139648
Validation accuracy: 0.952175
Test accuracy: 0.944048
Validation loss: 9249.894531
Validation accuracy: 0.950986
Test accuracy: 0.943051
Training loss: 67222.967590
Training accuracy: 0.975989

Epoch: 99
Validation loss: 9284.903320
Validation accuracy: 0.950077
Test accuracy: 0.942766
Validation loss: 9302.970703
Validation accuracy: 0.950566
Test accuracy: 0.943407
Validation loss: 9054.681641
Validation accuracy: 0.948119
Test accuracy: 0.945403
Validation loss: 9265.848633
Validation accuracy: 0.945882
Test accuracy: 0.939558
Validation loss: 9304.891602
Validation accuracy: 0.946231
Test accuracy: 0.939344
Validation loss: 9125.838867
Validation accuracy: 0.950357
Test accuracy: 0.943977
Training loss: 67553.697083
Training accuracy: 0.973262

Epoch: 100
Validation loss: 9211.243164
Validation accuracy: 0.944903
Test accuracy: 0.937634
Validation loss: 9114.884766
Validation accuracy: 0.950636
Test accuracy: 0.945474
Validation loss: 9193.622070
Validation accuracy: 0.946091
Test accuracy: 0.941910
Validation loss: 9208.262695
Validation accuracy: 0.950357
Test accuracy: 0.943906
Validation loss: 9286.195312
Validation accuracy: 0.945252
Test accuracy: 0.941839
Validation loss: 9194.547852
Validation accuracy: 0.950636
Test accuracy: 0.941411
Training loss: 67336.332977
Training accuracy: 0.974874

Epoch: 101
Validation loss: 9160.858398
Validation accuracy: 0.948539
Test accuracy: 0.942124
Validation loss: 9249.189453
Validation accuracy: 0.947350
Test accuracy: 0.942694
Validation loss: 9460.348633
Validation accuracy: 0.945392
Test accuracy: 0.941981
Validation loss: 9153.558594
Validation accuracy: 0.951755
Test accuracy: 0.942979
Validation loss: 9075.908203
Validation accuracy: 0.950706
Test accuracy: 0.945118
Validation loss: 9262.749023
Validation accuracy: 0.949587
Test accuracy: 0.946401
Training loss: 67119.264999
Training accuracy: 0.976373

Epoch: 102
Validation loss: 8919.506836
Validation accuracy: 0.950986
Test accuracy: 0.946115
Validation loss: 9203.728516
Validation accuracy: 0.952314
Test accuracy: 0.943336
Validation loss: 9365.777344
Validation accuracy: 0.951405
Test accuracy: 0.945759
Validation loss: 9211.657227
Validation accuracy: 0.948748
Test accuracy: 0.945474
Validation loss: 9226.250977
Validation accuracy: 0.953853
Test accuracy: 0.946258
Validation loss: 9391.995117
Validation accuracy: 0.950427
Test accuracy: 0.942623
Training loss: 67181.366440
Training accuracy: 0.974674

Epoch: 103
Validation loss: 9278.256836
Validation accuracy: 0.947000
Test accuracy: 0.941197
Validation loss: 9229.970703
Validation accuracy: 0.949168
Test accuracy: 0.942979
Validation loss: 9345.680664
Validation accuracy: 0.950147
Test accuracy: 0.939914
Validation loss: 9360.658203
Validation accuracy: 0.946231
Test accuracy: 0.941269
Validation loss: 9080.161133
Validation accuracy: 0.947070
Test accuracy: 0.940128
Validation loss: 9257.817383
Validation accuracy: 0.950566
Test accuracy: 0.945902
Training loss: 67384.460388
Training accuracy: 0.977749

Epoch: 104
Validation loss: 9406.476562
Validation accuracy: 0.947140
Test accuracy: 0.945189
Validation loss: 9286.875000
Validation accuracy: 0.949657
Test accuracy: 0.943835
Validation loss: 9441.462891
Validation accuracy: 0.948259
Test accuracy: 0.941910
Validation loss: 9222.552734
Validation accuracy: 0.951405
Test accuracy: 0.943478
Validation loss: 9370.146484
Validation accuracy: 0.947210
Test accuracy: 0.944120
Validation loss: 9488.639648
Validation accuracy: 0.948049
Test accuracy: 0.943264
Training loss: 67291.559769
Training accuracy: 0.977314

Epoch: 105
Validation loss: 9089.279297
Validation accuracy: 0.949168
Test accuracy: 0.946472
Validation loss: 9384.192383
Validation accuracy: 0.948469
Test accuracy: 0.942053
Validation loss: 9160.019531
Validation accuracy: 0.951056
Test accuracy: 0.944690
Validation loss: 9381.420898
Validation accuracy: 0.952035
Test accuracy: 0.941411
Validation loss: 9381.513672
Validation accuracy: 0.950986
Test accuracy: 0.944975
Validation loss: 9213.755859
Validation accuracy: 0.950916
Test accuracy: 0.946472
Training loss: 66983.256912
Training accuracy: 0.977470

Epoch: 106
Validation loss: 9100.500000
Validation accuracy: 0.952175
Test accuracy: 0.944975
Validation loss: 9503.977539
Validation accuracy: 0.951126
Test accuracy: 0.941269
Validation loss: 9213.821289
Validation accuracy: 0.948399
Test accuracy: 0.942267
Validation loss: 9124.118164
Validation accuracy: 0.947000
Test accuracy: 0.942552
Validation loss: 9408.558594
Validation accuracy: 0.950496
Test accuracy: 0.939558
Validation loss: 8999.843750
Validation accuracy: 0.951895
Test accuracy: 0.945545
Training loss: 66882.715958
Training accuracy: 0.978420

Epoch: 107
Validation loss: 9183.750977
Validation accuracy: 0.949587
Test accuracy: 0.942409
Validation loss: 9130.000000
Validation accuracy: 0.951335
Test accuracy: 0.945474
Validation loss: 9198.936523
Validation accuracy: 0.949587
Test accuracy: 0.943621
Validation loss: 9362.692383
Validation accuracy: 0.951825
Test accuracy: 0.945118
Validation loss: 9261.135742
Validation accuracy: 0.950077
Test accuracy: 0.947398
Validation loss: 9253.980469
Validation accuracy: 0.950566
Test accuracy: 0.943122
Training loss: 66732.930725
Training accuracy: 0.978917

Epoch: 108
Validation loss: 9274.694336
Validation accuracy: 0.950916
Test accuracy: 0.943763
Validation loss: 9371.430664
Validation accuracy: 0.942106
Test accuracy: 0.938204
Validation loss: 9266.839844
Validation accuracy: 0.948679
Test accuracy: 0.944904
Validation loss: 9376.295898
Validation accuracy: 0.951196
Test accuracy: 0.944191
Validation loss: 9224.989258
Validation accuracy: 0.949727
Test accuracy: 0.942908
Validation loss: 9181.905273
Validation accuracy: 0.946091
Test accuracy: 0.942552
Training loss: 67072.650467
Training accuracy: 0.978063

Epoch: 109
Validation loss: 9497.117188
Validation accuracy: 0.950776
Test accuracy: 0.944476
Validation loss: 9122.303711
Validation accuracy: 0.946651
Test accuracy: 0.941625
Validation loss: 9447.497070
Validation accuracy: 0.949098
Test accuracy: 0.941411
Validation loss: 9447.131836
Validation accuracy: 0.949448
Test accuracy: 0.946543
Validation loss: 9147.589844
Validation accuracy: 0.949518
Test accuracy: 0.940627
Validation loss: 9266.532227
Validation accuracy: 0.950566
Test accuracy: 0.942837
Training loss: 66616.414581
Training accuracy: 0.977862

Epoch: 110
Validation loss: 9101.171875
Validation accuracy: 0.952524
Test accuracy: 0.946187
Validation loss: 9506.176758
Validation accuracy: 0.950916
Test accuracy: 0.941839
Validation loss: 9292.435547
Validation accuracy: 0.953643
Test accuracy: 0.947185
Validation loss: 9225.047852
Validation accuracy: 0.946231
Test accuracy: 0.940984
Validation loss: 9279.826172
Validation accuracy: 0.950496
Test accuracy: 0.944476
Validation loss: 9282.847656
Validation accuracy: 0.949098
Test accuracy: 0.946543
Training loss: 66656.939819
Training accuracy: 0.980563

Epoch: 111
Validation loss: 8934.059570
Validation accuracy: 0.952594
Test accuracy: 0.943692
Validation loss: 9419.167969
Validation accuracy: 0.949867
Test accuracy: 0.943193
Validation loss: 9012.350586
Validation accuracy: 0.948818
Test accuracy: 0.942195
Validation loss: 9249.893555
Validation accuracy: 0.951056
Test accuracy: 0.943550
Validation loss: 9370.451172
Validation accuracy: 0.949168
Test accuracy: 0.943193
Validation loss: 9232.351562
Validation accuracy: 0.950287
Test accuracy: 0.943336
Training loss: 66825.814636
Training accuracy: 0.980441

Epoch: 112
Validation loss: 9300.612305
Validation accuracy: 0.948679
Test accuracy: 0.940699
Validation loss: 9164.709961
Validation accuracy: 0.950007
Test accuracy: 0.945331
Validation loss: 9283.084961
Validation accuracy: 0.947770
Test accuracy: 0.941554
Validation loss: 9034.846680
Validation accuracy: 0.950846
Test accuracy: 0.943692
Validation loss: 9373.399414
Validation accuracy: 0.951266
Test accuracy: 0.942908
Validation loss: 9266.665039
Validation accuracy: 0.948399
Test accuracy: 0.941910
Training loss: 67021.997543
Training accuracy: 0.979735

Epoch: 113
Validation loss: 9362.685547
Validation accuracy: 0.945672
Test accuracy: 0.940627
Validation loss: 9323.964844
Validation accuracy: 0.947490
Test accuracy: 0.941625
Validation loss: 9320.823242
Validation accuracy: 0.947770
Test accuracy: 0.941055
Validation loss: 9593.716797
Validation accuracy: 0.945742
Test accuracy: 0.941126
Validation loss: 9265.083984
Validation accuracy: 0.951965
Test accuracy: 0.944048
Validation loss: 9353.306641
Validation accuracy: 0.940638
Test accuracy: 0.935210
Training loss: 66636.799576
Training accuracy: 0.980807

Epoch: 114
Validation loss: 9417.447266
Validation accuracy: 0.946511
Test accuracy: 0.944833
Validation loss: 9561.223633
Validation accuracy: 0.949238
Test accuracy: 0.942195
Validation loss: 9487.348633
Validation accuracy: 0.949448
Test accuracy: 0.944619
Validation loss: 9112.814453
Validation accuracy: 0.949238
Test accuracy: 0.944334
Validation loss: 9265.659180
Validation accuracy: 0.951126
Test accuracy: 0.942338
Validation loss: 9392.049805
Validation accuracy: 0.951755
Test accuracy: 0.944975
Training loss: 66303.860382
Training accuracy: 0.980363

Epoch: 115
Validation loss: 9600.309570
Validation accuracy: 0.952734
Test accuracy: 0.947042
Validation loss: 9351.781250
Validation accuracy: 0.948958
Test accuracy: 0.941554
Validation loss: 9336.694336
Validation accuracy: 0.949448
Test accuracy: 0.944476
Validation loss: 9382.284180
Validation accuracy: 0.950357
Test accuracy: 0.943621
Validation loss: 9185.720703
Validation accuracy: 0.949028
Test accuracy: 0.943336
Validation loss: 9207.236328
Validation accuracy: 0.951266
Test accuracy: 0.945046
Training loss: 66844.018402
Training accuracy: 0.980528

Epoch: 116
Validation loss: 9164.777344
Validation accuracy: 0.949867
Test accuracy: 0.944405
Validation loss: 9314.764648
Validation accuracy: 0.951335
Test accuracy: 0.944833
Validation loss: 9362.754883
Validation accuracy: 0.949518
Test accuracy: 0.943835
Validation loss: 9252.000977
Validation accuracy: 0.949238
Test accuracy: 0.944048
Validation loss: 9268.351562
Validation accuracy: 0.945672
Test accuracy: 0.942837
Validation loss: 9460.165039
Validation accuracy: 0.949098
Test accuracy: 0.940413
Training loss: 66277.748459
Training accuracy: 0.979439

Epoch: 117
Validation loss: 9356.486328
Validation accuracy: 0.948958
Test accuracy: 0.940699
Validation loss: 9308.712891
Validation accuracy: 0.951405
Test accuracy: 0.941768
Validation loss: 9300.253906
Validation accuracy: 0.950217
Test accuracy: 0.942409
Validation loss: 9487.432617
Validation accuracy: 0.949238
Test accuracy: 0.943906
Validation loss: 9272.391602
Validation accuracy: 0.950986
Test accuracy: 0.943692
Validation loss: 9537.413086
Validation accuracy: 0.947350
Test accuracy: 0.942837
Training loss: 66298.503937
Training accuracy: 0.981417

Epoch: 118
Validation loss: 9279.483398
Validation accuracy: 0.949028
Test accuracy: 0.942694
Validation loss: 9550.504883
Validation accuracy: 0.947630
Test accuracy: 0.943122
Validation loss: 9329.160156
Validation accuracy: 0.950077
Test accuracy: 0.944547
Validation loss: 9558.560547
Validation accuracy: 0.948119
Test accuracy: 0.939772
Validation loss: 9311.354492
Validation accuracy: 0.948329
Test accuracy: 0.943977
Validation loss: 9263.191406
Validation accuracy: 0.950007
Test accuracy: 0.941126
Training loss: 66396.186722
Training accuracy: 0.981295

Epoch: 119
Validation loss: 9519.833984
Validation accuracy: 0.943295
Test accuracy: 0.937919
Validation loss: 9365.081055
Validation accuracy: 0.949098
Test accuracy: 0.941197
Validation loss: 9315.855469
Validation accuracy: 0.945742
Test accuracy: 0.938346
Validation loss: 9224.223633
Validation accuracy: 0.949028
Test accuracy: 0.940057
Validation loss: 9424.958984
Validation accuracy: 0.949587
Test accuracy: 0.944191
Validation loss: 9459.612305
Validation accuracy: 0.951475
Test accuracy: 0.942623
Training loss: 66493.223007
Training accuracy: 0.981356

Epoch: 120
Validation loss: 9409.142578
Validation accuracy: 0.950496
Test accuracy: 0.942338
Validation loss: 9474.854492
Validation accuracy: 0.951545
Test accuracy: 0.943193
Validation loss: 9367.260742
Validation accuracy: 0.947420
Test accuracy: 0.943621
Validation loss: 9434.550781
Validation accuracy: 0.949308
Test accuracy: 0.944120
Validation loss: 9446.738281
Validation accuracy: 0.948818
Test accuracy: 0.945189
Validation loss: 9488.126953
Validation accuracy: 0.945113
Test accuracy: 0.940912
Training loss: 66011.614120
Training accuracy: 0.982131

Epoch: 121
Validation loss: 9334.000000
Validation accuracy: 0.950636
Test accuracy: 0.942694
Validation loss: 9463.098633
Validation accuracy: 0.950916
Test accuracy: 0.940627
Validation loss: 9641.408203
Validation accuracy: 0.943015
Test accuracy: 0.939914
Validation loss: 9599.193359
Validation accuracy: 0.948679
Test accuracy: 0.939914
Validation loss: 9274.728516
Validation accuracy: 0.948399
Test accuracy: 0.943906
Validation loss: 9267.534180
Validation accuracy: 0.949727
Test accuracy: 0.944334
Training loss: 66165.081009
Training accuracy: 0.982114

Epoch: 122
Validation loss: 9362.659180
Validation accuracy: 0.950776
Test accuracy: 0.942694
Validation loss: 9412.251953
Validation accuracy: 0.950357
Test accuracy: 0.938204
Validation loss: 9469.633789
Validation accuracy: 0.949098
Test accuracy: 0.945474
Validation loss: 9400.416992
Validation accuracy: 0.950706
Test accuracy: 0.943692
Validation loss: 9475.853516
Validation accuracy: 0.949238
Test accuracy: 0.944476
Validation loss: 9580.844727
Validation accuracy: 0.948958
Test accuracy: 0.940413
Training loss: 65871.580383
Training accuracy: 0.982114

Epoch: 123
Validation loss: 9517.000977
Validation accuracy: 0.947560
Test accuracy: 0.943478
Validation loss: 9515.754883
Validation accuracy: 0.945742
Test accuracy: 0.940770
Validation loss: 9377.440430
Validation accuracy: 0.948049
Test accuracy: 0.943621
Validation loss: 9443.561523
Validation accuracy: 0.948888
Test accuracy: 0.942623
Validation loss: 9562.167969
Validation accuracy: 0.947070
Test accuracy: 0.945189
Validation loss: 9381.434570
Validation accuracy: 0.951266
Test accuracy: 0.944048
Training loss: 66415.263687
Training accuracy: 0.981783

Epoch: 124
Validation loss: 9515.334961
Validation accuracy: 0.950706
Test accuracy: 0.944833
Validation loss: 9769.537109
Validation accuracy: 0.947210
Test accuracy: 0.938632
Validation loss: 9520.545898
Validation accuracy: 0.951825
Test accuracy: 0.944405
Validation loss: 9575.934570
Validation accuracy: 0.950986
Test accuracy: 0.942908
Validation loss: 9501.274414
Validation accuracy: 0.948679
Test accuracy: 0.945973
Validation loss: 9378.583008
Validation accuracy: 0.950496
Test accuracy: 0.943906
Training loss: 66030.468857
Training accuracy: 0.983368

Epoch: 125
Validation loss: 9218.945312
Validation accuracy: 0.949168
Test accuracy: 0.944690
Validation loss: 9643.705078
Validation accuracy: 0.950287
Test accuracy: 0.944619
Validation loss: 9400.772461
Validation accuracy: 0.947280
Test accuracy: 0.940485
Validation loss: 9513.615234
Validation accuracy: 0.950427
Test accuracy: 0.946044
Validation loss: 9585.154297
Validation accuracy: 0.947210
Test accuracy: 0.942267
Validation loss: 9527.164062
Validation accuracy: 0.946651
Test accuracy: 0.942338
Training loss: 66103.455383
Training accuracy: 0.982793

Epoch: 126
Validation loss: 9566.249023
Validation accuracy: 0.947210
Test accuracy: 0.944262
Validation loss: 9573.387695
Validation accuracy: 0.947630
Test accuracy: 0.941554
Validation loss: 9533.162109
Validation accuracy: 0.949308
Test accuracy: 0.945759
Validation loss: 9452.495117
Validation accuracy: 0.948049
Test accuracy: 0.941768
Validation loss: 9334.878906
Validation accuracy: 0.951825
Test accuracy: 0.945759
Validation loss: 9476.365234
Validation accuracy: 0.948888
Test accuracy: 0.942195
Training loss: 66051.493958
Training accuracy: 0.982375

Epoch: 127
Validation loss: 9697.060547
Validation accuracy: 0.947700
Test accuracy: 0.942409
Validation loss: 9524.770508
Validation accuracy: 0.950706
Test accuracy: 0.944690
Validation loss: 9468.993164
Validation accuracy: 0.947000
Test accuracy: 0.942195
Validation loss: 9506.809570
Validation accuracy: 0.948399
Test accuracy: 0.943051
Validation loss: 9595.375000
Validation accuracy: 0.948329
Test accuracy: 0.944191
Validation loss: 9381.943359
Validation accuracy: 0.946022
Test accuracy: 0.944833
Training loss: 66492.773041
Training accuracy: 0.981469

Epoch: 128
Validation loss: 9739.712891
Validation accuracy: 0.945252
Test accuracy: 0.939202
Validation loss: 9678.228516
Validation accuracy: 0.949518
Test accuracy: 0.945545
Validation loss: 9451.144531
Validation accuracy: 0.951685
Test accuracy: 0.945260
Validation loss: 9610.575195
Validation accuracy: 0.952804
Test accuracy: 0.945617
Validation loss: 9384.648438
Validation accuracy: 0.948399
Test accuracy: 0.944120
Validation loss: 9449.127930
Validation accuracy: 0.950287
Test accuracy: 0.944690
Training loss: 66404.532715
Training accuracy: 0.982236

Epoch: 129
Validation loss: 9409.763672
Validation accuracy: 0.950496
Test accuracy: 0.943763
Validation loss: 9361.993164
Validation accuracy: 0.949378
Test accuracy: 0.940912
Validation loss: 9360.152344
Validation accuracy: 0.944274
Test accuracy: 0.939416
Validation loss: 9612.541992
Validation accuracy: 0.952454
Test accuracy: 0.945830
Validation loss: 9297.150391
Validation accuracy: 0.948888
Test accuracy: 0.941269
Validation loss: 9288.743164
Validation accuracy: 0.950636
Test accuracy: 0.943977
Training loss: 66286.891434
Training accuracy: 0.983865

Epoch: 130
Validation loss: 9330.155273
Validation accuracy: 0.949028
Test accuracy: 0.944975
Validation loss: 9383.795898
Validation accuracy: 0.949098
Test accuracy: 0.942623
Validation loss: 9324.090820
Validation accuracy: 0.948958
Test accuracy: 0.945260
Validation loss: 9885.420898
Validation accuracy: 0.946161
Test accuracy: 0.941981
Validation loss: 9550.530273
Validation accuracy: 0.950357
Test accuracy: 0.941126
Validation loss: 9617.253906
Validation accuracy: 0.948888
Test accuracy: 0.945331
Training loss: 66146.725937
Training accuracy: 0.983247

Epoch: 131
Validation loss: 9537.518555
Validation accuracy: 0.948818
Test accuracy: 0.944120
Validation loss: 9717.903320
Validation accuracy: 0.947350
Test accuracy: 0.940200
Validation loss: 9557.537109
Validation accuracy: 0.948748
Test accuracy: 0.944690
Validation loss: 9352.820312
Validation accuracy: 0.943155
Test accuracy: 0.939059
Validation loss: 9384.556641
Validation accuracy: 0.949657
Test accuracy: 0.943906
Validation loss: 9309.363281
Validation accuracy: 0.948469
Test accuracy: 0.942409
Training loss: 65936.415878
Training accuracy: 0.983578

Epoch: 132
Validation loss: 9308.858398
Validation accuracy: 0.949937
Test accuracy: 0.943763
Validation loss: 9714.258789
Validation accuracy: 0.948469
Test accuracy: 0.943051
Validation loss: 9517.221680
Validation accuracy: 0.948818
Test accuracy: 0.942195
Validation loss: 9587.596680
Validation accuracy: 0.950776
Test accuracy: 0.939701
Validation loss: 9435.965820
Validation accuracy: 0.949448
Test accuracy: 0.943906
Validation loss: 9200.066406
Validation accuracy: 0.947490
Test accuracy: 0.941126
Training loss: 65708.067291
Training accuracy: 0.983229

Epoch: 133
Validation loss: 9177.865234
Validation accuracy: 0.949378
Test accuracy: 0.942053
Validation loss: 9617.250977
Validation accuracy: 0.944693
Test accuracy: 0.939416
Validation loss: 9340.902344
Validation accuracy: 0.950357
Test accuracy: 0.943550
Validation loss: 9514.119141
Validation accuracy: 0.949308
Test accuracy: 0.943407
Validation loss: 9630.029297
Validation accuracy: 0.948679
Test accuracy: 0.945474
Validation loss: 9510.089844
Validation accuracy: 0.949168
Test accuracy: 0.943051
Training loss: 65635.190475
Training accuracy: 0.984440

Epoch: 134
Validation loss: 9615.893555
Validation accuracy: 0.953293
Test accuracy: 0.946258
Validation loss: 9648.179688
Validation accuracy: 0.949238
Test accuracy: 0.944975
Validation loss: 9540.089844
Validation accuracy: 0.947630
Test accuracy: 0.943478
Validation loss: 9496.631836
Validation accuracy: 0.950636
Test accuracy: 0.946686
Validation loss: 9365.470703
Validation accuracy: 0.949587
Test accuracy: 0.943407
Validation loss: 9594.614258
Validation accuracy: 0.946301
Test accuracy: 0.941981
Training loss: 65943.127640
Training accuracy: 0.985407

Epoch: 135
Validation loss: 9768.251953
Validation accuracy: 0.948679
Test accuracy: 0.943692
Validation loss: 9420.286133
Validation accuracy: 0.947839
Test accuracy: 0.942195
Validation loss: 9712.093750
Validation accuracy: 0.949378
Test accuracy: 0.943550
Validation loss: 9578.763672
Validation accuracy: 0.948469
Test accuracy: 0.942338
Validation loss: 9606.847656
Validation accuracy: 0.948888
Test accuracy: 0.943550
Validation loss: 9549.608398
Validation accuracy: 0.951685
Test accuracy: 0.945474
Training loss: 65579.132675
Training accuracy: 0.984179

Epoch: 136
Validation loss: 9639.438477
Validation accuracy: 0.946161
Test accuracy: 0.943407
Validation loss: 9663.064453
Validation accuracy: 0.950147
Test accuracy: 0.945046
Validation loss: 9648.213867
Validation accuracy: 0.948189
Test accuracy: 0.941340
Validation loss: 9633.215820
Validation accuracy: 0.947140
Test accuracy: 0.943692
Validation loss: 9533.671875
Validation accuracy: 0.947420
Test accuracy: 0.940770
Validation loss: 9520.434570
Validation accuracy: 0.949518
Test accuracy: 0.939986
Training loss: 65579.711563
Training accuracy: 0.985398

Epoch: 137
Validation loss: 9714.726562
Validation accuracy: 0.945952
Test accuracy: 0.944048
Validation loss: 9423.325195
Validation accuracy: 0.948469
Test accuracy: 0.945118
Validation loss: 9485.122070
Validation accuracy: 0.950217
Test accuracy: 0.946329
Validation loss: 9553.842773
Validation accuracy: 0.949867
Test accuracy: 0.942979
Validation loss: 9819.505859
Validation accuracy: 0.950147
Test accuracy: 0.943478
Validation loss: 9461.360352
Validation accuracy: 0.947560
Test accuracy: 0.942694
Training loss: 66006.789017
Training accuracy: 0.984745

Epoch: 138
Validation loss: 9603.627930
Validation accuracy: 0.949098
Test accuracy: 0.944405
Validation loss: 9601.121094
Validation accuracy: 0.950636
Test accuracy: 0.947113
Validation loss: 9749.399414
Validation accuracy: 0.947839
Test accuracy: 0.939629
Validation loss: 9849.850586
Validation accuracy: 0.947700
Test accuracy: 0.941981
Validation loss: 9456.843750
Validation accuracy: 0.950427
Test accuracy: 0.945973
Validation loss: 9994.672852
Validation accuracy: 0.948259
Test accuracy: 0.940984
Training loss: 65948.174576
Training accuracy: 0.985834

Epoch: 139
Validation loss: 9520.988281
Validation accuracy: 0.948818
Test accuracy: 0.940699
Validation loss: 9941.027344
Validation accuracy: 0.947560
Test accuracy: 0.940912
Validation loss: 9498.267578
Validation accuracy: 0.951825
Test accuracy: 0.944547
Validation loss: 9688.312500
Validation accuracy: 0.949448
Test accuracy: 0.942837
Validation loss: 9729.939453
Validation accuracy: 0.948818
Test accuracy: 0.944690
Validation loss: 9781.441406
Validation accuracy: 0.947630
Test accuracy: 0.945046
Training loss: 65529.413681
Training accuracy: 0.985398

Epoch: 140
Validation loss: 9755.150391
Validation accuracy: 0.947140
Test accuracy: 0.943336
Validation loss: 9331.812500
Validation accuracy: 0.949098
Test accuracy: 0.942195
Validation loss: 9720.043945
Validation accuracy: 0.947909
Test accuracy: 0.943977
Validation loss: 9625.779297
Validation accuracy: 0.948539
Test accuracy: 0.947042
Validation loss: 9656.951172
Validation accuracy: 0.949028
Test accuracy: 0.945902
Validation loss: 9806.161133
Validation accuracy: 0.945532
Test accuracy: 0.942267
Training loss: 65412.138763
Training accuracy: 0.984013

Epoch: 141
Validation loss: 9650.774414
Validation accuracy: 0.947560
Test accuracy: 0.945331
Validation loss: 9581.779297
Validation accuracy: 0.948679
Test accuracy: 0.943906
Validation loss: 9761.224609
Validation accuracy: 0.948679
Test accuracy: 0.942053
Validation loss: 9785.647461
Validation accuracy: 0.947560
Test accuracy: 0.938917
Validation loss: 9623.356445
Validation accuracy: 0.947280
Test accuracy: 0.942979
Validation loss: 9667.772461
Validation accuracy: 0.948119
Test accuracy: 0.943977
Training loss: 65478.665649
Training accuracy: 0.985729

Epoch: 142
Validation loss: 9644.485352
Validation accuracy: 0.951965
Test accuracy: 0.945189
Validation loss: 9740.223633
Validation accuracy: 0.949867
Test accuracy: 0.943763
Validation loss: 9328.551758
Validation accuracy: 0.951056
Test accuracy: 0.942623
Validation loss: 9607.559570
Validation accuracy: 0.949657
Test accuracy: 0.940770
Validation loss: 9732.626953
Validation accuracy: 0.944413
Test accuracy: 0.940057
Validation loss: 9675.436523
Validation accuracy: 0.947560
Test accuracy: 0.939059
Training loss: 65690.149414
Training accuracy: 0.985433

Epoch: 143
Validation loss: 9632.703125
Validation accuracy: 0.946721
Test accuracy: 0.940984
Validation loss: 9510.961914
Validation accuracy: 0.947000
Test accuracy: 0.943336
Validation loss: 9633.034180
Validation accuracy: 0.949937
Test accuracy: 0.943193
Validation loss: 9618.353516
Validation accuracy: 0.949448
Test accuracy: 0.944048
Validation loss: 9790.660156
Validation accuracy: 0.945672
Test accuracy: 0.938988
Validation loss: 9580.996094
Validation accuracy: 0.950427
Test accuracy: 0.942623
Training loss: 65603.606613
Training accuracy: 0.986183

Epoch: 144
Validation loss: 9693.825195
Validation accuracy: 0.949028
Test accuracy: 0.945545
Validation loss: 9667.496094
Validation accuracy: 0.948888
Test accuracy: 0.943407
Validation loss: 9706.446289
Validation accuracy: 0.944693
Test accuracy: 0.938774
Validation loss: 9886.324219
Validation accuracy: 0.948958
Test accuracy: 0.943835
Validation loss: 9850.875000
Validation accuracy: 0.950846
Test accuracy: 0.943336
Validation loss: 9481.123047
Validation accuracy: 0.952105
Test accuracy: 0.944833
Training loss: 65256.753281
Training accuracy: 0.986392

Epoch: 145
Validation loss: 9500.058594
Validation accuracy: 0.947700
Test accuracy: 0.944262
Validation loss: 9651.958008
Validation accuracy: 0.949797
Test accuracy: 0.940342
Validation loss: 9651.070312
Validation accuracy: 0.949308
Test accuracy: 0.941340
Validation loss: 9783.197266
Validation accuracy: 0.945882
Test accuracy: 0.939558
Validation loss: 9626.357422
Validation accuracy: 0.949098
Test accuracy: 0.941126
Validation loss: 9640.031250
Validation accuracy: 0.949448
Test accuracy: 0.940841
Training loss: 65612.710861
Training accuracy: 0.986357

Epoch: 146
Validation loss: 9320.356445
Validation accuracy: 0.948259
Test accuracy: 0.944761
Validation loss: 9709.938477
Validation accuracy: 0.949168
Test accuracy: 0.945403
Validation loss: 9664.991211
Validation accuracy: 0.950217
Test accuracy: 0.942766
Validation loss: 9899.351562
Validation accuracy: 0.948469
Test accuracy: 0.941126
Validation loss: 9586.868164
Validation accuracy: 0.944763
Test accuracy: 0.941269
Validation loss: 9514.368164
Validation accuracy: 0.949727
Test accuracy: 0.942480
Training loss: 65830.307617
Training accuracy: 0.985991

Epoch: 147
Validation loss: 9491.558594
Validation accuracy: 0.947350
Test accuracy: 0.940271
Validation loss: 9828.200195
Validation accuracy: 0.950986
Test accuracy: 0.939558
Validation loss: 9586.610352
Validation accuracy: 0.950916
Test accuracy: 0.942338
Validation loss: 9893.206055
Validation accuracy: 0.945952
Test accuracy: 0.938774
Validation loss: 9444.569336
Validation accuracy: 0.949657
Test accuracy: 0.945617
Validation loss: 9767.037109
Validation accuracy: 0.946721
Test accuracy: 0.937990
Training loss: 65650.712006
Training accuracy: 0.987411

Epoch: 148
Validation loss: 9687.338867
Validation accuracy: 0.950706
Test accuracy: 0.942053
Validation loss: 9841.666992
Validation accuracy: 0.947350
Test accuracy: 0.942766
Validation loss: 9895.356445
Validation accuracy: 0.946231
Test accuracy: 0.940841
Validation loss: 9949.438477
Validation accuracy: 0.946791
Test accuracy: 0.943835
Validation loss: 9668.608398
Validation accuracy: 0.951056
Test accuracy: 0.943051
Validation loss: 9601.024414
Validation accuracy: 0.952594
Test accuracy: 0.944904
Training loss: 65467.484451
Training accuracy: 0.986827

Epoch: 149
Validation loss: 9507.159180
Validation accuracy: 0.947909
Test accuracy: 0.943264
Validation loss: 9710.340820
Validation accuracy: 0.951335
Test accuracy: 0.946329
Validation loss: 9739.010742
Validation accuracy: 0.947560
Test accuracy: 0.943193
Validation loss: 9992.114258
Validation accuracy: 0.946861
Test accuracy: 0.939914
Validation loss: 9734.811523
Validation accuracy: 0.949587
Test accuracy: 0.944690
Validation loss: 9841.604492
Validation accuracy: 0.951196
Test accuracy: 0.943763
Training loss: 65185.441147
Training accuracy: 0.987089

Epoch: 150
Validation loss: 9477.916992
Validation accuracy: 0.948609
Test accuracy: 0.942694
Validation loss: 9719.851562
Validation accuracy: 0.947420
Test accuracy: 0.943193
Validation loss: 9575.707031
Validation accuracy: 0.950077
Test accuracy: 0.939772
Validation loss: 9480.066406
Validation accuracy: 0.950077
Test accuracy: 0.944975
Validation loss: 9826.083984
Validation accuracy: 0.947350
Test accuracy: 0.941554
Validation loss: 9653.105469
Validation accuracy: 0.948818
Test accuracy: 0.941981
Training loss: 65670.026321
Training accuracy: 0.985729

Epoch: 151
Validation loss: 9531.802734
Validation accuracy: 0.949448
Test accuracy: 0.940128
Validation loss: 9741.221680
Validation accuracy: 0.949028
Test accuracy: 0.941483
Validation loss: 9676.666016
Validation accuracy: 0.948469
Test accuracy: 0.942766
Validation loss: 9479.916992
Validation accuracy: 0.950496
Test accuracy: 0.941910
Validation loss: 9654.368164
Validation accuracy: 0.951126
Test accuracy: 0.942053
Validation loss: 9842.918945
Validation accuracy: 0.948399
Test accuracy: 0.939629
Training loss: 65748.403000
Training accuracy: 0.988021

Epoch: 152
Validation loss: 9618.903320
Validation accuracy: 0.951545
Test accuracy: 0.943407
Validation loss: 9780.082031
Validation accuracy: 0.951266
Test accuracy: 0.945046
Validation loss: 9623.333008
Validation accuracy: 0.949238
Test accuracy: 0.942979
Validation loss: 9701.553711
Validation accuracy: 0.953223
Test accuracy: 0.946614
Validation loss: 9710.000000
Validation accuracy: 0.951266
Test accuracy: 0.944619
Validation loss: 9906.633789
Validation accuracy: 0.947839
Test accuracy: 0.943193
Training loss: 65296.693375
Training accuracy: 0.988308

Epoch: 153
Validation loss: 10158.695312
Validation accuracy: 0.948539
Test accuracy: 0.942124
Validation loss: 9707.417969
Validation accuracy: 0.950706
Test accuracy: 0.945118
Validation loss: 9827.155273
Validation accuracy: 0.947350
Test accuracy: 0.941126
Validation loss: 9608.215820
Validation accuracy: 0.946651
Test accuracy: 0.942837
Validation loss: 9900.645508
Validation accuracy: 0.946930
Test accuracy: 0.941910
Validation loss: 9880.352539
Validation accuracy: 0.950916
Test accuracy: 0.942338
Training loss: 65317.816544
Training accuracy: 0.987071

Epoch: 154
Validation loss: 9601.231445
Validation accuracy: 0.949587
Test accuracy: 0.942338
Validation loss: 9683.674805
Validation accuracy: 0.948469
Test accuracy: 0.943835
Validation loss: 10146.583984
Validation accuracy: 0.952314
Test accuracy: 0.944334
Validation loss: 9837.545898
Validation accuracy: 0.950566
Test accuracy: 0.945331
Validation loss: 9814.607422
Validation accuracy: 0.947839
Test accuracy: 0.938133
Validation loss: 9766.487305
Validation accuracy: 0.948119
Test accuracy: 0.944334
Training loss: 64944.586197
Training accuracy: 0.988056

Epoch: 155
Validation loss: 10002.149414
Validation accuracy: 0.951545
Test accuracy: 0.942552
Validation loss: 9863.654297
Validation accuracy: 0.948469
Test accuracy: 0.942979
Validation loss: 9616.702148
Validation accuracy: 0.950776
Test accuracy: 0.944191
Validation loss: 9759.464844
Validation accuracy: 0.952175
Test accuracy: 0.943193
Validation loss: 9840.011719
Validation accuracy: 0.950566
Test accuracy: 0.943621
Validation loss: 9892.175781
Validation accuracy: 0.952244
Test accuracy: 0.946329
Training loss: 65276.491547
Training accuracy: 0.988387

Epoch: 156
Validation loss: 9868.702148
Validation accuracy: 0.948888
Test accuracy: 0.941696
Validation loss: 9703.773438
Validation accuracy: 0.947420
Test accuracy: 0.942837
Validation loss: 9897.023438
Validation accuracy: 0.949168
Test accuracy: 0.941340
Validation loss: 9865.269531
Validation accuracy: 0.948469
Test accuracy: 0.942623
Validation loss: 9868.957031
Validation accuracy: 0.948679
Test accuracy: 0.944975
Validation loss: 9763.853516
Validation accuracy: 0.951405
Test accuracy: 0.940770
Training loss: 65195.624207
Training accuracy: 0.987916

Epoch: 157
Validation loss: 9913.175781
Validation accuracy: 0.946161
Test accuracy: 0.938632
Validation loss: 10045.534180
Validation accuracy: 0.947909
Test accuracy: 0.941411
Validation loss: 9861.734375
Validation accuracy: 0.951545
Test accuracy: 0.943193
Validation loss: 9982.429688
Validation accuracy: 0.947420
Test accuracy: 0.941910
Validation loss: 9756.233398
Validation accuracy: 0.951126
Test accuracy: 0.941197
Validation loss: 9647.164062
Validation accuracy: 0.950427
Test accuracy: 0.944262
Training loss: 65459.088409
Training accuracy: 0.987908

Epoch: 158
Validation loss: 9822.063477
Validation accuracy: 0.947770
Test accuracy: 0.942053
Validation loss: 9820.396484
Validation accuracy: 0.950147
Test accuracy: 0.938703
Validation loss: 9789.283203
Validation accuracy: 0.951685
Test accuracy: 0.946614
Validation loss: 9677.744141
Validation accuracy: 0.950357
Test accuracy: 0.942267
Validation loss: 9786.461914
Validation accuracy: 0.950986
Test accuracy: 0.944120
Validation loss: 9847.630859
Validation accuracy: 0.950566
Test accuracy: 0.945688
Training loss: 65358.767227
Training accuracy: 0.988413

Epoch: 159
Validation loss: 9951.833008
Validation accuracy: 0.947770
Test accuracy: 0.942124
Validation loss: 9893.551758
Validation accuracy: 0.950496
Test accuracy: 0.945474
Validation loss: 9967.824219
Validation accuracy: 0.949587
Test accuracy: 0.937990
Validation loss: 9908.638672
Validation accuracy: 0.946651
Test accuracy: 0.940271
Validation loss: 9782.675781
Validation accuracy: 0.947000
Test accuracy: 0.940770
Validation loss: 9929.020508
Validation accuracy: 0.949657
Test accuracy: 0.943336
Training loss: 65106.875381
Training accuracy: 0.988474

Epoch: 160
Validation loss: 10023.872070
Validation accuracy: 0.949028
Test accuracy: 0.946757
Validation loss: 10075.431641
Validation accuracy: 0.951545
Test accuracy: 0.944476
Validation loss: 10007.242188
Validation accuracy: 0.947839
Test accuracy: 0.943906
Validation loss: 9797.350586
Validation accuracy: 0.950566
Test accuracy: 0.944547
Validation loss: 9849.853516
Validation accuracy: 0.950357
Test accuracy: 0.942267
Validation loss: 9636.314453
Validation accuracy: 0.950916
Test accuracy: 0.944048
Training loss: 65264.099213
Training accuracy: 0.989232

Epoch: 161
Validation loss: 9817.458008
Validation accuracy: 0.951895
Test accuracy: 0.943692
Validation loss: 10015.069336
Validation accuracy: 0.951825
Test accuracy: 0.944975
Validation loss: 10099.874023
Validation accuracy: 0.947909
Test accuracy: 0.939629
Validation loss: 9977.415039
Validation accuracy: 0.946301
Test accuracy: 0.942053
Validation loss: 10004.668945
Validation accuracy: 0.948888
Test accuracy: 0.945118
Validation loss: 9601.378906
Validation accuracy: 0.950496
Test accuracy: 0.942338
Training loss: 65106.526031
Training accuracy: 0.987855

Epoch: 162
Validation loss: 9974.212891
Validation accuracy: 0.952035
Test accuracy: 0.945973
Validation loss: 9767.113281
Validation accuracy: 0.946022
Test accuracy: 0.940770
Validation loss: 10095.677734
Validation accuracy: 0.948189
Test accuracy: 0.946258
Validation loss: 9836.388672
Validation accuracy: 0.948469
Test accuracy: 0.941554
Validation loss: 9613.622070
Validation accuracy: 0.947770
Test accuracy: 0.944191
Validation loss: 9938.379883
Validation accuracy: 0.950916
Test accuracy: 0.944334
Training loss: 64952.388885
Training accuracy: 0.988909

Epoch: 163
Validation loss: 9882.162109
Validation accuracy: 0.947770
Test accuracy: 0.941768
Validation loss: 10177.170898
Validation accuracy: 0.949867
Test accuracy: 0.944334
Validation loss: 10248.124023
Validation accuracy: 0.950706
Test accuracy: 0.943336
Validation loss: 10027.131836
Validation accuracy: 0.950007
Test accuracy: 0.947042
Validation loss: 9925.805664
Validation accuracy: 0.947979
Test accuracy: 0.943621
Validation loss: 9982.253906
Validation accuracy: 0.950706
Test accuracy: 0.942267
Training loss: 65020.791199
Training accuracy: 0.989519

Epoch: 164
Validation loss: 9937.508789
Validation accuracy: 0.950357
Test accuracy: 0.940271
Validation loss: 10106.888672
Validation accuracy: 0.949028
Test accuracy: 0.942979
Validation loss: 10010.025391
Validation accuracy: 0.950287
Test accuracy: 0.942694
Validation loss: 9866.320312
Validation accuracy: 0.946930
Test accuracy: 0.942195
Validation loss: 9865.217773
Validation accuracy: 0.951335
Test accuracy: 0.942908
Validation loss: 9871.257812
Validation accuracy: 0.949867
Test accuracy: 0.945189
Training loss: 65012.628113
Training accuracy: 0.989005

Epoch: 165
Validation loss: 9548.755859
Validation accuracy: 0.950357
Test accuracy: 0.945260
Validation loss: 9983.129883
Validation accuracy: 0.949937
Test accuracy: 0.944833
Validation loss: 9874.724609
Validation accuracy: 0.952734
Test accuracy: 0.945973
Validation loss: 10074.973633
Validation accuracy: 0.948609
Test accuracy: 0.939416
Validation loss: 9887.867188
Validation accuracy: 0.947770
Test accuracy: 0.943478
Validation loss: 10200.964844
Validation accuracy: 0.945882
Test accuracy: 0.940128
Training loss: 65032.261398
Training accuracy: 0.989240

Epoch: 166
Validation loss: 9960.723633
Validation accuracy: 0.951825
Test accuracy: 0.943264
Validation loss: 9795.986328
Validation accuracy: 0.949098
Test accuracy: 0.944405
Validation loss: 10187.779297
Validation accuracy: 0.949378
Test accuracy: 0.941910
Validation loss: 9662.175781
Validation accuracy: 0.952734
Test accuracy: 0.943122
Validation loss: 9798.868164
Validation accuracy: 0.951615
Test accuracy: 0.947185
Validation loss: 9829.034180
Validation accuracy: 0.949587
Test accuracy: 0.944690
Training loss: 65110.092590
Training accuracy: 0.989598

Epoch: 167
Validation loss: 9967.935547
Validation accuracy: 0.952244
Test accuracy: 0.943835
Validation loss: 10077.774414
Validation accuracy: 0.948888
Test accuracy: 0.945617
Validation loss: 9950.322266
Validation accuracy: 0.951685
Test accuracy: 0.942766
Validation loss: 9951.739258
Validation accuracy: 0.950147
Test accuracy: 0.945118
Validation loss: 9745.467773
Validation accuracy: 0.950357
Test accuracy: 0.941910
Validation loss: 9753.012695
Validation accuracy: 0.950776
Test accuracy: 0.947042
Training loss: 65119.350998
Training accuracy: 0.988753

Epoch: 168
Validation loss: 9815.481445
Validation accuracy: 0.948679
Test accuracy: 0.942837
Validation loss: 9876.972656
Validation accuracy: 0.951196
Test accuracy: 0.943835
Validation loss: 10110.704102
Validation accuracy: 0.947839
Test accuracy: 0.939914
Validation loss: 9855.950195
Validation accuracy: 0.949657
Test accuracy: 0.946329
Validation loss: 10021.676758
Validation accuracy: 0.950217
Test accuracy: 0.939843
Validation loss: 9998.177734
Validation accuracy: 0.950986
Test accuracy: 0.944048
Training loss: 65313.924103
Training accuracy: 0.988892

Epoch: 169
Validation loss: 10213.781250
Validation accuracy: 0.946930
Test accuracy: 0.942267
Validation loss: 10013.594727
Validation accuracy: 0.947350
Test accuracy: 0.944120
Validation loss: 10123.699219
Validation accuracy: 0.944693
Test accuracy: 0.943835
Validation loss: 9911.441406
Validation accuracy: 0.951056
