Epoch: 0
Validation loss: 15660.054688
Validation accuracy: 0.233674
Test accuracy: 0.249822
Validation loss: 15435.983398
Validation accuracy: 0.304083
Test accuracy: 0.292088
Validation loss: 13325.875977
Validation accuracy: 0.649140
Test accuracy: 0.652887
Validation loss: 13653.343750
Validation accuracy: 0.718711
Test accuracy: 0.703350
Validation loss: 12105.615234
Validation accuracy: 0.727101
Test accuracy: 0.709979
Validation loss: 11430.457031
Validation accuracy: 0.800867
Test accuracy: 0.793585
Training loss: 107276.753464
Training accuracy: 0.755293

Epoch: 1
Validation loss: 11650.647461
Validation accuracy: 0.762621
Test accuracy: 0.753172
Validation loss: 11837.066406
Validation accuracy: 0.721018
Test accuracy: 0.727940
Validation loss: 11004.657227
Validation accuracy: 0.829604
Test accuracy: 0.823735
Validation loss: 11067.375000
Validation accuracy: 0.810096
Test accuracy: 0.809836
Validation loss: 11245.088867
Validation accuracy: 0.830793
Test accuracy: 0.823735
Validation loss: 10761.460938
Validation accuracy: 0.852748
Test accuracy: 0.849109
Training loss: 91077.010147
Training accuracy: 0.842310

Epoch: 2
Validation loss: 10691.563477
Validation accuracy: 0.842190
Test accuracy: 0.844405
Validation loss: 10841.000000
Validation accuracy: 0.851419
Test accuracy: 0.846686
Validation loss: 10583.561523
Validation accuracy: 0.860159
Test accuracy: 0.854455
Validation loss: 10528.075195
Validation accuracy: 0.865334
Test accuracy: 0.860157
Validation loss: 10884.550781
Validation accuracy: 0.849252
Test accuracy: 0.837705
Validation loss: 10604.081055
Validation accuracy: 0.855335
Test accuracy: 0.847897
Training loss: 87893.154663
Training accuracy: 0.851240

Epoch: 3
Validation loss: 10679.399414
Validation accuracy: 0.855545
Test accuracy: 0.851105
Validation loss: 10912.109375
Validation accuracy: 0.864355
Test accuracy: 0.861654
Validation loss: 10470.380859
Validation accuracy: 0.874773
Test accuracy: 0.873414
Validation loss: 10624.350586
Validation accuracy: 0.875192
Test accuracy: 0.876978
Validation loss: 10562.870117
Validation accuracy: 0.883303
Test accuracy: 0.875837
Validation loss: 10802.935547
Validation accuracy: 0.858901
Test accuracy: 0.857947
Training loss: 85663.882523
Training accuracy: 0.874658

Epoch: 4
Validation loss: 10567.543945
Validation accuracy: 0.877849
Test accuracy: 0.874483
Validation loss: 10379.393555
Validation accuracy: 0.868060
Test accuracy: 0.861654
Validation loss: 10304.945312
Validation accuracy: 0.892463
Test accuracy: 0.886671
Validation loss: 10396.858398
Validation accuracy: 0.883723
Test accuracy: 0.878047
Validation loss: 9956.786133
Validation accuracy: 0.893092
Test accuracy: 0.889309
Validation loss: 10261.701172
Validation accuracy: 0.860089
Test accuracy: 0.858019
Training loss: 84041.506134
Training accuracy: 0.877010

Epoch: 5
Validation loss: 10461.107422
Validation accuracy: 0.880646
Test accuracy: 0.881611
Validation loss: 10211.753906
Validation accuracy: 0.897567
Test accuracy: 0.892160
Validation loss: 10080.319336
Validation accuracy: 0.891204
Test accuracy: 0.888097
Validation loss: 9964.519531
Validation accuracy: 0.899385
Test accuracy: 0.895296
Validation loss: 10269.814453
Validation accuracy: 0.903160
Test accuracy: 0.895225
Validation loss: 9909.109375
Validation accuracy: 0.904349
Test accuracy: 0.900927
Training loss: 82932.254776
Training accuracy: 0.898277

Epoch: 6
Validation loss: 9830.619141
Validation accuracy: 0.905678
Test accuracy: 0.903136
Validation loss: 9850.530273
Validation accuracy: 0.902112
Test accuracy: 0.901711
Validation loss: 10038.593750
Validation accuracy: 0.905678
Test accuracy: 0.902210
Validation loss: 9868.231445
Validation accuracy: 0.909453
Test accuracy: 0.903778
Validation loss: 10040.256836
Validation accuracy: 0.905398
Test accuracy: 0.899430
Validation loss: 10064.183594
Validation accuracy: 0.909243
Test accuracy: 0.906130
Training loss: 81349.811157
Training accuracy: 0.903347

Epoch: 7
Validation loss: 9970.396484
Validation accuracy: 0.909523
Test accuracy: 0.907341
Validation loss: 10151.947266
Validation accuracy: 0.894350
Test accuracy: 0.888097
Validation loss: 9972.937500
Validation accuracy: 0.907006
Test accuracy: 0.905061
Validation loss: 9897.559570
Validation accuracy: 0.913509
Test accuracy: 0.909765
Validation loss: 10416.694336
Validation accuracy: 0.877919
Test accuracy: 0.874697
Validation loss: 9976.847656
Validation accuracy: 0.912390
Test accuracy: 0.911832
Training loss: 80737.639526
Training accuracy: 0.900394

Epoch: 8
Validation loss: 9910.631836
Validation accuracy: 0.907216
Test accuracy: 0.906415
Validation loss: 9992.454102
Validation accuracy: 0.878409
Test accuracy: 0.876336
Validation loss: 9901.679688
Validation accuracy: 0.909243
Test accuracy: 0.904918
Validation loss: 9913.624023
Validation accuracy: 0.916795
Test accuracy: 0.912758
Validation loss: 9875.547852
Validation accuracy: 0.915187
Test accuracy: 0.913257
Validation loss: 9804.522461
Validation accuracy: 0.911131
Test accuracy: 0.912901
Training loss: 79916.998886
Training accuracy: 0.908043

Epoch: 9
Validation loss: 9805.570312
Validation accuracy: 0.912879
Test accuracy: 0.907983
Validation loss: 9812.280273
Validation accuracy: 0.909313
Test accuracy: 0.908553
Validation loss: 10005.726562
Validation accuracy: 0.912879
Test accuracy: 0.913685
Validation loss: 9941.569336
Validation accuracy: 0.912180
Test accuracy: 0.913970
Validation loss: 9995.723633
Validation accuracy: 0.912879
Test accuracy: 0.911119
Validation loss: 9802.632812
Validation accuracy: 0.914697
Test accuracy: 0.911190
Training loss: 79581.603119
Training accuracy: 0.914124

Epoch: 10
Validation loss: 9949.709961
Validation accuracy: 0.919032
Test accuracy: 0.917249
Validation loss: 9974.898438
Validation accuracy: 0.907356
Test accuracy: 0.904847
Validation loss: 9747.363281
Validation accuracy: 0.918962
Test accuracy: 0.915538
Validation loss: 9874.151367
Validation accuracy: 0.913579
Test accuracy: 0.912259
Validation loss: 9690.998047
Validation accuracy: 0.917494
Test accuracy: 0.916322
Validation loss: 9971.486328
Validation accuracy: 0.909803
Test accuracy: 0.907983
Training loss: 79585.769897
Training accuracy: 0.914856

Epoch: 11
Validation loss: 9855.057617
Validation accuracy: 0.920710
Test accuracy: 0.917391
Validation loss: 9813.092773
Validation accuracy: 0.918473
Test accuracy: 0.917605
Validation loss: 9923.642578
Validation accuracy: 0.917494
Test accuracy: 0.916821
Validation loss: 9776.578125
Validation accuracy: 0.912809
Test accuracy: 0.911333
Validation loss: 9732.396484
Validation accuracy: 0.916725
Test accuracy: 0.915752
Validation loss: 9838.380859
Validation accuracy: 0.920361
Test accuracy: 0.916180
Training loss: 79552.978088
Training accuracy: 0.916816

Epoch: 12
Validation loss: 9708.707031
Validation accuracy: 0.921200
Test accuracy: 0.917463
Validation loss: 9537.092773
Validation accuracy: 0.922249
Test accuracy: 0.918603
Validation loss: 9643.517578
Validation accuracy: 0.920221
Test accuracy: 0.919387
Validation loss: 9740.033203
Validation accuracy: 0.920081
Test accuracy: 0.918318
Validation loss: 9704.924805
Validation accuracy: 0.924067
Test accuracy: 0.920242
Validation loss: 9703.937500
Validation accuracy: 0.923577
Test accuracy: 0.918033
Training loss: 79202.409821
Training accuracy: 0.907041

Epoch: 13
Validation loss: 10126.317383
Validation accuracy: 0.910362
Test accuracy: 0.910478
Validation loss: 9873.700195
Validation accuracy: 0.917005
Test accuracy: 0.919530
Validation loss: 9679.053711
Validation accuracy: 0.920081
Test accuracy: 0.920456
Validation loss: 9724.353516
Validation accuracy: 0.920151
Test accuracy: 0.914968
Validation loss: 9656.494141
Validation accuracy: 0.924556
Test accuracy: 0.918959
Validation loss: 9786.447266
Validation accuracy: 0.918333
Test accuracy: 0.915966
Training loss: 79130.686966
Training accuracy: 0.919534

Epoch: 14
Validation loss: 9738.553711
Validation accuracy: 0.922738
Test accuracy: 0.917890
Validation loss: 9591.797852
Validation accuracy: 0.923787
Test accuracy: 0.920456
Validation loss: 9744.927734
Validation accuracy: 0.925185
Test accuracy: 0.923165
Validation loss: 9703.348633
Validation accuracy: 0.912530
Test accuracy: 0.912188
Validation loss: 9704.306641
Validation accuracy: 0.921270
Test accuracy: 0.918318
Validation loss: 9671.424805
Validation accuracy: 0.922039
Test accuracy: 0.919815
Training loss: 78474.351776
Training accuracy: 0.919212

Epoch: 15
Validation loss: 9441.833984
Validation accuracy: 0.923297
Test accuracy: 0.917748
Validation loss: 9807.977539
Validation accuracy: 0.921410
Test accuracy: 0.916750
Validation loss: 9677.514648
Validation accuracy: 0.920920
Test accuracy: 0.914683
Validation loss: 9596.208008
Validation accuracy: 0.923228
Test accuracy: 0.920813
Validation loss: 9721.184570
Validation accuracy: 0.923018
Test accuracy: 0.920527
Validation loss: 9580.624023
Validation accuracy: 0.927912
Test accuracy: 0.925018
Training loss: 78162.114349
Training accuracy: 0.914203

Epoch: 16
Validation loss: 9846.139648
Validation accuracy: 0.916725
Test accuracy: 0.917534
Validation loss: 9625.733398
Validation accuracy: 0.926584
Test accuracy: 0.923664
Validation loss: 9759.377930
Validation accuracy: 0.922668
Test accuracy: 0.919672
Validation loss: 10030.502930
Validation accuracy: 0.917144
Test accuracy: 0.912972
Validation loss: 9496.032227
Validation accuracy: 0.927772
Test accuracy: 0.922808
Validation loss: 9557.521484
Validation accuracy: 0.923577
Test accuracy: 0.921739
Training loss: 78035.395355
Training accuracy: 0.916320

Epoch: 17
Validation loss: 9789.608398
Validation accuracy: 0.920780
Test accuracy: 0.918104
Validation loss: 9820.727539
Validation accuracy: 0.917144
Test accuracy: 0.917320
Validation loss: 9552.045898
Validation accuracy: 0.925745
Test accuracy: 0.923093
Validation loss: 9592.878906
Validation accuracy: 0.923927
Test accuracy: 0.922096
Validation loss: 9553.382812
Validation accuracy: 0.923018
Test accuracy: 0.922238
Validation loss: 9763.775391
Validation accuracy: 0.927283
Test accuracy: 0.925303
Training loss: 78255.426804
Training accuracy: 0.912782

Epoch: 18
Validation loss: 9793.577148
Validation accuracy: 0.912530
Test accuracy: 0.911262
Validation loss: 9574.221680
Validation accuracy: 0.924486
Test accuracy: 0.924448
Validation loss: 9722.305664
Validation accuracy: 0.913299
Test accuracy: 0.909622
Validation loss: 9660.857422
Validation accuracy: 0.912530
Test accuracy: 0.910763
Validation loss: 9493.421875
Validation accuracy: 0.926094
Test accuracy: 0.924163
Validation loss: 9631.076172
Validation accuracy: 0.919382
Test accuracy: 0.917890
Training loss: 77770.978455
Training accuracy: 0.923115

Epoch: 19
Validation loss: 9578.583984
Validation accuracy: 0.927912
Test accuracy: 0.925018
Validation loss: 9574.035156
Validation accuracy: 0.927632
Test accuracy: 0.922452
Validation loss: 9840.144531
Validation accuracy: 0.901412
Test accuracy: 0.898574
Validation loss: 9509.543945
Validation accuracy: 0.927982
Test accuracy: 0.925374
Validation loss: 9447.334961
Validation accuracy: 0.928681
Test accuracy: 0.925303
Validation loss: 9593.220703
Validation accuracy: 0.925045
Test accuracy: 0.922951
Training loss: 77759.847443
Training accuracy: 0.924805

Epoch: 20
Validation loss: 9564.296875
Validation accuracy: 0.929660
Test accuracy: 0.927014
Validation loss: 9380.333984
Validation accuracy: 0.927772
Test accuracy: 0.925944
Validation loss: 9642.636719
Validation accuracy: 0.929031
Test accuracy: 0.929579
Validation loss: 9421.371094
Validation accuracy: 0.927912
Test accuracy: 0.926942
Validation loss: 9531.176758
Validation accuracy: 0.929241
Test accuracy: 0.927798
Validation loss: 9656.967773
Validation accuracy: 0.925884
Test accuracy: 0.924661
Training loss: 77389.917664
Training accuracy: 0.920545

Epoch: 21
Validation loss: 9626.450195
Validation accuracy: 0.923927
Test accuracy: 0.921739
Validation loss: 9588.969727
Validation accuracy: 0.926024
Test accuracy: 0.924519
Validation loss: 9601.441406
Validation accuracy: 0.926094
Test accuracy: 0.921597
Validation loss: 9561.289062
Validation accuracy: 0.928961
Test accuracy: 0.926515
Validation loss: 9704.429688
Validation accuracy: 0.925395
Test accuracy: 0.925018
Validation loss: 9451.337891
Validation accuracy: 0.929241
Test accuracy: 0.927370
Training loss: 77677.448410
Training accuracy: 0.926705

Epoch: 22
Validation loss: 9512.880859
Validation accuracy: 0.930359
Test accuracy: 0.930150
Validation loss: 9486.621094
Validation accuracy: 0.931828
Test accuracy: 0.928225
Validation loss: 9533.089844
Validation accuracy: 0.931478
Test accuracy: 0.928297
Validation loss: 9552.250000
Validation accuracy: 0.924976
Test accuracy: 0.921525
Validation loss: 9937.218750
Validation accuracy: 0.912530
Test accuracy: 0.911262
Validation loss: 9572.932617
Validation accuracy: 0.927073
Test accuracy: 0.926871
Training loss: 76902.450912
Training accuracy: 0.928107

Epoch: 23
Validation loss: 9630.616211
Validation accuracy: 0.930220
Test accuracy: 0.928510
Validation loss: 9535.632812
Validation accuracy: 0.928541
Test accuracy: 0.925944
Validation loss: 9470.193359
Validation accuracy: 0.930289
Test accuracy: 0.928439
Validation loss: 9549.157227
Validation accuracy: 0.929520
Test accuracy: 0.929651
Validation loss: 9477.690430
Validation accuracy: 0.926863
Test accuracy: 0.922951
Validation loss: 9373.651367
Validation accuracy: 0.930080
Test accuracy: 0.928439
Training loss: 76470.866928
Training accuracy: 0.928447

Epoch: 24
Validation loss: 9437.562500
Validation accuracy: 0.933156
Test accuracy: 0.931076
Validation loss: 9534.060547
Validation accuracy: 0.929520
Test accuracy: 0.927798
Validation loss: 9494.689453
Validation accuracy: 0.931548
Test accuracy: 0.926800
Validation loss: 9474.008789
Validation accuracy: 0.931059
Test accuracy: 0.928653
Validation loss: 9496.875977
Validation accuracy: 0.932037
Test accuracy: 0.927940
Validation loss: 9321.474609
Validation accuracy: 0.932457
Test accuracy: 0.931504
Training loss: 76763.143097
Training accuracy: 0.926861

Epoch: 25
Validation loss: 9524.995117
Validation accuracy: 0.930429
Test accuracy: 0.928297
Validation loss: 9692.830078
Validation accuracy: 0.926863
Test accuracy: 0.926942
Validation loss: 9494.860352
Validation accuracy: 0.931548
Test accuracy: 0.930292
Validation loss: 9630.633789
Validation accuracy: 0.927143
Test accuracy: 0.926800
Validation loss: 9459.629883
Validation accuracy: 0.924416
Test accuracy: 0.922594
Validation loss: 9843.952148
Validation accuracy: 0.925115
Test accuracy: 0.920314
Training loss: 76713.700455
Training accuracy: 0.928656

Epoch: 26
Validation loss: 9375.651367
Validation accuracy: 0.929590
Test accuracy: 0.928011
Validation loss: 9375.593750
Validation accuracy: 0.933506
Test accuracy: 0.928938
Validation loss: 9462.005859
Validation accuracy: 0.931828
Test accuracy: 0.928439
Validation loss: 9700.248047
Validation accuracy: 0.923577
Test accuracy: 0.920527
Validation loss: 9536.804688
Validation accuracy: 0.932877
Test accuracy: 0.930292
Validation loss: 9397.499023
Validation accuracy: 0.932317
Test accuracy: 0.929294
Training loss: 76150.297287
Training accuracy: 0.930477

Epoch: 27
Validation loss: 9382.026367
Validation accuracy: 0.933436
Test accuracy: 0.931646
Validation loss: 9628.719727
Validation accuracy: 0.932667
Test accuracy: 0.930506
Validation loss: 9462.893555
Validation accuracy: 0.933226
Test accuracy: 0.929651
Validation loss: 9446.357422
Validation accuracy: 0.931478
Test accuracy: 0.928439
Validation loss: 9420.958984
Validation accuracy: 0.931478
Test accuracy: 0.929081
Validation loss: 9425.139648
Validation accuracy: 0.931408
Test accuracy: 0.927227
Training loss: 76659.317139
Training accuracy: 0.901291

Epoch: 28
Validation loss: 10118.464844
Validation accuracy: 0.904279
Test accuracy: 0.904134
Validation loss: 9412.699219
Validation accuracy: 0.932946
Test accuracy: 0.929936
Validation loss: 9448.485352
Validation accuracy: 0.933855
Test accuracy: 0.932359
Validation loss: 9384.687500
Validation accuracy: 0.934625
Test accuracy: 0.933001
Validation loss: 9731.129883
Validation accuracy: 0.921689
Test accuracy: 0.917534
Validation loss: 9428.330078
Validation accuracy: 0.934205
Test accuracy: 0.929294
Training loss: 76153.605759
Training accuracy: 0.918672

Epoch: 29
Validation loss: 9819.061523
Validation accuracy: 0.918123
Test accuracy: 0.915110
Validation loss: 9409.569336
Validation accuracy: 0.930569
Test accuracy: 0.928724
Validation loss: 9395.512695
Validation accuracy: 0.930150
Test accuracy: 0.930078
Validation loss: 9389.120117
Validation accuracy: 0.930849
Test accuracy: 0.927655
Validation loss: 9420.366211
Validation accuracy: 0.933506
Test accuracy: 0.931504
Validation loss: 9479.786133
Validation accuracy: 0.935533
Test accuracy: 0.932074
Training loss: 76456.457367
Training accuracy: 0.929736

Epoch: 30
Validation loss: 9486.664062
Validation accuracy: 0.933226
Test accuracy: 0.931789
Validation loss: 9443.428711
Validation accuracy: 0.932317
Test accuracy: 0.930007
Validation loss: 9542.566406
Validation accuracy: 0.930429
Test accuracy: 0.928724
Validation loss: 9480.120117
Validation accuracy: 0.932177
Test accuracy: 0.929722
Validation loss: 9512.480469
Validation accuracy: 0.935184
Test accuracy: 0.929366
Validation loss: 9389.731445
Validation accuracy: 0.934555
Test accuracy: 0.929936
Training loss: 75945.585510
Training accuracy: 0.932603

Epoch: 31
Validation loss: 9401.002930
Validation accuracy: 0.932107
Test accuracy: 0.932929
Validation loss: 9635.323242
Validation accuracy: 0.932667
Test accuracy: 0.930364
Validation loss: 9487.351562
Validation accuracy: 0.931968
Test accuracy: 0.929152
Validation loss: 9667.715820
Validation accuracy: 0.935254
Test accuracy: 0.932787
Validation loss: 9439.420898
Validation accuracy: 0.931828
Test accuracy: 0.931575
Validation loss: 9376.650391
Validation accuracy: 0.934974
Test accuracy: 0.933286
Training loss: 76056.182785
Training accuracy: 0.932672

Epoch: 32
Validation loss: 9301.289062
Validation accuracy: 0.934345
Test accuracy: 0.931646
Validation loss: 9405.513672
Validation accuracy: 0.935184
Test accuracy: 0.931076
Validation loss: 9337.782227
Validation accuracy: 0.934345
Test accuracy: 0.931219
Validation loss: 9483.116211
Validation accuracy: 0.933646
Test accuracy: 0.930007
Validation loss: 9464.574219
Validation accuracy: 0.935743
Test accuracy: 0.932074
Validation loss: 9590.662109
Validation accuracy: 0.931548
Test accuracy: 0.927584
Training loss: 75790.323990
Training accuracy: 0.919744

Epoch: 33
Validation loss: 9897.485352
Validation accuracy: 0.919452
Test accuracy: 0.919173
Validation loss: 9293.670898
Validation accuracy: 0.932177
Test accuracy: 0.931718
Validation loss: 9382.410156
Validation accuracy: 0.933156
Test accuracy: 0.933571
Validation loss: 9424.787109
Validation accuracy: 0.930849
Test accuracy: 0.931433
Validation loss: 9476.764648
Validation accuracy: 0.932807
Test accuracy: 0.930364
Validation loss: 9594.156250
Validation accuracy: 0.934904
Test accuracy: 0.933001
Training loss: 76169.285583
Training accuracy: 0.929092

Epoch: 34
Validation loss: 9460.652344
Validation accuracy: 0.931268
Test accuracy: 0.929294
Validation loss: 9465.772461
Validation accuracy: 0.927632
Test accuracy: 0.928083
Validation loss: 9499.338867
Validation accuracy: 0.917075
Test accuracy: 0.919387
Validation loss: 9306.981445
Validation accuracy: 0.936582
Test accuracy: 0.931932
Validation loss: 9355.028320
Validation accuracy: 0.934345
Test accuracy: 0.932074
Validation loss: 9550.447266
Validation accuracy: 0.933086
Test accuracy: 0.931148
Training loss: 75872.561813
Training accuracy: 0.931026

Epoch: 35
Validation loss: 9373.867188
Validation accuracy: 0.930849
Test accuracy: 0.930720
Validation loss: 9476.030273
Validation accuracy: 0.935254
Test accuracy: 0.931076
Validation loss: 9393.663086
Validation accuracy: 0.934135
Test accuracy: 0.932003
Validation loss: 9275.436523
Validation accuracy: 0.936093
Test accuracy: 0.932787
Validation loss: 9302.291016
Validation accuracy: 0.934904
Test accuracy: 0.931361
Validation loss: 9538.742188
Validation accuracy: 0.921689
Test accuracy: 0.918175
Training loss: 75648.894669
Training accuracy: 0.932916

Epoch: 36
Validation loss: 9420.277344
Validation accuracy: 0.931198
Test accuracy: 0.929223
Validation loss: 9376.479492
Validation accuracy: 0.934275
Test accuracy: 0.932858
Validation loss: 9409.739258
Validation accuracy: 0.935464
Test accuracy: 0.933428
Validation loss: 9415.367188
Validation accuracy: 0.930429
Test accuracy: 0.928867
Validation loss: 9358.109375
Validation accuracy: 0.934904
Test accuracy: 0.934212
Validation loss: 9400.678711
Validation accuracy: 0.933366
Test accuracy: 0.930078
Training loss: 75825.504730
Training accuracy: 0.933735

Epoch: 37
Validation loss: 9706.076172
Validation accuracy: 0.936512
Test accuracy: 0.934640
Validation loss: 9445.546875
Validation accuracy: 0.931478
Test accuracy: 0.932716
Validation loss: 9535.103516
Validation accuracy: 0.929241
Test accuracy: 0.927869
Validation loss: 9318.244141
Validation accuracy: 0.937981
Test accuracy: 0.934141
Validation loss: 9350.734375
Validation accuracy: 0.936652
Test accuracy: 0.933713
Validation loss: 9389.757812
Validation accuracy: 0.934904
Test accuracy: 0.932929
Training loss: 75563.962921
Training accuracy: 0.934058

Epoch: 38
Validation loss: 9471.952148
Validation accuracy: 0.936093
Test accuracy: 0.933143
Validation loss: 9711.096680
Validation accuracy: 0.936932
Test accuracy: 0.934996
Validation loss: 9342.605469
Validation accuracy: 0.935883
Test accuracy: 0.930720
Validation loss: 9462.330078
Validation accuracy: 0.932667
Test accuracy: 0.930649
Validation loss: 10501.180664
Validation accuracy: 0.822263
Test accuracy: 0.825944
Validation loss: 9304.585938
Validation accuracy: 0.935324
Test accuracy: 0.934212
Training loss: 75748.459427
Training accuracy: 0.820808

Epoch: 39
Validation loss: 10115.324219
Validation accuracy: 0.815690
Test accuracy: 0.816180
Validation loss: 9383.998047
Validation accuracy: 0.933436
Test accuracy: 0.933785
Validation loss: 9383.429688
Validation accuracy: 0.927073
Test accuracy: 0.924091
Validation loss: 9423.461914
Validation accuracy: 0.931338
Test accuracy: 0.933215
Validation loss: 9277.765625
Validation accuracy: 0.932807
Test accuracy: 0.931718
Validation loss: 9465.127930
Validation accuracy: 0.935953
Test accuracy: 0.933286
Training loss: 75743.103622
Training accuracy: 0.933195

Epoch: 40
Validation loss: 9377.083984
Validation accuracy: 0.936512
Test accuracy: 0.933428
Validation loss: 9352.401367
Validation accuracy: 0.933226
Test accuracy: 0.931219
Validation loss: 9472.689453
Validation accuracy: 0.925815
Test accuracy: 0.925517
Validation loss: 9339.487305
Validation accuracy: 0.933156
Test accuracy: 0.932502
Validation loss: 9492.070312
Validation accuracy: 0.933925
Test accuracy: 0.929936
Validation loss: 9362.243164
Validation accuracy: 0.935743
Test accuracy: 0.932929
Training loss: 75720.094971
Training accuracy: 0.936149

Epoch: 41
Validation loss: 9251.119141
Validation accuracy: 0.936023
Test accuracy: 0.934854
Validation loss: 9255.610352
Validation accuracy: 0.934764
Test accuracy: 0.934711
Validation loss: 9411.372070
Validation accuracy: 0.937281
Test accuracy: 0.934711
Validation loss: 9361.669922
Validation accuracy: 0.933646
Test accuracy: 0.933286
Validation loss: 9612.443359
Validation accuracy: 0.928611
Test accuracy: 0.927584
Validation loss: 9399.311523
Validation accuracy: 0.932807
Test accuracy: 0.931076
Training loss: 75990.095016
Training accuracy: 0.931731

Epoch: 42
Validation loss: 9650.073242
Validation accuracy: 0.930779
Test accuracy: 0.928653
Validation loss: 9413.445312
Validation accuracy: 0.933855
Test accuracy: 0.933001
Validation loss: 9438.751953
Validation accuracy: 0.933576
Test accuracy: 0.933571
Validation loss: 9497.002930
Validation accuracy: 0.932667
Test accuracy: 0.928867
Validation loss: 9499.688477
Validation accuracy: 0.928611
Test accuracy: 0.926016
Validation loss: 9319.532227
Validation accuracy: 0.935743
Test accuracy: 0.932359
Training loss: 75382.463699
Training accuracy: 0.934676

Epoch: 43
Validation loss: 9279.024414
Validation accuracy: 0.934065
Test accuracy: 0.934284
Validation loss: 9379.141602
Validation accuracy: 0.936932
Test accuracy: 0.933785
Validation loss: 9641.855469
Validation accuracy: 0.918962
Test accuracy: 0.916180
Validation loss: 9270.639648
Validation accuracy: 0.935394
Test accuracy: 0.934854
Validation loss: 9399.925781
Validation accuracy: 0.932877
Test accuracy: 0.932145
Validation loss: 9502.894531
Validation accuracy: 0.930289
Test accuracy: 0.930078
Training loss: 75127.064560
Training accuracy: 0.934955

Epoch: 44
Validation loss: 9227.926758
Validation accuracy: 0.933925
Test accuracy: 0.933999
Validation loss: 9337.962891
Validation accuracy: 0.930010
Test accuracy: 0.930577
Validation loss: 9410.376953
Validation accuracy: 0.935953
Test accuracy: 0.932716
Validation loss: 9373.862305
Validation accuracy: 0.934275
Test accuracy: 0.933072
Validation loss: 9253.933594
Validation accuracy: 0.938540
Test accuracy: 0.934426
Validation loss: 9250.364258
Validation accuracy: 0.936582
Test accuracy: 0.933215
Training loss: 75458.833588
Training accuracy: 0.932847

Epoch: 45
Validation loss: 9434.369141
Validation accuracy: 0.932107
Test accuracy: 0.932644
Validation loss: 9310.713867
Validation accuracy: 0.934834
Test accuracy: 0.931860
Validation loss: 9428.916992
Validation accuracy: 0.931338
Test accuracy: 0.931361
Validation loss: 9463.814453
Validation accuracy: 0.935464
Test accuracy: 0.933571
Validation loss: 9264.428711
Validation accuracy: 0.937771
Test accuracy: 0.935994
Validation loss: 9521.045898
Validation accuracy: 0.933296
Test accuracy: 0.930506
Training loss: 75092.227509
Training accuracy: 0.935469

Epoch: 46
Validation loss: 9380.368164
Validation accuracy: 0.933506
Test accuracy: 0.931646
Validation loss: 9439.018555
Validation accuracy: 0.931688
Test accuracy: 0.929437
Validation loss: 9568.613281
Validation accuracy: 0.932737
Test accuracy: 0.928510
Validation loss: 9335.612305
Validation accuracy: 0.934764
Test accuracy: 0.933072
Validation loss: 9734.502930
Validation accuracy: 0.931129
Test accuracy: 0.925089
Validation loss: 9310.443359
Validation accuracy: 0.935813
Test accuracy: 0.935780
Training loss: 75173.601685
Training accuracy: 0.933936

Epoch: 47
Validation loss: 9521.951172
Validation accuracy: 0.934974
Test accuracy: 0.933286
Validation loss: 9366.913086
Validation accuracy: 0.933855
Test accuracy: 0.931860
Validation loss: 9494.634766
Validation accuracy: 0.936722
Test accuracy: 0.935495
Validation loss: 9307.586914
Validation accuracy: 0.934764
Test accuracy: 0.933642
Validation loss: 9356.793945
Validation accuracy: 0.935254
Test accuracy: 0.931718
Validation loss: 9235.173828
Validation accuracy: 0.936512
Test accuracy: 0.934426
Training loss: 75209.252548
Training accuracy: 0.935417

Epoch: 48
Validation loss: 9262.695312
Validation accuracy: 0.937841
Test accuracy: 0.934569
Validation loss: 9402.140625
Validation accuracy: 0.934974
Test accuracy: 0.933999
Validation loss: 9270.346680
Validation accuracy: 0.937281
Test accuracy: 0.935923
Validation loss: 9590.855469
Validation accuracy: 0.928681
Test accuracy: 0.929009
Validation loss: 9384.474609
Validation accuracy: 0.936722
Test accuracy: 0.934426
Validation loss: 9534.484375
Validation accuracy: 0.939169
Test accuracy: 0.935852
Training loss: 75285.825256
Training accuracy: 0.935303

Epoch: 49
Validation loss: 9374.392578
Validation accuracy: 0.932527
Test accuracy: 0.930364
Validation loss: 9518.214844
Validation accuracy: 0.929800
Test accuracy: 0.926515
Validation loss: 9270.039062
Validation accuracy: 0.932807
Test accuracy: 0.931789
Validation loss: 9505.872070
Validation accuracy: 0.926933
Test accuracy: 0.926230
Validation loss: 9324.400391
Validation accuracy: 0.935044
Test accuracy: 0.931290
Validation loss: 9247.625977
Validation accuracy: 0.930429
Test accuracy: 0.931504
Training loss: 74980.900604
Training accuracy: 0.935617

Epoch: 50
Validation loss: 9393.638672
Validation accuracy: 0.933576
Test accuracy: 0.932145
Validation loss: 9413.501953
Validation accuracy: 0.932247
Test accuracy: 0.929366
Validation loss: 9329.290039
Validation accuracy: 0.937351
Test accuracy: 0.935780
Validation loss: 9531.100586
Validation accuracy: 0.936862
Test accuracy: 0.936279
Validation loss: 9361.167969
Validation accuracy: 0.933366
Test accuracy: 0.930791
Validation loss: 9447.696289
Validation accuracy: 0.937142
Test accuracy: 0.933215
Training loss: 75116.260300
Training accuracy: 0.933317

Epoch: 51
Validation loss: 9558.930664
Validation accuracy: 0.932597
Test accuracy: 0.931361
Validation loss: 9503.271484
Validation accuracy: 0.934625
Test accuracy: 0.933072
Validation loss: 9428.046875
Validation accuracy: 0.929241
Test accuracy: 0.926728
Validation loss: 9371.458984
Validation accuracy: 0.938750
Test accuracy: 0.935994
Validation loss: 9212.103516
Validation accuracy: 0.935603
Test accuracy: 0.936066
Validation loss: 9415.581055
Validation accuracy: 0.936233
Test accuracy: 0.935994
Training loss: 74645.451233
Training accuracy: 0.933988

Epoch: 52
Validation loss: 9315.420898
Validation accuracy: 0.933576
Test accuracy: 0.929437
Validation loss: 9161.468750
Validation accuracy: 0.937911
Test accuracy: 0.936137
Validation loss: 9174.118164
Validation accuracy: 0.937631
Test accuracy: 0.934498
Validation loss: 9516.182617
Validation accuracy: 0.931129
Test accuracy: 0.928653
Validation loss: 9252.644531
Validation accuracy: 0.935464
Test accuracy: 0.935353
Validation loss: 9366.646484
Validation accuracy: 0.938330
Test accuracy: 0.935923
Training loss: 74681.491150
Training accuracy: 0.937368

Epoch: 53
Validation loss: 9189.806641
Validation accuracy: 0.935394
Test accuracy: 0.935139
Validation loss: 9296.595703
Validation accuracy: 0.934625
Test accuracy: 0.934212
Validation loss: 9226.864258
Validation accuracy: 0.937631
Test accuracy: 0.934070
Validation loss: 9181.285156
Validation accuracy: 0.937002
Test accuracy: 0.936778
Validation loss: 9374.952148
Validation accuracy: 0.937142
Test accuracy: 0.933785
Validation loss: 9486.279297
Validation accuracy: 0.936163
Test accuracy: 0.933143
Training loss: 74903.712921
Training accuracy: 0.936880

Epoch: 54
Validation loss: 9183.118164
Validation accuracy: 0.936093
Test accuracy: 0.934284
Validation loss: 9327.996094
Validation accuracy: 0.937072
Test accuracy: 0.933642
Validation loss: 9265.622070
Validation accuracy: 0.938680
Test accuracy: 0.935852
Validation loss: 9682.858398
Validation accuracy: 0.920221
Test accuracy: 0.920527
Validation loss: 9201.123047
Validation accuracy: 0.937911
Test accuracy: 0.937919
Validation loss: 9357.785156
Validation accuracy: 0.935044
Test accuracy: 0.931361
Training loss: 75270.719986
Training accuracy: 0.936427

Epoch: 55
Validation loss: 9201.653320
Validation accuracy: 0.936932
Test accuracy: 0.933428
Validation loss: 9354.557617
Validation accuracy: 0.936093
Test accuracy: 0.934854
Validation loss: 9377.609375
Validation accuracy: 0.937002
Test accuracy: 0.935353
Validation loss: 9300.445312
Validation accuracy: 0.937351
Test accuracy: 0.934355
Validation loss: 9308.574219
Validation accuracy: 0.937072
Test accuracy: 0.934070
Validation loss: 9339.210938
Validation accuracy: 0.937072
Test accuracy: 0.935353
Training loss: 74978.332977
Training accuracy: 0.939198

Epoch: 56
Validation loss: 9251.483398
Validation accuracy: 0.936792
Test accuracy: 0.936565
Validation loss: 9395.744141
Validation accuracy: 0.935743
Test accuracy: 0.935139
Validation loss: 9274.295898
Validation accuracy: 0.937421
Test accuracy: 0.934854
Validation loss: 9303.977539
Validation accuracy: 0.934904
Test accuracy: 0.935994
Validation loss: 9243.758789
Validation accuracy: 0.933086
Test accuracy: 0.934355
Validation loss: 9422.812500
Validation accuracy: 0.936303
Test accuracy: 0.935638
Training loss: 74884.400284
Training accuracy: 0.934354

Epoch: 57
Validation loss: 9325.726562
Validation accuracy: 0.933086
Test accuracy: 0.930649
Validation loss: 9345.221680
Validation accuracy: 0.935813
Test accuracy: 0.933500
Validation loss: 9493.225586
Validation accuracy: 0.935743
Test accuracy: 0.932716
Validation loss: 9291.809570
Validation accuracy: 0.939589
Test accuracy: 0.934711
Validation loss: 9358.782227
Validation accuracy: 0.939030
Test accuracy: 0.935353
Validation loss: 9369.762695
Validation accuracy: 0.936093
Test accuracy: 0.936636
Training loss: 74627.068466
Training accuracy: 0.935896

Epoch: 58
Validation loss: 9406.389648
Validation accuracy: 0.937281
Test accuracy: 0.933571
Validation loss: 9273.283203
Validation accuracy: 0.936303
Test accuracy: 0.935709
Validation loss: 9329.506836
Validation accuracy: 0.937771
Test accuracy: 0.935567
Validation loss: 9191.215820
Validation accuracy: 0.936023
Test accuracy: 0.934711
Validation loss: 9250.088867
Validation accuracy: 0.937491
Test accuracy: 0.937420
Validation loss: 9360.999023
Validation accuracy: 0.931408
Test accuracy: 0.929223
Training loss: 74693.361282
Training accuracy: 0.936114

Epoch: 59
Validation loss: 9345.448242
Validation accuracy: 0.936722
Test accuracy: 0.933642
Validation loss: 9282.355469
Validation accuracy: 0.934974
Test accuracy: 0.933215
Validation loss: 9483.292969
Validation accuracy: 0.926933
Test accuracy: 0.926586
Validation loss: 9376.273438
Validation accuracy: 0.934135
Test accuracy: 0.933001
Validation loss: 9341.209961
Validation accuracy: 0.937212
Test accuracy: 0.934925
Validation loss: 9389.994141
Validation accuracy: 0.937212
Test accuracy: 0.935353
Training loss: 74703.271164
Training accuracy: 0.939607

Epoch: 60
Validation loss: 9335.045898
Validation accuracy: 0.937072
Test accuracy: 0.935068
Validation loss: 9289.771484
Validation accuracy: 0.938260
Test accuracy: 0.935709
Validation loss: 9350.690430
Validation accuracy: 0.937771
Test accuracy: 0.935353
Validation loss: 9386.586914
Validation accuracy: 0.935603
Test accuracy: 0.934498
Validation loss: 9319.479492
Validation accuracy: 0.936442
Test accuracy: 0.933428
Validation loss: 9317.822266
Validation accuracy: 0.934485
Test accuracy: 0.933642
Training loss: 74688.964920
Training accuracy: 0.938605

Epoch: 61
Validation loss: 9277.414062
Validation accuracy: 0.936792
Test accuracy: 0.935780
Validation loss: 9251.845703
Validation accuracy: 0.937072
Test accuracy: 0.936279
Validation loss: 9218.283203
Validation accuracy: 0.937631
Test accuracy: 0.935210
Validation loss: 9418.218750
Validation accuracy: 0.936932
Test accuracy: 0.933927
Validation loss: 9535.262695
Validation accuracy: 0.927493
Test accuracy: 0.923735
Validation loss: 9296.899414
Validation accuracy: 0.934694
Test accuracy: 0.932858
Training loss: 74576.897125
Training accuracy: 0.939494

Epoch: 62
Validation loss: 9275.711914
Validation accuracy: 0.938051
Test accuracy: 0.936921
Validation loss: 9395.792969
Validation accuracy: 0.936093
Test accuracy: 0.933072
Validation loss: 9171.876953
Validation accuracy: 0.933366
Test accuracy: 0.931433
Validation loss: 9275.553711
Validation accuracy: 0.937491
Test accuracy: 0.934569
Validation loss: 9287.090820
Validation accuracy: 0.935184
Test accuracy: 0.933927
Validation loss: 9277.356445
Validation accuracy: 0.934974
Test accuracy: 0.933713
Training loss: 74371.200470
Training accuracy: 0.936689

Epoch: 63
Validation loss: 9325.375000
Validation accuracy: 0.935603
Test accuracy: 0.932573
Validation loss: 9296.062500
Validation accuracy: 0.935673
Test accuracy: 0.935210
Validation loss: 9342.525391
Validation accuracy: 0.937212
Test accuracy: 0.935567
Validation loss: 9413.734375
Validation accuracy: 0.937351
Test accuracy: 0.935353
Validation loss: 9253.692383
Validation accuracy: 0.938260
Test accuracy: 0.935852
Validation loss: 9250.016602
Validation accuracy: 0.936722
Test accuracy: 0.934141
Training loss: 74660.094131
Training accuracy: 0.916267

Epoch: 64
Validation loss: 9818.385742
Validation accuracy: 0.914068
Test accuracy: 0.912259
Validation loss: 9444.457031
Validation accuracy: 0.936442
Test accuracy: 0.933713
Validation loss: 9389.172852
Validation accuracy: 0.937002
Test accuracy: 0.933215
Validation loss: 9161.956055
Validation accuracy: 0.937771
Test accuracy: 0.935353
Validation loss: 9318.519531
Validation accuracy: 0.936233
Test accuracy: 0.935353
Validation loss: 9206.115234
Validation accuracy: 0.937911
Test accuracy: 0.936992
Training loss: 74214.386246
Training accuracy: 0.937508

Epoch: 65
Validation loss: 9417.289062
Validation accuracy: 0.935394
Test accuracy: 0.933001
Validation loss: 9391.954102
Validation accuracy: 0.933785
Test accuracy: 0.933713
Validation loss: 9249.432617
Validation accuracy: 0.936303
Test accuracy: 0.932431
Validation loss: 9431.533203
Validation accuracy: 0.931268
Test accuracy: 0.933713
Validation loss: 9372.227539
Validation accuracy: 0.938610
Test accuracy: 0.934996
Validation loss: 9208.161133
Validation accuracy: 0.937841
Test accuracy: 0.935709
Training loss: 74167.634186
Training accuracy: 0.939076

Epoch: 66
Validation loss: 9367.012695
Validation accuracy: 0.939030
Test accuracy: 0.934783
Validation loss: 9323.543945
Validation accuracy: 0.936163
Test accuracy: 0.930649
Validation loss: 9347.810547
Validation accuracy: 0.936303
Test accuracy: 0.934996
Validation loss: 9611.063477
Validation accuracy: 0.922668
Test accuracy: 0.917962
Validation loss: 9337.646484
Validation accuracy: 0.939309
Test accuracy: 0.936565
Validation loss: 9497.037109
Validation accuracy: 0.934415
Test accuracy: 0.933642
Training loss: 74127.109253
Training accuracy: 0.940783

Epoch: 67
Validation loss: 9348.186523
Validation accuracy: 0.937072
Test accuracy: 0.937634
Validation loss: 9257.284180
Validation accuracy: 0.937561
Test accuracy: 0.935638
Validation loss: 9394.602539
Validation accuracy: 0.936932
Test accuracy: 0.934640
Validation loss: 9343.679688
Validation accuracy: 0.935114
Test accuracy: 0.933927
Validation loss: 9466.200195
Validation accuracy: 0.937771
Test accuracy: 0.933215
Validation loss: 9259.967773
Validation accuracy: 0.937212
Test accuracy: 0.932644
Training loss: 74117.069214
Training accuracy: 0.938187

Epoch: 68
Validation loss: 9372.178711
Validation accuracy: 0.935603
Test accuracy: 0.931005
Validation loss: 9293.781250
Validation accuracy: 0.939589
Test accuracy: 0.935994
Validation loss: 9368.678711
Validation accuracy: 0.938190
Test accuracy: 0.936921
Validation loss: 9268.699219
Validation accuracy: 0.937911
Test accuracy: 0.935638
Validation loss: 9333.481445
Validation accuracy: 0.939099
Test accuracy: 0.936279
Validation loss: 9157.715820
Validation accuracy: 0.938051
Test accuracy: 0.936707
Training loss: 74106.896912
Training accuracy: 0.940844

Epoch: 69
Validation loss: 9337.366211
Validation accuracy: 0.938820
Test accuracy: 0.936351
Validation loss: 9422.247070
Validation accuracy: 0.933156
Test accuracy: 0.932573
Validation loss: 9485.753906
Validation accuracy: 0.932597
Test accuracy: 0.929651
Validation loss: 9281.669922
Validation accuracy: 0.939799
Test accuracy: 0.937349
Validation loss: 9302.307617
Validation accuracy: 0.937561
Test accuracy: 0.934070
Validation loss: 9288.431641
Validation accuracy: 0.937771
Test accuracy: 0.932431
Training loss: 74327.414673
Training accuracy: 0.935094

Epoch: 70
Validation loss: 9357.651367
Validation accuracy: 0.930499
Test accuracy: 0.930720
Validation loss: 9381.629883
Validation accuracy: 0.934135
Test accuracy: 0.934854
Validation loss: 9227.679688
Validation accuracy: 0.936093
Test accuracy: 0.935068
Validation loss: 9338.227539
Validation accuracy: 0.932877
Test accuracy: 0.931005
Validation loss: 9360.771484
Validation accuracy: 0.934694
Test accuracy: 0.931361
Validation loss: 9304.390625
Validation accuracy: 0.937561
Test accuracy: 0.937491
Training loss: 74287.491302
Training accuracy: 0.938701

Epoch: 71
Validation loss: 9285.417969
Validation accuracy: 0.934415
Test accuracy: 0.932288
Validation loss: 9616.927734
Validation accuracy: 0.926164
Test accuracy: 0.926301
Validation loss: 9241.324219
Validation accuracy: 0.938610
Test accuracy: 0.934284
Validation loss: 9200.114258
Validation accuracy: 0.936023
Test accuracy: 0.933072
Validation loss: 9228.999023
Validation accuracy: 0.936233
Test accuracy: 0.934498
Validation loss: 9255.977539
Validation accuracy: 0.938190
Test accuracy: 0.936066
Training loss: 74237.926270
Training accuracy: 0.939903

Epoch: 72
Validation loss: 9344.718750
Validation accuracy: 0.936512
Test accuracy: 0.935353
Validation loss: 9279.189453
Validation accuracy: 0.938121
Test accuracy: 0.935852
Validation loss: 9160.944336
Validation accuracy: 0.939799
Test accuracy: 0.936850
Validation loss: 9170.981445
Validation accuracy: 0.940218
Test accuracy: 0.936636
Validation loss: 9462.750000
Validation accuracy: 0.937281
Test accuracy: 0.937562
Validation loss: 9307.432617
Validation accuracy: 0.934345
Test accuracy: 0.932288
Training loss: 74276.863831
Training accuracy: 0.939694

Epoch: 73
Validation loss: 9344.760742
Validation accuracy: 0.938260
Test accuracy: 0.935495
Validation loss: 9356.817383
Validation accuracy: 0.939169
Test accuracy: 0.934996
Validation loss: 9310.849609
Validation accuracy: 0.936652
Test accuracy: 0.934783
Validation loss: 9379.469727
Validation accuracy: 0.938190
Test accuracy: 0.934711
Validation loss: 9321.970703
Validation accuracy: 0.936932
Test accuracy: 0.935638
Validation loss: 9231.540039
Validation accuracy: 0.937142
Test accuracy: 0.936636
Training loss: 74309.769836
Training accuracy: 0.937342

Epoch: 74
Validation loss: 9412.895508
Validation accuracy: 0.934485
Test accuracy: 0.932431
Validation loss: 9239.131836
Validation accuracy: 0.936932
Test accuracy: 0.935353
Validation loss: 9367.927734
Validation accuracy: 0.934764
Test accuracy: 0.935068
Validation loss: 9429.517578
Validation accuracy: 0.936163
Test accuracy: 0.936351
Validation loss: 9173.056641
Validation accuracy: 0.937981
Test accuracy: 0.935638
Validation loss: 9307.445312
Validation accuracy: 0.937351
Test accuracy: 0.938632
Training loss: 73751.554001
Training accuracy: 0.941881

Epoch: 75
Validation loss: 9253.835938
Validation accuracy: 0.938540
Test accuracy: 0.938988
Validation loss: 9231.928711
Validation accuracy: 0.938400
Test accuracy: 0.936208
Validation loss: 9220.169922
Validation accuracy: 0.937142
Test accuracy: 0.937420
Validation loss: 9372.197266
Validation accuracy: 0.931898
Test accuracy: 0.931789
Validation loss: 9348.762695
Validation accuracy: 0.939589
Test accuracy: 0.938560
Validation loss: 9148.275391
Validation accuracy: 0.939239
Test accuracy: 0.938845
Training loss: 74107.542740
Training accuracy: 0.942700

Epoch: 76
Validation loss: 9336.483398
Validation accuracy: 0.940008
Test accuracy: 0.937990
Validation loss: 9311.077148
Validation accuracy: 0.938330
Test accuracy: 0.938489
Validation loss: 9492.434570
Validation accuracy: 0.937002
Test accuracy: 0.934925
Validation loss: 9372.203125
Validation accuracy: 0.934625
Test accuracy: 0.932288
Validation loss: 9221.411133
Validation accuracy: 0.939379
Test accuracy: 0.936636
Validation loss: 9340.304688
Validation accuracy: 0.936582
Test accuracy: 0.936351
Training loss: 74071.528854
Training accuracy: 0.939895

Epoch: 77
Validation loss: 9561.428711
Validation accuracy: 0.937491
Test accuracy: 0.933713
Validation loss: 9366.944336
Validation accuracy: 0.938820
Test accuracy: 0.937063
Validation loss: 9420.233398
Validation accuracy: 0.937002
Test accuracy: 0.934498
Validation loss: 9305.917969
Validation accuracy: 0.935953
Test accuracy: 0.933001
Validation loss: 9277.965820
Validation accuracy: 0.936932
Test accuracy: 0.934355
Validation loss: 9273.458008
Validation accuracy: 0.937002
Test accuracy: 0.936208
Training loss: 74112.588104
Training accuracy: 0.935094

Epoch: 78
Validation loss: 9508.716797
Validation accuracy: 0.929730
Test accuracy: 0.928653
Validation loss: 9420.990234
Validation accuracy: 0.937561
Test accuracy: 0.936351
Validation loss: 9193.871094
Validation accuracy: 0.938470
Test accuracy: 0.935210
Validation loss: 9430.983398
Validation accuracy: 0.933226
Test accuracy: 0.933072
Validation loss: 9281.646484
Validation accuracy: 0.935813
Test accuracy: 0.933357
Validation loss: 9420.161133
Validation accuracy: 0.939169
Test accuracy: 0.937349
Training loss: 73974.379883
Training accuracy: 0.942996

Epoch: 79
Validation loss: 9191.100586
Validation accuracy: 0.938260
Test accuracy: 0.937634
Validation loss: 9205.257812
Validation accuracy: 0.937212
Test accuracy: 0.936850
Validation loss: 9249.864258
Validation accuracy: 0.938051
Test accuracy: 0.933713
Validation loss: 9141.030273
Validation accuracy: 0.937841
Test accuracy: 0.936992
Validation loss: 9632.506836
Validation accuracy: 0.934345
Test accuracy: 0.929508
Validation loss: 9380.257812
Validation accuracy: 0.936233
Test accuracy: 0.934070
Training loss: 73941.064758
Training accuracy: 0.936985

Epoch: 80
Validation loss: 9219.206055
Validation accuracy: 0.932807
Test accuracy: 0.933072
Validation loss: 9291.635742
Validation accuracy: 0.937911
Test accuracy: 0.937420
Validation loss: 9735.696289
Validation accuracy: 0.896588
Test accuracy: 0.895296
Validation loss: 9566.342773
Validation accuracy: 0.923717
Test accuracy: 0.922381
Validation loss: 9274.745117
Validation accuracy: 0.939169
Test accuracy: 0.936137
Validation loss: 9338.200195
Validation accuracy: 0.937701
Test accuracy: 0.935210
Training loss: 73856.327621
Training accuracy: 0.828344

Epoch: 81
Validation loss: 10209.025391
Validation accuracy: 0.820095
Test accuracy: 0.820456
Validation loss: 9407.985352
Validation accuracy: 0.932877
Test accuracy: 0.933500
Validation loss: 9213.908203
Validation accuracy: 0.938750
Test accuracy: 0.936066
Validation loss: 9516.895508
Validation accuracy: 0.934764
Test accuracy: 0.933500
Validation loss: 9377.097656
Validation accuracy: 0.935673
Test accuracy: 0.933713
Validation loss: 9244.134766
Validation accuracy: 0.940078
Test accuracy: 0.937063
Training loss: 73881.704498
Training accuracy: 0.934031

Epoch: 82
Validation loss: 9276.280273
Validation accuracy: 0.927073
Test accuracy: 0.926728
Validation loss: 9465.551758
Validation accuracy: 0.936163
Test accuracy: 0.932716
Validation loss: 9344.459961
Validation accuracy: 0.935603
Test accuracy: 0.931646
Validation loss: 9296.482422
Validation accuracy: 0.939729
Test accuracy: 0.936208
Validation loss: 9328.750977
Validation accuracy: 0.939799
Test accuracy: 0.937206
Validation loss: 9154.942383
Validation accuracy: 0.938540
Test accuracy: 0.935282
Training loss: 73803.888412
Training accuracy: 0.928595

Epoch: 83
Validation loss: 9603.840820
Validation accuracy: 0.924766
Test accuracy: 0.926301
Validation loss: 9453.819336
Validation accuracy: 0.937002
Test accuracy: 0.936921
Validation loss: 9482.195312
Validation accuracy: 0.917284
Test accuracy: 0.919102
Validation loss: 9365.522461
Validation accuracy: 0.938610
Test accuracy: 0.936636
Validation loss: 9298.132812
Validation accuracy: 0.938260
Test accuracy: 0.938560
Validation loss: 9199.485352
Validation accuracy: 0.938820
Test accuracy: 0.937277
Training loss: 74191.220154
Training accuracy: 0.941149

Epoch: 84
Validation loss: 9332.476562
Validation accuracy: 0.938190
Test accuracy: 0.936137
Validation loss: 9148.708008
Validation accuracy: 0.939030
Test accuracy: 0.937135
Validation loss: 9574.921875
Validation accuracy: 0.935813
Test accuracy: 0.934569
Validation loss: 9253.575195
Validation accuracy: 0.938680
Test accuracy: 0.937491
Validation loss: 9303.842773
Validation accuracy: 0.937351
Test accuracy: 0.936351
Validation loss: 9217.103516
Validation accuracy: 0.938470
Test accuracy: 0.935139
Training loss: 73913.600189
Training accuracy: 0.936959

Epoch: 85
Validation loss: 9367.768555
Validation accuracy: 0.931129
Test accuracy: 0.930720
Validation loss: 9364.927734
Validation accuracy: 0.939799
Test accuracy: 0.936565
Validation loss: 9285.223633
Validation accuracy: 0.939030
Test accuracy: 0.938418
Validation loss: 9359.109375
Validation accuracy: 0.937281
Test accuracy: 0.934640
Validation loss: 9380.655273
Validation accuracy: 0.938890
Test accuracy: 0.937206
Validation loss: 9234.537109
Validation accuracy: 0.938540
Test accuracy: 0.936778
Training loss: 73604.745239
Training accuracy: 0.934667

Epoch: 86
Validation loss: 9505.748047
Validation accuracy: 0.929171
Test accuracy: 0.926728
Validation loss: 9215.129883
Validation accuracy: 0.937491
Test accuracy: 0.936778
Validation loss: 9296.991211
Validation accuracy: 0.937911
Test accuracy: 0.937135
Validation loss: 9268.798828
Validation accuracy: 0.937491
Test accuracy: 0.933357
Validation loss: 9236.106445
Validation accuracy: 0.939099
Test accuracy: 0.937634
Validation loss: 9383.508789
Validation accuracy: 0.937002
Test accuracy: 0.937562
Training loss: 74338.966019
Training accuracy: 0.941585

Epoch: 87
Validation loss: 9309.755859
Validation accuracy: 0.939309
Test accuracy: 0.936707
Validation loss: 9426.697266
Validation accuracy: 0.939379
Test accuracy: 0.936208
Validation loss: 9329.348633
Validation accuracy: 0.936373
Test accuracy: 0.934925
Validation loss: 9518.241211
Validation accuracy: 0.933506
Test accuracy: 0.931860
Validation loss: 9259.675781
Validation accuracy: 0.938820
Test accuracy: 0.937634
Validation loss: 9215.183594
Validation accuracy: 0.938820
Test accuracy: 0.938632
Training loss: 74174.154541
Training accuracy: 0.941759

Epoch: 88
Validation loss: 9388.089844
Validation accuracy: 0.937491
Test accuracy: 0.936992
Validation loss: 9237.846680
Validation accuracy: 0.938960
Test accuracy: 0.936279
Validation loss: 9188.194336
Validation accuracy: 0.939799
Test accuracy: 0.936921
Validation loss: 9327.616211
Validation accuracy: 0.940218
Test accuracy: 0.937063
Validation loss: 9386.887695
Validation accuracy: 0.937142
Test accuracy: 0.935709
Validation loss: 9281.167969
Validation accuracy: 0.938400
Test accuracy: 0.936493
Training loss: 73411.726074
Training accuracy: 0.941489

Epoch: 89
Validation loss: 9211.860352
Validation accuracy: 0.937701
Test accuracy: 0.937420
Validation loss: 9198.855469
Validation accuracy: 0.940078
Test accuracy: 0.938632
Validation loss: 9156.206055
Validation accuracy: 0.939869
Test accuracy: 0.937776
Validation loss: 9232.891602
Validation accuracy: 0.936373
Test accuracy: 0.935780
Validation loss: 9383.856445
Validation accuracy: 0.940078
Test accuracy: 0.938346
Validation loss: 9153.804688
Validation accuracy: 0.940498
Test accuracy: 0.936636
Training loss: 74052.742798
Training accuracy: 0.943110

Epoch: 90
Validation loss: 9132.058594
Validation accuracy: 0.938470
Test accuracy: 0.935495
Validation loss: 9310.167969
Validation accuracy: 0.937841
Test accuracy: 0.937705
Validation loss: 9249.267578
Validation accuracy: 0.937841
Test accuracy: 0.937919
Validation loss: 9206.494141
Validation accuracy: 0.938960
Test accuracy: 0.938061
Validation loss: 9380.773438
Validation accuracy: 0.937701
Test accuracy: 0.936636
Validation loss: 9248.498047
Validation accuracy: 0.938121
Test accuracy: 0.935852
Training loss: 74010.694946
Training accuracy: 0.940104

Epoch: 91
Validation loss: 9564.190430
Validation accuracy: 0.933366
Test accuracy: 0.932288
Validation loss: 9532.238281
Validation accuracy: 0.929870
Test accuracy: 0.928439
Validation loss: 9350.149414
Validation accuracy: 0.938400
Test accuracy: 0.935994
Validation loss: 9394.975586
Validation accuracy: 0.938820
Test accuracy: 0.937990
Validation loss: 9537.083984
Validation accuracy: 0.931059
Test accuracy: 0.928867
Validation loss: 9300.844727
Validation accuracy: 0.935394
Test accuracy: 0.934783
Training loss: 73914.769516
Training accuracy: 0.942177

Epoch: 92
Validation loss: 9160.272461
Validation accuracy: 0.939309
Test accuracy: 0.937491
Validation loss: 9241.123047
Validation accuracy: 0.940847
Test accuracy: 0.937990
Validation loss: 9250.564453
Validation accuracy: 0.938051
Test accuracy: 0.937776
Validation loss: 9530.291992
Validation accuracy: 0.927982
Test accuracy: 0.925873
Validation loss: 9350.868164
Validation accuracy: 0.939519
Test accuracy: 0.936351
Validation loss: 9383.092773
Validation accuracy: 0.929520
Test accuracy: 0.925731
Training loss: 73761.900253
Training accuracy: 0.943554

Epoch: 93
Validation loss: 9160.179688
Validation accuracy: 0.939799
Test accuracy: 0.938774
Validation loss: 9367.475586
Validation accuracy: 0.938610
Test accuracy: 0.939914
Validation loss: 9326.556641
Validation accuracy: 0.940008
Test accuracy: 0.937634
Validation loss: 9390.278320
Validation accuracy: 0.940638
Test accuracy: 0.936137
Validation loss: 9302.661133
Validation accuracy: 0.937421
Test accuracy: 0.934925
Validation loss: 9543.216797
Validation accuracy: 0.934555
Test accuracy: 0.933428
Training loss: 73699.133560
Training accuracy: 0.940923

Epoch: 94
Validation loss: 9357.620117
Validation accuracy: 0.938610
Test accuracy: 0.935282
Validation loss: 9187.200195
Validation accuracy: 0.938890
Test accuracy: 0.937847
Validation loss: 9343.177734
Validation accuracy: 0.936373
Test accuracy: 0.935210
Validation loss: 9173.241211
Validation accuracy: 0.938400
Test accuracy: 0.938560
Validation loss: 9405.953125
Validation accuracy: 0.926863
Test accuracy: 0.926728
Validation loss: 9312.818359
Validation accuracy: 0.935324
Test accuracy: 0.933143
Training loss: 73616.042542
Training accuracy: 0.944225

Epoch: 95
Validation loss: 9191.523438
Validation accuracy: 0.939030
Test accuracy: 0.937491
Validation loss: 9201.443359
Validation accuracy: 0.937142
Test accuracy: 0.936279
Validation loss: 9397.769531
Validation accuracy: 0.940428
Test accuracy: 0.937705
Validation loss: 9454.571289
Validation accuracy: 0.934205
Test accuracy: 0.933713
Validation loss: 9281.175781
Validation accuracy: 0.938470
Test accuracy: 0.935780
Validation loss: 9501.398438
Validation accuracy: 0.932667
Test accuracy: 0.928938
Training loss: 73503.352448
Training accuracy: 0.942378

Epoch: 96
Validation loss: 9195.535156
Validation accuracy: 0.940288
Test accuracy: 0.937063
Validation loss: 9433.056641
Validation accuracy: 0.934275
Test accuracy: 0.932573
Validation loss: 9296.139648
Validation accuracy: 0.938820
Test accuracy: 0.936351
Validation loss: 9195.008789
Validation accuracy: 0.938470
Test accuracy: 0.937562
Validation loss: 9210.485352
Validation accuracy: 0.939519
Test accuracy: 0.936422
Validation loss: 9274.320312
Validation accuracy: 0.940708
Test accuracy: 0.940200
Training loss: 74127.499084
Training accuracy: 0.942543

Epoch: 97
Validation loss: 9106.474609
Validation accuracy: 0.938820
Test accuracy: 0.936066
Validation loss: 9385.783203
Validation accuracy: 0.929870
Test accuracy: 0.928938
Validation loss: 9486.461914
Validation accuracy: 0.927003
Test accuracy: 0.927299
Validation loss: 9245.427734
Validation accuracy: 0.940568
Test accuracy: 0.935638
Validation loss: 9092.462891
Validation accuracy: 0.939239
Test accuracy: 0.937135
Validation loss: 9499.741211
Validation accuracy: 0.929171
Test accuracy: 0.928653
Training loss: 73706.830734
Training accuracy: 0.943641

Epoch: 98
Validation loss: 9130.130859
Validation accuracy: 0.941197
Test accuracy: 0.941340
Validation loss: 9268.323242
Validation accuracy: 0.937841
Test accuracy: 0.935923
Validation loss: 9350.321289
Validation accuracy: 0.938960
Test accuracy: 0.936992
Validation loss: 9311.957031
Validation accuracy: 0.939938
Test accuracy: 0.938988
Validation loss: 9312.320312
Validation accuracy: 0.942036
Test accuracy: 0.939273
Validation loss: 9343.961914
Validation accuracy: 0.936722
Test accuracy: 0.933428
Training loss: 73620.008896
Training accuracy: 0.941968

Epoch: 99
Validation loss: 9152.714844
Validation accuracy: 0.938750
Test accuracy: 0.935709
Validation loss: 9326.799805
Validation accuracy: 0.935673
Test accuracy: 0.931789
Validation loss: 9149.708008
Validation accuracy: 0.938960
Test accuracy: 0.936850
Validation loss: 9377.338867
Validation accuracy: 0.936652
Test accuracy: 0.934569
Validation loss: 9346.621094
Validation accuracy: 0.940008
Test accuracy: 0.937634
Validation loss: 9374.719727
Validation accuracy: 0.935673
Test accuracy: 0.934640
Training loss: 73470.158066
Training accuracy: 0.927680

Epoch: 100
Validation loss: 9700.513672
Validation accuracy: 0.923507
Test accuracy: 0.920955
Validation loss: 9706.512695
Validation accuracy: 0.927842
Test accuracy: 0.926871
Validation loss: 9167.651367
Validation accuracy: 0.939030
Test accuracy: 0.939273
Validation loss: 9359.548828
Validation accuracy: 0.938960
Test accuracy: 0.940271
Validation loss: 9165.525391
Validation accuracy: 0.937281
Test accuracy: 0.938774
Validation loss: 9199.935547
Validation accuracy: 0.938190
Test accuracy: 0.937705
Training loss: 73624.542877
Training accuracy: 0.942021

Epoch: 101
Validation loss: 9411.796875
Validation accuracy: 0.935184
Test accuracy: 0.935495
Validation loss: 9522.137695
Validation accuracy: 0.936862
Test accuracy: 0.935567
Validation loss: 9174.316406
Validation accuracy: 0.939309
Test accuracy: 0.937990
Validation loss: 9315.808594
Validation accuracy: 0.939449
Test accuracy: 0.937705
Validation loss: 9344.539062
Validation accuracy: 0.940638
Test accuracy: 0.939416
Validation loss: 9196.748047
Validation accuracy: 0.940498
Test accuracy: 0.937776
Training loss: 73874.257751
Training accuracy: 0.938222

Epoch: 102
Validation loss: 9621.587891
Validation accuracy: 0.936652
Test accuracy: 0.932858
Validation loss: 9200.459961
Validation accuracy: 0.940917
Test accuracy: 0.937349
Validation loss: 9139.355469
Validation accuracy: 0.938680
Test accuracy: 0.935353
Validation loss: 9231.088867
Validation accuracy: 0.940078
Test accuracy: 0.937634
Validation loss: 9352.606445
Validation accuracy: 0.936512
Test accuracy: 0.937919
Validation loss: 9113.979492
Validation accuracy: 0.939799
Test accuracy: 0.938632
Training loss: 73597.021255
Training accuracy: 0.943066

Epoch: 103
Validation loss: 9387.708984
Validation accuracy: 0.938820
Test accuracy: 0.936351
Validation loss: 9404.883789
Validation accuracy: 0.933086
Test accuracy: 0.928867
Validation loss: 9268.936523
Validation accuracy: 0.939519
Test accuracy: 0.938774
Validation loss: 9233.918945
Validation accuracy: 0.939169
Test accuracy: 0.937847
Validation loss: 9965.655273
Validation accuracy: 0.922179
Test accuracy: 0.917819
Validation loss: 9357.607422
Validation accuracy: 0.939799
Test accuracy: 0.936707
Training loss: 73163.149292
Training accuracy: 0.944268

Epoch: 104
Validation loss: 9336.525391
Validation accuracy: 0.939169
Test accuracy: 0.938632
Validation loss: 9202.998047
Validation accuracy: 0.940917
Test accuracy: 0.938418
Validation loss: 9373.446289
Validation accuracy: 0.927283
Test accuracy: 0.923877
Validation loss: 9410.128906
Validation accuracy: 0.936722
Test accuracy: 0.935994
Validation loss: 9322.097656
Validation accuracy: 0.939519
Test accuracy: 0.936279
Validation loss: 9239.885742
Validation accuracy: 0.938400
Test accuracy: 0.935139
Training loss: 73315.928711
Training accuracy: 0.944242

Epoch: 105
Validation loss: 9131.355469
Validation accuracy: 0.938680
Test accuracy: 0.936992
Validation loss: 9530.837891
Validation accuracy: 0.922179
Test accuracy: 0.919886
Validation loss: 9388.686523
Validation accuracy: 0.937561
Test accuracy: 0.935424
Validation loss: 9161.986328
Validation accuracy: 0.939729
Test accuracy: 0.937491
Validation loss: 9339.318359
Validation accuracy: 0.930289
Test accuracy: 0.933785
Validation loss: 9482.411133
Validation accuracy: 0.933086
Test accuracy: 0.929294
Training loss: 73584.919312
Training accuracy: 0.944477

Epoch: 106
Validation loss: 9248.835938
Validation accuracy: 0.941547
Test accuracy: 0.938133
Validation loss: 9422.617188
Validation accuracy: 0.936722
Test accuracy: 0.936921
Validation loss: 9169.241211
Validation accuracy: 0.940218
Test accuracy: 0.938133
Validation loss: 9286.499023
Validation accuracy: 0.937911
Test accuracy: 0.937420
Validation loss: 9307.883789
Validation accuracy: 0.938820
Test accuracy: 0.938061
Validation loss: 9484.832031
Validation accuracy: 0.937491
Test accuracy: 0.935210
Training loss: 73309.686615
Training accuracy: 0.944364

Epoch: 107
Validation loss: 9244.298828
Validation accuracy: 0.940148
Test accuracy: 0.939701
Validation loss: 9354.339844
Validation accuracy: 0.938051
Test accuracy: 0.933713
Validation loss: 9369.362305
Validation accuracy: 0.937212
Test accuracy: 0.936279
Validation loss: 9370.262695
Validation accuracy: 0.937911
Test accuracy: 0.936137
Validation loss: 9270.017578
Validation accuracy: 0.940568
Test accuracy: 0.938061
Validation loss: 9108.649414
Validation accuracy: 0.939030
Test accuracy: 0.939843
Training loss: 73294.971512
Training accuracy: 0.943388

Epoch: 108
Validation loss: 9293.194336
Validation accuracy: 0.939309
Test accuracy: 0.937206
Validation loss: 9248.233398
Validation accuracy: 0.938470
Test accuracy: 0.935852
Validation loss: 9199.080078
Validation accuracy: 0.940078
Test accuracy: 0.937919
Validation loss: 9351.957031
Validation accuracy: 0.937701
Test accuracy: 0.935923
Validation loss: 9192.314453
Validation accuracy: 0.939519
Test accuracy: 0.938703
Validation loss: 9444.368164
Validation accuracy: 0.917284
Test accuracy: 0.915609
Training loss: 73670.723740
Training accuracy: 0.938658

Epoch: 109
Validation loss: 9363.360352
Validation accuracy: 0.932946
Test accuracy: 0.930577
Validation loss: 9485.199219
Validation accuracy: 0.929031
Test accuracy: 0.926016
Validation loss: 9517.478516
Validation accuracy: 0.930080
Test accuracy: 0.927512
Validation loss: 9208.184570
Validation accuracy: 0.935603
Test accuracy: 0.935068
Validation loss: 9253.414062
Validation accuracy: 0.940218
Test accuracy: 0.937562
Validation loss: 9422.755859
Validation accuracy: 0.939589
Test accuracy: 0.936208
Training loss: 73363.857864
Training accuracy: 0.943632

Epoch: 110
Validation loss: 9365.455078
Validation accuracy: 0.937701
Test accuracy: 0.938703
Validation loss: 9197.957031
Validation accuracy: 0.940638
Test accuracy: 0.939059
Validation loss: 9363.479492
Validation accuracy: 0.940987
Test accuracy: 0.937420
Validation loss: 9364.095703
Validation accuracy: 0.939099
Test accuracy: 0.936636
Validation loss: 9411.548828
Validation accuracy: 0.916235
Test accuracy: 0.912830
Validation loss: 9507.383789
Validation accuracy: 0.922319
Test accuracy: 0.919387
Training loss: 73723.309235
Training accuracy: 0.942055

Epoch: 111
Validation loss: 9311.730469
Validation accuracy: 0.936932
Test accuracy: 0.934426
Validation loss: 9269.606445
Validation accuracy: 0.934625
Test accuracy: 0.933999
Validation loss: 9455.876953
Validation accuracy: 0.932877
Test accuracy: 0.930078
Validation loss: 9579.662109
Validation accuracy: 0.933925
Test accuracy: 0.933072
Validation loss: 9253.653320
Validation accuracy: 0.941547
Test accuracy: 0.939202
Validation loss: 9370.034180
Validation accuracy: 0.934764
Test accuracy: 0.933428
Training loss: 73163.783798
Training accuracy: 0.942761

Epoch: 112
Validation loss: 9254.148438
Validation accuracy: 0.938190
Test accuracy: 0.938703
Validation loss: 9276.776367
Validation accuracy: 0.939938
Test accuracy: 0.937990
Validation loss: 9689.014648
Validation accuracy: 0.901762
Test accuracy: 0.901924
Validation loss: 9151.974609
Validation accuracy: 0.939938
Test accuracy: 0.939629
Validation loss: 9582.027344
Validation accuracy: 0.916515
Test accuracy: 0.913542
Validation loss: 9184.136719
Validation accuracy: 0.940358
Test accuracy: 0.936565
Training loss: 73431.046692
Training accuracy: 0.943798

Epoch: 113
Validation loss: 9371.416992
Validation accuracy: 0.938400
Test accuracy: 0.935923
Validation loss: 9387.421875
Validation accuracy: 0.937631
Test accuracy: 0.936778
Validation loss: 9219.529297
Validation accuracy: 0.940638
Test accuracy: 0.937135
Validation loss: 9255.666016
Validation accuracy: 0.933226
Test accuracy: 0.932074
Validation loss: 9336.278320
Validation accuracy: 0.940987
Test accuracy: 0.937634
Validation loss: 9250.396484
Validation accuracy: 0.938820
Test accuracy: 0.939416
Training loss: 73524.903351
Training accuracy: 0.940435

Epoch: 114
Validation loss: 9305.057617
Validation accuracy: 0.934485
Test accuracy: 0.931789
Validation loss: 9305.262695
Validation accuracy: 0.938890
Test accuracy: 0.938703
Validation loss: 9131.315430
Validation accuracy: 0.940708
Test accuracy: 0.936422
Validation loss: 9235.606445
Validation accuracy: 0.937142
Test accuracy: 0.934426
Validation loss: 9376.640625
Validation accuracy: 0.939869
Test accuracy: 0.937206
Validation loss: 9305.535156
Validation accuracy: 0.934974
Test accuracy: 0.930649
Training loss: 73291.436081
Training accuracy: 0.943981

Epoch: 115
Validation loss: 9172.840820
Validation accuracy: 0.938540
Test accuracy: 0.936921
Validation loss: 9300.399414
Validation accuracy: 0.940078
Test accuracy: 0.937420
Validation loss: 9567.310547
Validation accuracy: 0.927143
Test accuracy: 0.924590
Validation loss: 9310.152344
Validation accuracy: 0.937281
Test accuracy: 0.936208
Validation loss: 9438.222656
Validation accuracy: 0.935743
Test accuracy: 0.935210
Validation loss: 9463.984375
Validation accuracy: 0.939099
Test accuracy: 0.936636
Training loss: 73300.146118
Training accuracy: 0.937926

Epoch: 116
Validation loss: 9634.933594
Validation accuracy: 0.931268
Test accuracy: 0.930364
Validation loss: 9287.352539
Validation accuracy: 0.936652
Test accuracy: 0.936921
Validation loss: 9112.700195
Validation accuracy: 0.938960
Test accuracy: 0.937206
Validation loss: 9373.589844
Validation accuracy: 0.937771
Test accuracy: 0.938845
Validation loss: 9193.932617
Validation accuracy: 0.940847
Test accuracy: 0.938632
Validation loss: 9297.568359
Validation accuracy: 0.934625
Test accuracy: 0.934996
Training loss: 73497.004700
Training accuracy: 0.944486

Epoch: 117
Validation loss: 9166.162109
Validation accuracy: 0.939239
Test accuracy: 0.937705
Validation loss: 9222.787109
Validation accuracy: 0.940358
Test accuracy: 0.939202
Validation loss: 9303.778320
Validation accuracy: 0.936512
Test accuracy: 0.936850
Validation loss: 9183.048828
Validation accuracy: 0.937631
Test accuracy: 0.937919
Validation loss: 9398.111328
Validation accuracy: 0.935114
Test accuracy: 0.934996
Validation loss: 9350.701172
Validation accuracy: 0.938820
Test accuracy: 0.939487
Training loss: 73702.153748
Training accuracy: 0.942369

Epoch: 118
Validation loss: 9473.320312
Validation accuracy: 0.937631
Test accuracy: 0.937135
Validation loss: 9203.920898
Validation accuracy: 0.938960
Test accuracy: 0.938418
Validation loss: 9354.494141
Validation accuracy: 0.936233
Test accuracy: 0.936066
Validation loss: 9383.296875
Validation accuracy: 0.939519
Test accuracy: 0.936279
Validation loss: 9334.294922
Validation accuracy: 0.934415
Test accuracy: 0.933001
Validation loss: 9353.850586
Validation accuracy: 0.939938
Test accuracy: 0.938489
Training loss: 73462.521927
Training accuracy: 0.940792

Epoch: 119
Validation loss: 9400.317383
Validation accuracy: 0.933995
Test accuracy: 0.933642
Validation loss: 9390.668945
Validation accuracy: 0.934555
Test accuracy: 0.933001
Validation loss: 9341.260742
Validation accuracy: 0.941057
Test accuracy: 0.938988
Validation loss: 9416.653320
Validation accuracy: 0.932107
Test accuracy: 0.929865
Validation loss: 9279.877930
Validation accuracy: 0.938051
Test accuracy: 0.936778
Validation loss: 9214.831055
Validation accuracy: 0.939169
Test accuracy: 0.936279
Training loss: 73623.379990
Training accuracy: 0.944861

Epoch: 120
Validation loss: 9196.386719
Validation accuracy: 0.939799
Test accuracy: 0.939202
Validation loss: 9294.164062
Validation accuracy: 0.939729
Test accuracy: 0.937135
Validation loss: 9415.525391
Validation accuracy: 0.933016
Test accuracy: 0.932003
Validation loss: 9529.148438
Validation accuracy: 0.937701
Test accuracy: 0.936279
Validation loss: 9123.356445
Validation accuracy: 0.939449
Test accuracy: 0.938489
Validation loss: 9241.622070
Validation accuracy: 0.939099
Test accuracy: 0.936066
Training loss: 73509.622375
Training accuracy: 0.943554

Epoch: 121
Validation loss: 9285.149414
Validation accuracy: 0.938121
Test accuracy: 0.937420
Validation loss: 9158.551758
Validation accuracy: 0.937981
Test accuracy: 0.936778
Validation loss: 9330.834961
Validation accuracy: 0.936862
Test accuracy: 0.936493
Validation loss: 9471.847656
Validation accuracy: 0.939589
Test accuracy: 0.938845
Validation loss: 9233.232422
Validation accuracy: 0.939659
Test accuracy: 0.937847
Validation loss: 9177.819336
Validation accuracy: 0.940987
Test accuracy: 0.937919
Training loss: 73732.140503
Training accuracy: 0.936288

Epoch: 122
Validation loss: 9631.687500
Validation accuracy: 0.930359
Test accuracy: 0.929366
Validation loss: 9270.223633
Validation accuracy: 0.940778
Test accuracy: 0.939202
Validation loss: 9233.876953
Validation accuracy: 0.939729
Test accuracy: 0.937634
Validation loss: 9103.178711
Validation accuracy: 0.937911
Test accuracy: 0.935923
Validation loss: 9203.593750
Validation accuracy: 0.941127
Test accuracy: 0.938346
Validation loss: 9295.388672
Validation accuracy: 0.939799
Test accuracy: 0.938133
Training loss: 73316.701569
Training accuracy: 0.944756

Epoch: 123
Validation loss: 9125.851562
Validation accuracy: 0.938610
Test accuracy: 0.938346
Validation loss: 9323.585938
Validation accuracy: 0.940428
Test accuracy: 0.938346
Validation loss: 9238.711914
Validation accuracy: 0.939030
Test accuracy: 0.939416
Validation loss: 9329.519531
Validation accuracy: 0.936862
Test accuracy: 0.935282
Validation loss: 9403.624023
Validation accuracy: 0.934205
Test accuracy: 0.934141
Validation loss: 9202.745117
Validation accuracy: 0.940218
Test accuracy: 0.938133
Training loss: 73096.193115
Training accuracy: 0.942352

Epoch: 124
Validation loss: 9378.708984
Validation accuracy: 0.937491
Test accuracy: 0.935852
Validation loss: 9312.789062
Validation accuracy: 0.936512
Test accuracy: 0.936636
Validation loss: 9354.830078
Validation accuracy: 0.941617
Test accuracy: 0.939344
Validation loss: 9149.176758
Validation accuracy: 0.937981
Test accuracy: 0.937420
Validation loss: 9293.642578
Validation accuracy: 0.941756
Test accuracy: 0.939130
Validation loss: 9202.184570
Validation accuracy: 0.940428
Test accuracy: 0.937420
Training loss: 73022.114792
Training accuracy: 0.944521

Epoch: 125
Validation loss: 9425.518555
Validation accuracy: 0.938890
Test accuracy: 0.937776
Validation loss: 9160.638672
Validation accuracy: 0.935184
Test accuracy: 0.936992
Validation loss: 9172.519531
Validation accuracy: 0.941127
Test accuracy: 0.939344
Validation loss: 9556.571289
Validation accuracy: 0.938680
Test accuracy: 0.936565
Validation loss: 9464.182617
Validation accuracy: 0.940148
Test accuracy: 0.938703
Validation loss: 9324.335938
Validation accuracy: 0.938960
Test accuracy: 0.936565
Training loss: 73186.070618
Training accuracy: 0.945627

Epoch: 126
Validation loss: 9185.386719
Validation accuracy: 0.941617
Test accuracy: 0.939558
Validation loss: 9353.852539
Validation accuracy: 0.938680
Test accuracy: 0.934711
Validation loss: 9218.756836
Validation accuracy: 0.940987
Test accuracy: 0.937420
Validation loss: 9339.986328
Validation accuracy: 0.939099
Test accuracy: 0.939059
Validation loss: 9112.610352
Validation accuracy: 0.941197
Test accuracy: 0.938560
Validation loss: 9111.505859
Validation accuracy: 0.940778
Test accuracy: 0.939487
Training loss: 73332.491470
Training accuracy: 0.944268

Epoch: 127
Validation loss: 9458.267578
Validation accuracy: 0.939239
Test accuracy: 0.936850
Validation loss: 9282.732422
Validation accuracy: 0.940638
Test accuracy: 0.938204
Validation loss: 9212.825195
Validation accuracy: 0.939030
Test accuracy: 0.937562
Validation loss: 9356.373047
Validation accuracy: 0.940917
Test accuracy: 0.939914
Validation loss: 9082.915039
Validation accuracy: 0.940638
Test accuracy: 0.938703
Validation loss: 9222.723633
Validation accuracy: 0.940638
Test accuracy: 0.938703
Training loss: 73532.892593
Training accuracy: 0.941202

Epoch: 128
Validation loss: 9437.575195
Validation accuracy: 0.935044
Test accuracy: 0.934284
Validation loss: 9314.052734
Validation accuracy: 0.937212
Test accuracy: 0.934783
Validation loss: 9299.351562
Validation accuracy: 0.938890
Test accuracy: 0.938061
Validation loss: 9097.446289
Validation accuracy: 0.938470
Test accuracy: 0.938346
Validation loss: 9156.116211
Validation accuracy: 0.940288
Test accuracy: 0.938774
Validation loss: 9363.304688
Validation accuracy: 0.938470
Test accuracy: 0.937135
Training loss: 72988.054153
Training accuracy: 0.945444

Epoch: 129
Validation loss: 9140.654297
Validation accuracy: 0.939589
Test accuracy: 0.938061
Validation loss: 9328.817383
Validation accuracy: 0.936652
Test accuracy: 0.935210
Validation loss: 9168.167969
Validation accuracy: 0.939099
Test accuracy: 0.938275
Validation loss: 9331.814453
Validation accuracy: 0.935044
Test accuracy: 0.934711
Validation loss: 9079.195312
Validation accuracy: 0.940987
Test accuracy: 0.940556
Validation loss: 9180.970703
Validation accuracy: 0.940288
Test accuracy: 0.938988
Training loss: 73240.186478
Training accuracy: 0.945157

Epoch: 130
Validation loss: 9295.909180
Validation accuracy: 0.939799
Test accuracy: 0.934854
Validation loss: 9290.232422
Validation accuracy: 0.939799
Test accuracy: 0.937919
Validation loss: 9255.869141
Validation accuracy: 0.938260
Test accuracy: 0.936921
Validation loss: 9141.648438
Validation accuracy: 0.940917
Test accuracy: 0.940770
Validation loss: 9310.287109
Validation accuracy: 0.938960
Test accuracy: 0.934925
Validation loss: 9302.328125
Validation accuracy: 0.939239
Test accuracy: 0.937919
Training loss: 72733.681412
Training accuracy: 0.901613

Epoch: 131
Validation loss: 9872.732422
Validation accuracy: 0.894350
Test accuracy: 0.891803
Validation loss: 9428.297852
Validation accuracy: 0.930010
Test accuracy: 0.924519
Validation loss: 9324.810547
Validation accuracy: 0.939099
Test accuracy: 0.937277
Validation loss: 9528.027344
Validation accuracy: 0.914278
Test accuracy: 0.913115
Validation loss: 9357.572266
Validation accuracy: 0.937631
Test accuracy: 0.934212
