Namespace(char='256', dev='19,21', embed='256', filetype='.ner', mlp='512', output='ner_adam_baseline', test='22,24', train='0,18', trainer='adam', word='256')
Epoch: 0
Validation loss: 250289.513428
Validation accuracy: 0.003530
Test accuracy: 0.002686
Validation loss: 137912.818787
Validation accuracy: 0.906789
Test accuracy: 0.912106
Validation loss: 133132.998413
Validation accuracy: 0.913818
Test accuracy: 0.919289
Validation loss: 131648.926331
Validation accuracy: 0.920586
Test accuracy: 0.926188
Validation loss: 130801.820496
Validation accuracy: 0.923150
Test accuracy: 0.927735
Validation loss: 129282.587402
Validation accuracy: 0.931608
Test accuracy: 0.935875
Validation loss: 128712.059143
Validation accuracy: 0.937752
Test accuracy: 0.943496
Validation loss: 129688.199646
Validation accuracy: 0.932583
Test accuracy: 0.935031
Validation loss: 127373.999817
Validation accuracy: 0.941131
Test accuracy: 0.944687
Validation loss: 127250.989197
Validation accuracy: 0.944409
Test accuracy: 0.949378
Validation loss: 127032.348633
Validation accuracy: 0.945405
Test accuracy: 0.949541
Validation loss: 127020.686951
Validation accuracy: 0.946672
Test accuracy: 0.951728
Validation loss: 127305.341125
Validation accuracy: 0.947587
Test accuracy: 0.951901
Validation loss: 126804.960632
Validation accuracy: 0.950282
Test accuracy: 0.954079
Validation loss: 126940.302429
Validation accuracy: 0.947084
Test accuracy: 0.949011
Validation loss: 125996.289124
Validation accuracy: 0.952635
Test accuracy: 0.954811
Validation loss: 126957.291260
Validation accuracy: 0.952213
Test accuracy: 0.955717
Validation loss: 126155.171387
Validation accuracy: 0.952605
Test accuracy: 0.955717
Validation loss: 126216.773743
Validation accuracy: 0.955049
Test accuracy: 0.958536
Training loss: 912662.163925
Training accuracy: 0.958737

Epoch: 1
Validation loss: 125511.078735
Validation accuracy: 0.952856
Test accuracy: 0.955900
Validation loss: 125878.105072
Validation accuracy: 0.952424
Test accuracy: 0.955229
Validation loss: 126287.913330
Validation accuracy: 0.957623
Test accuracy: 0.959940
Validation loss: 125510.983643
Validation accuracy: 0.958961
Test accuracy: 0.961558
Validation loss: 125880.991333
Validation accuracy: 0.959272
Test accuracy: 0.962423
Validation loss: 124732.632416
Validation accuracy: 0.959956
Test accuracy: 0.962066
Validation loss: 125348.205933
Validation accuracy: 0.959856
Test accuracy: 0.961140
Validation loss: 124377.467712
Validation accuracy: 0.961646
Test accuracy: 0.963226
Validation loss: 125284.258636
Validation accuracy: 0.961394
Test accuracy: 0.962280
Validation loss: 125447.718140
Validation accuracy: 0.959685
Test accuracy: 0.962311
Validation loss: 125111.263855
Validation accuracy: 0.960821
Test accuracy: 0.963664
Validation loss: 124400.635071
Validation accuracy: 0.963285
Test accuracy: 0.965007
Validation loss: 125410.806702
Validation accuracy: 0.964260
Test accuracy: 0.966442
Validation loss: 124681.431274
Validation accuracy: 0.963928
Test accuracy: 0.967866
Validation loss: 123769.924011
Validation accuracy: 0.965246
Test accuracy: 0.966137
Validation loss: 125476.750580
Validation accuracy: 0.964119
Test accuracy: 0.965964
Validation loss: 123756.537109
Validation accuracy: 0.965990
Test accuracy: 0.969067
Validation loss: 124209.892822
Validation accuracy: 0.967337
Test accuracy: 0.969576
Validation loss: 124223.866211
Validation accuracy: 0.966221
Test accuracy: 0.968151
Training loss: 881919.745178
Training accuracy: 0.971664

Epoch: 2
Validation loss: 124200.875854
Validation accuracy: 0.967177
Test accuracy: 0.969209
Validation loss: 124389.315399
Validation accuracy: 0.967358
Test accuracy: 0.969851
Validation loss: 124453.517700
Validation accuracy: 0.967096
Test accuracy: 0.969454
Validation loss: 123923.109436
Validation accuracy: 0.968403
Test accuracy: 0.971489
Validation loss: 124219.233948
Validation accuracy: 0.967891
Test accuracy: 0.970715
Validation loss: 124087.189148
Validation accuracy: 0.968494
Test accuracy: 0.969861
Validation loss: 124866.760132
Validation accuracy: 0.968906
Test accuracy: 0.971591
Validation loss: 123429.369019
Validation accuracy: 0.969831
Test accuracy: 0.971580
Validation loss: 124416.587524
Validation accuracy: 0.968725
Test accuracy: 0.971611
Validation loss: 124152.288330
Validation accuracy: 0.970958
Test accuracy: 0.972954
Validation loss: 124278.802551
Validation accuracy: 0.970686
Test accuracy: 0.972679
Validation loss: 123991.955322
Validation accuracy: 0.968574
Test accuracy: 0.970573
Validation loss: 123565.779907
Validation accuracy: 0.969681
Test accuracy: 0.973208
Validation loss: 124167.953918
Validation accuracy: 0.970093
Test accuracy: 0.973402
Validation loss: 124656.106812
Validation accuracy: 0.970304
Test accuracy: 0.972842
Validation loss: 123918.747314
Validation accuracy: 0.971169
Test accuracy: 0.973493
Validation loss: 123703.638428
Validation accuracy: 0.970877
Test accuracy: 0.973514
Validation loss: 123580.411316
Validation accuracy: 0.972205
Test accuracy: 0.975477
Validation loss: 123091.764343
Validation accuracy: 0.972003
Test accuracy: 0.974969
Training loss: 871646.930389
Training accuracy: 0.977148

Epoch: 3
Validation loss: 123272.121399
Validation accuracy: 0.972044
Test accuracy: 0.974389
Validation loss: 123377.167511
Validation accuracy: 0.972376
Test accuracy: 0.974826
Validation loss: 123644.487366
Validation accuracy: 0.971370
Test accuracy: 0.973605
Validation loss: 123809.792145
Validation accuracy: 0.972989
Test accuracy: 0.975956
Validation loss: 123245.930603
Validation accuracy: 0.973140
Test accuracy: 0.976566
Validation loss: 123345.382812
Validation accuracy: 0.973009
Test accuracy: 0.976007
Validation loss: 123068.700256
Validation accuracy: 0.972748
Test accuracy: 0.975477
Validation loss: 123373.442139
Validation accuracy: 0.972768
Test accuracy: 0.975783
Validation loss: 123508.700012
Validation accuracy: 0.973381
Test accuracy: 0.976353
Validation loss: 123230.935486
Validation accuracy: 0.974286
Test accuracy: 0.976699
Validation loss: 123102.785400
Validation accuracy: 0.974115
Test accuracy: 0.976851
Validation loss: 124090.744446
Validation accuracy: 0.973230
Test accuracy: 0.976414
Validation loss: 123367.012085
Validation accuracy: 0.974005
Test accuracy: 0.976810
Validation loss: 123495.916840
Validation accuracy: 0.973472
Test accuracy: 0.976637
Validation loss: 123147.257019
Validation accuracy: 0.974930
Test accuracy: 0.978011
Validation loss: 124545.543610
Validation accuracy: 0.974095
Test accuracy: 0.977258
Validation loss: 122718.066528
Validation accuracy: 0.973371
Test accuracy: 0.975844
Validation loss: 123076.265503
Validation accuracy: 0.975604
Test accuracy: 0.978225
Validation loss: 123988.909241
Validation accuracy: 0.974417
Test accuracy: 0.977584
Training loss: 869292.554321
Training accuracy: 0.979894

Epoch: 4
Validation loss: 123341.716858
Validation accuracy: 0.974678
Test accuracy: 0.976953
Validation loss: 123393.746765
Validation accuracy: 0.974668
Test accuracy: 0.977044
Validation loss: 122770.144775
Validation accuracy: 0.974960
Test accuracy: 0.977787
Validation loss: 122854.776733
Validation accuracy: 0.973703
Test accuracy: 0.977258
Validation loss: 123114.226379
Validation accuracy: 0.975714
Test accuracy: 0.978123
Validation loss: 123522.980713
Validation accuracy: 0.976137
Test accuracy: 0.977909
Validation loss: 122363.841003
Validation accuracy: 0.976348
Test accuracy: 0.978489
Validation loss: 123387.555420
Validation accuracy: 0.972426
Test accuracy: 0.974307
Validation loss: 122906.343079
Validation accuracy: 0.975986
Test accuracy: 0.979517
Validation loss: 123023.327942
Validation accuracy: 0.975704
Test accuracy: 0.979171
Validation loss: 123072.677002
Validation accuracy: 0.976338
Test accuracy: 0.978876
Validation loss: 123379.458679
Validation accuracy: 0.976579
Test accuracy: 0.979385
Validation loss: 123235.896606
Validation accuracy: 0.976287
Test accuracy: 0.979466
Validation loss: 122319.824707
Validation accuracy: 0.977142
Test accuracy: 0.979161
Validation loss: 123828.233643
Validation accuracy: 0.976177
Test accuracy: 0.978713
Validation loss: 123673.749512
Validation accuracy: 0.975191
Test accuracy: 0.978734
Validation loss: 122985.877625
Validation accuracy: 0.977001
Test accuracy: 0.979375
Validation loss: 122859.799591
Validation accuracy: 0.976549
Test accuracy: 0.979761
Validation loss: 123486.577576
Validation accuracy: 0.976871
Test accuracy: 0.980097
Training loss: 864732.200989
Training accuracy: 0.983228

Epoch: 5
Validation loss: 123170.671570
Validation accuracy: 0.976458
Test accuracy: 0.979670
Validation loss: 121962.607056
Validation accuracy: 0.977464
Test accuracy: 0.979700
Validation loss: 122661.169067
Validation accuracy: 0.977484
Test accuracy: 0.979090
Validation loss: 123150.518982
Validation accuracy: 0.977434
Test accuracy: 0.979527
Validation loss: 123066.185730
Validation accuracy: 0.976911
Test accuracy: 0.979517
Validation loss: 123076.998413
Validation accuracy: 0.977092
Test accuracy: 0.979822
Validation loss: 123033.268677
Validation accuracy: 0.977705
Test accuracy: 0.980535
Validation loss: 122541.010742
Validation accuracy: 0.977866
Test accuracy: 0.980718
Validation loss: 123449.702576
Validation accuracy: 0.977555
Test accuracy: 0.979771
Validation loss: 122380.589600
Validation accuracy: 0.976308
Test accuracy: 0.979609
Validation loss: 122877.757843
Validation accuracy: 0.977575
Test accuracy: 0.980423
Validation loss: 122026.052124
Validation accuracy: 0.978198
Test accuracy: 0.979598
Validation loss: 122954.754883
Validation accuracy: 0.976740
Test accuracy: 0.979171
Validation loss: 122595.648132
Validation accuracy: 0.978319
Test accuracy: 0.981115
Validation loss: 123359.054626
Validation accuracy: 0.977444
Test accuracy: 0.979853
Validation loss: 123073.929688
Validation accuracy: 0.979164
Test accuracy: 0.980504
Validation loss: 123210.643585
Validation accuracy: 0.978349
Test accuracy: 0.981247
Validation loss: 123250.780334
Validation accuracy: 0.978751
Test accuracy: 0.979670
Validation loss: 122974.632507
Validation accuracy: 0.978610
Test accuracy: 0.981318
Training loss: 862309.563019
Training accuracy: 0.985266

Epoch: 6
Validation loss: 122959.558899
Validation accuracy: 0.978962
Test accuracy: 0.981013
Validation loss: 122556.317078
Validation accuracy: 0.978389
Test accuracy: 0.980331
Validation loss: 122882.275757
Validation accuracy: 0.978771
Test accuracy: 0.981247
Validation loss: 122963.338074
Validation accuracy: 0.978520
Test accuracy: 0.981359
Validation loss: 123146.283020
Validation accuracy: 0.979033
Test accuracy: 0.980596
Validation loss: 122620.103027
Validation accuracy: 0.978972
Test accuracy: 0.980850
Validation loss: 122181.556458
Validation accuracy: 0.978510
Test accuracy: 0.980931
Validation loss: 122855.504089
Validation accuracy: 0.979023
Test accuracy: 0.981227
Validation loss: 122943.093903
Validation accuracy: 0.979425
Test accuracy: 0.982325
Validation loss: 122413.363831
Validation accuracy: 0.979415
Test accuracy: 0.981135
Validation loss: 122408.429016
Validation accuracy: 0.978590
Test accuracy: 0.981786
Validation loss: 123105.056824
Validation accuracy: 0.978751
Test accuracy: 0.980830
Validation loss: 122643.054749
Validation accuracy: 0.978118
Test accuracy: 0.981369
Validation loss: 122603.480774
Validation accuracy: 0.978822
Test accuracy: 0.981216
Validation loss: 122579.934692
Validation accuracy: 0.979626
Test accuracy: 0.982254
Validation loss: 123250.013245
Validation accuracy: 0.979284
Test accuracy: 0.981888
Validation loss: 123272.001343
Validation accuracy: 0.978540
Test accuracy: 0.981359
Validation loss: 122824.941986
Validation accuracy: 0.979636
Test accuracy: 0.981745
Validation loss: 123635.706421
Validation accuracy: 0.980018
Test accuracy: 0.982010
Training loss: 861340.709335
Training accuracy: 0.987394

Epoch: 7
Validation loss: 122701.442383
Validation accuracy: 0.979495
Test accuracy: 0.982102
Validation loss: 122196.955353
Validation accuracy: 0.979003
Test accuracy: 0.982163
Validation loss: 121839.223083
Validation accuracy: 0.979194
Test accuracy: 0.981420
Validation loss: 122718.266846
Validation accuracy: 0.979485
Test accuracy: 0.982041
Validation loss: 122917.307129
Validation accuracy: 0.980109
Test accuracy: 0.982041
Validation loss: 122980.151123
Validation accuracy: 0.979254
Test accuracy: 0.982020
Validation loss: 123358.281006
Validation accuracy: 0.978651
Test accuracy: 0.981501
Validation loss: 122655.202026
Validation accuracy: 0.978429
Test accuracy: 0.980382
Validation loss: 122702.400879
Validation accuracy: 0.979676
Test accuracy: 0.981990
Validation loss: 122696.610352
Validation accuracy: 0.979676
Test accuracy: 0.982773
Validation loss: 123150.917664
Validation accuracy: 0.979636
Test accuracy: 0.982112
Validation loss: 122698.143250
Validation accuracy: 0.979395
Test accuracy: 0.982336
Validation loss: 122172.045654
Validation accuracy: 0.979727
Test accuracy: 0.981705
Validation loss: 122364.462891
Validation accuracy: 0.980390
Test accuracy: 0.982498
Validation loss: 122399.252289
Validation accuracy: 0.980179
Test accuracy: 0.982448
Validation loss: 122837.457642
Validation accuracy: 0.979636
Test accuracy: 0.982132
Validation loss: 123176.889069
Validation accuracy: 0.980511
Test accuracy: 0.982549
Validation loss: 122556.503296
Validation accuracy: 0.979234
Test accuracy: 0.981807
Validation loss: 122326.968201
Validation accuracy: 0.980672
Test accuracy: 0.982621
Training loss: 857295.309509
Training accuracy: 0.988306

Epoch: 8
Validation loss: 122725.555298
Validation accuracy: 0.980290
Test accuracy: 0.982346
Validation loss: 122612.463989
Validation accuracy: 0.980099
Test accuracy: 0.983078
Validation loss: 123403.528809
Validation accuracy: 0.979857
Test accuracy: 0.982712
Validation loss: 122315.757080
Validation accuracy: 0.979898
Test accuracy: 0.983201
Validation loss: 122534.997375
Validation accuracy: 0.980441
Test accuracy: 0.983587
Validation loss: 122507.090881
Validation accuracy: 0.979867
Test accuracy: 0.982122
Validation loss: 122856.293549
Validation accuracy: 0.979837
Test accuracy: 0.981471
Validation loss: 122487.965332
Validation accuracy: 0.980380
Test accuracy: 0.982000
Validation loss: 122910.967072
Validation accuracy: 0.981295
Test accuracy: 0.983353
Validation loss: 122479.577148
Validation accuracy: 0.980742
Test accuracy: 0.982936
Validation loss: 122707.994812
Validation accuracy: 0.981225
Test accuracy: 0.982844
Validation loss: 122572.301819
Validation accuracy: 0.980813
Test accuracy: 0.982437
Validation loss: 122570.427399
Validation accuracy: 0.980873
Test accuracy: 0.982244
Validation loss: 122735.762451
Validation accuracy: 0.980773
Test accuracy: 0.983190
Validation loss: 122459.086700
Validation accuracy: 0.981155
Test accuracy: 0.983190
Validation loss: 121949.010132
Validation accuracy: 0.981336
Test accuracy: 0.982641
Validation loss: 122430.073486
Validation accuracy: 0.981155
Test accuracy: 0.983241
Validation loss: 122960.658447
Validation accuracy: 0.981456
Test accuracy: 0.983180
Validation loss: 122428.534424
Validation accuracy: 0.981637
Test accuracy: 0.982865
Training loss: 858776.886169
Training accuracy: 0.989180

Epoch: 9
Validation loss: 122346.027344
Validation accuracy: 0.981094
Test accuracy: 0.983099
Validation loss: 121854.178711
Validation accuracy: 0.981738
Test accuracy: 0.983038
Validation loss: 121563.503723
Validation accuracy: 0.981617
Test accuracy: 0.983017
Validation loss: 122519.623047
Validation accuracy: 0.981376
Test accuracy: 0.982702
Validation loss: 122392.780701
Validation accuracy: 0.981215
Test accuracy: 0.982905
Validation loss: 122521.146729
Validation accuracy: 0.980310
Test accuracy: 0.982448
Validation loss: 122936.530457
Validation accuracy: 0.981316
Test accuracy: 0.982509
Validation loss: 122581.690338
Validation accuracy: 0.980933
Test accuracy: 0.982855
Validation loss: 122252.041016
Validation accuracy: 0.980410
Test accuracy: 0.982122
Validation loss: 123475.002686
Validation accuracy: 0.981044
Test accuracy: 0.983262
Validation loss: 122323.145142
Validation accuracy: 0.981798
Test accuracy: 0.983038
Validation loss: 122640.683655
Validation accuracy: 0.981326
Test accuracy: 0.982844
Validation loss: 121977.521179
Validation accuracy: 0.980692
Test accuracy: 0.981735
Validation loss: 121882.624023
Validation accuracy: 0.981527
Test accuracy: 0.983292
Validation loss: 122296.762878
Validation accuracy: 0.982180
Test accuracy: 0.984269
Validation loss: 121966.634094
Validation accuracy: 0.981356
Test accuracy: 0.982905
Validation loss: 122852.384583
Validation accuracy: 0.980984
Test accuracy: 0.983109
Validation loss: 121626.042786
Validation accuracy: 0.981537
Test accuracy: 0.984157
Validation loss: 121815.000610
Validation accuracy: 0.981316
Test accuracy: 0.983842
Training loss: 857150.875214
Training accuracy: 0.989967

Epoch: 10
Validation loss: 122314.325134
Validation accuracy: 0.981798
Test accuracy: 0.983241
Validation loss: 122571.377625
Validation accuracy: 0.981436
Test accuracy: 0.983170
Validation loss: 122530.168396
Validation accuracy: 0.982281
Test accuracy: 0.984025
Validation loss: 122634.502808
Validation accuracy: 0.981336
Test accuracy: 0.983547
Validation loss: 122512.330261
Validation accuracy: 0.982120
Test accuracy: 0.983964
Validation loss: 122513.986145
Validation accuracy: 0.981175
Test accuracy: 0.982997
Validation loss: 122214.931519
Validation accuracy: 0.981828
Test accuracy: 0.983587
Validation loss: 122213.239441
Validation accuracy: 0.981828
Test accuracy: 0.983496
Validation loss: 121809.232605
Validation accuracy: 0.981507
Test accuracy: 0.984086
Validation loss: 122074.489380
Validation accuracy: 0.981919
Test accuracy: 0.983903
Validation loss: 122799.621948
Validation accuracy: 0.980943
Test accuracy: 0.983312
Validation loss: 123022.971344
Validation accuracy: 0.981346
Test accuracy: 0.982987
Validation loss: 122312.383850
Validation accuracy: 0.981838
Test accuracy: 0.983302
Validation loss: 123187.123657
Validation accuracy: 0.981537
Test accuracy: 0.984177
Validation loss: 122677.896362
Validation accuracy: 0.981235
Test accuracy: 0.984025
Validation loss: 122545.814941
Validation accuracy: 0.981476
Test accuracy: 0.983892
Validation loss: 122420.073242
Validation accuracy: 0.981738
Test accuracy: 0.984177
Validation loss: 122834.672607
Validation accuracy: 0.981939
Test accuracy: 0.984635
Validation loss: 121521.539490
Validation accuracy: 0.982904
Test accuracy: 0.984411
Training loss: 857353.011505
Training accuracy: 0.991164

Epoch: 11
Validation loss: 121985.409973
Validation accuracy: 0.982030
Test accuracy: 0.984717
Validation loss: 121999.251648
Validation accuracy: 0.982110
Test accuracy: 0.983709
Validation loss: 122148.676300
Validation accuracy: 0.981818
Test accuracy: 0.983984
Validation loss: 122578.492554
Validation accuracy: 0.982100
Test accuracy: 0.984198
Validation loss: 121674.661072
Validation accuracy: 0.981979
Test accuracy: 0.983658
Validation loss: 122367.180847
Validation accuracy: 0.982361
Test accuracy: 0.984126
Validation loss: 122469.490753
Validation accuracy: 0.981949
Test accuracy: 0.984126
Validation loss: 121984.758423
Validation accuracy: 0.982975
Test accuracy: 0.984849
Validation loss: 121864.141937
Validation accuracy: 0.981366
Test accuracy: 0.983526
Validation loss: 122433.072632
Validation accuracy: 0.982009
Test accuracy: 0.984757
Validation loss: 123163.254578
Validation accuracy: 0.982442
Test accuracy: 0.984004
Validation loss: 121475.479919
Validation accuracy: 0.983297
Test accuracy: 0.984788
Validation loss: 122694.241211
Validation accuracy: 0.982452
Test accuracy: 0.984259
Validation loss: 122447.779053
Validation accuracy: 0.982784
Test accuracy: 0.984218
Validation loss: 122549.438782
Validation accuracy: 0.982472
Test accuracy: 0.984147
Validation loss: 122603.505615
Validation accuracy: 0.982331
Test accuracy: 0.984198
Validation loss: 122534.089966
Validation accuracy: 0.982281
Test accuracy: 0.984422
Validation loss: 121611.852966
Validation accuracy: 0.981195
Test accuracy: 0.983638
Validation loss: 122705.329468
Validation accuracy: 0.982563
Test accuracy: 0.983821
Training loss: 853644.757996
Training accuracy: 0.991215

Epoch: 12
Validation loss: 122799.217804
Validation accuracy: 0.982261
Test accuracy: 0.983547
Validation loss: 122687.440063
Validation accuracy: 0.981718
Test accuracy: 0.983964
Validation loss: 122167.879089
Validation accuracy: 0.982382
Test accuracy: 0.984605
Validation loss: 122325.849152
Validation accuracy: 0.981265
Test accuracy: 0.983974
Validation loss: 123042.419556
Validation accuracy: 0.982221
Test accuracy: 0.984818
Validation loss: 122261.800598
Validation accuracy: 0.982170
Test accuracy: 0.983933
Validation loss: 123007.187561
Validation accuracy: 0.981718
Test accuracy: 0.983435
Validation loss: 122243.664001
Validation accuracy: 0.981728
Test accuracy: 0.983455
Validation loss: 122587.274231
Validation accuracy: 0.982030
Test accuracy: 0.984147
Validation loss: 122281.706116
Validation accuracy: 0.982633
Test accuracy: 0.984971
Validation loss: 122696.988831
Validation accuracy: 0.981507
Test accuracy: 0.984452
Validation loss: 122433.896179
Validation accuracy: 0.982673
Test accuracy: 0.984106
Validation loss: 122722.834229
Validation accuracy: 0.983176
Test accuracy: 0.984249
Validation loss: 122407.713287
Validation accuracy: 0.982060
Test accuracy: 0.984411
Validation loss: 122005.429688
Validation accuracy: 0.981778
Test accuracy: 0.983903
Validation loss: 122823.825928
Validation accuracy: 0.981849
Test accuracy: 0.984218
Validation loss: 122252.193054
Validation accuracy: 0.982040
Test accuracy: 0.984249
Validation loss: 122506.510132
Validation accuracy: 0.982382
Test accuracy: 0.984472
Validation loss: 122792.258484
Validation accuracy: 0.981778
Test accuracy: 0.984513
Training loss: 855125.778503
Training accuracy: 0.991176

Epoch: 13
Validation loss: 122279.543457
Validation accuracy: 0.981487
Test accuracy: 0.983903
Validation loss: 123153.393433
Validation accuracy: 0.982180
Test accuracy: 0.984015
Validation loss: 121939.902802
Validation accuracy: 0.981808
Test accuracy: 0.983038
Validation loss: 122847.914001
Validation accuracy: 0.981999
Test accuracy: 0.984310
Validation loss: 122797.407166
Validation accuracy: 0.982301
Test accuracy: 0.984839
Validation loss: 122462.240173
Validation accuracy: 0.983256
Test accuracy: 0.984778
Validation loss: 122327.312744
Validation accuracy: 0.982713
Test accuracy: 0.984503
Validation loss: 122266.001038
Validation accuracy: 0.982713
Test accuracy: 0.984595
Validation loss: 122328.620056
Validation accuracy: 0.982351
Test accuracy: 0.984442
Validation loss: 122425.948547
Validation accuracy: 0.982733
Test accuracy: 0.984981
Validation loss: 122872.403625
Validation accuracy: 0.982090
Test accuracy: 0.984167
Validation loss: 122590.375549
Validation accuracy: 0.982814
Test accuracy: 0.984829
Validation loss: 122616.930359
Validation accuracy: 0.982573
Test accuracy: 0.984208
Validation loss: 122964.979736
Validation accuracy: 0.982864
Test accuracy: 0.984503
Validation loss: 121614.494507
Validation accuracy: 0.983075
Test accuracy: 0.984706
Validation loss: 122312.221222
Validation accuracy: 0.982623
Test accuracy: 0.985114
Validation loss: 122600.877869
Validation accuracy: 0.982804
Test accuracy: 0.984584
Validation loss: 122559.887512
Validation accuracy: 0.982361
Test accuracy: 0.984259
Validation loss: 122435.957245
Validation accuracy: 0.982904
Test accuracy: 0.984747
Training loss: 853419.052704
Training accuracy: 0.992288

Epoch: 14
Validation loss: 122058.722107
Validation accuracy: 0.982050
Test accuracy: 0.984422
Validation loss: 122655.794067
Validation accuracy: 0.982522
Test accuracy: 0.983750
Validation loss: 122580.790955
Validation accuracy: 0.982744
Test accuracy: 0.984534
Validation loss: 122477.178345
Validation accuracy: 0.983146
Test accuracy: 0.984595
Validation loss: 122709.617218
Validation accuracy: 0.982874
Test accuracy: 0.984361
Validation loss: 122027.072205
Validation accuracy: 0.983236
Test accuracy: 0.984544
Validation loss: 121801.572388
Validation accuracy: 0.982935
Test accuracy: 0.984635
Validation loss: 122019.248901
Validation accuracy: 0.982794
Test accuracy: 0.984025
Validation loss: 122482.876526
Validation accuracy: 0.982331
Test accuracy: 0.984422
Validation loss: 122057.335022
Validation accuracy: 0.982955
Test accuracy: 0.984961
Validation loss: 122188.307465
Validation accuracy: 0.983568
Test accuracy: 0.983882
Validation loss: 121906.831909
Validation accuracy: 0.983588
Test accuracy: 0.984941
Validation loss: 122938.655273
Validation accuracy: 0.983166
Test accuracy: 0.984788
Validation loss: 121894.737366
Validation accuracy: 0.983025
Test accuracy: 0.984116
Validation loss: 122229.317017
Validation accuracy: 0.982552
Test accuracy: 0.984574
Validation loss: 122629.116028
Validation accuracy: 0.981798
Test accuracy: 0.984137
Validation loss: 123057.985046
Validation accuracy: 0.982804
Test accuracy: 0.984991
Validation loss: 122533.942444
Validation accuracy: 0.982663
Test accuracy: 0.985297
Validation loss: 122953.393860
Validation accuracy: 0.982794
Test accuracy: 0.984757
Training loss: 853873.919312
Training accuracy: 0.992568

Epoch: 15
Validation loss: 121823.231567
Validation accuracy: 0.983226
Test accuracy: 0.985063
Validation loss: 122211.526550
Validation accuracy: 0.982271
Test accuracy: 0.984818
Validation loss: 122081.969574
Validation accuracy: 0.982432
Test accuracy: 0.985002
Validation loss: 122733.859985
Validation accuracy: 0.982884
Test accuracy: 0.984523
Validation loss: 122956.290039
Validation accuracy: 0.982955
Test accuracy: 0.985297
Validation loss: 121791.094238
Validation accuracy: 0.982361
Test accuracy: 0.984534
Validation loss: 121876.593628
Validation accuracy: 0.982703
Test accuracy: 0.984157
Validation loss: 122841.854370
Validation accuracy: 0.982884
Test accuracy: 0.984808
Validation loss: 122556.681824
Validation accuracy: 0.983317
Test accuracy: 0.984605
Validation loss: 122456.756409
Validation accuracy: 0.982492
Test accuracy: 0.984788
Validation loss: 122071.892334
Validation accuracy: 0.982945
Test accuracy: 0.984534
Validation loss: 123229.106750
Validation accuracy: 0.983277
Test accuracy: 0.984961
Validation loss: 122531.815796
Validation accuracy: 0.982392
Test accuracy: 0.984269
Validation loss: 122252.007141
Validation accuracy: 0.983055
Test accuracy: 0.984737
Validation loss: 122536.842346
Validation accuracy: 0.982472
Test accuracy: 0.984808
Validation loss: 122654.678345
Validation accuracy: 0.983136
Test accuracy: 0.985297
Validation loss: 122047.230560
Validation accuracy: 0.982442
Test accuracy: 0.984869
Validation loss: 122692.779236
Validation accuracy: 0.982050
Test accuracy: 0.984941
Validation loss: 122267.090881
Validation accuracy: 0.983699
Test accuracy: 0.985215
Training loss: 852959.015686
Training accuracy: 0.993529

Epoch: 16
Validation loss: 123049.241180
Validation accuracy: 0.984051
Test accuracy: 0.985002
Validation loss: 122110.245239
Validation accuracy: 0.983468
Test accuracy: 0.985439
Validation loss: 123248.584534
Validation accuracy: 0.982935
Test accuracy: 0.984778
Validation loss: 122293.656311
Validation accuracy: 0.983146
Test accuracy: 0.984432
Validation loss: 122215.701385
Validation accuracy: 0.982975
Test accuracy: 0.984615
Validation loss: 122180.389679
Validation accuracy: 0.983568
Test accuracy: 0.984605
Validation loss: 122823.265991
Validation accuracy: 0.983136
Test accuracy: 0.984534
Validation loss: 122053.218811
Validation accuracy: 0.982804
Test accuracy: 0.985236
Validation loss: 122672.268372
Validation accuracy: 0.982874
Test accuracy: 0.984615
Validation loss: 122434.356628
Validation accuracy: 0.982663
Test accuracy: 0.984411
Validation loss: 122557.519043
Validation accuracy: 0.983116
Test accuracy: 0.984564
Validation loss: 123109.491302
Validation accuracy: 0.983337
Test accuracy: 0.984625
Validation loss: 122584.250061
Validation accuracy: 0.982814
Test accuracy: 0.985307
Validation loss: 122540.705078
Validation accuracy: 0.983548
Test accuracy: 0.985103
Validation loss: 122840.473389
Validation accuracy: 0.982794
Test accuracy: 0.984717
Validation loss: 122564.678955
Validation accuracy: 0.982965
Test accuracy: 0.985002
Validation loss: 121733.378113
Validation accuracy: 0.983005
Test accuracy: 0.985531
Validation loss: 122340.543945
Validation accuracy: 0.983357
Test accuracy: 0.985297
Validation loss: 122057.050659
Validation accuracy: 0.983005
Test accuracy: 0.985022
Training loss: 852326.919403
Training accuracy: 0.993160

Epoch: 17
Validation loss: 122035.957550
Validation accuracy: 0.982412
Test accuracy: 0.984676
Validation loss: 122817.014648
Validation accuracy: 0.983588
Test accuracy: 0.985215
Validation loss: 122446.436829
Validation accuracy: 0.983558
Test accuracy: 0.984666
Validation loss: 122030.012024
Validation accuracy: 0.983789
Test accuracy: 0.984534
Validation loss: 122137.419800
Validation accuracy: 0.983809
Test accuracy: 0.984859
Validation loss: 122287.804321
Validation accuracy: 0.983809
Test accuracy: 0.984615
Validation loss: 122902.671509
Validation accuracy: 0.984614
Test accuracy: 0.985154
Validation loss: 122739.446228
Validation accuracy: 0.984051
Test accuracy: 0.985612
Validation loss: 122213.008636
Validation accuracy: 0.982965
Test accuracy: 0.985073
Validation loss: 122473.898193
Validation accuracy: 0.983478
Test accuracy: 0.985083
Validation loss: 122563.880859
Validation accuracy: 0.983377
Test accuracy: 0.984961
Validation loss: 122853.832550
Validation accuracy: 0.983146
Test accuracy: 0.985205
Validation loss: 122080.198792
Validation accuracy: 0.983015
Test accuracy: 0.984645
Validation loss: 122906.318970
Validation accuracy: 0.983065
Test accuracy: 0.984961
Validation loss: 123479.912781
Validation accuracy: 0.984071
Test accuracy: 0.985358
Validation loss: 122332.482239
Validation accuracy: 0.983236
Test accuracy: 0.985134
Validation loss: 122834.018005
Validation accuracy: 0.984041
Test accuracy: 0.985429
Validation loss: 122672.922943
Validation accuracy: 0.983045
Test accuracy: 0.985002
Validation loss: 122678.232330
Validation accuracy: 0.983116
Test accuracy: 0.984768
Training loss: 851324.435303
Training accuracy: 0.993373

Epoch: 18
Validation loss: 122512.642059
Validation accuracy: 0.983789
Test accuracy: 0.984859
Validation loss: 122648.280701
Validation accuracy: 0.984091
Test accuracy: 0.984951
Validation loss: 122656.474091
Validation accuracy: 0.982633
Test accuracy: 0.984249
Validation loss: 123040.009705
Validation accuracy: 0.983538
Test accuracy: 0.984961
Validation loss: 122199.075867
Validation accuracy: 0.984644
Test accuracy: 0.984818
Validation loss: 121984.945526
Validation accuracy: 0.983317
Test accuracy: 0.984666
Validation loss: 122327.592224
Validation accuracy: 0.983980
Test accuracy: 0.985307
Validation loss: 122361.846313
Validation accuracy: 0.984031
Test accuracy: 0.984462
Validation loss: 122139.236389
Validation accuracy: 0.983920
Test accuracy: 0.984849
Validation loss: 122238.569763
Validation accuracy: 0.983327
Test accuracy: 0.984645
Validation loss: 122245.252441
Validation accuracy: 0.984202
Test accuracy: 0.984981
Validation loss: 122599.957520
Validation accuracy: 0.983870
Test accuracy: 0.985103
Validation loss: 122557.280090
Validation accuracy: 0.983538
Test accuracy: 0.985124
Validation loss: 123081.283722
Validation accuracy: 0.983739
Test accuracy: 0.985419
Validation loss: 122164.246429
Validation accuracy: 0.982593
Test accuracy: 0.984808
Validation loss: 122461.436920
Validation accuracy: 0.982251
Test accuracy: 0.985164
Validation loss: 122554.476990
Validation accuracy: 0.983498
Test accuracy: 0.985643
Validation loss: 122494.209106
Validation accuracy: 0.983558
Test accuracy: 0.985073
Validation loss: 122525.311707
Validation accuracy: 0.983508
Test accuracy: 0.984676
Training loss: 852803.172211
Training accuracy: 0.993758

Epoch: 19
Validation loss: 122081.790466
Validation accuracy: 0.983468
Test accuracy: 0.985144
Validation loss: 122817.979370
Validation accuracy: 0.983166
Test accuracy: 0.985368
Validation loss: 122358.504639
Validation accuracy: 0.983196
Test accuracy: 0.985164
Validation loss: 122096.561218
Validation accuracy: 0.983055
Test accuracy: 0.983903
Validation loss: 122414.131989
Validation accuracy: 0.983498
Test accuracy: 0.984859
Validation loss: 121601.578857
Validation accuracy: 0.982794
Test accuracy: 0.984839
Validation loss: 122182.908630
Validation accuracy: 0.982914
Test accuracy: 0.984798
Validation loss: 123125.638062
Validation accuracy: 0.982552
Test accuracy: 0.985063
Validation loss: 122884.344177
Validation accuracy: 0.983799
Test accuracy: 0.985348
Validation loss: 122614.520813
Validation accuracy: 0.983417
Test accuracy: 0.984991
Validation loss: 122294.714294
Validation accuracy: 0.984332
Test accuracy: 0.985063
Validation loss: 122186.858093
Validation accuracy: 0.983447
Test accuracy: 0.985103
Validation loss: 122661.439026
Validation accuracy: 0.984011
Test accuracy: 0.985327
Validation loss: 122852.915283
Validation accuracy: 0.983075
Test accuracy: 0.985490
Validation loss: 122277.476257
Validation accuracy: 0.983256
Test accuracy: 0.984737
Validation loss: 122096.921631
Validation accuracy: 0.983588
Test accuracy: 0.985002
Validation loss: 122992.648895
Validation accuracy: 0.982432
Test accuracy: 0.984208
Validation loss: 123107.304993
Validation accuracy: 0.983266
Test accuracy: 0.985103
Validation loss: 122783.350494
Validation accuracy: 0.983608
Test accuracy: 0.985022
Training loss: 852225.900391
Training accuracy: 0.993988

Epoch: 20
Validation loss: 123204.818726
Validation accuracy: 0.983015
Test accuracy: 0.985266
Validation loss: 122180.950165
Validation accuracy: 0.983347
Test accuracy: 0.985164
Validation loss: 122376.608246
Validation accuracy: 0.983417
Test accuracy: 0.985134
Validation loss: 123225.461212
Validation accuracy: 0.983337
Test accuracy: 0.985093
Validation loss: 122741.132507
Validation accuracy: 0.983538
Test accuracy: 0.985510
Validation loss: 122631.031799
Validation accuracy: 0.983669
Test accuracy: 0.985154
Validation loss: 121906.439392
Validation accuracy: 0.983618
Test accuracy: 0.985022
Validation loss: 122602.013245
Validation accuracy: 0.984312
Test accuracy: 0.985683
Validation loss: 121768.009888
Validation accuracy: 0.983759
Test accuracy: 0.985744
Validation loss: 122677.669312
Validation accuracy: 0.982864
Test accuracy: 0.985653
Validation loss: 122575.104065
Validation accuracy: 0.983458
Test accuracy: 0.984411
Validation loss: 122632.430908
Validation accuracy: 0.983488
Test accuracy: 0.985643
Validation loss: 123229.051361
Validation accuracy: 0.983116
Test accuracy: 0.985103
Validation loss: 122699.996307
Validation accuracy: 0.984503
Test accuracy: 0.985032
Validation loss: 122495.276978
Validation accuracy: 0.984433
Test accuracy: 0.985154
Validation loss: 123462.337585
Validation accuracy: 0.984011
Test accuracy: 0.985337
Validation loss: 122580.369751
Validation accuracy: 0.984192
Test accuracy: 0.985765
Validation loss: 122147.259766
Validation accuracy: 0.984071
Test accuracy: 0.984869
Validation loss: 122452.601776
Validation accuracy: 0.983488
Test accuracy: 0.984808
Training loss: 854135.081360
Training accuracy: 0.994308

Epoch: 21
Validation loss: 123143.178253
Validation accuracy: 0.983719
Test accuracy: 0.985124
Validation loss: 122988.530396
Validation accuracy: 0.983518
Test accuracy: 0.985602
Validation loss: 123245.068420
Validation accuracy: 0.983830
Test accuracy: 0.984595
Validation loss: 122061.066010
Validation accuracy: 0.984121
Test accuracy: 0.985317
Validation loss: 123037.933350
Validation accuracy: 0.983206
Test accuracy: 0.984961
Validation loss: 122760.550049
Validation accuracy: 0.984172
Test accuracy: 0.985195
Validation loss: 122922.165649
Validation accuracy: 0.983950
Test accuracy: 0.985378
Validation loss: 123455.571442
Validation accuracy: 0.984292
Test accuracy: 0.984991
Validation loss: 122727.019043
Validation accuracy: 0.984131
Test accuracy: 0.985114
Validation loss: 122476.268433
Validation accuracy: 0.984232
Test accuracy: 0.985459
Validation loss: 123147.682373
Validation accuracy: 0.984242
Test accuracy: 0.985266
Validation loss: 122607.954590
Validation accuracy: 0.983930
Test accuracy: 0.984961
Validation loss: 122373.894104
Validation accuracy: 0.984493
Test accuracy: 0.985358
Validation loss: 122747.729584
Validation accuracy: 0.983850
Test accuracy: 0.984778
Validation loss: 122211.973938
Validation accuracy: 0.983407
Test accuracy: 0.985551
Validation loss: 122204.934326
Validation accuracy: 0.984192
Test accuracy: 0.984920
Validation loss: 122977.443665
Validation accuracy: 0.983970
Test accuracy: 0.985785
Validation loss: 122864.315918
Validation accuracy: 0.983709
Test accuracy: 0.985592
Validation loss: 122598.606445
Validation accuracy: 0.983799
Test accuracy: 0.985856
Training loss: 850861.764252
Training accuracy: 0.994366

Epoch: 22
Validation loss: 121712.626434
Validation accuracy: 0.983719
Test accuracy: 0.985846
Validation loss: 122237.004272
Validation accuracy: 0.984312
Test accuracy: 0.985541
Validation loss: 123161.476868
Validation accuracy: 0.984091
Test accuracy: 0.985632
Validation loss: 122811.928864
Validation accuracy: 0.983407
Test accuracy: 0.985643
Validation loss: 123090.327789
Validation accuracy: 0.983930
Test accuracy: 0.985490
Validation loss: 122295.134583
Validation accuracy: 0.984212
Test accuracy: 0.985704
Validation loss: 122346.935730
Validation accuracy: 0.984051
Test accuracy: 0.985368
Validation loss: 122346.081970
Validation accuracy: 0.983930
Test accuracy: 0.985022
Validation loss: 122813.369446
Validation accuracy: 0.983729
Test accuracy: 0.985144
Validation loss: 122765.940613
Validation accuracy: 0.984182
Test accuracy: 0.985185
Validation loss: 122598.136322
Validation accuracy: 0.983588
Test accuracy: 0.985622
Validation loss: 122821.213684
Validation accuracy: 0.984463
Test accuracy: 0.985714
Validation loss: 122564.316040
Validation accuracy: 0.984182
Test accuracy: 0.985602
Validation loss: 122531.061462
Validation accuracy: 0.983960
Test accuracy: 0.985022
Validation loss: 122477.998596
Validation accuracy: 0.983860
Test accuracy: 0.985632
Validation loss: 122665.055176
Validation accuracy: 0.984041
Test accuracy: 0.985653
Validation loss: 123294.041077
Validation accuracy: 0.983277
Test accuracy: 0.985470
Validation loss: 122698.750000
Validation accuracy: 0.984091
Test accuracy: 0.985968
Validation loss: 122333.872009
Validation accuracy: 0.983508
Test accuracy: 0.985582
Training loss: 851508.198303
Training accuracy: 0.994362

Epoch: 23
Validation loss: 122738.822510
Validation accuracy: 0.982532
Test accuracy: 0.984584
Validation loss: 122128.991516
Validation accuracy: 0.983468
Test accuracy: 0.985805
Validation loss: 122846.984528
Validation accuracy: 0.984242
Test accuracy: 0.985490
Validation loss: 122531.033142
Validation accuracy: 0.983458
Test accuracy: 0.985307
Validation loss: 122726.556152
Validation accuracy: 0.984202
Test accuracy: 0.985551
Validation loss: 122404.658020
Validation accuracy: 0.983558
Test accuracy: 0.985459
Validation loss: 122951.311157
Validation accuracy: 0.984383
Test accuracy: 0.985286
Validation loss: 123498.975891
Validation accuracy: 0.983146
Test accuracy: 0.985582
Validation loss: 123038.875458
Validation accuracy: 0.983850
Test accuracy: 0.985887
Validation loss: 123004.254395
Validation accuracy: 0.983749
Test accuracy: 0.985826
Validation loss: 122779.690491
Validation accuracy: 0.983458
Test accuracy: 0.985785
Validation loss: 122677.003296
Validation accuracy: 0.984021
Test accuracy: 0.985541
Validation loss: 122776.192383
Validation accuracy: 0.983679
Test accuracy: 0.985897
Validation loss: 122682.134674
Validation accuracy: 0.983106
Test accuracy: 0.984951
Validation loss: 123043.200867
Validation accuracy: 0.984091
Test accuracy: 0.985205
Validation loss: 122914.618286
Validation accuracy: 0.984272
Test accuracy: 0.985480
Validation loss: 122811.742676
Validation accuracy: 0.983719
Test accuracy: 0.985643
Validation loss: 122700.296448
Validation accuracy: 0.983809
Test accuracy: 0.985805
Validation loss: 122683.343201
Validation accuracy: 0.983407
Test accuracy: 0.985704
Training loss: 849805.279602
Training accuracy: 0.994846

Epoch: 24
Validation loss: 122878.583801
Validation accuracy: 0.983920
Test accuracy: 0.985907
Validation loss: 123043.304321
Validation accuracy: 0.983246
Test accuracy: 0.985582
Validation loss: 122312.412964
Validation accuracy: 0.983367
Test accuracy: 0.984717
Validation loss: 122544.560364
Validation accuracy: 0.983759
Test accuracy: 0.985602
Validation loss: 122001.089661
Validation accuracy: 0.984523
Test accuracy: 0.985409
Validation loss: 122585.020233
Validation accuracy: 0.984785
Test accuracy: 0.985470
Validation loss: 123294.011719
Validation accuracy: 0.984363
Test accuracy: 0.985602
Validation loss: 121977.135010
Validation accuracy: 0.984061
Test accuracy: 0.985602
Validation loss: 121309.423889
Validation accuracy: 0.984222
Test accuracy: 0.985480
Validation loss: 122968.169617
Validation accuracy: 0.984544
Test accuracy: 0.985693
Validation loss: 122623.844849
Validation accuracy: 0.984674
Test accuracy: 0.986090
Validation loss: 122703.908997
Validation accuracy: 0.983508
Test accuracy: 0.985673
Validation loss: 122300.196899
Validation accuracy: 0.984192
Test accuracy: 0.985683
Validation loss: 122603.035461
Validation accuracy: 0.984292
Test accuracy: 0.985459
Validation loss: 122808.153687
Validation accuracy: 0.985328
Test accuracy: 0.985388
Validation loss: 122245.963379
Validation accuracy: 0.983618
Test accuracy: 0.984483
Validation loss: 122401.497986
Validation accuracy: 0.984141
Test accuracy: 0.985826
Validation loss: 122502.893005
Validation accuracy: 0.984222
Test accuracy: 0.985632
Validation loss: 121360.187347
Validation accuracy: 0.983970
Test accuracy: 0.985114
Training loss: 850590.029480
Training accuracy: 0.994843

Epoch: 25
Validation loss: 123441.290680
Validation accuracy: 0.984584
Test accuracy: 0.984534
Validation loss: 122949.997314
Validation accuracy: 0.984554
Test accuracy: 0.985551
Validation loss: 123303.434906
Validation accuracy: 0.984956
Test accuracy: 0.986172
Validation loss: 122769.461914
Validation accuracy: 0.984272
Test accuracy: 0.986355
Validation loss: 123081.146362
Validation accuracy: 0.984433
Test accuracy: 0.984981
Validation loss: 122434.649841
Validation accuracy: 0.984182
Test accuracy: 0.985063
Validation loss: 122342.994934
Validation accuracy: 0.984443
Test accuracy: 0.986304
Validation loss: 123051.360107
Validation accuracy: 0.984403
Test accuracy: 0.985917
Validation loss: 123061.614624
Validation accuracy: 0.984051
Test accuracy: 0.985256
Validation loss: 121264.474548
Validation accuracy: 0.983709
Test accuracy: 0.985826
Validation loss: 122258.745667
Validation accuracy: 0.983427
Test accuracy: 0.984981
Validation loss: 123715.502258
Validation accuracy: 0.984192
Test accuracy: 0.984788
Validation loss: 122683.429016
Validation accuracy: 0.984232
Test accuracy: 0.985744
Validation loss: 122217.712524
Validation accuracy: 0.984715
Test accuracy: 0.985215
Validation loss: 123195.094849
Validation accuracy: 0.984051
Test accuracy: 0.984757
Validation loss: 122379.195679
Validation accuracy: 0.984554
Test accuracy: 0.986029
Validation loss: 121914.300171
Validation accuracy: 0.984172
Test accuracy: 0.985348
Validation loss: 122037.815613
Validation accuracy: 0.984453
Test accuracy: 0.986212
Validation loss: 122447.101990
Validation accuracy: 0.984483
Test accuracy: 0.985866
Training loss: 850420.190125
Training accuracy: 0.995054

Epoch: 26
Validation loss: 122189.103149
Validation accuracy: 0.984835
Test accuracy: 0.985663
Validation loss: 122930.950745
Validation accuracy: 0.983900
Test accuracy: 0.986060
Validation loss: 122359.057373
Validation accuracy: 0.984353
Test accuracy: 0.985755
Validation loss: 122763.921631
Validation accuracy: 0.984141
Test accuracy: 0.985816
Validation loss: 122559.314087
Validation accuracy: 0.984212
Test accuracy: 0.985805
Validation loss: 123297.543152
Validation accuracy: 0.984232
Test accuracy: 0.985673
Validation loss: 121968.716309
Validation accuracy: 0.984182
Test accuracy: 0.986304
Validation loss: 123227.214539
Validation accuracy: 0.984845
Test accuracy: 0.985897
Validation loss: 121911.135529
Validation accuracy: 0.984262
Test accuracy: 0.985907
Validation loss: 122609.339294
Validation accuracy: 0.984825
Test accuracy: 0.985571
Validation loss: 122728.793213
Validation accuracy: 0.984383
Test accuracy: 0.985744
Validation loss: 123083.101746
Validation accuracy: 0.984624
Test accuracy: 0.985989
Validation loss: 122327.387695
Validation accuracy: 0.984121
Test accuracy: 0.985276
Validation loss: 122705.841370
Validation accuracy: 0.984453
Test accuracy: 0.985724
Validation loss: 122751.478546
Validation accuracy: 0.984765
Test accuracy: 0.985327
Validation loss: 122324.142578
Validation accuracy: 0.984644
Test accuracy: 0.985846
Validation loss: 122417.073486
Validation accuracy: 0.984614
Test accuracy: 0.985286
Validation loss: 122940.273438
Validation accuracy: 0.984423
Test accuracy: 0.985602
Validation loss: 123491.993042
Validation accuracy: 0.984403
Test accuracy: 0.985653
Training loss: 850380.742432
Training accuracy: 0.995052

Epoch: 27
Validation loss: 122199.420105
Validation accuracy: 0.985006
Test accuracy: 0.986202
Validation loss: 122552.234558
Validation accuracy: 0.984684
Test accuracy: 0.985225
Validation loss: 122150.738464
Validation accuracy: 0.984202
Test accuracy: 0.985286
Validation loss: 122612.608521
Validation accuracy: 0.983840
Test accuracy: 0.985755
Validation loss: 123482.413757
Validation accuracy: 0.984071
Test accuracy: 0.985398
Validation loss: 123083.337524
Validation accuracy: 0.984443
Test accuracy: 0.985358
Validation loss: 122972.546936
Validation accuracy: 0.983789
Test accuracy: 0.985470
Validation loss: 123037.531555
Validation accuracy: 0.984584
Test accuracy: 0.985419
Validation loss: 122944.541382
Validation accuracy: 0.984242
Test accuracy: 0.986355
Validation loss: 123063.035706
Validation accuracy: 0.984896
Test accuracy: 0.986426
Validation loss: 122792.953369
Validation accuracy: 0.983548
Test accuracy: 0.986019
Validation loss: 122782.751282
Validation accuracy: 0.984544
Test accuracy: 0.986111
Validation loss: 122742.340790
Validation accuracy: 0.984664
Test accuracy: 0.985856
Validation loss: 122603.736389
Validation accuracy: 0.984534
Test accuracy: 0.986151
Validation loss: 122825.022156
Validation accuracy: 0.984172
Test accuracy: 0.985449
Validation loss: 121935.416138
Validation accuracy: 0.984483
Test accuracy: 0.986202
Validation loss: 123227.865021
Validation accuracy: 0.983880
Test accuracy: 0.985775
Validation loss: 122803.406830
Validation accuracy: 0.984554
Test accuracy: 0.985999
Validation loss: 122645.388489
Validation accuracy: 0.984272
Test accuracy: 0.986151
Training loss: 849906.627533
Training accuracy: 0.995473

Epoch: 28
Validation loss: 122518.114807
Validation accuracy: 0.984192
Test accuracy: 0.985358
Validation loss: 122764.894104
Validation accuracy: 0.983980
Test accuracy: 0.985225
Validation loss: 122771.499908
Validation accuracy: 0.984825
Test accuracy: 0.985877
Validation loss: 123477.414246
Validation accuracy: 0.984212
Test accuracy: 0.985531
Validation loss: 123041.829773
Validation accuracy: 0.983106
Test accuracy: 0.985042
Validation loss: 122772.415710
Validation accuracy: 0.984252
Test accuracy: 0.985765
Validation loss: 122813.320068
Validation accuracy: 0.984383
Test accuracy: 0.985826
Validation loss: 122404.378235
Validation accuracy: 0.984513
Test accuracy: 0.985459
Validation loss: 122655.332336
Validation accuracy: 0.984745
Test accuracy: 0.985510
Validation loss: 122679.575928
Validation accuracy: 0.983749
Test accuracy: 0.985744
Validation loss: 123266.807556
Validation accuracy: 0.985278
Test accuracy: 0.985958
Validation loss: 122856.215759
Validation accuracy: 0.984644
Test accuracy: 0.985928
Validation loss: 122309.470642
Validation accuracy: 0.983980
Test accuracy: 0.985256
Validation loss: 123185.999908
Validation accuracy: 0.983488
Test accuracy: 0.985826
Validation loss: 123153.823975
Validation accuracy: 0.984483
Test accuracy: 0.986172
Validation loss: 123507.654358
Validation accuracy: 0.984644
Test accuracy: 0.985816
Validation loss: 122825.287292
Validation accuracy: 0.984161
Test accuracy: 0.985459
Validation loss: 123474.502258
Validation accuracy: 0.984644
Test accuracy: 0.985276
Validation loss: 123210.192078
Validation accuracy: 0.985137
Test accuracy: 0.986212
Training loss: 851487.915222
Training accuracy: 0.995518

Epoch: 29
Validation loss: 122532.910339
Validation accuracy: 0.985117
Test accuracy: 0.986223
Validation loss: 122344.794189
Validation accuracy: 0.984634
Test accuracy: 0.985439
Validation loss: 124169.127960
Validation accuracy: 0.984192
Test accuracy: 0.985724
Validation loss: 122824.410858
Validation accuracy: 0.984262
Test accuracy: 0.985663
Validation loss: 122893.860596
Validation accuracy: 0.983890
Test accuracy: 0.985500
Validation loss: 122612.892548
Validation accuracy: 0.984634
Test accuracy: 0.985286
Validation loss: 122798.227905
Validation accuracy: 0.984644
Test accuracy: 0.986355
Validation loss: 122735.462708
Validation accuracy: 0.984594
Test accuracy: 0.985785
Validation loss: 123503.664001
Validation accuracy: 0.984715
Test accuracy: 0.985938
Validation loss: 122918.340546
Validation accuracy: 0.984463
Test accuracy: 0.985734
Validation loss: 123128.424591
Validation accuracy: 0.984483
Test accuracy: 0.986009
Validation loss: 123304.335083
Validation accuracy: 0.985097
Test accuracy: 0.986151
Validation loss: 122744.079346
Validation accuracy: 0.984966
Test accuracy: 0.985419
Validation loss: 122236.003143
Validation accuracy: 0.983679
Test accuracy: 0.985602
Validation loss: 122461.954834
Validation accuracy: 0.984443
Test accuracy: 0.986101
Validation loss: 122233.176117
Validation accuracy: 0.984302
Test accuracy: 0.985154
Validation loss: 122513.337250
Validation accuracy: 0.984745
Test accuracy: 0.985510
Validation loss: 122576.883911
Validation accuracy: 0.984493
Test accuracy: 0.985836
Validation loss: 122738.443420
Validation accuracy: 0.984503
Test accuracy: 0.985643
Training loss: 847676.283173
Training accuracy: 0.995709

Epoch: 30
Validation loss: 121886.296509
Validation accuracy: 0.984433
Test accuracy: 0.986101
Validation loss: 122262.082336
Validation accuracy: 0.984383
Test accuracy: 0.986212
Validation loss: 122345.355835
Validation accuracy: 0.984604
Test accuracy: 0.986396
Validation loss: 122993.443176
Validation accuracy: 0.984805
Test accuracy: 0.985734
Validation loss: 122779.443359
Validation accuracy: 0.983890
Test accuracy: 0.986345
Validation loss: 123311.064148
Validation accuracy: 0.983015
Test accuracy: 0.985032
Validation loss: 122482.124634
Validation accuracy: 0.984624
Test accuracy: 0.985551
Validation loss: 122927.843689
Validation accuracy: 0.984182
Test accuracy: 0.985398
Validation loss: 123552.052917
Validation accuracy: 0.984966
Test accuracy: 0.985673
Validation loss: 122653.781403
Validation accuracy: 0.984473
Test accuracy: 0.985571
Validation loss: 123335.642578
Validation accuracy: 0.984534
Test accuracy: 0.985826
Validation loss: 122979.655823
Validation accuracy: 0.984704
Test accuracy: 0.985887
Validation loss: 123213.948425
Validation accuracy: 0.984785
Test accuracy: 0.985866
Validation loss: 122240.002533
Validation accuracy: 0.985549
Test accuracy: 0.986324
Validation loss: 122443.407166
Validation accuracy: 0.984875
Test accuracy: 0.986009
Validation loss: 122347.058167
Validation accuracy: 0.984604
Test accuracy: 0.985805
Validation loss: 123525.699829
Validation accuracy: 0.984936
Test accuracy: 0.985816
Validation loss: 122800.488220
Validation accuracy: 0.984855
Test accuracy: 0.986335
Validation loss: 122190.841003
Validation accuracy: 0.984805
Test accuracy: 0.986446
Training loss: 849624.864014
Training accuracy: 0.995691

Epoch: 31
Validation loss: 122262.453278
Validation accuracy: 0.984986
Test accuracy: 0.986192
Validation loss: 123409.935974
Validation accuracy: 0.984564
Test accuracy: 0.986060
Validation loss: 123377.681885
Validation accuracy: 0.985016
Test accuracy: 0.986060
Validation loss: 122928.651917
Validation accuracy: 0.984644
Test accuracy: 0.985317
Validation loss: 123115.705505
Validation accuracy: 0.984463
Test accuracy: 0.985999
Validation loss: 122811.894226
Validation accuracy: 0.984151
Test accuracy: 0.985744
Validation loss: 122833.666138
Validation accuracy: 0.983618
Test accuracy: 0.985032
Validation loss: 122931.794312
Validation accuracy: 0.984745
Test accuracy: 0.985724
Validation loss: 123091.889801
Validation accuracy: 0.984654
Test accuracy: 0.986212
Validation loss: 122289.321167
Validation accuracy: 0.984785
Test accuracy: 0.985602
Validation loss: 122584.847137
Validation accuracy: 0.984001
Test accuracy: 0.985002
Validation loss: 123293.427826
Validation accuracy: 0.984503
Test accuracy: 0.985551
Validation loss: 122459.269836
Validation accuracy: 0.984614
Test accuracy: 0.985917
Validation loss: 124058.799103
Validation accuracy: 0.984413
Test accuracy: 0.986263
Validation loss: 123329.465057
Validation accuracy: 0.984483
Test accuracy: 0.985765
Validation loss: 122550.241028
Validation accuracy: 0.984604
Test accuracy: 0.985602
Validation loss: 122536.637268
Validation accuracy: 0.985006
Test accuracy: 0.986060
Validation loss: 123054.735657
Validation accuracy: 0.984765
Test accuracy: 0.985836
Validation loss: 123085.515198
Validation accuracy: 0.984594
Test accuracy: 0.986101
Training loss: 849423.374756
Training accuracy: 0.995632

Epoch: 32
Validation loss: 122599.310059
Validation accuracy: 0.984011
Test accuracy: 0.985948
Validation loss: 123042.170166
Validation accuracy: 0.984172
Test accuracy: 0.985612
Validation loss: 123106.646545
Validation accuracy: 0.984031
Test accuracy: 0.985103
Validation loss: 123217.168030
Validation accuracy: 0.984916
Test accuracy: 0.985907
Validation loss: 123040.719971
Validation accuracy: 0.985207
Test accuracy: 0.985653
Validation loss: 122904.324646
Validation accuracy: 0.984332
Test accuracy: 0.985582
Validation loss: 122713.068542
Validation accuracy: 0.984483
Test accuracy: 0.985459
Validation loss: 123403.145386
Validation accuracy: 0.983940
Test accuracy: 0.985012
Validation loss: 122338.783539
Validation accuracy: 0.984946
Test accuracy: 0.985683
Validation loss: 122464.269348
Validation accuracy: 0.984554
Test accuracy: 0.985134
Validation loss: 122854.226562
Validation accuracy: 0.983598
Test accuracy: 0.985124
Validation loss: 122396.522552
Validation accuracy: 0.984896
Test accuracy: 0.985928
Validation loss: 122992.842896
Validation accuracy: 0.984403
Test accuracy: 0.985643
Validation loss: 122362.714233
Validation accuracy: 0.984071
Test accuracy: 0.985134
Validation loss: 122779.727173
Validation accuracy: 0.984654
Test accuracy: 0.985836
Validation loss: 122902.610352
Validation accuracy: 0.984202
Test accuracy: 0.985663
Validation loss: 122661.806274
Validation accuracy: 0.984242
Test accuracy: 0.985205
Validation loss: 122998.537537
Validation accuracy: 0.984262
Test accuracy: 0.985795
Validation loss: 123085.122803
Validation accuracy: 0.984001
Test accuracy: 0.985765
Training loss: 848977.058411
Training accuracy: 0.995640

Epoch: 33
Validation loss: 122513.999634
Validation accuracy: 0.983960
Test accuracy: 0.985877
Validation loss: 123270.904785
Validation accuracy: 0.984101
Test accuracy: 0.985714
Validation loss: 123026.982788
Validation accuracy: 0.984182
Test accuracy: 0.985632
Validation loss: 122413.211365
Validation accuracy: 0.984916
Test accuracy: 0.985866
Validation loss: 123247.908447
Validation accuracy: 0.983739
Test accuracy: 0.985775
Validation loss: 122276.686279
Validation accuracy: 0.984322
Test accuracy: 0.985653
Validation loss: 123377.501343
Validation accuracy: 0.983970
Test accuracy: 0.985755
Validation loss: 122941.147034
Validation accuracy: 0.984373
Test accuracy: 0.985755
Validation loss: 122855.642029
Validation accuracy: 0.984483
Test accuracy: 0.985704
Validation loss: 122377.640747
Validation accuracy: 0.984483
Test accuracy: 0.985683
Validation loss: 122971.124451
Validation accuracy: 0.984393
Test accuracy: 0.985856
Validation loss: 122836.141296
Validation accuracy: 0.983930
Test accuracy: 0.985938
Validation loss: 123357.920776
Validation accuracy: 0.984322
Test accuracy: 0.985398
Validation loss: 122978.189392
Validation accuracy: 0.985137
Test accuracy: 0.985856
Validation loss: 123148.643250
Validation accuracy: 0.984413
Test accuracy: 0.986619
Validation loss: 123180.043671
Validation accuracy: 0.984926
Test accuracy: 0.985917
Validation loss: 123231.686340
Validation accuracy: 0.985167
Test accuracy: 0.985795
Validation loss: 123014.402222
Validation accuracy: 0.984503
Test accuracy: 0.985500
Validation loss: 122917.602356
Validation accuracy: 0.984453
Test accuracy: 0.985887
Training loss: 848855.822052
Training accuracy: 0.995804

Epoch: 34
Validation loss: 122649.038452
Validation accuracy: 0.984182
Test accuracy: 0.985531
Validation loss: 123180.163269
Validation accuracy: 0.985016
Test accuracy: 0.986406
Validation loss: 122672.916687
Validation accuracy: 0.984443
Test accuracy: 0.985897
Validation loss: 124077.236816
Validation accuracy: 0.983860
Test accuracy: 0.985907
Validation loss: 122887.492371
Validation accuracy: 0.984564
Test accuracy: 0.986101
Validation loss: 122966.634949
Validation accuracy: 0.984091
Test accuracy: 0.985612
Validation loss: 123456.489197
Validation accuracy: 0.983960
Test accuracy: 0.985785
Validation loss: 123245.169525
Validation accuracy: 0.984694
Test accuracy: 0.986263
Validation loss: 123051.813354
Validation accuracy: 0.984493
Test accuracy: 0.985826
Validation loss: 122937.703552
Validation accuracy: 0.984906
Test accuracy: 0.985877
Validation loss: 122671.976562
Validation accuracy: 0.984423
Test accuracy: 0.986508
Validation loss: 122623.365784
Validation accuracy: 0.984825
Test accuracy: 0.985683
Validation loss: 123263.490295
Validation accuracy: 0.985127
Test accuracy: 0.985582
Validation loss: 122922.913879
Validation accuracy: 0.984151
Test accuracy: 0.985958
Validation loss: 122731.504395
Validation accuracy: 0.984624
Test accuracy: 0.985490
Validation loss: 123457.300598
Validation accuracy: 0.985056
Test accuracy: 0.986263
Validation loss: 123494.172668
Validation accuracy: 0.984332
Test accuracy: 0.985368
Validation loss: 123299.765717
Validation accuracy: 0.984805
Test accuracy: 0.986050
Validation loss: 122680.868958
Validation accuracy: 0.984815
Test accuracy: 0.985816
Training loss: 848364.276794
Training accuracy: 0.995758

Epoch: 35
Validation loss: 122987.621338
Validation accuracy: 0.984594
Test accuracy: 0.986528
Validation loss: 122696.804810
Validation accuracy: 0.984564
Test accuracy: 0.985704
Validation loss: 123501.148010
Validation accuracy: 0.985227
Test accuracy: 0.985663
Validation loss: 123259.770203
Validation accuracy: 0.983417
Test accuracy: 0.984798
Validation loss: 123340.636108
Validation accuracy: 0.984312
Test accuracy: 0.985866
Validation loss: 123308.481079
Validation accuracy: 0.984493
Test accuracy: 0.986263
Validation loss: 123029.183838
Validation accuracy: 0.984966
Test accuracy: 0.985989
Validation loss: 123118.763428
Validation accuracy: 0.984111
Test accuracy: 0.985378
Validation loss: 123320.267151
Validation accuracy: 0.984222
Test accuracy: 0.985531
Validation loss: 123545.205750
Validation accuracy: 0.984312
Test accuracy: 0.985490
Validation loss: 122885.643250
Validation accuracy: 0.984946
Test accuracy: 0.985978
Validation loss: 123759.243835
Validation accuracy: 0.984262
Test accuracy: 0.986060
Validation loss: 122428.163818
Validation accuracy: 0.985187
Test accuracy: 0.985337
Validation loss: 122683.075378
Validation accuracy: 0.984986
Test accuracy: 0.985195
Validation loss: 122718.260071
Validation accuracy: 0.984875
Test accuracy: 0.986355
Validation loss: 122689.682953
Validation accuracy: 0.984906
Test accuracy: 0.985734
Validation loss: 122634.437775
Validation accuracy: 0.984554
Test accuracy: 0.985948
Validation loss: 123135.989929
Validation accuracy: 0.984584
Test accuracy: 0.986701
Validation loss: 123510.625671
Validation accuracy: 0.983739
Test accuracy: 0.985948
Training loss: 850531.121124
Training accuracy: 0.995922

Epoch: 36
Validation loss: 123411.022339
Validation accuracy: 0.984956
Test accuracy: 0.986050
Validation loss: 123469.442688
Validation accuracy: 0.985067
Test accuracy: 0.986182
Validation loss: 122615.069214
Validation accuracy: 0.984433
Test accuracy: 0.986436
Validation loss: 122956.919067
Validation accuracy: 0.984614
Test accuracy: 0.986050
Validation loss: 122876.684875
Validation accuracy: 0.984312
Test accuracy: 0.986324
Validation loss: 122273.538879
Validation accuracy: 0.984704
Test accuracy: 0.986263
Validation loss: 122535.862915
Validation accuracy: 0.984101
Test accuracy: 0.985388
Validation loss: 123011.789551
Validation accuracy: 0.985107
Test accuracy: 0.985948
Validation loss: 122588.421692
Validation accuracy: 0.985600
Test accuracy: 0.986101
Validation loss: 122952.849426
Validation accuracy: 0.985036
Test accuracy: 0.985765
Validation loss: 123412.404602
Validation accuracy: 0.985117
Test accuracy: 0.985907
Validation loss: 123442.924622
Validation accuracy: 0.984916
Test accuracy: 0.985826
Validation loss: 122891.612976
Validation accuracy: 0.984936
Test accuracy: 0.985459
Validation loss: 122740.523987
Validation accuracy: 0.984684
Test accuracy: 0.985103
Validation loss: 123353.395447
Validation accuracy: 0.984584
Test accuracy: 0.985785
Validation loss: 122879.701294
Validation accuracy: 0.984393
Test accuracy: 0.985124
Validation loss: 123102.124512
Validation accuracy: 0.984825
Test accuracy: 0.986050
Validation loss: 123443.882538
Validation accuracy: 0.985268
Test accuracy: 0.985032
Validation loss: 122915.221252
Validation accuracy: 0.985016
Test accuracy: 0.986263
Training loss: 848836.521057
Training accuracy: 0.995696

Epoch: 37
Validation loss: 123156.610474
Validation accuracy: 0.984916
Test accuracy: 0.985968
Validation loss: 123422.270813
Validation accuracy: 0.984453
Test accuracy: 0.985286
Validation loss: 122845.314697
Validation accuracy: 0.984182
Test accuracy: 0.985002
Validation loss: 122275.121277
Validation accuracy: 0.984272
Test accuracy: 0.985297
Validation loss: 123043.024109
Validation accuracy: 0.984775
Test accuracy: 0.985602
Validation loss: 122785.532715
Validation accuracy: 0.984433
Test accuracy: 0.985907
Validation loss: 123062.146667
Validation accuracy: 0.983799
Test accuracy: 0.986029
Validation loss: 123421.929321
Validation accuracy: 0.984684
Test accuracy: 0.985582
Validation loss: 123553.057495
Validation accuracy: 0.984172
Test accuracy: 0.985948
Validation loss: 123499.466370
Validation accuracy: 0.984051
Test accuracy: 0.985317
Validation loss: 122759.427490
Validation accuracy: 0.984785
Test accuracy: 0.985826
Validation loss: 123246.474548
Validation accuracy: 0.984674
Test accuracy: 0.985734
Validation loss: 123533.261627
Validation accuracy: 0.985730
Test accuracy: 0.985897
Validation loss: 121511.645782
Validation accuracy: 0.984624
Test accuracy: 0.985744
Validation loss: 123919.210876
Validation accuracy: 0.984403
Test accuracy: 0.984890
Validation loss: 123064.780792
Validation accuracy: 0.985227
Test accuracy: 0.985826
Validation loss: 123019.265930
Validation accuracy: 0.984735
Test accuracy: 0.985846
Validation loss: 123036.473999
Validation accuracy: 0.984322
Test accuracy: 0.985673
Validation loss: 122794.010803
Validation accuracy: 0.984141
Test accuracy: 0.985500
Training loss: 849095.432007
Training accuracy: 0.995923

Epoch: 38
Validation loss: 122339.198364
Validation accuracy: 0.984503
Test accuracy: 0.985846
Validation loss: 123637.772034
Validation accuracy: 0.984302
Test accuracy: 0.985907
Validation loss: 122657.210022
Validation accuracy: 0.984312
Test accuracy: 0.986060
Validation loss: 122001.974335
Validation accuracy: 0.985016
Test accuracy: 0.986528
Validation loss: 123039.550720
Validation accuracy: 0.984312
Test accuracy: 0.985653
Validation loss: 123123.472168
Validation accuracy: 0.985268
Test accuracy: 0.986029
Validation loss: 123461.928650
Validation accuracy: 0.984161
Test accuracy: 0.985765
Validation loss: 123940.397095
Validation accuracy: 0.984875
Test accuracy: 0.985968
Validation loss: 123096.735535
Validation accuracy: 0.985197
Test accuracy: 0.986192
Validation loss: 123160.176697
Validation accuracy: 0.984051
Test accuracy: 0.985887
Validation loss: 122994.148315
Validation accuracy: 0.984855
Test accuracy: 0.985836
Validation loss: 123778.704712
Validation accuracy: 0.984353
Test accuracy: 0.986039
Validation loss: 123574.137573
Validation accuracy: 0.984966
Test accuracy: 0.985195
Validation loss: 122689.709045
Validation accuracy: 0.984735
Test accuracy: 0.985602
Validation loss: 122333.863159
Validation accuracy: 0.984453
Test accuracy: 0.985439
Validation loss: 123160.061890
Validation accuracy: 0.983297
Test accuracy: 0.985164
Validation loss: 123783.379364
Validation accuracy: 0.984473
Test accuracy: 0.985459
Validation loss: 122593.754974
Validation accuracy: 0.983970
Test accuracy: 0.985409
Validation loss: 123450.371429
Validation accuracy: 0.984161
Test accuracy: 0.984930
Training loss: 850167.627029
Training accuracy: 0.995939

Epoch: 39
Validation loss: 123006.100586
Validation accuracy: 0.984111
Test accuracy: 0.985002
Validation loss: 122979.174103
Validation accuracy: 0.983880
Test accuracy: 0.984981
Validation loss: 122913.725098
Validation accuracy: 0.984745
Test accuracy: 0.985429
Validation loss: 122354.614197
Validation accuracy: 0.984916
Test accuracy: 0.985938
Validation loss: 123104.217224
Validation accuracy: 0.984986
Test accuracy: 0.985866
Validation loss: 123166.014954
Validation accuracy: 0.984976
Test accuracy: 0.986182
Validation loss: 122666.607971
Validation accuracy: 0.984926
Test accuracy: 0.986304
Validation loss: 122798.453247
Validation accuracy: 0.985298
Test accuracy: 0.986650
Validation loss: 123011.673035
Validation accuracy: 0.984614
Test accuracy: 0.986121
Validation loss: 123263.333862
Validation accuracy: 0.984523
Test accuracy: 0.986528
Validation loss: 123730.585022
Validation accuracy: 0.985036
Test accuracy: 0.985938
Validation loss: 122793.748230
Validation accuracy: 0.985338
Test accuracy: 0.986426
Validation loss: 123601.126404
Validation accuracy: 0.984694
Test accuracy: 0.986792
Validation loss: 123290.946594
Validation accuracy: 0.984634
Test accuracy: 0.985500
Validation loss: 122722.782410
Validation accuracy: 0.984976
Test accuracy: 0.986243
Validation loss: 123560.809418
Validation accuracy: 0.985056
Test accuracy: 0.986304
Validation loss: 123032.839417
Validation accuracy: 0.984584
Test accuracy: 0.986080
Validation loss: 122970.606567
Validation accuracy: 0.985237
Test accuracy: 0.986691
Validation loss: 123459.591736
Validation accuracy: 0.985227
Test accuracy: 0.986436
Training loss: 847566.439011
Training accuracy: 0.996285

Epoch: 40
Validation loss: 123517.922607
Validation accuracy: 0.983890
Test accuracy: 0.985978
Validation loss: 123579.787201
Validation accuracy: 0.984644
Test accuracy: 0.986477
Validation loss: 123949.750000
Validation accuracy: 0.984413
Test accuracy: 0.986080
Validation loss: 123874.558533
Validation accuracy: 0.985016
Test accuracy: 0.985856
Validation loss: 122914.396545
Validation accuracy: 0.984212
Test accuracy: 0.986029
Validation loss: 123137.576416
Validation accuracy: 0.984574
Test accuracy: 0.986172
Validation loss: 123013.618530
Validation accuracy: 0.984725
Test accuracy: 0.985826
Validation loss: 123650.031586
Validation accuracy: 0.984544
Test accuracy: 0.985592
Validation loss: 123353.576904
Validation accuracy: 0.985026
Test accuracy: 0.986263
Validation loss: 122906.909485
Validation accuracy: 0.985408
Test accuracy: 0.986223
Validation loss: 122782.186157
Validation accuracy: 0.984111
Test accuracy: 0.986508
Validation loss: 123262.800659
Validation accuracy: 0.984715
Test accuracy: 0.986365
Validation loss: 123038.232788
Validation accuracy: 0.984946
Test accuracy: 0.985866
Validation loss: 123067.946106
Validation accuracy: 0.985026
Test accuracy: 0.986335
Validation loss: 123797.041565
Validation accuracy: 0.984956
Test accuracy: 0.987118
Validation loss: 123067.878510
Validation accuracy: 0.984151
Test accuracy: 0.986182
Validation loss: 123056.235840
Validation accuracy: 0.984785
Test accuracy: 0.986131
Validation loss: 123458.627625
Validation accuracy: 0.984614
Test accuracy: 0.986711
Validation loss: 123317.967773
Validation accuracy: 0.984493
Test accuracy: 0.985877
Training loss: 850533.144501
Training accuracy: 0.996035

Epoch: 41
Validation loss: 122981.014893
Validation accuracy: 0.984654
Test accuracy: 0.985887
Validation loss: 123287.721130
Validation accuracy: 0.985036
Test accuracy: 0.985948
Validation loss: 123004.624756
Validation accuracy: 0.984413
Test accuracy: 0.986385
Validation loss: 123748.350037
Validation accuracy: 0.984684
Test accuracy: 0.986039
Validation loss: 123082.639526
Validation accuracy: 0.984835
Test accuracy: 0.986151
Validation loss: 123005.031769
Validation accuracy: 0.984926
Test accuracy: 0.986314
Validation loss: 123502.579224
Validation accuracy: 0.984544
Test accuracy: 0.985978
Validation loss: 123100.102051
Validation accuracy: 0.984755
Test accuracy: 0.986223
Validation loss: 123338.101624
Validation accuracy: 0.984896
Test accuracy: 0.985744
Validation loss: 122937.158630
Validation accuracy: 0.984745
Test accuracy: 0.986487
Validation loss: 123548.834473
Validation accuracy: 0.985117
Test accuracy: 0.986253
