Namespace(char='256', dev='19,21', embed='256', filetype='.ner', mlp='512', output='ner_baseline', test='22,24', train='0,18', trainer='sgd', word='256')
Epoch: 0
Validation loss: 278836.647339
Validation accuracy: 0.001146
Test accuracy: 0.000590
Validation loss: 146848.613464
Validation accuracy: 0.905391
Test accuracy: 0.909959
Validation loss: 143530.765381
Validation accuracy: 0.905391
Test accuracy: 0.909959
Validation loss: 144627.958557
Validation accuracy: 0.905391
Test accuracy: 0.909959
Validation loss: 146749.909119
Validation accuracy: 0.878290
Test accuracy: 0.882445
Validation loss: 135045.107117
Validation accuracy: 0.908941
Test accuracy: 0.915290
Validation loss: 134844.209839
Validation accuracy: 0.908217
Test accuracy: 0.913754
Validation loss: 133902.955750
Validation accuracy: 0.913245
Test accuracy: 0.918709
Validation loss: 131625.398132
Validation accuracy: 0.919711
Test accuracy: 0.925506
Validation loss: 133701.554443
Validation accuracy: 0.911214
Test accuracy: 0.917305
Validation loss: 131249.741333
Validation accuracy: 0.922406
Test accuracy: 0.926911
Validation loss: 131505.236267
Validation accuracy: 0.918877
Test accuracy: 0.921518
Validation loss: 130710.786133
Validation accuracy: 0.923181
Test accuracy: 0.928793
Validation loss: 130760.059387
Validation accuracy: 0.917197
Test accuracy: 0.918516
Validation loss: 132241.788696
Validation accuracy: 0.920355
Test accuracy: 0.926443
Validation loss: 130425.739685
Validation accuracy: 0.923693
Test accuracy: 0.930380
Validation loss: 129633.288025
Validation accuracy: 0.926982
Test accuracy: 0.930340
Validation loss: 128592.494812
Validation accuracy: 0.932995
Test accuracy: 0.934023
Validation loss: 129190.940918
Validation accuracy: 0.931296
Test accuracy: 0.932517
Training loss: 950609.296555
Training accuracy: 0.932385

Epoch: 1
Validation loss: 130189.890198
Validation accuracy: 0.926861
Test accuracy: 0.927857
Validation loss: 129660.885498
Validation accuracy: 0.928410
Test accuracy: 0.931754
Validation loss: 128412.563049
Validation accuracy: 0.937159
Test accuracy: 0.941960
Validation loss: 128577.386597
Validation accuracy: 0.935781
Test accuracy: 0.938511
Validation loss: 127531.254761
Validation accuracy: 0.938939
Test accuracy: 0.943039
Validation loss: 128097.599487
Validation accuracy: 0.940658
Test accuracy: 0.944107
Validation loss: 128084.192322
Validation accuracy: 0.940387
Test accuracy: 0.943466
Validation loss: 127598.795959
Validation accuracy: 0.940729
Test accuracy: 0.944524
Validation loss: 128184.194275
Validation accuracy: 0.940638
Test accuracy: 0.943659
Validation loss: 127794.969421
Validation accuracy: 0.939482
Test accuracy: 0.943944
Validation loss: 127149.638794
Validation accuracy: 0.945435
Test accuracy: 0.948096
Validation loss: 127998.651306
Validation accuracy: 0.940316
Test accuracy: 0.945552
Validation loss: 127335.069031
Validation accuracy: 0.945234
Test accuracy: 0.949490
Validation loss: 126660.972961
Validation accuracy: 0.946612
Test accuracy: 0.949917
Validation loss: 127285.244751
Validation accuracy: 0.938788
Test accuracy: 0.941665
Validation loss: 126648.717834
Validation accuracy: 0.949105
Test accuracy: 0.952054
Validation loss: 126950.778625
Validation accuracy: 0.946923
Test accuracy: 0.949103
Validation loss: 127117.557983
Validation accuracy: 0.945877
Test accuracy: 0.948991
Validation loss: 127688.486450
Validation accuracy: 0.942569
Test accuracy: 0.944483
Training loss: 900920.805786
Training accuracy: 0.952782

Epoch: 2
Validation loss: 127440.973206
Validation accuracy: 0.948341
Test accuracy: 0.949093
Validation loss: 126768.974670
Validation accuracy: 0.948965
Test accuracy: 0.950243
Validation loss: 127448.062683
Validation accuracy: 0.945324
Test accuracy: 0.948513
Validation loss: 127012.660889
Validation accuracy: 0.947798
Test accuracy: 0.949948
Validation loss: 126860.477478
Validation accuracy: 0.949940
Test accuracy: 0.951504
Validation loss: 126600.198120
Validation accuracy: 0.952444
Test accuracy: 0.954903
Validation loss: 126411.922729
Validation accuracy: 0.945415
Test accuracy: 0.949347
Validation loss: 126711.619812
Validation accuracy: 0.950996
Test accuracy: 0.954476
Validation loss: 126656.378540
Validation accuracy: 0.949276
Test accuracy: 0.950517
Validation loss: 126525.789856
Validation accuracy: 0.951227
Test accuracy: 0.952919
Validation loss: 126144.215820
Validation accuracy: 0.953842
Test accuracy: 0.956602
Validation loss: 126868.152771
Validation accuracy: 0.952273
Test accuracy: 0.954415
Validation loss: 125964.204285
Validation accuracy: 0.953822
Test accuracy: 0.956684
Validation loss: 126132.471741
Validation accuracy: 0.954486
Test accuracy: 0.957610
Validation loss: 126396.104431
Validation accuracy: 0.951720
Test accuracy: 0.954242
Validation loss: 126618.225586
Validation accuracy: 0.952957
Test accuracy: 0.954374
Validation loss: 125690.815430
Validation accuracy: 0.955843
Test accuracy: 0.959146
Validation loss: 126429.655518
Validation accuracy: 0.954476
Test accuracy: 0.956348
Validation loss: 126268.473877
Validation accuracy: 0.953088
Test accuracy: 0.952959
Training loss: 891031.494385
Training accuracy: 0.958468

Epoch: 3
Validation loss: 126393.756042
Validation accuracy: 0.954546
Test accuracy: 0.956155
Validation loss: 126161.377075
Validation accuracy: 0.957452
Test accuracy: 0.958719
Validation loss: 125983.312683
Validation accuracy: 0.956326
Test accuracy: 0.956826
Validation loss: 125615.186829
Validation accuracy: 0.958850
Test accuracy: 0.960204
Validation loss: 126123.819397
Validation accuracy: 0.955119
Test accuracy: 0.954842
Validation loss: 124715.353760
Validation accuracy: 0.957221
Test accuracy: 0.959014
Validation loss: 125346.986023
Validation accuracy: 0.957593
Test accuracy: 0.958729
Validation loss: 124706.962891
Validation accuracy: 0.961364
Test accuracy: 0.961598
Validation loss: 125414.859039
Validation accuracy: 0.959041
Test accuracy: 0.961517
Validation loss: 124576.965546
Validation accuracy: 0.959132
Test accuracy: 0.961273
Validation loss: 125209.368958
Validation accuracy: 0.960107
Test accuracy: 0.962443
Validation loss: 124278.938599
Validation accuracy: 0.960580
Test accuracy: 0.961975
Validation loss: 124597.528198
Validation accuracy: 0.958397
Test accuracy: 0.960204
Validation loss: 124576.579102
Validation accuracy: 0.960851
Test accuracy: 0.962677
Validation loss: 125097.673279
Validation accuracy: 0.959946
Test accuracy: 0.962514
Validation loss: 126385.202576
Validation accuracy: 0.957181
Test accuracy: 0.958607
Validation loss: 125430.076904
Validation accuracy: 0.956135
Test accuracy: 0.956368
Validation loss: 125364.690552
Validation accuracy: 0.960650
Test accuracy: 0.963298
Validation loss: 124722.102844
Validation accuracy: 0.961243
Test accuracy: 0.964437
Training loss: 881008.365448
Training accuracy: 0.966836

Epoch: 4
Validation loss: 125373.182617
Validation accuracy: 0.962480
Test accuracy: 0.964620
Validation loss: 124658.481079
Validation accuracy: 0.960409
Test accuracy: 0.961395
Validation loss: 124688.827240
Validation accuracy: 0.962832
Test accuracy: 0.964610
Validation loss: 124705.709656
Validation accuracy: 0.963516
Test accuracy: 0.964885
Validation loss: 125283.867615
Validation accuracy: 0.961575
Test accuracy: 0.962718
Validation loss: 124711.641785
Validation accuracy: 0.962128
Test accuracy: 0.964905
Validation loss: 124606.227417
Validation accuracy: 0.964974
Test accuracy: 0.966645
Validation loss: 124768.879639
Validation accuracy: 0.960720
Test accuracy: 0.961659
Validation loss: 125888.339172
Validation accuracy: 0.962450
Test accuracy: 0.962779
Validation loss: 124424.234985
Validation accuracy: 0.965075
Test accuracy: 0.966767
Validation loss: 124397.580292
Validation accuracy: 0.964331
Test accuracy: 0.966574
Validation loss: 124487.297882
Validation accuracy: 0.964150
Test accuracy: 0.966605
Validation loss: 124297.704010
Validation accuracy: 0.966412
Test accuracy: 0.968365
Validation loss: 125465.313232
Validation accuracy: 0.964753
Test accuracy: 0.967439
Validation loss: 124144.731018
Validation accuracy: 0.965658
Test accuracy: 0.968263
Validation loss: 125794.673401
Validation accuracy: 0.965517
Test accuracy: 0.968375
Validation loss: 124384.690796
Validation accuracy: 0.966040
Test accuracy: 0.967195
Validation loss: 124452.082642
Validation accuracy: 0.964894
Test accuracy: 0.966605
Validation loss: 124219.195679
Validation accuracy: 0.964592
Test accuracy: 0.967887
Training loss: 878820.474884
Training accuracy: 0.969892

Epoch: 5
Validation loss: 124502.082703
Validation accuracy: 0.965346
Test accuracy: 0.968385
Validation loss: 125103.955261
Validation accuracy: 0.966121
Test accuracy: 0.968131
Validation loss: 125415.885254
Validation accuracy: 0.965769
Test accuracy: 0.967805
Validation loss: 124887.496826
Validation accuracy: 0.963335
Test accuracy: 0.964590
Validation loss: 125005.478363
Validation accuracy: 0.966442
Test accuracy: 0.967429
Validation loss: 123992.427551
Validation accuracy: 0.965024
Test accuracy: 0.967388
Validation loss: 123955.163757
Validation accuracy: 0.968041
Test accuracy: 0.969250
Validation loss: 124657.677795
Validation accuracy: 0.962329
Test accuracy: 0.963450
Validation loss: 124360.884247
Validation accuracy: 0.965618
Test accuracy: 0.968650
Validation loss: 124558.474487
Validation accuracy: 0.966090
Test accuracy: 0.969128
Validation loss: 124186.387970
Validation accuracy: 0.965718
Test accuracy: 0.968049
Validation loss: 123679.662903
Validation accuracy: 0.967317
Test accuracy: 0.969962
Validation loss: 124768.409302
Validation accuracy: 0.964974
Test accuracy: 0.966686
Validation loss: 123840.612183
Validation accuracy: 0.967780
Test accuracy: 0.969596
Validation loss: 124792.072693
Validation accuracy: 0.967800
Test accuracy: 0.969372
Validation loss: 125348.491943
Validation accuracy: 0.964562
Test accuracy: 0.965892
Validation loss: 123960.464539
Validation accuracy: 0.967227
Test accuracy: 0.969138
Validation loss: 124829.740753
Validation accuracy: 0.965477
Test accuracy: 0.967276
Validation loss: 124221.656677
Validation accuracy: 0.966644
Test accuracy: 0.968385
Training loss: 877241.561218
Training accuracy: 0.972653

Epoch: 6
Validation loss: 124631.454468
Validation accuracy: 0.967388
Test accuracy: 0.968731
Validation loss: 124630.664917
Validation accuracy: 0.968393
Test accuracy: 0.969230
Validation loss: 124399.440186
Validation accuracy: 0.968926
Test accuracy: 0.970573
Validation loss: 124657.640137
Validation accuracy: 0.967770
Test accuracy: 0.969932
Validation loss: 124077.510529
Validation accuracy: 0.967810
Test accuracy: 0.969739
Validation loss: 123684.920044
Validation accuracy: 0.968564
Test accuracy: 0.971641
Validation loss: 124044.739868
Validation accuracy: 0.970445
Test accuracy: 0.972506
Validation loss: 124244.714600
Validation accuracy: 0.968323
Test accuracy: 0.971377
Validation loss: 124067.262634
Validation accuracy: 0.969489
Test accuracy: 0.971723
Validation loss: 124747.362915
Validation accuracy: 0.968846
Test accuracy: 0.970949
Validation loss: 124532.808472
Validation accuracy: 0.969982
Test accuracy: 0.972374
Validation loss: 125192.406555
Validation accuracy: 0.964823
Test accuracy: 0.965862
Validation loss: 123528.086487
Validation accuracy: 0.970284
Test accuracy: 0.972527
Validation loss: 123907.440674
Validation accuracy: 0.970384
Test accuracy: 0.972282
Validation loss: 124552.351013
Validation accuracy: 0.969791
Test accuracy: 0.970471
Validation loss: 123939.134521
Validation accuracy: 0.967941
Test accuracy: 0.971051
Validation loss: 123777.133545
Validation accuracy: 0.970244
Test accuracy: 0.971458
Validation loss: 123775.310181
Validation accuracy: 0.970676
Test accuracy: 0.973748
Validation loss: 123727.648987
Validation accuracy: 0.971179
Test accuracy: 0.974185
Training loss: 873706.980545
Training accuracy: 0.972863

Epoch: 7
Validation loss: 124304.219604
Validation accuracy: 0.968504
Test accuracy: 0.969942
Validation loss: 124437.681885
Validation accuracy: 0.969137
Test accuracy: 0.971336
Validation loss: 124506.586914
Validation accuracy: 0.969872
Test accuracy: 0.972791
Validation loss: 124726.351746
Validation accuracy: 0.967860
Test accuracy: 0.969555
Validation loss: 124265.872192
Validation accuracy: 0.969389
Test accuracy: 0.971438
Validation loss: 124231.881775
Validation accuracy: 0.969349
Test accuracy: 0.971214
Validation loss: 124649.555786
Validation accuracy: 0.969821
Test accuracy: 0.970817
Validation loss: 123774.015930
Validation accuracy: 0.970837
Test accuracy: 0.972476
Validation loss: 123421.303162
Validation accuracy: 0.971471
Test accuracy: 0.973188
Validation loss: 124042.338989
Validation accuracy: 0.970405
Test accuracy: 0.972272
Validation loss: 124279.024597
Validation accuracy: 0.969670
Test accuracy: 0.971804
Validation loss: 124292.035950
Validation accuracy: 0.972848
Test accuracy: 0.974897
Validation loss: 123550.081299
Validation accuracy: 0.970998
Test accuracy: 0.973046
Validation loss: 123312.678711
Validation accuracy: 0.971410
Test accuracy: 0.973514
Validation loss: 123079.364380
Validation accuracy: 0.970787
Test accuracy: 0.971875
Validation loss: 123536.164368
Validation accuracy: 0.971370
Test accuracy: 0.973554
Validation loss: 124348.386383
Validation accuracy: 0.967468
Test accuracy: 0.969423
Validation loss: 124117.015625
Validation accuracy: 0.971149
Test accuracy: 0.973371
Validation loss: 123268.297119
Validation accuracy: 0.971571
Test accuracy: 0.973280
Training loss: 871239.457153
Training accuracy: 0.977930

Epoch: 8
Validation loss: 124149.975952
Validation accuracy: 0.972677
Test accuracy: 0.974409
Validation loss: 123716.639160
Validation accuracy: 0.971641
Test accuracy: 0.974114
Validation loss: 123088.289673
Validation accuracy: 0.972808
Test accuracy: 0.975132
Validation loss: 123696.524719
Validation accuracy: 0.972386
Test accuracy: 0.974358
Validation loss: 123451.335754
Validation accuracy: 0.970053
Test accuracy: 0.972740
Validation loss: 124209.222534
Validation accuracy: 0.971833
Test accuracy: 0.972649
Validation loss: 123742.465088
Validation accuracy: 0.971119
Test accuracy: 0.973371
Validation loss: 123259.054810
Validation accuracy: 0.973029
Test accuracy: 0.974338
Validation loss: 123500.728333
Validation accuracy: 0.971481
Test accuracy: 0.973615
Validation loss: 123079.313171
Validation accuracy: 0.973703
Test accuracy: 0.975712
Validation loss: 123767.411377
Validation accuracy: 0.972989
Test accuracy: 0.975701
Validation loss: 123755.299805
Validation accuracy: 0.973602
Test accuracy: 0.975905
Validation loss: 123549.082581
Validation accuracy: 0.973230
Test accuracy: 0.976108
Validation loss: 123832.531616
Validation accuracy: 0.973150
Test accuracy: 0.976444
Validation loss: 124045.257324
Validation accuracy: 0.970103
Test accuracy: 0.972079
Validation loss: 122787.384216
Validation accuracy: 0.973985
Test accuracy: 0.975050
Validation loss: 123312.066406
Validation accuracy: 0.973452
Test accuracy: 0.974704
Validation loss: 123930.167236
Validation accuracy: 0.972285
Test accuracy: 0.974959
Validation loss: 123388.410400
Validation accuracy: 0.973653
Test accuracy: 0.976241
Training loss: 870598.168976
Training accuracy: 0.978489

Epoch: 9
Validation loss: 123473.357422
Validation accuracy: 0.973411
Test accuracy: 0.975884
Validation loss: 123610.353455
Validation accuracy: 0.972496
Test accuracy: 0.974836
Validation loss: 123169.919006
Validation accuracy: 0.974246
Test accuracy: 0.977289
Validation loss: 123492.822205
Validation accuracy: 0.971551
Test accuracy: 0.973809
Validation loss: 123893.036804
Validation accuracy: 0.971078
Test accuracy: 0.973035
Validation loss: 123866.869324
Validation accuracy: 0.973934
Test accuracy: 0.975539
Validation loss: 123717.837830
Validation accuracy: 0.973492
Test accuracy: 0.975823
Validation loss: 123581.373322
Validation accuracy: 0.971380
Test accuracy: 0.973575
Validation loss: 123639.643311
Validation accuracy: 0.971330
Test accuracy: 0.973178
Validation loss: 123160.067261
Validation accuracy: 0.973472
Test accuracy: 0.976719
Validation loss: 123546.692383
Validation accuracy: 0.973894
Test accuracy: 0.974897
Validation loss: 123407.415009
Validation accuracy: 0.973039
Test accuracy: 0.976780
Validation loss: 123310.398254
Validation accuracy: 0.974045
Test accuracy: 0.975854
Validation loss: 123709.491516
Validation accuracy: 0.972225
Test accuracy: 0.974521
Validation loss: 123898.957703
Validation accuracy: 0.971692
Test accuracy: 0.972455
Validation loss: 123433.769470
Validation accuracy: 0.973592
Test accuracy: 0.976831
Validation loss: 123884.195435
Validation accuracy: 0.974095
Test accuracy: 0.975783
Validation loss: 123674.915955
Validation accuracy: 0.974558
Test accuracy: 0.976444
Validation loss: 123429.423950
Validation accuracy: 0.973200
Test accuracy: 0.975722
Training loss: 868071.224976
Training accuracy: 0.979568

Epoch: 10
Validation loss: 123608.476685
Validation accuracy: 0.974065
Test accuracy: 0.977044
Validation loss: 123374.215698
Validation accuracy: 0.974075
Test accuracy: 0.977706
Validation loss: 124204.420044
Validation accuracy: 0.973834
Test accuracy: 0.976139
Validation loss: 122452.574005
Validation accuracy: 0.971883
Test accuracy: 0.973330
Validation loss: 123037.343079
Validation accuracy: 0.974799
Test accuracy: 0.976475
Validation loss: 123159.970093
Validation accuracy: 0.975382
Test accuracy: 0.977207
Validation loss: 123470.960632
Validation accuracy: 0.974598
Test accuracy: 0.976515
Validation loss: 124000.831299
Validation accuracy: 0.974367
Test accuracy: 0.975600
Validation loss: 123250.911011
Validation accuracy: 0.974125
Test accuracy: 0.974796
Validation loss: 123280.460144
Validation accuracy: 0.973572
Test accuracy: 0.976546
Validation loss: 124179.245850
Validation accuracy: 0.974578
Test accuracy: 0.977309
Validation loss: 122754.611206
Validation accuracy: 0.974145
Test accuracy: 0.976729
Validation loss: 124104.706329
Validation accuracy: 0.970988
Test accuracy: 0.972700
Validation loss: 124025.644104
Validation accuracy: 0.973321
Test accuracy: 0.975762
Validation loss: 123649.248108
Validation accuracy: 0.975171
Test accuracy: 0.978052
Validation loss: 123351.110962
Validation accuracy: 0.974709
Test accuracy: 0.977553
Validation loss: 123544.223206
Validation accuracy: 0.974276
Test accuracy: 0.977401
Validation loss: 123765.519287
Validation accuracy: 0.976086
Test accuracy: 0.977401
Validation loss: 122689.699646
Validation accuracy: 0.975262
Test accuracy: 0.978449
Training loss: 866424.083862
Training accuracy: 0.980649

Epoch: 11
Validation loss: 122625.971008
Validation accuracy: 0.974950
Test accuracy: 0.977238
Validation loss: 124225.131165
Validation accuracy: 0.974839
Test accuracy: 0.976973
Validation loss: 123899.343445
Validation accuracy: 0.974518
Test accuracy: 0.976719
Validation loss: 123572.342651
Validation accuracy: 0.973985
Test accuracy: 0.975304
Validation loss: 123791.564209
Validation accuracy: 0.974940
Test accuracy: 0.977401
Validation loss: 123155.451294
Validation accuracy: 0.974990
Test accuracy: 0.977859
Validation loss: 123458.431519
Validation accuracy: 0.970847
Test accuracy: 0.971468
Validation loss: 123651.624329
Validation accuracy: 0.974518
Test accuracy: 0.977228
Validation loss: 124116.771790
Validation accuracy: 0.973995
Test accuracy: 0.974531
Validation loss: 122691.083801
Validation accuracy: 0.974950
Test accuracy: 0.977686
Validation loss: 123805.541077
Validation accuracy: 0.974819
Test accuracy: 0.977747
Validation loss: 122708.111389
Validation accuracy: 0.973713
Test accuracy: 0.976922
Validation loss: 123115.600952
Validation accuracy: 0.975734
Test accuracy: 0.978978
Validation loss: 122641.470642
Validation accuracy: 0.974980
Test accuracy: 0.978367
Validation loss: 123375.156921
Validation accuracy: 0.975282
Test accuracy: 0.978408
Validation loss: 122825.695435
Validation accuracy: 0.975734
Test accuracy: 0.976699
Validation loss: 123048.128723
Validation accuracy: 0.976891
Test accuracy: 0.979080
Validation loss: 123026.894104
Validation accuracy: 0.976408
Test accuracy: 0.978927
Validation loss: 123473.155792
Validation accuracy: 0.976378
Test accuracy: 0.978734
Training loss: 865169.072296
Training accuracy: 0.981662

Epoch: 12
Validation loss: 123595.827271
Validation accuracy: 0.974880
Test accuracy: 0.977065
Validation loss: 123768.591309
Validation accuracy: 0.976207
Test accuracy: 0.977848
Validation loss: 123582.748016
Validation accuracy: 0.975553
Test accuracy: 0.978174
Validation loss: 123511.918945
Validation accuracy: 0.973743
Test accuracy: 0.976485
Validation loss: 123229.043396
Validation accuracy: 0.976660
Test accuracy: 0.978225
Validation loss: 123636.068207
Validation accuracy: 0.975573
Test accuracy: 0.977350
Validation loss: 123174.163940
Validation accuracy: 0.976227
Test accuracy: 0.978408
Validation loss: 123582.218201
Validation accuracy: 0.976287
Test accuracy: 0.977909
Validation loss: 123008.147614
Validation accuracy: 0.976187
Test accuracy: 0.978561
Validation loss: 122839.638611
Validation accuracy: 0.976086
Test accuracy: 0.977146
Validation loss: 123435.377960
Validation accuracy: 0.976730
Test accuracy: 0.978601
Validation loss: 122328.423615
Validation accuracy: 0.976981
Test accuracy: 0.977787
Validation loss: 123150.754242
Validation accuracy: 0.976318
Test accuracy: 0.978052
Validation loss: 123849.781250
Validation accuracy: 0.976358
Test accuracy: 0.978988
Validation loss: 124326.315979
Validation accuracy: 0.972899
Test accuracy: 0.973982
Validation loss: 123705.782593
Validation accuracy: 0.975734
Test accuracy: 0.977350
Validation loss: 123242.451660
Validation accuracy: 0.976770
Test accuracy: 0.979385
Validation loss: 123317.887329
Validation accuracy: 0.975443
Test accuracy: 0.976841
Validation loss: 124248.148621
Validation accuracy: 0.975181
Test accuracy: 0.977411
Training loss: 864130.583755
Training accuracy: 0.982779

Epoch: 13
Validation loss: 123629.622559
Validation accuracy: 0.975775
Test accuracy: 0.978449
Validation loss: 122581.947510
Validation accuracy: 0.977132
Test accuracy: 0.978927
Validation loss: 123296.958282
Validation accuracy: 0.976438
Test accuracy: 0.979090
Validation loss: 122939.654541
Validation accuracy: 0.977233
Test accuracy: 0.979364
Validation loss: 122811.910889
Validation accuracy: 0.977243
Test accuracy: 0.979141
Validation loss: 122915.917053
Validation accuracy: 0.976549
Test accuracy: 0.977309
Validation loss: 123350.792969
Validation accuracy: 0.977102
Test accuracy: 0.979364
Validation loss: 123479.054047
Validation accuracy: 0.976217
Test accuracy: 0.978428
Validation loss: 123479.511353
Validation accuracy: 0.976820
Test accuracy: 0.979568
Validation loss: 122544.648438
Validation accuracy: 0.976579
Test accuracy: 0.978754
Validation loss: 123580.022827
Validation accuracy: 0.976639
Test accuracy: 0.979944
Validation loss: 123196.695679
Validation accuracy: 0.977042
Test accuracy: 0.979364
Validation loss: 123222.761505
Validation accuracy: 0.976207
Test accuracy: 0.978622
Validation loss: 123108.327454
Validation accuracy: 0.976780
Test accuracy: 0.979029
Validation loss: 122927.323975
Validation accuracy: 0.978208
Test accuracy: 0.980138
Validation loss: 122677.384155
Validation accuracy: 0.977203
Test accuracy: 0.979527
Validation loss: 122755.474304
Validation accuracy: 0.976670
Test accuracy: 0.979080
Validation loss: 123299.831421
Validation accuracy: 0.977243
Test accuracy: 0.980026
Validation loss: 123253.677490
Validation accuracy: 0.977947
Test accuracy: 0.979690
Training loss: 863521.154022
Training accuracy: 0.984171

Epoch: 14
Validation loss: 123003.278381
Validation accuracy: 0.978470
Test accuracy: 0.979802
Validation loss: 123013.991760
Validation accuracy: 0.977464
Test accuracy: 0.979741
Validation loss: 123380.428833
Validation accuracy: 0.977655
Test accuracy: 0.979191
Validation loss: 123648.391052
Validation accuracy: 0.974055
Test accuracy: 0.975762
Validation loss: 122556.198669
Validation accuracy: 0.977947
Test accuracy: 0.980016
Validation loss: 123017.670593
Validation accuracy: 0.976951
Test accuracy: 0.979029
Validation loss: 122748.461609
Validation accuracy: 0.978047
Test accuracy: 0.979934
Validation loss: 122770.379272
Validation accuracy: 0.977223
Test accuracy: 0.980168
Validation loss: 123062.966431
Validation accuracy: 0.978047
Test accuracy: 0.979487
Validation loss: 123347.319611
Validation accuracy: 0.977997
Test accuracy: 0.979883
Validation loss: 123432.532410
Validation accuracy: 0.978067
Test accuracy: 0.979700
Validation loss: 122786.175964
Validation accuracy: 0.978108
Test accuracy: 0.980148
Validation loss: 123015.001892
Validation accuracy: 0.977112
Test accuracy: 0.979619
Validation loss: 123230.521057
Validation accuracy: 0.977836
Test accuracy: 0.979680
Validation loss: 123386.605774
Validation accuracy: 0.978590
Test accuracy: 0.980229
Validation loss: 122454.678589
Validation accuracy: 0.977776
Test accuracy: 0.980647
Validation loss: 123914.872559
Validation accuracy: 0.976479
Test accuracy: 0.979049
Validation loss: 122487.518921
Validation accuracy: 0.977977
Test accuracy: 0.980158
Validation loss: 122479.395935
Validation accuracy: 0.978902
Test accuracy: 0.980443
Training loss: 863487.000427
Training accuracy: 0.984191

Epoch: 15
Validation loss: 122752.703613
Validation accuracy: 0.977494
Test accuracy: 0.980046
Validation loss: 123195.153748
Validation accuracy: 0.978108
Test accuracy: 0.980962
Validation loss: 122253.707947
Validation accuracy: 0.978168
Test accuracy: 0.980331
Validation loss: 123541.164673
Validation accuracy: 0.978108
Test accuracy: 0.979904
Validation loss: 123040.877319
Validation accuracy: 0.977042
Test accuracy: 0.979660
Validation loss: 123153.409424
Validation accuracy: 0.977203
Test accuracy: 0.979181
Validation loss: 123692.040009
Validation accuracy: 0.977555
Test accuracy: 0.979120
Validation loss: 122955.645447
Validation accuracy: 0.978520
Test accuracy: 0.979609
Validation loss: 123158.763245
Validation accuracy: 0.975714
Test accuracy: 0.977655
Validation loss: 123063.970947
Validation accuracy: 0.976649
Test accuracy: 0.979029
Validation loss: 123350.050049
Validation accuracy: 0.977625
Test accuracy: 0.979863
Validation loss: 123765.014648
Validation accuracy: 0.977293
Test accuracy: 0.979039
Validation loss: 123348.692566
Validation accuracy: 0.978470
Test accuracy: 0.979680
Validation loss: 122812.398071
Validation accuracy: 0.978590
Test accuracy: 0.980178
Validation loss: 123511.592285
Validation accuracy: 0.977162
Test accuracy: 0.980891
Validation loss: 123866.648590
Validation accuracy: 0.975835
Test accuracy: 0.978896
Validation loss: 123015.659241
Validation accuracy: 0.977927
Test accuracy: 0.981206
Validation loss: 123568.198578
Validation accuracy: 0.978289
Test accuracy: 0.980199
Validation loss: 123087.369568
Validation accuracy: 0.978570
Test accuracy: 0.981094
Training loss: 861851.318665
Training accuracy: 0.986008

Epoch: 16
Validation loss: 123248.840820
Validation accuracy: 0.978379
Test accuracy: 0.981013
Validation loss: 123363.369446
Validation accuracy: 0.977625
Test accuracy: 0.979527
Validation loss: 123511.860535
Validation accuracy: 0.978329
Test accuracy: 0.981206
Validation loss: 123266.832550
Validation accuracy: 0.977424
Test accuracy: 0.980016
Validation loss: 123323.474976
Validation accuracy: 0.978238
Test accuracy: 0.980402
Validation loss: 123888.524841
Validation accuracy: 0.975131
Test accuracy: 0.977421
Validation loss: 123164.904175
Validation accuracy: 0.978128
Test accuracy: 0.979619
Validation loss: 123016.964417
Validation accuracy: 0.977806
Test accuracy: 0.979568
Validation loss: 122658.869690
Validation accuracy: 0.979777
Test accuracy: 0.981023
Validation loss: 123288.057922
Validation accuracy: 0.978641
Test accuracy: 0.980545
Validation loss: 123032.555908
Validation accuracy: 0.978088
Test accuracy: 0.978377
Validation loss: 123311.526733
Validation accuracy: 0.978450
Test accuracy: 0.979670
Validation loss: 123557.825073
Validation accuracy: 0.979133
Test accuracy: 0.981420
Validation loss: 122166.281097
Validation accuracy: 0.978822
Test accuracy: 0.981003
Validation loss: 122178.924744
Validation accuracy: 0.979646
Test accuracy: 0.981400
Validation loss: 123666.483337
Validation accuracy: 0.978108
Test accuracy: 0.980881
Validation loss: 122599.087830
Validation accuracy: 0.979033
Test accuracy: 0.981888
Validation loss: 123156.349121
Validation accuracy: 0.979023
Test accuracy: 0.980331
Validation loss: 122760.619324
Validation accuracy: 0.980119
Test accuracy: 0.982397
Training loss: 860586.776184
Training accuracy: 0.985991

Epoch: 17
Validation loss: 123098.709534
Validation accuracy: 0.978631
Test accuracy: 0.980931
Validation loss: 123796.336517
Validation accuracy: 0.979294
Test accuracy: 0.982244
Validation loss: 122301.089294
Validation accuracy: 0.979043
Test accuracy: 0.980148
Validation loss: 123383.597931
Validation accuracy: 0.979314
Test accuracy: 0.981908
Validation loss: 123158.004547
Validation accuracy: 0.979083
Test accuracy: 0.980657
Validation loss: 123072.831390
Validation accuracy: 0.979586
Test accuracy: 0.981440
Validation loss: 122950.543915
Validation accuracy: 0.979294
Test accuracy: 0.981104
Validation loss: 122744.315552
Validation accuracy: 0.978761
Test accuracy: 0.981125
Validation loss: 122373.075562
Validation accuracy: 0.979546
Test accuracy: 0.981013
Validation loss: 123689.399017
Validation accuracy: 0.979224
Test accuracy: 0.980728
Validation loss: 123498.074829
Validation accuracy: 0.978620
Test accuracy: 0.980290
Validation loss: 122815.822144
Validation accuracy: 0.978902
Test accuracy: 0.980860
Validation loss: 123104.995361
Validation accuracy: 0.978098
Test accuracy: 0.980413
Validation loss: 122828.783875
Validation accuracy: 0.977796
Test accuracy: 0.981308
Validation loss: 123217.034790
Validation accuracy: 0.978812
Test accuracy: 0.980870
Validation loss: 122454.033875
Validation accuracy: 0.978812
Test accuracy: 0.980494
Validation loss: 123035.685852
Validation accuracy: 0.979375
Test accuracy: 0.981745
Validation loss: 122962.096069
Validation accuracy: 0.979063
Test accuracy: 0.981440
Validation loss: 122630.287476
Validation accuracy: 0.979878
Test accuracy: 0.981064
Training loss: 859175.995026
Training accuracy: 0.986198

Epoch: 18
Validation loss: 123313.967346
Validation accuracy: 0.978641
Test accuracy: 0.981542
Validation loss: 122981.046753
Validation accuracy: 0.980441
Test accuracy: 0.981328
Validation loss: 122994.216675
Validation accuracy: 0.978993
Test accuracy: 0.981176
Validation loss: 122383.967041
Validation accuracy: 0.979445
Test accuracy: 0.981440
Validation loss: 123325.291687
Validation accuracy: 0.980018
Test accuracy: 0.981349
Validation loss: 122103.076355
Validation accuracy: 0.980280
Test accuracy: 0.981634
Validation loss: 122313.172058
Validation accuracy: 0.979485
Test accuracy: 0.981817
Validation loss: 122654.458435
Validation accuracy: 0.978972
Test accuracy: 0.981959
Validation loss: 122838.078186
Validation accuracy: 0.978922
Test accuracy: 0.980453
Validation loss: 122971.327637
Validation accuracy: 0.978731
Test accuracy: 0.980799
Validation loss: 122588.258820
Validation accuracy: 0.979324
Test accuracy: 0.980433
Validation loss: 123198.115967
Validation accuracy: 0.979807
Test accuracy: 0.980911
Validation loss: 122284.664429
Validation accuracy: 0.978379
Test accuracy: 0.980209
Validation loss: 122942.099030
Validation accuracy: 0.979385
Test accuracy: 0.981532
Validation loss: 122236.774719
Validation accuracy: 0.979274
Test accuracy: 0.980748
Validation loss: 123022.812805
Validation accuracy: 0.979465
Test accuracy: 0.981227
Validation loss: 122372.178040
Validation accuracy: 0.979908
Test accuracy: 0.981511
Validation loss: 122514.594971
Validation accuracy: 0.978932
Test accuracy: 0.981196
Validation loss: 123589.452454
Validation accuracy: 0.979626
Test accuracy: 0.981796
Training loss: 857724.908447
Training accuracy: 0.986944

Epoch: 19
Validation loss: 122484.249084
Validation accuracy: 0.979274
Test accuracy: 0.981695
Validation loss: 122961.508606
Validation accuracy: 0.979194
Test accuracy: 0.981420
Validation loss: 122548.562195
Validation accuracy: 0.980018
Test accuracy: 0.982193
Validation loss: 122759.848267
Validation accuracy: 0.979958
Test accuracy: 0.982234
Validation loss: 123139.906372
Validation accuracy: 0.977555
Test accuracy: 0.980138
Validation loss: 123725.051483
Validation accuracy: 0.978842
Test accuracy: 0.981552
Validation loss: 123039.282288
Validation accuracy: 0.980451
Test accuracy: 0.982590
Validation loss: 122985.198547
Validation accuracy: 0.979033
Test accuracy: 0.981847
Validation loss: 122751.398743
Validation accuracy: 0.979918
Test accuracy: 0.982051
Validation loss: 123062.102112
Validation accuracy: 0.979495
Test accuracy: 0.982712
Validation loss: 123233.320282
Validation accuracy: 0.979174
Test accuracy: 0.980860
Validation loss: 122874.742004
Validation accuracy: 0.979968
Test accuracy: 0.981644
Validation loss: 122544.424744
Validation accuracy: 0.980129
Test accuracy: 0.981908
Validation loss: 122579.184204
Validation accuracy: 0.979093
Test accuracy: 0.982722
Validation loss: 123284.972290
Validation accuracy: 0.979958
Test accuracy: 0.982336
Validation loss: 122959.716248
Validation accuracy: 0.979505
Test accuracy: 0.981949
Validation loss: 122414.474060
Validation accuracy: 0.979958
Test accuracy: 0.981908
Validation loss: 122682.656189
Validation accuracy: 0.979153
Test accuracy: 0.981115
Validation loss: 122562.451843
Validation accuracy: 0.980169
Test accuracy: 0.981725
Training loss: 861303.360291
Training accuracy: 0.987532

Epoch: 20
Validation loss: 122790.980774
Validation accuracy: 0.980008
Test accuracy: 0.982061
Validation loss: 122102.725159
Validation accuracy: 0.979596
Test accuracy: 0.981450
Validation loss: 123265.643463
Validation accuracy: 0.980471
Test accuracy: 0.982051
Validation loss: 122526.034424
Validation accuracy: 0.979978
Test accuracy: 0.982387
Validation loss: 123343.143250
Validation accuracy: 0.979958
Test accuracy: 0.981308
Validation loss: 122782.225525
Validation accuracy: 0.979505
Test accuracy: 0.981664
Validation loss: 122934.609497
Validation accuracy: 0.979747
Test accuracy: 0.982753
Validation loss: 123216.272400
Validation accuracy: 0.980059
Test accuracy: 0.982387
Validation loss: 123402.102112
Validation accuracy: 0.979978
Test accuracy: 0.981593
Validation loss: 123107.380035
Validation accuracy: 0.979526
Test accuracy: 0.981023
Validation loss: 122036.523193
Validation accuracy: 0.980843
Test accuracy: 0.982417
Validation loss: 121869.030334
Validation accuracy: 0.979918
Test accuracy: 0.981959
Validation loss: 122548.911072
Validation accuracy: 0.980893
Test accuracy: 0.982539
Validation loss: 123052.831238
Validation accuracy: 0.979083
Test accuracy: 0.981257
Validation loss: 122639.774109
Validation accuracy: 0.980531
Test accuracy: 0.982193
Validation loss: 122568.755127
Validation accuracy: 0.980823
Test accuracy: 0.982783
Validation loss: 122484.346008
Validation accuracy: 0.979878
Test accuracy: 0.981939
Validation loss: 122884.448364
Validation accuracy: 0.978832
Test accuracy: 0.980820
Validation loss: 122491.183105
Validation accuracy: 0.980692
Test accuracy: 0.982519
Training loss: 857952.034515
Training accuracy: 0.987566

Epoch: 21
Validation loss: 123188.887085
Validation accuracy: 0.979918
Test accuracy: 0.980514
Validation loss: 122986.321655
Validation accuracy: 0.979164
Test accuracy: 0.981776
Validation loss: 122910.392395
Validation accuracy: 0.979867
Test accuracy: 0.982102
Validation loss: 122739.276001
Validation accuracy: 0.979355
Test accuracy: 0.981227
Validation loss: 123364.276642
Validation accuracy: 0.979938
Test accuracy: 0.982020
Validation loss: 122780.714661
Validation accuracy: 0.979948
Test accuracy: 0.981664
Validation loss: 122064.452484
Validation accuracy: 0.979797
Test accuracy: 0.982997
Validation loss: 122500.349976
Validation accuracy: 0.980079
Test accuracy: 0.981623
Validation loss: 122921.925293
Validation accuracy: 0.980008
Test accuracy: 0.982387
Validation loss: 122619.042358
Validation accuracy: 0.979395
Test accuracy: 0.981603
Validation loss: 122666.188293
Validation accuracy: 0.980410
Test accuracy: 0.982448
Validation loss: 122675.376953
Validation accuracy: 0.979375
Test accuracy: 0.980351
Validation loss: 122156.749146
Validation accuracy: 0.980893
Test accuracy: 0.981562
Validation loss: 122984.260132
Validation accuracy: 0.980059
Test accuracy: 0.982590
Validation loss: 123290.360168
Validation accuracy: 0.980974
Test accuracy: 0.982132
Validation loss: 122964.360962
Validation accuracy: 0.979184
Test accuracy: 0.981440
Validation loss: 122217.855164
Validation accuracy: 0.981004
Test accuracy: 0.982732
Validation loss: 123221.358276
Validation accuracy: 0.980300
Test accuracy: 0.982305
Validation loss: 122516.083801
Validation accuracy: 0.979385
Test accuracy: 0.981552
Training loss: 857364.594086
Training accuracy: 0.989097

Epoch: 22
Validation loss: 122633.211182
Validation accuracy: 0.980692
Test accuracy: 0.982030
Validation loss: 122786.235168
Validation accuracy: 0.980260
Test accuracy: 0.982855
Validation loss: 122122.584717
Validation accuracy: 0.981295
Test accuracy: 0.982814
Validation loss: 122427.552429
Validation accuracy: 0.980491
Test accuracy: 0.982600
Validation loss: 122642.687927
Validation accuracy: 0.981074
Test accuracy: 0.982631
Validation loss: 123129.335938
Validation accuracy: 0.980943
Test accuracy: 0.981511
Validation loss: 122634.398499
Validation accuracy: 0.980069
Test accuracy: 0.982112
Validation loss: 122043.479736
Validation accuracy: 0.980441
Test accuracy: 0.982163
Validation loss: 122565.546265
Validation accuracy: 0.980742
Test accuracy: 0.982529
Validation loss: 122931.157959
Validation accuracy: 0.980964
Test accuracy: 0.982722
Validation loss: 122986.879333
Validation accuracy: 0.979988
Test accuracy: 0.982570
Validation loss: 123812.854187
Validation accuracy: 0.979334
Test accuracy: 0.981267
Validation loss: 123345.536499
Validation accuracy: 0.980270
Test accuracy: 0.982234
Validation loss: 122465.067200
Validation accuracy: 0.980672
Test accuracy: 0.982580
Validation loss: 123087.226135
Validation accuracy: 0.979033
Test accuracy: 0.981267
Validation loss: 122674.705566
Validation accuracy: 0.980189
Test accuracy: 0.981918
Validation loss: 122721.438263
Validation accuracy: 0.981064
Test accuracy: 0.982468
Validation loss: 122436.763489
Validation accuracy: 0.980783
Test accuracy: 0.983160
Validation loss: 123491.712433
Validation accuracy: 0.981356
Test accuracy: 0.983211
Training loss: 857539.388702
Training accuracy: 0.988522

Epoch: 23
Validation loss: 122843.701965
Validation accuracy: 0.981426
Test accuracy: 0.982600
Validation loss: 123232.623718
Validation accuracy: 0.980602
Test accuracy: 0.983038
Validation loss: 122499.231934
Validation accuracy: 0.980632
Test accuracy: 0.980911
Validation loss: 122464.560730
Validation accuracy: 0.980511
Test accuracy: 0.982478
Validation loss: 123146.034363
Validation accuracy: 0.980793
Test accuracy: 0.982305
Validation loss: 123013.659241
Validation accuracy: 0.981537
Test accuracy: 0.983211
Validation loss: 122413.821777
Validation accuracy: 0.980984
Test accuracy: 0.982692
Validation loss: 123177.478577
Validation accuracy: 0.980612
Test accuracy: 0.982621
Validation loss: 123061.112915
Validation accuracy: 0.980702
Test accuracy: 0.982519
Validation loss: 121911.296204
Validation accuracy: 0.981476
Test accuracy: 0.982315
Validation loss: 122236.363953
Validation accuracy: 0.978852
Test accuracy: 0.980484
Validation loss: 122409.248108
Validation accuracy: 0.980069
Test accuracy: 0.982631
Validation loss: 122307.537354
Validation accuracy: 0.981698
Test accuracy: 0.983028
Validation loss: 122867.089050
Validation accuracy: 0.981044
Test accuracy: 0.982895
Validation loss: 122735.896240
Validation accuracy: 0.980441
Test accuracy: 0.981644
Validation loss: 122143.541992
Validation accuracy: 0.979807
Test accuracy: 0.981980
Validation loss: 122636.649597
Validation accuracy: 0.979425
Test accuracy: 0.979822
Validation loss: 123010.577087
Validation accuracy: 0.981718
Test accuracy: 0.982844
Validation loss: 122882.197510
Validation accuracy: 0.981708
Test accuracy: 0.983424
Training loss: 857236.590668
Training accuracy: 0.990097

Epoch: 24
Validation loss: 123192.478210
Validation accuracy: 0.981104
Test accuracy: 0.983414
Validation loss: 123048.243164
Validation accuracy: 0.980250
Test accuracy: 0.982641
Validation loss: 121935.812134
Validation accuracy: 0.982150
Test accuracy: 0.983435
Validation loss: 122421.661011
Validation accuracy: 0.981124
Test accuracy: 0.982610
Validation loss: 122574.836884
Validation accuracy: 0.981838
Test accuracy: 0.983343
Validation loss: 122647.838715
Validation accuracy: 0.981828
Test accuracy: 0.983089
Validation loss: 122991.575623
Validation accuracy: 0.980943
Test accuracy: 0.982610
Validation loss: 123114.250977
Validation accuracy: 0.981466
Test accuracy: 0.983760
Validation loss: 122901.331116
Validation accuracy: 0.980079
Test accuracy: 0.981043
Validation loss: 122620.122375
Validation accuracy: 0.981326
Test accuracy: 0.983129
Validation loss: 122961.110474
Validation accuracy: 0.980823
Test accuracy: 0.981745
Validation loss: 122899.139832
Validation accuracy: 0.981627
Test accuracy: 0.982936
Validation loss: 123124.384338
Validation accuracy: 0.981094
Test accuracy: 0.983017
Validation loss: 122572.585327
Validation accuracy: 0.981808
Test accuracy: 0.983190
Validation loss: 122699.818176
Validation accuracy: 0.981929
Test accuracy: 0.983455
Validation loss: 122453.209106
Validation accuracy: 0.981567
Test accuracy: 0.982875
Validation loss: 122025.712830
Validation accuracy: 0.980843
Test accuracy: 0.982692
Validation loss: 122646.829834
Validation accuracy: 0.980752
Test accuracy: 0.982610
Validation loss: 122702.744507
Validation accuracy: 0.981295
Test accuracy: 0.982783
Training loss: 857870.583008
Training accuracy: 0.989471

Epoch: 25
Validation loss: 122945.429016
Validation accuracy: 0.981235
Test accuracy: 0.982641
Validation loss: 122355.907715
Validation accuracy: 0.981708
Test accuracy: 0.982946
Validation loss: 122847.125061
Validation accuracy: 0.981788
Test accuracy: 0.983221
Validation loss: 123982.129669
Validation accuracy: 0.979194
Test accuracy: 0.981277
Validation loss: 122620.967834
Validation accuracy: 0.980481
Test accuracy: 0.982590
Validation loss: 122773.607849
Validation accuracy: 0.981114
Test accuracy: 0.983058
Validation loss: 123271.470825
Validation accuracy: 0.981295
Test accuracy: 0.983608
Validation loss: 122889.843475
Validation accuracy: 0.981245
Test accuracy: 0.983078
Validation loss: 122971.575195
Validation accuracy: 0.980119
Test accuracy: 0.982061
Validation loss: 122989.026123
Validation accuracy: 0.982382
Test accuracy: 0.984004
Validation loss: 122148.552917
Validation accuracy: 0.981396
Test accuracy: 0.983160
Validation loss: 123445.478760
Validation accuracy: 0.982070
Test accuracy: 0.983302
Validation loss: 122933.812439
Validation accuracy: 0.982070
Test accuracy: 0.983262
Validation loss: 123085.120117
Validation accuracy: 0.981798
Test accuracy: 0.983669
Validation loss: 122215.490845
Validation accuracy: 0.982422
Test accuracy: 0.983435
Validation loss: 122263.851074
Validation accuracy: 0.981175
Test accuracy: 0.982682
Validation loss: 122567.690613
Validation accuracy: 0.981828
Test accuracy: 0.982916
Validation loss: 122427.612000
Validation accuracy: 0.981195
Test accuracy: 0.982875
Validation loss: 122959.885864
Validation accuracy: 0.981959
Test accuracy: 0.982885
Training loss: 855744.598114
Training accuracy: 0.990239

Epoch: 26
Validation loss: 122109.342651
Validation accuracy: 0.982301
Test accuracy: 0.983231
Validation loss: 123233.603027
Validation accuracy: 0.981336
Test accuracy: 0.982020
Validation loss: 123444.063049
Validation accuracy: 0.981094
Test accuracy: 0.982631
Validation loss: 122691.374023
Validation accuracy: 0.981215
Test accuracy: 0.982448
Validation loss: 122879.682861
Validation accuracy: 0.981416
Test accuracy: 0.982448
Validation loss: 123147.403381
Validation accuracy: 0.980994
Test accuracy: 0.982315
Validation loss: 121886.120026
Validation accuracy: 0.980682
Test accuracy: 0.982682
Validation loss: 122537.144897
Validation accuracy: 0.982321
Test accuracy: 0.984096
Validation loss: 123377.555725
Validation accuracy: 0.981768
Test accuracy: 0.984289
Validation loss: 122497.208313
Validation accuracy: 0.981336
Test accuracy: 0.982977
Validation loss: 122961.490295
Validation accuracy: 0.980843
Test accuracy: 0.982651
Validation loss: 122361.547638
Validation accuracy: 0.981356
Test accuracy: 0.983180
Validation loss: 122612.961182
Validation accuracy: 0.981466
Test accuracy: 0.983496
Validation loss: 123161.319946
Validation accuracy: 0.980863
Test accuracy: 0.983119
Validation loss: 121779.107666
Validation accuracy: 0.980853
Test accuracy: 0.983211
Validation loss: 122121.117432
Validation accuracy: 0.980903
Test accuracy: 0.983007
Validation loss: 122722.239624
Validation accuracy: 0.982402
Test accuracy: 0.982743
Validation loss: 123210.557312
Validation accuracy: 0.980410
Test accuracy: 0.983251
Validation loss: 122134.474915
Validation accuracy: 0.981376
Test accuracy: 0.983455
Training loss: 855300.434021
Training accuracy: 0.990568

Epoch: 27
Validation loss: 122424.130066
Validation accuracy: 0.982110
Test accuracy: 0.983282
Validation loss: 123247.931000
Validation accuracy: 0.981849
Test accuracy: 0.983750
Validation loss: 123482.607971
Validation accuracy: 0.981607
Test accuracy: 0.983679
Validation loss: 122545.627380
Validation accuracy: 0.981205
Test accuracy: 0.984208
Validation loss: 122460.755615
Validation accuracy: 0.981547
Test accuracy: 0.983852
Validation loss: 123688.481812
Validation accuracy: 0.980431
Test accuracy: 0.983028
Validation loss: 122852.626404
Validation accuracy: 0.981597
Test accuracy: 0.983516
Validation loss: 122530.198853
Validation accuracy: 0.981265
Test accuracy: 0.983669
Validation loss: 122906.733521
Validation accuracy: 0.981627
Test accuracy: 0.983119
Validation loss: 123066.763855
Validation accuracy: 0.981678
Test accuracy: 0.983658
Validation loss: 122408.336853
Validation accuracy: 0.981969
Test accuracy: 0.982875
Validation loss: 122738.456543
Validation accuracy: 0.981879
Test accuracy: 0.984065
Validation loss: 122652.011993
Validation accuracy: 0.981708
Test accuracy: 0.983048
Validation loss: 122937.330353
Validation accuracy: 0.981587
Test accuracy: 0.983557
Validation loss: 122787.416809
Validation accuracy: 0.982563
Test accuracy: 0.983506
Validation loss: 122842.791351
Validation accuracy: 0.981939
Test accuracy: 0.983974
Validation loss: 123294.564636
Validation accuracy: 0.980581
Test accuracy: 0.982030
Validation loss: 122774.563721
Validation accuracy: 0.981758
Test accuracy: 0.984228
Validation loss: 122943.921082
Validation accuracy: 0.981828
Test accuracy: 0.983068
Training loss: 857124.641815
Training accuracy: 0.990698

Epoch: 28
Validation loss: 122987.713867
Validation accuracy: 0.981376
Test accuracy: 0.983689
Validation loss: 122592.096558
Validation accuracy: 0.980813
Test accuracy: 0.982509
Validation loss: 122671.987793
Validation accuracy: 0.981668
Test accuracy: 0.983180
Validation loss: 122739.803772
Validation accuracy: 0.981527
Test accuracy: 0.982956
Validation loss: 122572.160706
Validation accuracy: 0.981366
Test accuracy: 0.983089
Validation loss: 122877.392761
Validation accuracy: 0.981748
Test accuracy: 0.983211
Validation loss: 122551.980774
Validation accuracy: 0.981899
Test accuracy: 0.983811
Validation loss: 122126.874695
Validation accuracy: 0.981718
Test accuracy: 0.982224
Validation loss: 122974.125793
Validation accuracy: 0.981396
Test accuracy: 0.983862
Validation loss: 122320.694153
Validation accuracy: 0.981708
Test accuracy: 0.983485
Validation loss: 122451.757385
Validation accuracy: 0.982271
Test accuracy: 0.983516
Validation loss: 122016.666748
Validation accuracy: 0.980732
Test accuracy: 0.981756
Validation loss: 122892.135437
Validation accuracy: 0.981678
Test accuracy: 0.983363
Validation loss: 122643.020996
Validation accuracy: 0.982563
Test accuracy: 0.984004
Validation loss: 122563.727753
Validation accuracy: 0.982120
Test accuracy: 0.983384
Validation loss: 122301.077209
Validation accuracy: 0.981728
Test accuracy: 0.983292
Validation loss: 122763.525330
Validation accuracy: 0.982412
Test accuracy: 0.983831
Validation loss: 122672.549622
Validation accuracy: 0.982472
Test accuracy: 0.983465
Validation loss: 122778.379944
Validation accuracy: 0.982090
Test accuracy: 0.983618
Training loss: 855108.710632
Training accuracy: 0.990298

Epoch: 29
Validation loss: 123350.490326
Validation accuracy: 0.981285
Test accuracy: 0.983353
Validation loss: 123684.182800
Validation accuracy: 0.982663
Test accuracy: 0.984157
Validation loss: 122685.566650
Validation accuracy: 0.981808
Test accuracy: 0.983068
Validation loss: 122630.037903
Validation accuracy: 0.982462
Test accuracy: 0.984055
Validation loss: 122173.215088
Validation accuracy: 0.982120
Test accuracy: 0.983689
Validation loss: 123246.750244
Validation accuracy: 0.981698
Test accuracy: 0.983811
Validation loss: 122913.544739
Validation accuracy: 0.981768
Test accuracy: 0.983964
Validation loss: 123097.864075
Validation accuracy: 0.981336
Test accuracy: 0.983343
Validation loss: 122611.295715
Validation accuracy: 0.981487
Test accuracy: 0.983404
Validation loss: 123122.418152
Validation accuracy: 0.982874
Test accuracy: 0.984106
Validation loss: 122624.838501
Validation accuracy: 0.983206
Test accuracy: 0.983699
Validation loss: 122618.250977
Validation accuracy: 0.982090
Test accuracy: 0.983658
Validation loss: 122494.509277
Validation accuracy: 0.982392
Test accuracy: 0.984015
Validation loss: 122354.707733
Validation accuracy: 0.982673
Test accuracy: 0.984299
Validation loss: 122411.493042
Validation accuracy: 0.982371
Test accuracy: 0.983903
Validation loss: 122286.989929
Validation accuracy: 0.982814
Test accuracy: 0.983658
Validation loss: 122194.035767
Validation accuracy: 0.982190
Test accuracy: 0.983536
Validation loss: 122921.102112
Validation accuracy: 0.979194
Test accuracy: 0.981481
Validation loss: 122429.709412
Validation accuracy: 0.982140
Test accuracy: 0.983099
Training loss: 855240.423401
Training accuracy: 0.991502

Epoch: 30
Validation loss: 122797.321777
Validation accuracy: 0.981657
Test accuracy: 0.983455
Validation loss: 122352.991760
Validation accuracy: 0.982754
Test accuracy: 0.983791
Validation loss: 122981.762024
Validation accuracy: 0.982613
Test accuracy: 0.984340
Validation loss: 122374.815796
Validation accuracy: 0.982261
Test accuracy: 0.984106
Validation loss: 122726.845764
Validation accuracy: 0.981778
Test accuracy: 0.983954
Validation loss: 122454.814148
Validation accuracy: 0.982301
Test accuracy: 0.984452
Validation loss: 122228.120972
Validation accuracy: 0.981114
Test accuracy: 0.982498
Validation loss: 122728.715210
Validation accuracy: 0.982653
Test accuracy: 0.983740
Validation loss: 122837.489014
Validation accuracy: 0.982774
Test accuracy: 0.983577
Validation loss: 122905.373901
Validation accuracy: 0.981899
Test accuracy: 0.983557
Validation loss: 122276.785309
Validation accuracy: 0.981778
Test accuracy: 0.983852
Validation loss: 122373.060303
Validation accuracy: 0.982070
Test accuracy: 0.983964
Validation loss: 121656.485901
Validation accuracy: 0.982311
Test accuracy: 0.984035
Validation loss: 123085.335999
Validation accuracy: 0.980330
Test accuracy: 0.982193
Validation loss: 123098.684448
Validation accuracy: 0.981708
Test accuracy: 0.983109
Validation loss: 122051.611084
Validation accuracy: 0.982593
Test accuracy: 0.984574
Validation loss: 122031.253662
Validation accuracy: 0.982170
Test accuracy: 0.984126
Validation loss: 122933.825195
Validation accuracy: 0.982110
Test accuracy: 0.983536
Validation loss: 122907.315735
Validation accuracy: 0.982834
Test accuracy: 0.984289
Training loss: 854798.087677
Training accuracy: 0.991762

Epoch: 31
Validation loss: 122676.982788
Validation accuracy: 0.982512
Test accuracy: 0.985032
Validation loss: 122936.327820
Validation accuracy: 0.982170
Test accuracy: 0.983547
Validation loss: 122885.514160
Validation accuracy: 0.982884
Test accuracy: 0.983811
Validation loss: 122831.950653
Validation accuracy: 0.982703
Test accuracy: 0.983740
Validation loss: 122532.575684
Validation accuracy: 0.981869
Test accuracy: 0.984045
Validation loss: 123459.539917
Validation accuracy: 0.981336
Test accuracy: 0.983302
Validation loss: 123045.143127
Validation accuracy: 0.982542
Test accuracy: 0.983231
Validation loss: 122742.507324
Validation accuracy: 0.981728
Test accuracy: 0.983333
Validation loss: 123136.791199
Validation accuracy: 0.982090
Test accuracy: 0.983506
Validation loss: 122319.635132
Validation accuracy: 0.981929
Test accuracy: 0.984411
Validation loss: 122713.777771
Validation accuracy: 0.982522
Test accuracy: 0.984218
Validation loss: 122148.397827
Validation accuracy: 0.981688
Test accuracy: 0.983760
Validation loss: 122546.464294
Validation accuracy: 0.981808
Test accuracy: 0.983719
Validation loss: 122624.839722
Validation accuracy: 0.982412
Test accuracy: 0.983679
Validation loss: 122745.581573
Validation accuracy: 0.982120
Test accuracy: 0.984554
Validation loss: 122808.745483
Validation accuracy: 0.982542
Test accuracy: 0.984320
Validation loss: 122587.541199
Validation accuracy: 0.982643
Test accuracy: 0.984472
Validation loss: 121722.718475
Validation accuracy: 0.982784
Test accuracy: 0.983526
Validation loss: 122387.044586
Validation accuracy: 0.982532
Test accuracy: 0.984310
Training loss: 854099.390747
Training accuracy: 0.991786

Epoch: 32
Validation loss: 122914.822754
Validation accuracy: 0.982573
Test accuracy: 0.983882
Validation loss: 122808.202393
Validation accuracy: 0.982613
Test accuracy: 0.983892
Validation loss: 123110.705139
Validation accuracy: 0.982261
Test accuracy: 0.983862
Validation loss: 122786.331421
Validation accuracy: 0.982170
Test accuracy: 0.984462
Validation loss: 123252.482971
Validation accuracy: 0.983015
Test accuracy: 0.984452
Validation loss: 122399.165833
Validation accuracy: 0.982452
Test accuracy: 0.983485
Validation loss: 122815.723022
Validation accuracy: 0.982130
Test accuracy: 0.984208
Validation loss: 123171.363831
Validation accuracy: 0.981557
Test accuracy: 0.984310
Validation loss: 122542.302307
Validation accuracy: 0.981849
Test accuracy: 0.984340
Validation loss: 122518.165283
Validation accuracy: 0.982663
Test accuracy: 0.984259
Validation loss: 122017.081970
Validation accuracy: 0.981205
Test accuracy: 0.983007
Validation loss: 122570.009277
Validation accuracy: 0.982874
Test accuracy: 0.984534
Validation loss: 122918.671692
Validation accuracy: 0.982090
Test accuracy: 0.983455
Validation loss: 122638.205017
Validation accuracy: 0.982603
Test accuracy: 0.983628
Validation loss: 122177.992981
Validation accuracy: 0.982532
Test accuracy: 0.983628
Validation loss: 122955.945068
Validation accuracy: 0.982693
Test accuracy: 0.984534
Validation loss: 122434.200439
Validation accuracy: 0.982180
Test accuracy: 0.984299
Validation loss: 122662.168579
Validation accuracy: 0.982341
Test accuracy: 0.983007
Validation loss: 122939.402802
Validation accuracy: 0.981225
Test accuracy: 0.984249
Training loss: 855274.703094
Training accuracy: 0.991501

Epoch: 33
Validation loss: 123097.678986
Validation accuracy: 0.982120
Test accuracy: 0.983312
Validation loss: 122967.985291
Validation accuracy: 0.981979
Test accuracy: 0.984177
Validation loss: 122993.199524
Validation accuracy: 0.981788
Test accuracy: 0.983903
Validation loss: 122281.199707
Validation accuracy: 0.982663
Test accuracy: 0.984096
Validation loss: 121945.711090
Validation accuracy: 0.982160
Test accuracy: 0.983201
Validation loss: 122895.588562
Validation accuracy: 0.982784
Test accuracy: 0.984574
Validation loss: 123107.252472
Validation accuracy: 0.982713
Test accuracy: 0.983496
Validation loss: 122910.069519
Validation accuracy: 0.982573
Test accuracy: 0.983852
Validation loss: 123268.123108
Validation accuracy: 0.982201
Test accuracy: 0.984391
Validation loss: 123499.875793
Validation accuracy: 0.982744
Test accuracy: 0.984177
Validation loss: 123122.997986
Validation accuracy: 0.981336
Test accuracy: 0.983282
Validation loss: 122933.308197
Validation accuracy: 0.982914
Test accuracy: 0.984177
Validation loss: 122953.217896
Validation accuracy: 0.982733
Test accuracy: 0.983618
Validation loss: 122367.560913
Validation accuracy: 0.982090
Test accuracy: 0.983516
Validation loss: 123097.348999
Validation accuracy: 0.982663
Test accuracy: 0.983882
Validation loss: 122764.314209
Validation accuracy: 0.982361
Test accuracy: 0.983394
Validation loss: 123115.476929
Validation accuracy: 0.982693
Test accuracy: 0.984483
Validation loss: 122386.177551
Validation accuracy: 0.982432
Test accuracy: 0.983719
Validation loss: 123130.067078
Validation accuracy: 0.982844
Test accuracy: 0.983933
Training loss: 852614.871033
Training accuracy: 0.992183

Epoch: 34
Validation loss: 122576.401489
Validation accuracy: 0.982231
Test accuracy: 0.983750
Validation loss: 122457.837585
Validation accuracy: 0.981989
Test accuracy: 0.984137
Validation loss: 123034.003113
Validation accuracy: 0.982170
Test accuracy: 0.983750
Validation loss: 122567.607605
Validation accuracy: 0.981738
Test accuracy: 0.983048
Validation loss: 122429.295593
Validation accuracy: 0.983417
Test accuracy: 0.984686
Validation loss: 123855.089783
Validation accuracy: 0.979787
Test accuracy: 0.982610
Validation loss: 123787.753906
Validation accuracy: 0.982150
Test accuracy: 0.984544
Validation loss: 122890.609985
Validation accuracy: 0.982824
Test accuracy: 0.984147
Validation loss: 122187.590027
Validation accuracy: 0.982311
Test accuracy: 0.983801
Validation loss: 123482.455444
Validation accuracy: 0.982130
Test accuracy: 0.983872
Validation loss: 123490.433350
Validation accuracy: 0.982804
Test accuracy: 0.984126
Validation loss: 122805.802185
Validation accuracy: 0.982301
Test accuracy: 0.983485
Validation loss: 123291.101624
Validation accuracy: 0.982351
Test accuracy: 0.983424
Validation loss: 122516.695129
Validation accuracy: 0.982482
Test accuracy: 0.983506
Validation loss: 122967.836304
Validation accuracy: 0.982201
Test accuracy: 0.984208
Validation loss: 122028.148682
Validation accuracy: 0.982563
Test accuracy: 0.984310
Validation loss: 122982.072662
Validation accuracy: 0.982392
Test accuracy: 0.983679
Validation loss: 121854.764526
Validation accuracy: 0.983085
Test accuracy: 0.984157
Validation loss: 122891.532166
Validation accuracy: 0.982693
Test accuracy: 0.983781
Training loss: 853795.903351
Training accuracy: 0.993022

Epoch: 35
Validation loss: 122997.927002
Validation accuracy: 0.983136
Test accuracy: 0.984635
Validation loss: 122999.685730
Validation accuracy: 0.982683
Test accuracy: 0.984727
Validation loss: 123319.140991
Validation accuracy: 0.982281
Test accuracy: 0.983699
Validation loss: 123184.005005
Validation accuracy: 0.982321
Test accuracy: 0.983435
Validation loss: 122413.832886
Validation accuracy: 0.982563
Test accuracy: 0.984696
Validation loss: 122615.577209
Validation accuracy: 0.982904
Test accuracy: 0.984869
Validation loss: 122439.886169
Validation accuracy: 0.982150
Test accuracy: 0.982905
Validation loss: 123535.365051
Validation accuracy: 0.982603
Test accuracy: 0.984971
Validation loss: 122531.132141
Validation accuracy: 0.982955
Test accuracy: 0.984696
Validation loss: 123151.033142
Validation accuracy: 0.981657
Test accuracy: 0.983414
Validation loss: 123108.934204
Validation accuracy: 0.981285
Test accuracy: 0.982407
Validation loss: 122361.703613
Validation accuracy: 0.981939
Test accuracy: 0.983699
Validation loss: 123198.823486
Validation accuracy: 0.981245
Test accuracy: 0.982539
Validation loss: 122758.765442
Validation accuracy: 0.982975
Test accuracy: 0.985246
Validation loss: 122562.709534
Validation accuracy: 0.982995
Test accuracy: 0.983994
Validation loss: 122445.217041
Validation accuracy: 0.982552
Test accuracy: 0.983913
Validation loss: 123021.666077
Validation accuracy: 0.982402
Test accuracy: 0.984472
Validation loss: 123130.014465
Validation accuracy: 0.983387
Test accuracy: 0.984422
Validation loss: 122977.982910
Validation accuracy: 0.982894
Test accuracy: 0.985317
Training loss: 852939.552307
Training accuracy: 0.992777

Epoch: 36
Validation loss: 122509.913269
Validation accuracy: 0.982331
Test accuracy: 0.984340
Validation loss: 122520.456726
Validation accuracy: 0.983136
Test accuracy: 0.984106
Validation loss: 122949.054260
Validation accuracy: 0.982663
Test accuracy: 0.984147
Validation loss: 122308.794373
Validation accuracy: 0.981507
Test accuracy: 0.983821
Validation loss: 123826.492188
Validation accuracy: 0.982603
Test accuracy: 0.984717
Validation loss: 122263.365753
Validation accuracy: 0.982492
Test accuracy: 0.984615
Validation loss: 122371.863892
Validation accuracy: 0.982331
Test accuracy: 0.983913
Validation loss: 123200.410675
Validation accuracy: 0.983015
Test accuracy: 0.985154
Validation loss: 122753.801147
Validation accuracy: 0.982854
Test accuracy: 0.985012
Validation loss: 123728.320923
Validation accuracy: 0.982371
Test accuracy: 0.985246
Validation loss: 122897.192932
Validation accuracy: 0.982382
Test accuracy: 0.984249
Validation loss: 122657.833679
Validation accuracy: 0.982532
Test accuracy: 0.984096
Validation loss: 123082.998474
Validation accuracy: 0.982703
Test accuracy: 0.984422
Validation loss: 122908.004517
Validation accuracy: 0.982542
Test accuracy: 0.983333
Validation loss: 123275.712219
Validation accuracy: 0.982190
Test accuracy: 0.983597
Validation loss: 123073.973755
Validation accuracy: 0.983106
Test accuracy: 0.984757
Validation loss: 122848.174225
Validation accuracy: 0.982593
Test accuracy: 0.984676
Validation loss: 122211.028015
Validation accuracy: 0.982552
Test accuracy: 0.984116
Validation loss: 123535.262817
Validation accuracy: 0.983106
Test accuracy: 0.985093
Training loss: 852618.460388
Training accuracy: 0.992730

Epoch: 37
Validation loss: 122879.481140
Validation accuracy: 0.982231
Test accuracy: 0.984106
Validation loss: 123220.811157
Validation accuracy: 0.982804
Test accuracy: 0.984320
Validation loss: 122722.714417
Validation accuracy: 0.982824
Test accuracy: 0.984218
Validation loss: 122648.877106
Validation accuracy: 0.983075
Test accuracy: 0.983781
Validation loss: 123462.613037
Validation accuracy: 0.982955
Test accuracy: 0.983994
Validation loss: 123076.354187
Validation accuracy: 0.983166
Test accuracy: 0.984900
Validation loss: 122525.036743
Validation accuracy: 0.982301
Test accuracy: 0.984462
Validation loss: 123085.998047
Validation accuracy: 0.982502
Test accuracy: 0.984696
Validation loss: 123200.368042
Validation accuracy: 0.983317
Test accuracy: 0.984371
Validation loss: 122538.233398
Validation accuracy: 0.982794
Test accuracy: 0.984228
Validation loss: 122823.526428
Validation accuracy: 0.982955
Test accuracy: 0.984645
Validation loss: 122945.457275
Validation accuracy: 0.982985
Test accuracy: 0.984442
Validation loss: 122903.566711
Validation accuracy: 0.982683
Test accuracy: 0.984188
Validation loss: 122593.116089
Validation accuracy: 0.980240
Test accuracy: 0.981939
Validation loss: 123120.988770
Validation accuracy: 0.982683
Test accuracy: 0.985063
Validation loss: 123411.206604
Validation accuracy: 0.981678
Test accuracy: 0.984381
Validation loss: 122170.426544
Validation accuracy: 0.982573
Test accuracy: 0.984727
Validation loss: 122706.948792
Validation accuracy: 0.982693
Test accuracy: 0.985073
Validation loss: 122641.407410
Validation accuracy: 0.982884
Test accuracy: 0.984574
Training loss: 852751.763489
Training accuracy: 0.992788

Epoch: 38
Validation loss: 123475.861511
Validation accuracy: 0.982894
Test accuracy: 0.985175
Validation loss: 122671.418213
Validation accuracy: 0.983196
Test accuracy: 0.984472
Validation loss: 123488.953796
Validation accuracy: 0.981949
Test accuracy: 0.983028
Validation loss: 122945.148254
Validation accuracy: 0.982804
Test accuracy: 0.984696
Validation loss: 122418.209229
Validation accuracy: 0.983437
Test accuracy: 0.984238
Validation loss: 123356.121124
Validation accuracy: 0.983085
Test accuracy: 0.984615
Validation loss: 122772.902832
Validation accuracy: 0.983327
Test accuracy: 0.985297
Validation loss: 122822.078979
Validation accuracy: 0.983287
Test accuracy: 0.984279
Validation loss: 121963.733032
Validation accuracy: 0.983628
Test accuracy: 0.985917
Validation loss: 122149.550537
Validation accuracy: 0.983377
Test accuracy: 0.984951
Validation loss: 123285.512268
Validation accuracy: 0.982985
Test accuracy: 0.984055
Validation loss: 122195.348694
Validation accuracy: 0.982019
Test accuracy: 0.984951
Validation loss: 122618.410217
Validation accuracy: 0.983116
Test accuracy: 0.984503
Validation loss: 123571.540833
Validation accuracy: 0.982583
Test accuracy: 0.984839
Validation loss: 123126.786621
Validation accuracy: 0.982733
Test accuracy: 0.984279
Validation loss: 122501.500916
Validation accuracy: 0.982925
Test accuracy: 0.985052
Validation loss: 122961.822021
Validation accuracy: 0.983236
Test accuracy: 0.984900
Validation loss: 122495.372375
Validation accuracy: 0.982744
Test accuracy: 0.985103
Validation loss: 122413.426941
Validation accuracy: 0.983397
Test accuracy: 0.984706
Training loss: 851083.638748
Training accuracy: 0.992600

Epoch: 39
Validation loss: 122617.193634
Validation accuracy: 0.982512
Test accuracy: 0.983577
Validation loss: 122403.837646
Validation accuracy: 0.983729
Test accuracy: 0.985073
Validation loss: 122901.448547
Validation accuracy: 0.983075
Test accuracy: 0.984615
Validation loss: 122790.305237
Validation accuracy: 0.983085
Test accuracy: 0.985521
Validation loss: 123111.148712
Validation accuracy: 0.983498
Test accuracy: 0.985093
Validation loss: 122670.563904
Validation accuracy: 0.983407
Test accuracy: 0.984554
Validation loss: 122709.929565
Validation accuracy: 0.983669
Test accuracy: 0.984727
Validation loss: 123091.953308
Validation accuracy: 0.982824
Test accuracy: 0.984126
Validation loss: 123262.840271
Validation accuracy: 0.983397
Test accuracy: 0.984259
Validation loss: 123616.975494
Validation accuracy: 0.982663
Test accuracy: 0.984198
Validation loss: 123352.555176
Validation accuracy: 0.984544
Test accuracy: 0.985205
Validation loss: 123201.061432
Validation accuracy: 0.983357
Test accuracy: 0.984849
Validation loss: 122684.696350
Validation accuracy: 0.983377
Test accuracy: 0.984167
Validation loss: 122606.404236
Validation accuracy: 0.982955
Test accuracy: 0.983730
Validation loss: 122668.401794
Validation accuracy: 0.983307
Test accuracy: 0.984808
Validation loss: 122978.812622
Validation accuracy: 0.982522
Test accuracy: 0.984442
Validation loss: 122749.358154
Validation accuracy: 0.981185
Test accuracy: 0.982631
Validation loss: 122378.211243
Validation accuracy: 0.983518
Test accuracy: 0.984137
Validation loss: 122976.151794
Validation accuracy: 0.983327
Test accuracy: 0.984411
Training loss: 854059.471313
Training accuracy: 0.992531

Epoch: 40
Validation loss: 123938.680176
Validation accuracy: 0.982472
Test accuracy: 0.983547
Validation loss: 122030.043640
Validation accuracy: 0.983538
Test accuracy: 0.984411
Validation loss: 122946.982788
Validation accuracy: 0.982030
Test accuracy: 0.984279
Validation loss: 122952.066589
Validation accuracy: 0.983156
Test accuracy: 0.984055
Validation loss: 123462.728882
Validation accuracy: 0.982935
Test accuracy: 0.983903
Validation loss: 122976.266785
Validation accuracy: 0.983196
Test accuracy: 0.984065
Validation loss: 122756.733185
Validation accuracy: 0.983256
Test accuracy: 0.984595
Validation loss: 123158.438171
Validation accuracy: 0.983106
Test accuracy: 0.984096
Validation loss: 122462.802338
Validation accuracy: 0.982874
Test accuracy: 0.984920
Validation loss: 122551.150513
Validation accuracy: 0.982774
Test accuracy: 0.984584
Validation loss: 123068.353882
Validation accuracy: 0.982593
Test accuracy: 0.984523
Validation loss: 123153.632996
Validation accuracy: 0.982874
Test accuracy: 0.984645
Validation loss: 123004.335876
Validation accuracy: 0.982563
Test accuracy: 0.983892
Validation loss: 123131.358948
Validation accuracy: 0.983598
Test accuracy: 0.984808
Validation loss: 122417.705200
Validation accuracy: 0.983055
Test accuracy: 0.984595
Validation loss: 122911.023224
