Namespace(char='256', dev='19,21', embed='256', filetype='.MRG', mlp='512', output='pos_baseline', test='22,24', train='0,18', trainer='sgd', word='256')
Epoch: 0
Validation loss: 506956.900757
Validation accuracy: 0.018366
Test accuracy: 0.017940
Validation loss: 438042.772339
Validation accuracy: 0.180803
Test accuracy: 0.177951
Validation loss: 423488.066406
Validation accuracy: 0.222505
Test accuracy: 0.220086
Validation loss: 403423.207397
Validation accuracy: 0.344849
Test accuracy: 0.342288
Validation loss: 386507.701416
Validation accuracy: 0.378628
Test accuracy: 0.378014
Validation loss: 379455.307007
Validation accuracy: 0.415215
Test accuracy: 0.411302
Validation loss: 366112.907349
Validation accuracy: 0.477248
Test accuracy: 0.474926
Validation loss: 350852.072754
Validation accuracy: 0.555309
Test accuracy: 0.549223
Validation loss: 344283.829712
Validation accuracy: 0.601588
Test accuracy: 0.594652
Validation loss: 335441.363403
Validation accuracy: 0.628688
Test accuracy: 0.625372
Validation loss: 331085.594604
Validation accuracy: 0.635564
Test accuracy: 0.632283
Validation loss: 324520.911377
Validation accuracy: 0.679179
Test accuracy: 0.673346
Validation loss: 321231.741699
Validation accuracy: 0.681061
Test accuracy: 0.682432
Validation loss: 319056.009399
Validation accuracy: 0.676955
Test accuracy: 0.674503
Validation loss: 312138.484985
Validation accuracy: 0.720767
Test accuracy: 0.722029
Validation loss: 311356.446533
Validation accuracy: 0.735786
Test accuracy: 0.731239
Validation loss: 305941.616577
Validation accuracy: 0.749029
Test accuracy: 0.746903
Validation loss: 303946.706055
Validation accuracy: 0.755350
Test accuracy: 0.755094
Validation loss: 303300.718018
Validation accuracy: 0.759190
Test accuracy: 0.754416
Validation loss: 304914.383789
Validation accuracy: 0.752087
Test accuracy: 0.748106
Validation loss: 297217.425171
Validation accuracy: 0.786648
Test accuracy: 0.782367
Validation loss: 295860.259766
Validation accuracy: 0.792157
Test accuracy: 0.790658
Validation loss: 294699.641235
Validation accuracy: 0.795990
Test accuracy: 0.799466
Validation loss: 294726.458130
Validation accuracy: 0.790731
Test accuracy: 0.786285
Training loss: 2355149.931885
Training accuracy: 0.781383

Epoch: 1
Validation loss: 296346.339233
Validation accuracy: 0.786390
Test accuracy: 0.783616
Validation loss: 289919.853882
Validation accuracy: 0.813263
Test accuracy: 0.811915
Validation loss: 288225.440552
Validation accuracy: 0.824054
Test accuracy: 0.823577
Validation loss: 291686.316284
Validation accuracy: 0.809635
Test accuracy: 0.810418
Validation loss: 286926.456665
Validation accuracy: 0.832182
Test accuracy: 0.829145
Validation loss: 289198.913574
Validation accuracy: 0.812557
Test accuracy: 0.815833
Validation loss: 287115.409180
Validation accuracy: 0.829253
Test accuracy: 0.830117
Validation loss: 285085.435791
Validation accuracy: 0.834444
Test accuracy: 0.834552
Validation loss: 283634.211670
Validation accuracy: 0.838838
Test accuracy: 0.837290
Validation loss: 284529.129517
Validation accuracy: 0.836660
Test accuracy: 0.837521
Validation loss: 282524.867432
Validation accuracy: 0.846526
Test accuracy: 0.847872
Validation loss: 280535.358643
Validation accuracy: 0.857758
Test accuracy: 0.860012
Validation loss: 279945.228760
Validation accuracy: 0.857788
Test accuracy: 0.861385
Validation loss: 278664.082764
Validation accuracy: 0.867145
Test accuracy: 0.864663
Validation loss: 280917.334351
Validation accuracy: 0.860778
Test accuracy: 0.861917
Validation loss: 278854.212158
Validation accuracy: 0.864937
Test accuracy: 0.865789
Validation loss: 279027.882812
Validation accuracy: 0.865521
Test accuracy: 0.867200
Validation loss: 278448.108276
Validation accuracy: 0.863100
Test accuracy: 0.865997
Validation loss: 279200.990234
Validation accuracy: 0.863108
Test accuracy: 0.862172
Validation loss: 274715.386719
Validation accuracy: 0.880419
Test accuracy: 0.882742
Validation loss: 274156.952148
Validation accuracy: 0.879371
Test accuracy: 0.880628
Validation loss: 275385.825073
Validation accuracy: 0.883348
Test accuracy: 0.882094
Validation loss: 275646.627197
Validation accuracy: 0.884221
Test accuracy: 0.885518
Validation loss: 274264.925049
Validation accuracy: 0.888418
Test accuracy: 0.889884
Training loss: 1952360.864014
Training accuracy: 0.882861

Epoch: 2
Validation loss: 275776.172974
Validation accuracy: 0.884266
Test accuracy: 0.884670
Validation loss: 272721.541016
Validation accuracy: 0.885572
Test accuracy: 0.884014
Validation loss: 272758.355469
Validation accuracy: 0.888220
Test accuracy: 0.888796
Validation loss: 272572.410645
Validation accuracy: 0.891506
Test accuracy: 0.893000
Validation loss: 273797.227783
Validation accuracy: 0.890201
Test accuracy: 0.890902
Validation loss: 271105.886597
Validation accuracy: 0.896439
Test accuracy: 0.895499
Validation loss: 270940.951782
Validation accuracy: 0.894307
Test accuracy: 0.894087
Validation loss: 270508.337646
Validation accuracy: 0.901767
Test accuracy: 0.901854
Validation loss: 270315.516968
Validation accuracy: 0.904301
Test accuracy: 0.906451
Validation loss: 270656.862305
Validation accuracy: 0.903315
Test accuracy: 0.902371
Validation loss: 269657.679321
Validation accuracy: 0.905174
Test accuracy: 0.906112
Validation loss: 270295.669556
Validation accuracy: 0.902564
Test accuracy: 0.901183
Validation loss: 269836.279175
Validation accuracy: 0.902708
Test accuracy: 0.903227
Validation loss: 269314.804199
Validation accuracy: 0.909257
Test accuracy: 0.907569
Validation loss: 268539.997681
Validation accuracy: 0.908491
Test accuracy: 0.908310
Validation loss: 270070.515015
Validation accuracy: 0.902860
Test accuracy: 0.904800
Validation loss: 268814.097778
Validation accuracy: 0.910335
Test accuracy: 0.907677
Validation loss: 268774.948120
Validation accuracy: 0.913317
Test accuracy: 0.916185
Validation loss: 267189.307617
Validation accuracy: 0.916937
Test accuracy: 0.918113
Validation loss: 267594.703735
Validation accuracy: 0.910517
Test accuracy: 0.910570
Validation loss: 268016.632446
Validation accuracy: 0.913894
Test accuracy: 0.914210
Validation loss: 268223.652222
Validation accuracy: 0.914721
Test accuracy: 0.915352
Validation loss: 267389.851929
Validation accuracy: 0.912657
Test accuracy: 0.913408
Validation loss: 268462.867981
Validation accuracy: 0.917681
Test accuracy: 0.918313
Training loss: 1874589.037842
Training accuracy: 0.918024

Epoch: 3
Validation loss: 267276.988525
Validation accuracy: 0.918023
Test accuracy: 0.917781
Validation loss: 266261.896301
Validation accuracy: 0.922083
Test accuracy: 0.921021
Validation loss: 267226.609009
Validation accuracy: 0.918561
Test accuracy: 0.921298
Validation loss: 266354.633423
Validation accuracy: 0.919062
Test accuracy: 0.920033
Validation loss: 267374.311279
Validation accuracy: 0.914903
Test accuracy: 0.916516
Validation loss: 266263.623291
Validation accuracy: 0.922265
Test accuracy: 0.920488
Validation loss: 266494.280762
Validation accuracy: 0.917400
Test accuracy: 0.917187
Validation loss: 266848.959106
Validation accuracy: 0.917211
Test accuracy: 0.915930
Validation loss: 266312.471436
Validation accuracy: 0.922735
Test accuracy: 0.923126
Validation loss: 265616.335266
Validation accuracy: 0.922652
Test accuracy: 0.921190
Validation loss: 265511.590759
Validation accuracy: 0.924504
Test accuracy: 0.926142
Validation loss: 264891.474854
Validation accuracy: 0.924496
Test accuracy: 0.924360
Validation loss: 265374.426147
Validation accuracy: 0.928253
Test accuracy: 0.926751
Validation loss: 266179.183228
Validation accuracy: 0.925741
Test accuracy: 0.924044
Validation loss: 264779.162292
Validation accuracy: 0.929475
Test accuracy: 0.930939
Validation loss: 265045.061523
Validation accuracy: 0.928488
Test accuracy: 0.927453
Validation loss: 264948.587036
Validation accuracy: 0.928860
Test accuracy: 0.929042
Validation loss: 264744.722168
Validation accuracy: 0.930362
Test accuracy: 0.931248
Validation loss: 265754.602783
Validation accuracy: 0.927706
Test accuracy: 0.928016
Validation loss: 264044.236206
Validation accuracy: 0.930795
Test accuracy: 0.931533
Validation loss: 266119.973267
Validation accuracy: 0.930545
Test accuracy: 0.930407
Validation loss: 264700.702637
Validation accuracy: 0.929953
Test accuracy: 0.929975
Validation loss: 265703.076111
Validation accuracy: 0.931569
Test accuracy: 0.932821
Validation loss: 266103.563110
Validation accuracy: 0.932594
Test accuracy: 0.932142
Training loss: 1842974.062622
Training accuracy: 0.930219

Epoch: 4
Validation loss: 265566.717773
Validation accuracy: 0.928359
Test accuracy: 0.929443
Validation loss: 264341.829956
Validation accuracy: 0.934483
Test accuracy: 0.933785
Validation loss: 263740.348267
Validation accuracy: 0.931713
Test accuracy: 0.932027
Validation loss: 264519.247803
Validation accuracy: 0.930954
Test accuracy: 0.932466
Validation loss: 265487.561401
Validation accuracy: 0.930666
Test accuracy: 0.929613
Validation loss: 263221.125000
Validation accuracy: 0.932336
Test accuracy: 0.933323
Validation loss: 264644.896240
Validation accuracy: 0.930066
Test accuracy: 0.929728
Validation loss: 263311.131958
Validation accuracy: 0.933884
Test accuracy: 0.933623
Validation loss: 262901.134399
Validation accuracy: 0.937223
Test accuracy: 0.934603
Validation loss: 263939.982910
Validation accuracy: 0.936153
Test accuracy: 0.935297
Validation loss: 263719.032410
Validation accuracy: 0.932973
Test accuracy: 0.931988
Validation loss: 263684.415405
Validation accuracy: 0.934294
Test accuracy: 0.932551
Validation loss: 262508.590454
Validation accuracy: 0.937246
Test accuracy: 0.937557
Validation loss: 264207.838745
Validation accuracy: 0.935030
Test accuracy: 0.937071
Validation loss: 263999.879150
Validation accuracy: 0.937602
Test accuracy: 0.936678
Validation loss: 263562.456177
Validation accuracy: 0.937610
Test accuracy: 0.938860
Validation loss: 264598.931152
Validation accuracy: 0.937071
Test accuracy: 0.939794
Validation loss: 263882.500488
Validation accuracy: 0.939485
Test accuracy: 0.940110
Validation loss: 262911.804199
Validation accuracy: 0.937807
Test accuracy: 0.939123
Validation loss: 263977.629272
Validation accuracy: 0.938187
Test accuracy: 0.937565
Validation loss: 262189.771118
Validation accuracy: 0.937853
Test accuracy: 0.939030
Validation loss: 264264.886353
Validation accuracy: 0.936487
Test accuracy: 0.934695
Validation loss: 262067.472778
Validation accuracy: 0.939257
Test accuracy: 0.941012
Validation loss: 262583.389832
Validation accuracy: 0.939841
Test accuracy: 0.940642
Training loss: 1826211.266602
Training accuracy: 0.938986

Epoch: 5
Validation loss: 262076.787476
Validation accuracy: 0.937367
Test accuracy: 0.938830
Validation loss: 262650.218140
Validation accuracy: 0.939022
Test accuracy: 0.939192
Validation loss: 263176.124878
Validation accuracy: 0.939682
Test accuracy: 0.939192
Validation loss: 264112.581116
Validation accuracy: 0.936897
Test accuracy: 0.936323
Validation loss: 262205.285217
Validation accuracy: 0.939894
Test accuracy: 0.939277
Validation loss: 261779.981445
Validation accuracy: 0.942490
Test accuracy: 0.942131
Validation loss: 263150.632690
Validation accuracy: 0.939682
Test accuracy: 0.937734
Validation loss: 261474.114502
Validation accuracy: 0.942475
Test accuracy: 0.942277
Validation loss: 262973.577026
Validation accuracy: 0.940365
Test accuracy: 0.941136
Validation loss: 262163.684692
Validation accuracy: 0.940221
Test accuracy: 0.940256
Validation loss: 262372.914062
Validation accuracy: 0.942718
Test accuracy: 0.943820
Validation loss: 262723.398987
Validation accuracy: 0.941458
Test accuracy: 0.940981
Validation loss: 261358.182434
Validation accuracy: 0.943552
Test accuracy: 0.944298
Validation loss: 262161.790771
Validation accuracy: 0.942695
Test accuracy: 0.942254
Validation loss: 261209.521362
Validation accuracy: 0.943727
Test accuracy: 0.944799
Validation loss: 262304.182617
Validation accuracy: 0.939864
Test accuracy: 0.940048
Validation loss: 262775.378296
Validation accuracy: 0.941670
Test accuracy: 0.939686
Validation loss: 262206.392822
Validation accuracy: 0.943659
Test accuracy: 0.943133
Validation loss: 262428.197998
Validation accuracy: 0.944440
Test accuracy: 0.943681
Validation loss: 261189.613892
Validation accuracy: 0.944683
Test accuracy: 0.946434
Validation loss: 262227.278809
Validation accuracy: 0.944888
Test accuracy: 0.944367
Validation loss: 262044.449341
Validation accuracy: 0.945374
Test accuracy: 0.945069
Validation loss: 262698.337646
Validation accuracy: 0.945176
Test accuracy: 0.944560
Validation loss: 262244.114319
Validation accuracy: 0.944820
Test accuracy: 0.945709
Training loss: 1814491.421753
Training accuracy: 0.944188

Epoch: 6
Validation loss: 261763.399414
Validation accuracy: 0.941936
Test accuracy: 0.943025
Validation loss: 261310.422424
Validation accuracy: 0.945404
Test accuracy: 0.945725
Validation loss: 262721.986694
Validation accuracy: 0.944592
Test accuracy: 0.944946
Validation loss: 261187.397217
Validation accuracy: 0.944918
Test accuracy: 0.945763
Validation loss: 261043.794067
Validation accuracy: 0.944979
Test accuracy: 0.944637
Validation loss: 261790.001343
Validation accuracy: 0.940995
Test accuracy: 0.942385
Validation loss: 261786.659851
Validation accuracy: 0.946831
Test accuracy: 0.946427
Validation loss: 262741.897583
Validation accuracy: 0.944509
Test accuracy: 0.945979
Validation loss: 260617.373474
Validation accuracy: 0.947165
Test accuracy: 0.946974
Validation loss: 262501.059387
Validation accuracy: 0.943469
Test accuracy: 0.943110
Validation loss: 260364.570190
Validation accuracy: 0.947908
Test accuracy: 0.948224
Validation loss: 261217.648132
Validation accuracy: 0.944805
Test accuracy: 0.944907
Validation loss: 261026.487793
Validation accuracy: 0.945837
Test accuracy: 0.944807
Validation loss: 261428.146973
Validation accuracy: 0.948963
Test accuracy: 0.949381
Validation loss: 261921.781067
Validation accuracy: 0.946011
Test accuracy: 0.946481
Validation loss: 261720.431885
Validation accuracy: 0.946148
Test accuracy: 0.948278
Validation loss: 260769.698975
Validation accuracy: 0.945510
Test accuracy: 0.947499
Validation loss: 261485.766357
Validation accuracy: 0.948736
Test accuracy: 0.947977
Validation loss: 261219.258728
Validation accuracy: 0.946186
Test accuracy: 0.946242
Validation loss: 260951.912781
Validation accuracy: 0.946520
Test accuracy: 0.947321
Validation loss: 262029.113281
Validation accuracy: 0.946307
Test accuracy: 0.948501
Validation loss: 261307.036377
Validation accuracy: 0.948728
Test accuracy: 0.948000
Validation loss: 261163.559692
Validation accuracy: 0.948265
Test accuracy: 0.947036
Validation loss: 260253.851990
Validation accuracy: 0.948333
Test accuracy: 0.947746
Training loss: 1810107.561584
Training accuracy: 0.950234

Epoch: 7
Validation loss: 261303.039185
Validation accuracy: 0.948546
Test accuracy: 0.946967
Validation loss: 262401.366699
Validation accuracy: 0.948584
Test accuracy: 0.948355
Validation loss: 260026.093445
Validation accuracy: 0.949616
Test accuracy: 0.948910
Validation loss: 260669.744934
Validation accuracy: 0.950299
Test accuracy: 0.948879
Validation loss: 262578.056763
Validation accuracy: 0.947650
Test accuracy: 0.948494
Validation loss: 260198.354614
Validation accuracy: 0.948121
Test accuracy: 0.949010
Validation loss: 260202.616211
Validation accuracy: 0.948554
Test accuracy: 0.949681
Validation loss: 260416.637146
Validation accuracy: 0.949866
Test accuracy: 0.950484
Validation loss: 261320.191406
Validation accuracy: 0.949510
Test accuracy: 0.948301
Validation loss: 260832.571655
Validation accuracy: 0.949229
Test accuracy: 0.951031
Validation loss: 260098.564087
Validation accuracy: 0.949077
Test accuracy: 0.951224
Validation loss: 261003.866821
Validation accuracy: 0.949441
Test accuracy: 0.949427
Validation loss: 261755.657593
Validation accuracy: 0.950512
Test accuracy: 0.949674
Validation loss: 260128.501831
Validation accuracy: 0.950572
Test accuracy: 0.950923
Validation loss: 261000.477600
Validation accuracy: 0.949153
Test accuracy: 0.947931
Validation loss: 261506.904785
Validation accuracy: 0.949821
Test accuracy: 0.948316
Validation loss: 261000.596863
Validation accuracy: 0.949123
Test accuracy: 0.948918
Validation loss: 261304.204468
Validation accuracy: 0.951961
Test accuracy: 0.950437
Validation loss: 260506.176880
Validation accuracy: 0.948948
Test accuracy: 0.948123
Validation loss: 260242.870483
Validation accuracy: 0.951149
Test accuracy: 0.951964
Validation loss: 260666.379395
Validation accuracy: 0.949335
Test accuracy: 0.948995
Validation loss: 259956.985352
Validation accuracy: 0.952227
Test accuracy: 0.952890
Validation loss: 260693.128601
Validation accuracy: 0.951399
Test accuracy: 0.953360
Validation loss: 260472.820496
Validation accuracy: 0.952363
Test accuracy: 0.952096
Training loss: 1803619.274170
Training accuracy: 0.954577

Epoch: 8
Validation loss: 259816.245239
Validation accuracy: 0.952113
Test accuracy: 0.952666
Validation loss: 260540.017639
Validation accuracy: 0.951984
Test accuracy: 0.949982
Validation loss: 260281.364136
Validation accuracy: 0.952287
Test accuracy: 0.951401
Validation loss: 260624.424377
Validation accuracy: 0.951111
Test accuracy: 0.951748
Validation loss: 261029.708557
Validation accuracy: 0.949699
Test accuracy: 0.952034
Validation loss: 260934.754883
Validation accuracy: 0.951407
Test accuracy: 0.950646
Validation loss: 260368.239380
Validation accuracy: 0.948508
Test accuracy: 0.950977
Validation loss: 260997.235229
Validation accuracy: 0.950671
Test accuracy: 0.951918
Validation loss: 260992.296875
Validation accuracy: 0.951073
Test accuracy: 0.952211
Validation loss: 260966.168701
Validation accuracy: 0.950481
Test accuracy: 0.951748
Validation loss: 258958.128113
Validation accuracy: 0.953904
Test accuracy: 0.954163
Validation loss: 258904.886475
Validation accuracy: 0.952227
Test accuracy: 0.951317
Validation loss: 260117.774475
Validation accuracy: 0.953175
Test accuracy: 0.951764
Validation loss: 261106.066040
Validation accuracy: 0.952219
Test accuracy: 0.952396
Validation loss: 262067.932251
Validation accuracy: 0.951202
Test accuracy: 0.952474
Validation loss: 260449.339600
Validation accuracy: 0.951635
Test accuracy: 0.953638
Validation loss: 261568.232910
Validation accuracy: 0.950155
Test accuracy: 0.951178
Validation loss: 259289.500305
Validation accuracy: 0.952599
Test accuracy: 0.951702
Validation loss: 260217.508179
Validation accuracy: 0.951544
Test accuracy: 0.953183
Validation loss: 259488.144287
Validation accuracy: 0.951202
Test accuracy: 0.951594
Validation loss: 259660.599731
Validation accuracy: 0.952621
Test accuracy: 0.953183
Validation loss: 259554.618164
Validation accuracy: 0.952629
Test accuracy: 0.951980
Validation loss: 260515.045044
Validation accuracy: 0.952416
Test accuracy: 0.953492
Validation loss: 259871.341553
Validation accuracy: 0.951991
Test accuracy: 0.952173
Training loss: 1800999.595520
Training accuracy: 0.953231

Epoch: 9
Validation loss: 259422.791931
Validation accuracy: 0.951802
Test accuracy: 0.951371
Validation loss: 259966.061584
Validation accuracy: 0.952507
Test accuracy: 0.952072
Validation loss: 261482.251099
Validation accuracy: 0.950716
Test accuracy: 0.951725
Validation loss: 259715.983276
Validation accuracy: 0.953403
Test accuracy: 0.953253
Validation loss: 259541.327942
Validation accuracy: 0.953426
Test accuracy: 0.953029
Validation loss: 261199.736328
Validation accuracy: 0.952052
Test accuracy: 0.952774
Validation loss: 259316.335693
Validation accuracy: 0.952469
Test accuracy: 0.953445
Validation loss: 259843.947510
Validation accuracy: 0.952834
Test accuracy: 0.953885
Validation loss: 260634.379639
Validation accuracy: 0.952636
Test accuracy: 0.953846
Validation loss: 259173.709167
Validation accuracy: 0.953881
Test accuracy: 0.955520
Validation loss: 260388.770935
Validation accuracy: 0.952227
Test accuracy: 0.954301
Validation loss: 259989.521851
Validation accuracy: 0.953221
Test accuracy: 0.953924
Validation loss: 259965.613342
Validation accuracy: 0.954147
Test accuracy: 0.954903
Validation loss: 259336.261902
Validation accuracy: 0.954094
Test accuracy: 0.955258
Validation loss: 259924.391968
Validation accuracy: 0.953775
Test accuracy: 0.953345
Validation loss: 260117.194946
Validation accuracy: 0.955133
Test accuracy: 0.954826
Validation loss: 259021.551880
Validation accuracy: 0.952781
Test accuracy: 0.954240
Validation loss: 259908.493652
Validation accuracy: 0.954132
Test accuracy: 0.953522
Validation loss: 260138.743713
Validation accuracy: 0.952363
Test accuracy: 0.951910
Validation loss: 260042.041016
Validation accuracy: 0.953600
Test accuracy: 0.954972
Validation loss: 260281.449707
Validation accuracy: 0.954359
Test accuracy: 0.954039
Validation loss: 260985.972107
Validation accuracy: 0.954754
Test accuracy: 0.953877
Validation loss: 259924.557800
Validation accuracy: 0.954238
Test accuracy: 0.955975
Validation loss: 260084.871948
Validation accuracy: 0.954283
Test accuracy: 0.956631
Training loss: 1797307.497681
Training accuracy: 0.956387

Epoch: 10
Validation loss: 259220.831299
Validation accuracy: 0.954230
Test accuracy: 0.954664
Validation loss: 258697.057678
Validation accuracy: 0.954465
Test accuracy: 0.953746
Validation loss: 259464.126709
Validation accuracy: 0.954124
Test accuracy: 0.953924
Validation loss: 260635.901855
Validation accuracy: 0.954200
Test accuracy: 0.953414
Validation loss: 260544.633240
Validation accuracy: 0.954830
Test accuracy: 0.955358
Validation loss: 260512.241394
Validation accuracy: 0.955839
Test accuracy: 0.956361
Validation loss: 260694.355713
Validation accuracy: 0.954830
Test accuracy: 0.954217
Validation loss: 260591.101929
Validation accuracy: 0.954974
Test accuracy: 0.955127
Validation loss: 258847.539185
Validation accuracy: 0.955589
Test accuracy: 0.955960
Validation loss: 260432.819092
Validation accuracy: 0.953714
Test accuracy: 0.953646
Validation loss: 260117.753296
Validation accuracy: 0.953494
Test accuracy: 0.955805
Validation loss: 259538.001160
Validation accuracy: 0.955444
Test accuracy: 0.954109
Validation loss: 259222.077515
Validation accuracy: 0.954094
Test accuracy: 0.953276
Validation loss: 259649.007935
Validation accuracy: 0.955551
Test accuracy: 0.955620
Validation loss: 259693.954651
Validation accuracy: 0.956659
Test accuracy: 0.955281
Validation loss: 259891.732849
Validation accuracy: 0.954192
Test accuracy: 0.954965
Validation loss: 259073.741455
Validation accuracy: 0.955558
Test accuracy: 0.955335
Validation loss: 260038.560974
Validation accuracy: 0.953312
Test accuracy: 0.954641
Validation loss: 260944.694153
Validation accuracy: 0.954450
Test accuracy: 0.954826
Validation loss: 258751.498535
Validation accuracy: 0.955156
Test accuracy: 0.954294
Validation loss: 259353.784790
Validation accuracy: 0.955080
Test accuracy: 0.958227
Validation loss: 260018.389160
Validation accuracy: 0.956089
Test accuracy: 0.955042
Validation loss: 259699.577637
Validation accuracy: 0.955771
Test accuracy: 0.956708
Validation loss: 259504.278076
Validation accuracy: 0.955756
Test accuracy: 0.955466
Training loss: 1795497.584656
Training accuracy: 0.957983

Epoch: 11
Validation loss: 259675.627136
Validation accuracy: 0.955991
Test accuracy: 0.956029
Validation loss: 259618.907593
Validation accuracy: 0.954329
Test accuracy: 0.954710
Validation loss: 259616.023071
Validation accuracy: 0.955680
Test accuracy: 0.955566
Validation loss: 259543.713623
Validation accuracy: 0.956416
Test accuracy: 0.955528
Validation loss: 259326.487671
Validation accuracy: 0.956765
Test accuracy: 0.955651
Validation loss: 259552.952576
Validation accuracy: 0.954997
Test accuracy: 0.953083
Validation loss: 261136.835571
Validation accuracy: 0.956325
Test accuracy: 0.956546
Validation loss: 259026.669861
Validation accuracy: 0.955057
Test accuracy: 0.957140
Validation loss: 260971.629150
Validation accuracy: 0.953304
Test accuracy: 0.952219
Validation loss: 260206.546997
Validation accuracy: 0.955384
Test accuracy: 0.956137
Validation loss: 258392.523315
Validation accuracy: 0.956955
Test accuracy: 0.956723
Validation loss: 259748.329834
Validation accuracy: 0.956143
Test accuracy: 0.956746
Validation loss: 260167.278076
Validation accuracy: 0.956742
Test accuracy: 0.957456
Validation loss: 258796.457947
Validation accuracy: 0.955824
Test accuracy: 0.954433
Validation loss: 259906.494263
Validation accuracy: 0.955361
Test accuracy: 0.956183
Validation loss: 260060.153809
Validation accuracy: 0.957402
Test accuracy: 0.957595
Validation loss: 259060.824097
Validation accuracy: 0.955482
Test accuracy: 0.956461
Validation loss: 259280.900391
Validation accuracy: 0.957266
Test accuracy: 0.955937
Validation loss: 258564.929932
Validation accuracy: 0.957008
Test accuracy: 0.956561
Validation loss: 259802.865662
Validation accuracy: 0.956401
Test accuracy: 0.955975
Validation loss: 259961.047363
Validation accuracy: 0.956135
Test accuracy: 0.955482
Validation loss: 259539.815552
Validation accuracy: 0.956712
Test accuracy: 0.956986
Validation loss: 258572.934631
Validation accuracy: 0.957592
Test accuracy: 0.957618
Validation loss: 257631.139160
Validation accuracy: 0.956423
Test accuracy: 0.956122
Training loss: 1792123.957642
Training accuracy: 0.958324

Epoch: 12
Validation loss: 260354.676147
Validation accuracy: 0.954678
Test accuracy: 0.956075
Validation loss: 258593.282349
Validation accuracy: 0.955589
Test accuracy: 0.957055
Validation loss: 258892.000793
Validation accuracy: 0.956947
Test accuracy: 0.957070
Validation loss: 259476.470215
Validation accuracy: 0.957220
Test accuracy: 0.956862
Validation loss: 258694.373535
Validation accuracy: 0.956461
Test accuracy: 0.958104
Validation loss: 259872.015198
Validation accuracy: 0.956659
Test accuracy: 0.957286
Validation loss: 259548.138672
Validation accuracy: 0.955103
Test accuracy: 0.955127
Validation loss: 259938.895447
Validation accuracy: 0.955983
Test accuracy: 0.954610
Validation loss: 259569.545288
Validation accuracy: 0.957554
Test accuracy: 0.957101
Validation loss: 259360.704956
Validation accuracy: 0.958078
Test accuracy: 0.958204
Validation loss: 259291.687256
Validation accuracy: 0.957038
Test accuracy: 0.957093
Validation loss: 259665.766602
Validation accuracy: 0.957182
Test accuracy: 0.955643
Validation loss: 259517.651489
Validation accuracy: 0.956302
Test accuracy: 0.956731
Validation loss: 259266.155457
Validation accuracy: 0.954989
Test accuracy: 0.955350
Validation loss: 258932.998901
Validation accuracy: 0.957327
Test accuracy: 0.958659
Validation loss: 259664.347412
Validation accuracy: 0.958108
Test accuracy: 0.958536
Validation loss: 260555.416077
Validation accuracy: 0.956348
Test accuracy: 0.958227
Validation loss: 259006.513977
Validation accuracy: 0.957994
Test accuracy: 0.957749
Validation loss: 259125.577637
Validation accuracy: 0.957349
Test accuracy: 0.959384
Validation loss: 259429.907959
Validation accuracy: 0.957334
Test accuracy: 0.958667
Validation loss: 259834.744263
Validation accuracy: 0.955323
Test accuracy: 0.955790
Validation loss: 260553.288147
Validation accuracy: 0.956074
Test accuracy: 0.955983
Validation loss: 259573.742432
Validation accuracy: 0.958002
Test accuracy: 0.957950
Validation loss: 258416.720947
Validation accuracy: 0.958693
Test accuracy: 0.959253
Training loss: 1792053.971985
Training accuracy: 0.959639

Epoch: 13
Validation loss: 259550.376465
Validation accuracy: 0.956560
Test accuracy: 0.956932
Validation loss: 258822.606689
Validation accuracy: 0.956332
Test accuracy: 0.956438
Validation loss: 259619.874390
Validation accuracy: 0.957835
Test accuracy: 0.958783
Validation loss: 258778.283630
Validation accuracy: 0.958184
Test accuracy: 0.957425
Validation loss: 259552.528687
Validation accuracy: 0.957243
Test accuracy: 0.956908
Validation loss: 259556.548340
Validation accuracy: 0.956590
Test accuracy: 0.958844
Validation loss: 258231.428528
Validation accuracy: 0.957266
Test accuracy: 0.956839
Validation loss: 258874.391479
Validation accuracy: 0.958457
Test accuracy: 0.957078
Validation loss: 259473.971802
Validation accuracy: 0.957000
Test accuracy: 0.958690
Validation loss: 259662.709839
Validation accuracy: 0.959125
Test accuracy: 0.958914
Validation loss: 258632.297852
Validation accuracy: 0.958647
Test accuracy: 0.958250
Validation loss: 259618.587891
Validation accuracy: 0.957167
Test accuracy: 0.958667
Validation loss: 259951.572083
Validation accuracy: 0.955968
Test accuracy: 0.956808
Validation loss: 259234.960571
Validation accuracy: 0.957668
Test accuracy: 0.958312
Validation loss: 259503.010254
Validation accuracy: 0.957493
Test accuracy: 0.957387
Validation loss: 258811.839111
Validation accuracy: 0.959383
Test accuracy: 0.958628
Validation loss: 259394.880005
Validation accuracy: 0.957683
Test accuracy: 0.956901
Validation loss: 258647.167419
Validation accuracy: 0.957850
Test accuracy: 0.958382
Validation loss: 258654.172852
Validation accuracy: 0.957463
Test accuracy: 0.957279
Validation loss: 259222.751404
Validation accuracy: 0.958343
Test accuracy: 0.958729
Validation loss: 258379.650452
Validation accuracy: 0.956909
Test accuracy: 0.958227
Validation loss: 258830.560303
Validation accuracy: 0.957774
Test accuracy: 0.958867
Validation loss: 259153.072876
Validation accuracy: 0.957304
Test accuracy: 0.958960
Validation loss: 258817.535767
Validation accuracy: 0.958419
Test accuracy: 0.958713
Training loss: 1789538.116577
Training accuracy: 0.960615

Epoch: 14
Validation loss: 259054.675659
Validation accuracy: 0.956909
Test accuracy: 0.957441
Validation loss: 258805.175842
Validation accuracy: 0.956727
Test accuracy: 0.957765
Validation loss: 259455.891602
Validation accuracy: 0.958761
Test accuracy: 0.960001
Validation loss: 258330.213013
Validation accuracy: 0.956742
Test accuracy: 0.958505
Validation loss: 260106.109009
Validation accuracy: 0.957691
Test accuracy: 0.958829
Validation loss: 258678.018188
Validation accuracy: 0.957061
Test accuracy: 0.956654
Validation loss: 257869.834473
Validation accuracy: 0.958260
Test accuracy: 0.957340
Validation loss: 257684.128845
Validation accuracy: 0.958951
Test accuracy: 0.959068
Validation loss: 257509.899658
Validation accuracy: 0.959588
Test accuracy: 0.959230
Validation loss: 259174.510986
Validation accuracy: 0.958996
Test accuracy: 0.960078
Validation loss: 257733.983704
Validation accuracy: 0.957425
Test accuracy: 0.958667
Validation loss: 258394.032959
Validation accuracy: 0.958860
Test accuracy: 0.958482
Validation loss: 258362.248901
Validation accuracy: 0.959110
Test accuracy: 0.958891
Validation loss: 259759.883606
Validation accuracy: 0.959049
Test accuracy: 0.958420
Validation loss: 258489.070435
Validation accuracy: 0.959429
Test accuracy: 0.959685
Validation loss: 260791.502991
Validation accuracy: 0.956014
Test accuracy: 0.956214
Validation loss: 259031.531555
Validation accuracy: 0.956848
Test accuracy: 0.957271
Validation loss: 259161.808350
Validation accuracy: 0.958579
Test accuracy: 0.958798
Validation loss: 259448.134888
Validation accuracy: 0.958495
Test accuracy: 0.960726
Validation loss: 258428.168213
Validation accuracy: 0.958624
Test accuracy: 0.960518
Validation loss: 259036.436646
Validation accuracy: 0.959057
Test accuracy: 0.959176
Validation loss: 259477.503052
Validation accuracy: 0.958715
Test accuracy: 0.959114
Validation loss: 258662.660034
Validation accuracy: 0.959118
Test accuracy: 0.958690
Validation loss: 258091.371399
Validation accuracy: 0.959983
Test accuracy: 0.959700
Training loss: 1789287.254639
Training accuracy: 0.961894

Epoch: 15
Validation loss: 258876.027649
Validation accuracy: 0.959064
Test accuracy: 0.958227
Validation loss: 260328.664978
Validation accuracy: 0.959080
Test accuracy: 0.961629
Validation loss: 259143.843140
Validation accuracy: 0.957797
Test accuracy: 0.957965
Validation loss: 259671.246399
Validation accuracy: 0.958108
Test accuracy: 0.958351
Validation loss: 258236.192383
Validation accuracy: 0.957858
Test accuracy: 0.959392
Validation loss: 257835.604675
Validation accuracy: 0.958419
Test accuracy: 0.959168
Validation loss: 259274.425293
Validation accuracy: 0.958776
Test accuracy: 0.958536
Validation loss: 258908.671509
Validation accuracy: 0.958601
Test accuracy: 0.960063
Validation loss: 259545.276978
Validation accuracy: 0.959550
Test accuracy: 0.960780
Validation loss: 258412.477539
Validation accuracy: 0.959778
Test accuracy: 0.959415
Validation loss: 259262.669678
Validation accuracy: 0.957858
Test accuracy: 0.957325
Validation loss: 258915.056458
Validation accuracy: 0.958465
Test accuracy: 0.958096
Validation loss: 259036.698120
Validation accuracy: 0.959535
Test accuracy: 0.958860
Validation loss: 258352.720215
Validation accuracy: 0.958913
Test accuracy: 0.959731
Validation loss: 259325.775146
Validation accuracy: 0.959717
Test accuracy: 0.960256
Validation loss: 259763.923584
Validation accuracy: 0.958624
Test accuracy: 0.959423
Validation loss: 259795.360840
Validation accuracy: 0.958290
Test accuracy: 0.957934
Validation loss: 259719.448364
Validation accuracy: 0.959383
Test accuracy: 0.959731
Validation loss: 257634.579834
Validation accuracy: 0.960127
Test accuracy: 0.959508
Validation loss: 259255.272583
Validation accuracy: 0.960112
Test accuracy: 0.960171
Validation loss: 257723.221191
Validation accuracy: 0.959049
Test accuracy: 0.959446
Validation loss: 259052.275696
Validation accuracy: 0.960408
Test accuracy: 0.959438
Validation loss: 258120.539978
Validation accuracy: 0.960552
Test accuracy: 0.960865
Validation loss: 258815.351807
Validation accuracy: 0.959861
Test accuracy: 0.960032
Training loss: 1791127.171051
Training accuracy: 0.963448

Epoch: 16
Validation loss: 259322.821655
Validation accuracy: 0.958700
Test accuracy: 0.959801
Validation loss: 259084.075806
Validation accuracy: 0.958784
Test accuracy: 0.961266
Validation loss: 258222.658386
Validation accuracy: 0.959869
Test accuracy: 0.959299
Validation loss: 259252.393799
Validation accuracy: 0.958533
Test accuracy: 0.960472
Validation loss: 259515.797791
Validation accuracy: 0.960119
Test accuracy: 0.960734
Validation loss: 257842.855469
Validation accuracy: 0.959368
Test accuracy: 0.957934
Validation loss: 257450.139465
Validation accuracy: 0.961273
Test accuracy: 0.959870
Validation loss: 259327.245728
Validation accuracy: 0.958822
Test accuracy: 0.959176
Validation loss: 259609.935669
Validation accuracy: 0.959520
Test accuracy: 0.960611
Validation loss: 258012.260071
Validation accuracy: 0.959770
Test accuracy: 0.958428
Validation loss: 257887.306396
Validation accuracy: 0.960180
Test accuracy: 0.962454
Validation loss: 257557.809326
Validation accuracy: 0.960544
Test accuracy: 0.959384
Validation loss: 256828.235596
Validation accuracy: 0.958313
Test accuracy: 0.959137
Validation loss: 257583.182129
Validation accuracy: 0.959983
Test accuracy: 0.959083
Validation loss: 258696.815552
Validation accuracy: 0.959641
Test accuracy: 0.959639
Validation loss: 258633.620911
Validation accuracy: 0.960438
Test accuracy: 0.960317
Validation loss: 258319.504395
Validation accuracy: 0.959247
Test accuracy: 0.960233
Validation loss: 259989.900879
Validation accuracy: 0.959095
Test accuracy: 0.960958
Validation loss: 258310.661377
Validation accuracy: 0.959550
Test accuracy: 0.959122
Validation loss: 259539.793701
Validation accuracy: 0.958556
Test accuracy: 0.958744
Validation loss: 259796.890137
Validation accuracy: 0.958928
Test accuracy: 0.957240
Validation loss: 258121.677246
Validation accuracy: 0.960423
Test accuracy: 0.960202
Validation loss: 257835.312500
Validation accuracy: 0.959459
Test accuracy: 0.959361
Validation loss: 258335.760376
Validation accuracy: 0.959300
Test accuracy: 0.961899
Training loss: 1788951.708984
Training accuracy: 0.964642

Epoch: 17
Validation loss: 258391.814331
Validation accuracy: 0.960848
Test accuracy: 0.959646
Validation loss: 258376.012329
Validation accuracy: 0.960256
Test accuracy: 0.961814
Validation loss: 259997.405640
Validation accuracy: 0.959049
Test accuracy: 0.960287
Validation loss: 260081.208069
Validation accuracy: 0.960043
Test accuracy: 0.959600
Validation loss: 258367.034424
Validation accuracy: 0.959171
Test accuracy: 0.961498
Validation loss: 258307.671265
Validation accuracy: 0.961683
Test accuracy: 0.960665
Validation loss: 259277.862915
Validation accuracy: 0.960317
Test accuracy: 0.960317
Validation loss: 258894.776794
Validation accuracy: 0.959338
Test accuracy: 0.959330
Validation loss: 258359.978210
Validation accuracy: 0.959823
Test accuracy: 0.958906
Validation loss: 259327.675781
Validation accuracy: 0.960195
Test accuracy: 0.960117
Validation loss: 258846.225464
Validation accuracy: 0.960499
Test accuracy: 0.961181
Validation loss: 259961.845703
Validation accuracy: 0.958260
Test accuracy: 0.958034
Validation loss: 259305.575134
Validation accuracy: 0.959846
Test accuracy: 0.959700
Validation loss: 259009.052612
Validation accuracy: 0.960924
Test accuracy: 0.960919
Validation loss: 259477.931763
Validation accuracy: 0.959732
Test accuracy: 0.958975
Validation loss: 258200.184021
Validation accuracy: 0.960370
Test accuracy: 0.961513
Validation loss: 259119.377319
Validation accuracy: 0.960074
Test accuracy: 0.961258
Validation loss: 258156.060791
Validation accuracy: 0.960021
Test accuracy: 0.959716
Validation loss: 258481.803223
Validation accuracy: 0.959998
Test accuracy: 0.959670
Validation loss: 259045.267273
Validation accuracy: 0.958495
Test accuracy: 0.959747
Validation loss: 258600.926025
Validation accuracy: 0.959694
Test accuracy: 0.959762
Validation loss: 259066.824829
Validation accuracy: 0.960499
Test accuracy: 0.961374
Validation loss: 258103.637268
Validation accuracy: 0.961425
Test accuracy: 0.961775
Validation loss: 258627.907104
Validation accuracy: 0.959960
Test accuracy: 0.962176
Training loss: 1783884.935791
Training accuracy: 0.965387

Epoch: 18
Validation loss: 257815.395813
Validation accuracy: 0.961569
Test accuracy: 0.961243
Validation loss: 259583.885132
Validation accuracy: 0.960188
Test accuracy: 0.960665
Validation loss: 258845.546204
Validation accuracy: 0.961273
Test accuracy: 0.960965
Validation loss: 257540.562866
Validation accuracy: 0.961182
Test accuracy: 0.961459
Validation loss: 258055.132324
Validation accuracy: 0.960924
Test accuracy: 0.959099
Validation loss: 259016.437500
Validation accuracy: 0.961432
Test accuracy: 0.961050
Validation loss: 258775.161987
Validation accuracy: 0.961182
Test accuracy: 0.962701
Validation loss: 258770.260559
Validation accuracy: 0.960415
Test accuracy: 0.962631
Validation loss: 258608.246582
Validation accuracy: 0.960537
Test accuracy: 0.961644
Validation loss: 258799.509888
Validation accuracy: 0.961303
Test accuracy: 0.961305
Validation loss: 258050.537842
Validation accuracy: 0.961721
Test accuracy: 0.961266
Validation loss: 258509.096863
Validation accuracy: 0.958594
Test accuracy: 0.961667
Validation loss: 258208.446350
Validation accuracy: 0.959914
Test accuracy: 0.960194
Validation loss: 258766.590027
Validation accuracy: 0.960825
Test accuracy: 0.961274
Validation loss: 259964.833069
Validation accuracy: 0.961508
Test accuracy: 0.961413
Validation loss: 258922.678589
Validation accuracy: 0.961554
Test accuracy: 0.960773
Validation loss: 258190.927490
Validation accuracy: 0.961447
Test accuracy: 0.962323
Validation loss: 258800.573608
Validation accuracy: 0.961106
Test accuracy: 0.963379
Validation loss: 259080.999634
Validation accuracy: 0.961349
Test accuracy: 0.961135
Validation loss: 258595.181396
Validation accuracy: 0.961759
Test accuracy: 0.962176
Validation loss: 258397.091858
Validation accuracy: 0.961212
Test accuracy: 0.961914
Validation loss: 257984.549805
Validation accuracy: 0.959338
Test accuracy: 0.960564
Validation loss: 260539.090332
Validation accuracy: 0.959687
Test accuracy: 0.960827
Validation loss: 257917.332153
Validation accuracy: 0.960916
Test accuracy: 0.961096
Training loss: 1782857.767578
Training accuracy: 0.963928

Epoch: 19
Validation loss: 259560.011841
Validation accuracy: 0.959641
Test accuracy: 0.959230
Validation loss: 260180.624207
Validation accuracy: 0.960954
Test accuracy: 0.961744
Validation loss: 259222.581665
Validation accuracy: 0.962229
Test accuracy: 0.962786
Validation loss: 258420.841797
Validation accuracy: 0.961349
Test accuracy: 0.961482
Validation loss: 257907.880676
Validation accuracy: 0.960969
Test accuracy: 0.961821
Validation loss: 257917.654053
