Namespace(char='256', dev='19,21', embed='256', filetype='.MRG', mlp='512', output='pos_adam_baseline', test='22,24', train='0,18', trainer='adam', word='256')
Epoch: 0
Validation loss: 502517.135620
Validation accuracy: 0.001852
Test accuracy: 0.002059
Validation loss: 408163.509033
Validation accuracy: 0.346541
Test accuracy: 0.348127
Validation loss: 348061.382935
Validation accuracy: 0.575436
Test accuracy: 0.569254
Validation loss: 319003.557739
Validation accuracy: 0.690813
Test accuracy: 0.686828
Validation loss: 308020.005981
Validation accuracy: 0.751207
Test accuracy: 0.749256
Validation loss: 300205.960083
Validation accuracy: 0.782132
Test accuracy: 0.782791
Validation loss: 293768.293457
Validation accuracy: 0.800961
Test accuracy: 0.801502
Validation loss: 286851.960083
Validation accuracy: 0.829207
Test accuracy: 0.828258
Validation loss: 286119.550171
Validation accuracy: 0.833465
Test accuracy: 0.831629
Validation loss: 281242.519531
Validation accuracy: 0.852756
Test accuracy: 0.852430
Validation loss: 278662.010986
Validation accuracy: 0.865711
Test accuracy: 0.864470
Validation loss: 277522.524414
Validation accuracy: 0.873042
Test accuracy: 0.873016
Validation loss: 276918.928101
Validation accuracy: 0.878036
Test accuracy: 0.879587
Validation loss: 272615.300049
Validation accuracy: 0.889670
Test accuracy: 0.889035
Validation loss: 272460.344238
Validation accuracy: 0.889184
Test accuracy: 0.886992
Validation loss: 269988.619507
Validation accuracy: 0.894383
Test accuracy: 0.893555
Validation loss: 273024.586670
Validation accuracy: 0.897365
Test accuracy: 0.895213
Validation loss: 270905.796570
Validation accuracy: 0.904992
Test accuracy: 0.905572
Validation loss: 267867.466431
Validation accuracy: 0.906442
Test accuracy: 0.909636
Validation loss: 269115.812988
Validation accuracy: 0.914661
Test accuracy: 0.916239
Validation loss: 268003.780518
Validation accuracy: 0.917385
Test accuracy: 0.917388
Validation loss: 267977.781006
Validation accuracy: 0.918683
Test accuracy: 0.918915
Validation loss: 266797.359009
Validation accuracy: 0.919229
Test accuracy: 0.917102
Validation loss: 267144.918579
Validation accuracy: 0.924094
Test accuracy: 0.924545
Training loss: 2027012.427826
Training accuracy: 0.918940

Epoch: 1
Validation loss: 266116.423340
Validation accuracy: 0.920899
Test accuracy: 0.920242
Validation loss: 265769.306030
Validation accuracy: 0.923031
Test accuracy: 0.922224
Validation loss: 266603.936279
Validation accuracy: 0.924936
Test accuracy: 0.923843
Validation loss: 265726.288696
Validation accuracy: 0.929254
Test accuracy: 0.929212
Validation loss: 265023.081970
Validation accuracy: 0.927069
Test accuracy: 0.927206
Validation loss: 266233.002441
Validation accuracy: 0.929209
Test accuracy: 0.929844
Validation loss: 264113.567627
Validation accuracy: 0.932578
Test accuracy: 0.930777
Validation loss: 265064.530090
Validation accuracy: 0.931440
Test accuracy: 0.932382
Validation loss: 263406.578308
Validation accuracy: 0.935060
Test accuracy: 0.934024
Validation loss: 263730.757935
Validation accuracy: 0.935925
Test accuracy: 0.936292
Validation loss: 262708.654907
Validation accuracy: 0.937276
Test accuracy: 0.934834
Validation loss: 262377.325562
Validation accuracy: 0.938377
Test accuracy: 0.939277
Validation loss: 263959.591919
Validation accuracy: 0.938043
Test accuracy: 0.939501
Validation loss: 262561.369751
Validation accuracy: 0.938316
Test accuracy: 0.940280
Validation loss: 262848.932983
Validation accuracy: 0.941769
Test accuracy: 0.939902
Validation loss: 261920.847473
Validation accuracy: 0.940130
Test accuracy: 0.941745
Validation loss: 261738.869568
Validation accuracy: 0.942604
Test accuracy: 0.942539
Validation loss: 262668.588745
Validation accuracy: 0.941101
Test accuracy: 0.940827
Validation loss: 262484.864014
Validation accuracy: 0.941784
Test accuracy: 0.944498
Validation loss: 261391.338379
Validation accuracy: 0.942209
Test accuracy: 0.943480
Validation loss: 261078.869019
Validation accuracy: 0.943355
Test accuracy: 0.943133
Validation loss: 262869.808838
Validation accuracy: 0.941913
Test accuracy: 0.944213
Validation loss: 261676.946289
Validation accuracy: 0.944668
Test accuracy: 0.945385
Validation loss: 262783.791077
Validation accuracy: 0.944433
Test accuracy: 0.944506
Training loss: 1829061.339630
Training accuracy: 0.945924

Epoch: 2
Validation loss: 262198.893066
Validation accuracy: 0.944357
Test accuracy: 0.944375
Validation loss: 261556.102844
Validation accuracy: 0.945996
Test accuracy: 0.945817
Validation loss: 261793.654236
Validation accuracy: 0.947688
Test accuracy: 0.947298
Validation loss: 261757.038879
Validation accuracy: 0.945981
Test accuracy: 0.946018
Validation loss: 261739.013733
Validation accuracy: 0.946823
Test accuracy: 0.948316
Validation loss: 263386.108887
Validation accuracy: 0.944068
Test accuracy: 0.946218
Validation loss: 261222.830933
Validation accuracy: 0.948000
Test accuracy: 0.949211
Validation loss: 260982.799072
Validation accuracy: 0.947483
Test accuracy: 0.949458
Validation loss: 262486.622681
Validation accuracy: 0.947491
Test accuracy: 0.948386
Validation loss: 260505.097107
Validation accuracy: 0.949039
Test accuracy: 0.949041
Validation loss: 260855.686707
Validation accuracy: 0.949032
Test accuracy: 0.950808
Validation loss: 260943.118896
Validation accuracy: 0.949942
Test accuracy: 0.949057
Validation loss: 260773.486694
Validation accuracy: 0.950390
Test accuracy: 0.949789
Validation loss: 259880.249390
Validation accuracy: 0.950709
Test accuracy: 0.951016
Validation loss: 261073.135864
Validation accuracy: 0.950565
Test accuracy: 0.951347
Validation loss: 260710.753296
Validation accuracy: 0.950041
Test accuracy: 0.952072
Validation loss: 260037.228882
Validation accuracy: 0.952113
Test accuracy: 0.950561
Validation loss: 260289.422241
Validation accuracy: 0.951506
Test accuracy: 0.951070
Validation loss: 260519.961609
Validation accuracy: 0.952196
Test accuracy: 0.952126
Validation loss: 261208.785767
Validation accuracy: 0.951050
Test accuracy: 0.949211
Validation loss: 259778.790588
Validation accuracy: 0.951369
Test accuracy: 0.951178
Validation loss: 260188.537659
Validation accuracy: 0.951506
Test accuracy: 0.951525
Validation loss: 259719.718994
Validation accuracy: 0.950724
Test accuracy: 0.951949
Validation loss: 259871.931641
Validation accuracy: 0.953471
Test accuracy: 0.953762
Training loss: 1806373.434082
Training accuracy: 0.954701

Epoch: 3
Validation loss: 260646.967163
Validation accuracy: 0.952629
Test accuracy: 0.954047
Validation loss: 261000.764221
Validation accuracy: 0.953221
Test accuracy: 0.953091
Validation loss: 260349.543335
Validation accuracy: 0.953411
Test accuracy: 0.954425
Validation loss: 260086.211182
Validation accuracy: 0.953448
Test accuracy: 0.952003
Validation loss: 258753.401550
Validation accuracy: 0.954534
Test accuracy: 0.954911
Validation loss: 260109.002014
Validation accuracy: 0.953881
Test accuracy: 0.953893
Validation loss: 259437.124878
Validation accuracy: 0.953798
Test accuracy: 0.954656
Validation loss: 260041.435303
Validation accuracy: 0.953160
Test accuracy: 0.953492
Validation loss: 260137.880371
Validation accuracy: 0.954435
Test accuracy: 0.956183
Validation loss: 259609.252014
Validation accuracy: 0.954503
Test accuracy: 0.954687
Validation loss: 259673.597839
Validation accuracy: 0.952841
Test accuracy: 0.953978
Validation loss: 260084.245361
Validation accuracy: 0.954503
Test accuracy: 0.954456
Validation loss: 259401.266846
Validation accuracy: 0.954602
Test accuracy: 0.956314
Validation loss: 260459.191528
Validation accuracy: 0.955110
Test accuracy: 0.952720
Validation loss: 259986.403320
Validation accuracy: 0.956401
Test accuracy: 0.955050
Validation loss: 258979.599487
Validation accuracy: 0.956211
Test accuracy: 0.955397
Validation loss: 259815.450745
Validation accuracy: 0.955573
Test accuracy: 0.955705
Validation loss: 260115.479736
Validation accuracy: 0.955338
Test accuracy: 0.955628
Validation loss: 259371.993713
Validation accuracy: 0.955968
Test accuracy: 0.956554
Validation loss: 259753.242432
Validation accuracy: 0.955968
Test accuracy: 0.957263
Validation loss: 260503.828491
Validation accuracy: 0.956211
Test accuracy: 0.957387
Validation loss: 260222.156372
Validation accuracy: 0.955589
Test accuracy: 0.956955
Validation loss: 259169.117859
Validation accuracy: 0.955915
Test accuracy: 0.958158
Validation loss: 259828.553711
Validation accuracy: 0.956211
Test accuracy: 0.957811
Training loss: 1797939.815918
Training accuracy: 0.958909

Epoch: 4
Validation loss: 258696.124939
Validation accuracy: 0.956628
Test accuracy: 0.955998
Validation loss: 258797.446899
Validation accuracy: 0.957478
Test accuracy: 0.956908
Validation loss: 259509.095093
Validation accuracy: 0.956370
Test accuracy: 0.955798
Validation loss: 258439.589478
Validation accuracy: 0.956522
Test accuracy: 0.956045
Validation loss: 259453.333252
Validation accuracy: 0.956264
Test accuracy: 0.958243
Validation loss: 259284.335205
Validation accuracy: 0.957228
Test accuracy: 0.956777
Validation loss: 258844.253052
Validation accuracy: 0.956105
Test accuracy: 0.955366
Validation loss: 259848.080444
Validation accuracy: 0.957425
Test accuracy: 0.959114
Validation loss: 258677.840942
Validation accuracy: 0.957167
Test accuracy: 0.957263
Validation loss: 259282.169800
Validation accuracy: 0.957251
Test accuracy: 0.957618
Validation loss: 260535.921997
Validation accuracy: 0.957934
Test accuracy: 0.958119
Validation loss: 259003.000732
Validation accuracy: 0.958404
Test accuracy: 0.957657
Validation loss: 258152.171509
Validation accuracy: 0.958708
Test accuracy: 0.957626
Validation loss: 258439.487549
Validation accuracy: 0.958670
Test accuracy: 0.958759
Validation loss: 259551.393677
Validation accuracy: 0.956628
Test accuracy: 0.958019
Validation loss: 258394.794556
Validation accuracy: 0.958040
Test accuracy: 0.959076
Validation loss: 258105.778503
Validation accuracy: 0.958328
Test accuracy: 0.959276
Validation loss: 259159.669922
Validation accuracy: 0.956803
Test accuracy: 0.957765
Validation loss: 259942.781006
Validation accuracy: 0.957820
Test accuracy: 0.957603
Validation loss: 258806.130493
Validation accuracy: 0.958025
Test accuracy: 0.957495
Validation loss: 258852.966553
Validation accuracy: 0.958541
Test accuracy: 0.957086
Validation loss: 257976.495605
Validation accuracy: 0.957349
Test accuracy: 0.958783
Validation loss: 258831.889648
Validation accuracy: 0.958685
Test accuracy: 0.958073
Validation loss: 258267.958435
Validation accuracy: 0.957903
Test accuracy: 0.957595
Training loss: 1792732.310791
Training accuracy: 0.961840

Epoch: 5
Validation loss: 259100.391296
Validation accuracy: 0.958199
Test accuracy: 0.960102
Validation loss: 259131.417419
Validation accuracy: 0.959042
Test accuracy: 0.959114
Validation loss: 259502.487793
Validation accuracy: 0.959080
Test accuracy: 0.960649
Validation loss: 259273.553223
Validation accuracy: 0.958389
Test accuracy: 0.959446
Validation loss: 258533.533997
Validation accuracy: 0.958336
Test accuracy: 0.959014
Validation loss: 258582.285156
Validation accuracy: 0.959846
Test accuracy: 0.959176
Validation loss: 258044.757812
Validation accuracy: 0.960203
Test accuracy: 0.960048
Validation loss: 260120.870300
Validation accuracy: 0.958768
Test accuracy: 0.959909
Validation loss: 259515.474609
Validation accuracy: 0.958571
Test accuracy: 0.960109
Validation loss: 257407.147278
Validation accuracy: 0.960233
Test accuracy: 0.960880
Validation loss: 260403.682129
Validation accuracy: 0.960005
Test accuracy: 0.960248
Validation loss: 258630.841614
Validation accuracy: 0.960248
Test accuracy: 0.958621
Validation loss: 258267.580383
Validation accuracy: 0.959140
Test accuracy: 0.960672
Validation loss: 259177.289307
Validation accuracy: 0.959664
Test accuracy: 0.959592
Validation loss: 257865.242310
Validation accuracy: 0.960764
Test accuracy: 0.959940
Validation loss: 259605.768066
Validation accuracy: 0.960248
Test accuracy: 0.960811
Validation loss: 258619.227295
Validation accuracy: 0.960461
Test accuracy: 0.960557
Validation loss: 257706.144775
Validation accuracy: 0.960339
Test accuracy: 0.961420
Validation loss: 258606.480286
Validation accuracy: 0.961007
Test accuracy: 0.961027
Validation loss: 258018.199585
Validation accuracy: 0.961000
Test accuracy: 0.960557
Validation loss: 258320.118530
Validation accuracy: 0.959558
Test accuracy: 0.959832
Validation loss: 258667.198853
Validation accuracy: 0.960559
Test accuracy: 0.959153
Validation loss: 258915.735229
Validation accuracy: 0.960491
Test accuracy: 0.960757
Validation loss: 257926.892639
Validation accuracy: 0.961652
Test accuracy: 0.961953
Training loss: 1787427.195831
Training accuracy: 0.963506

Epoch: 6
Validation loss: 257801.114746
Validation accuracy: 0.960013
Test accuracy: 0.959886
Validation loss: 258660.093384
Validation accuracy: 0.959603
Test accuracy: 0.959670
Validation loss: 258823.569702
Validation accuracy: 0.959444
Test accuracy: 0.960387
Validation loss: 258353.582336
Validation accuracy: 0.960362
Test accuracy: 0.959238
Validation loss: 258827.233093
Validation accuracy: 0.961683
Test accuracy: 0.960379
Validation loss: 259007.725403
Validation accuracy: 0.960901
Test accuracy: 0.959492
Validation loss: 257983.023193
Validation accuracy: 0.960476
Test accuracy: 0.961482
Validation loss: 259306.529724
Validation accuracy: 0.962176
Test accuracy: 0.960233
Validation loss: 258167.657715
Validation accuracy: 0.959892
Test accuracy: 0.959947
Validation loss: 258056.828186
Validation accuracy: 0.961053
Test accuracy: 0.961559
Validation loss: 258016.018005
Validation accuracy: 0.961470
Test accuracy: 0.961297
Validation loss: 258386.296204
Validation accuracy: 0.960005
Test accuracy: 0.960873
Validation loss: 258677.137085
Validation accuracy: 0.960772
Test accuracy: 0.961096
Validation loss: 258211.758911
Validation accuracy: 0.961789
Test accuracy: 0.962007
Validation loss: 258956.366028
Validation accuracy: 0.960134
Test accuracy: 0.960580
Validation loss: 258819.394043
Validation accuracy: 0.961341
Test accuracy: 0.961343
Validation loss: 259328.590759
Validation accuracy: 0.960142
Test accuracy: 0.961752
Validation loss: 258051.262390
Validation accuracy: 0.960074
Test accuracy: 0.959947
Validation loss: 258214.240295
Validation accuracy: 0.961250
Test accuracy: 0.962562
Validation loss: 259024.552490
Validation accuracy: 0.961561
Test accuracy: 0.961143
Validation loss: 256736.663452
Validation accuracy: 0.961083
Test accuracy: 0.962678
Validation loss: 258855.727417
Validation accuracy: 0.960491
Test accuracy: 0.962909
Validation loss: 257993.578064
Validation accuracy: 0.961819
Test accuracy: 0.963110
Validation loss: 257116.155945
Validation accuracy: 0.960468
Test accuracy: 0.962454
Training loss: 1785783.651001
Training accuracy: 0.965976

Epoch: 7
Validation loss: 259114.853516
Validation accuracy: 0.961888
Test accuracy: 0.963009
Validation loss: 258477.762573
Validation accuracy: 0.961683
Test accuracy: 0.962230
Validation loss: 258178.671265
Validation accuracy: 0.962077
Test accuracy: 0.962870
Validation loss: 257868.932312
Validation accuracy: 0.960954
Test accuracy: 0.962577
Validation loss: 258628.667969
Validation accuracy: 0.960848
Test accuracy: 0.961112
Validation loss: 259297.133606
Validation accuracy: 0.962146
Test accuracy: 0.962153
Validation loss: 257821.391479
Validation accuracy: 0.961242
Test accuracy: 0.963187
Validation loss: 260005.657532
Validation accuracy: 0.962571
Test accuracy: 0.961644
Validation loss: 259291.162659
Validation accuracy: 0.959884
Test accuracy: 0.961629
Validation loss: 257476.256042
Validation accuracy: 0.962153
Test accuracy: 0.961659
Validation loss: 258182.082642
Validation accuracy: 0.961660
Test accuracy: 0.962377
Validation loss: 257279.322937
Validation accuracy: 0.959808
Test accuracy: 0.961405
Validation loss: 258424.113281
Validation accuracy: 0.962328
Test accuracy: 0.962840
Validation loss: 257399.152954
Validation accuracy: 0.961979
Test accuracy: 0.961683
Validation loss: 257428.436646
Validation accuracy: 0.962206
Test accuracy: 0.962438
Validation loss: 258133.731934
Validation accuracy: 0.962184
Test accuracy: 0.961428
Validation loss: 258097.954224
Validation accuracy: 0.961417
Test accuracy: 0.962809
Validation loss: 257293.424744
Validation accuracy: 0.961971
Test accuracy: 0.961498
Validation loss: 258294.787781
Validation accuracy: 0.961303
Test accuracy: 0.962323
Validation loss: 257138.738892
Validation accuracy: 0.962646
Test accuracy: 0.962392
Validation loss: 257473.166199
Validation accuracy: 0.962844
Test accuracy: 0.962523
Validation loss: 258815.206238
Validation accuracy: 0.961721
Test accuracy: 0.963595
Validation loss: 258549.018860
Validation accuracy: 0.962609
Test accuracy: 0.963665
Validation loss: 257872.011963
Validation accuracy: 0.961796
Test accuracy: 0.963580
Training loss: 1783534.092651
Training accuracy: 0.966844

Epoch: 8
Validation loss: 258388.362427
Validation accuracy: 0.962161
Test accuracy: 0.963349
Validation loss: 258587.313782
Validation accuracy: 0.962836
Test accuracy: 0.962331
Validation loss: 258007.441467
Validation accuracy: 0.962130
Test accuracy: 0.962485
Validation loss: 258532.245178
Validation accuracy: 0.962601
Test accuracy: 0.963626
Validation loss: 257541.272888
Validation accuracy: 0.962373
Test accuracy: 0.964498
Validation loss: 258310.470947
Validation accuracy: 0.963375
Test accuracy: 0.963835
Validation loss: 257266.884644
Validation accuracy: 0.963231
Test accuracy: 0.962014
Validation loss: 257866.875488
Validation accuracy: 0.962874
Test accuracy: 0.961413
Validation loss: 259135.887634
Validation accuracy: 0.961743
Test accuracy: 0.963002
Validation loss: 259638.736694
Validation accuracy: 0.963299
Test accuracy: 0.962415
Validation loss: 258311.207520
Validation accuracy: 0.963405
Test accuracy: 0.964027
Validation loss: 257365.878662
Validation accuracy: 0.962958
Test accuracy: 0.963233
Validation loss: 257465.930176
Validation accuracy: 0.962889
Test accuracy: 0.963356
Validation loss: 258976.398132
Validation accuracy: 0.963436
Test accuracy: 0.962847
Validation loss: 258158.538330
Validation accuracy: 0.963459
Test accuracy: 0.962878
Validation loss: 257901.587158
Validation accuracy: 0.963147
Test accuracy: 0.963642
Validation loss: 257055.715027
Validation accuracy: 0.962586
Test accuracy: 0.963233
Validation loss: 258046.053955
Validation accuracy: 0.962404
Test accuracy: 0.963457
Validation loss: 257474.725281
Validation accuracy: 0.961766
Test accuracy: 0.963179
Validation loss: 257667.486755
Validation accuracy: 0.962259
Test accuracy: 0.963410
Validation loss: 258349.547913
Validation accuracy: 0.963367
Test accuracy: 0.961613
Validation loss: 256885.115784
Validation accuracy: 0.962806
Test accuracy: 0.963086
Validation loss: 258782.878418
Validation accuracy: 0.963717
Test accuracy: 0.963850
Validation loss: 258671.294067
Validation accuracy: 0.962874
Test accuracy: 0.964799
Training loss: 1780922.567993
Training accuracy: 0.967473

Epoch: 9
Validation loss: 258170.280457
Validation accuracy: 0.963223
Test accuracy: 0.964158
Validation loss: 258154.285339
Validation accuracy: 0.963352
Test accuracy: 0.964868
Validation loss: 258809.682617
Validation accuracy: 0.963383
Test accuracy: 0.964027
Validation loss: 258785.128967
Validation accuracy: 0.961584
Test accuracy: 0.963295
Validation loss: 258007.120544
Validation accuracy: 0.962760
Test accuracy: 0.962600
Validation loss: 257435.647095
Validation accuracy: 0.963079
Test accuracy: 0.964637
Validation loss: 258892.384521
Validation accuracy: 0.963375
Test accuracy: 0.964305
Validation loss: 258557.368286
Validation accuracy: 0.963337
Test accuracy: 0.965115
Validation loss: 257944.813782
Validation accuracy: 0.964992
Test accuracy: 0.963942
Validation loss: 257781.843506
Validation accuracy: 0.963512
Test accuracy: 0.963256
Validation loss: 258835.151245
Validation accuracy: 0.964255
Test accuracy: 0.964004
Validation loss: 258454.570801
Validation accuracy: 0.963125
Test accuracy: 0.964251
Validation loss: 259143.613464
Validation accuracy: 0.963762
Test accuracy: 0.964035
Validation loss: 258075.151001
Validation accuracy: 0.962214
Test accuracy: 0.963318
Validation loss: 257835.398865
Validation accuracy: 0.964567
Test accuracy: 0.964282
Validation loss: 257921.794495
Validation accuracy: 0.964157
Test accuracy: 0.964621
Validation loss: 257954.894409
Validation accuracy: 0.963550
Test accuracy: 0.962007
Validation loss: 257948.278503
Validation accuracy: 0.963307
Test accuracy: 0.964151
Validation loss: 257065.808594
Validation accuracy: 0.963830
Test accuracy: 0.964344
Validation loss: 257123.103882
Validation accuracy: 0.962320
Test accuracy: 0.963881
Validation loss: 258303.490356
Validation accuracy: 0.963299
Test accuracy: 0.964937
Validation loss: 257256.654358
Validation accuracy: 0.963846
Test accuracy: 0.963410
Validation loss: 256302.471802
Validation accuracy: 0.965151
Test accuracy: 0.965339
Validation loss: 258535.685303
Validation accuracy: 0.963663
Test accuracy: 0.964506
Training loss: 1778576.262146
Training accuracy: 0.969133

Epoch: 10
Validation loss: 258401.132935
Validation accuracy: 0.964491
Test accuracy: 0.964729
Validation loss: 258804.053040
Validation accuracy: 0.963292
Test accuracy: 0.964598
Validation loss: 258164.123657
Validation accuracy: 0.964271
Test accuracy: 0.963271
Validation loss: 258534.609009
Validation accuracy: 0.964248
Test accuracy: 0.962994
Validation loss: 256531.697021
Validation accuracy: 0.963398
Test accuracy: 0.964837
Validation loss: 257082.276062
Validation accuracy: 0.964217
Test accuracy: 0.963703
Validation loss: 258066.316772
Validation accuracy: 0.964559
Test accuracy: 0.964089
Validation loss: 258028.534058
Validation accuracy: 0.963481
Test accuracy: 0.963349
Validation loss: 257793.206421
Validation accuracy: 0.963208
Test accuracy: 0.963310
Validation loss: 257383.956787
Validation accuracy: 0.963648
Test accuracy: 0.964459
Validation loss: 257465.033813
Validation accuracy: 0.963846
Test accuracy: 0.964351
Validation loss: 257621.685547
Validation accuracy: 0.964119
Test accuracy: 0.963032
Validation loss: 258323.262451
Validation accuracy: 0.963534
Test accuracy: 0.965223
Validation loss: 257834.469971
Validation accuracy: 0.963739
Test accuracy: 0.963919
Validation loss: 258425.438782
Validation accuracy: 0.963246
Test accuracy: 0.962562
Validation loss: 257301.064209
Validation accuracy: 0.963132
Test accuracy: 0.962840
Validation loss: 259401.876526
Validation accuracy: 0.963754
Test accuracy: 0.964320
Validation loss: 259217.248901
Validation accuracy: 0.963777
Test accuracy: 0.963703
Validation loss: 257735.261719
Validation accuracy: 0.965181
Test accuracy: 0.965169
Validation loss: 258843.276489
Validation accuracy: 0.964582
Test accuracy: 0.963603
Validation loss: 257227.958557
Validation accuracy: 0.964005
Test accuracy: 0.963858
Validation loss: 257237.546509
Validation accuracy: 0.963223
Test accuracy: 0.966372
Validation loss: 257440.698730
Validation accuracy: 0.963474
Test accuracy: 0.964475
Validation loss: 257234.545715
Validation accuracy: 0.964771
Test accuracy: 0.964228
Training loss: 1779106.497925
Training accuracy: 0.969507

Epoch: 11
Validation loss: 256599.879700
Validation accuracy: 0.964506
Test accuracy: 0.964529
Validation loss: 259039.030823
Validation accuracy: 0.964157
Test accuracy: 0.964320
Validation loss: 256726.605774
Validation accuracy: 0.963990
Test accuracy: 0.965030
Validation loss: 258898.868042
Validation accuracy: 0.964286
Test accuracy: 0.964883
Validation loss: 258089.874634
Validation accuracy: 0.964043
Test accuracy: 0.964536
Validation loss: 257813.789062
Validation accuracy: 0.963990
Test accuracy: 0.962840
Validation loss: 258645.244873
Validation accuracy: 0.964703
Test accuracy: 0.965007
Validation loss: 257691.444519
Validation accuracy: 0.963861
Test accuracy: 0.965423
Validation loss: 257509.550659
Validation accuracy: 0.963428
Test accuracy: 0.965177
Validation loss: 257797.777771
Validation accuracy: 0.964802
Test accuracy: 0.965925
Validation loss: 257244.490845
Validation accuracy: 0.965265
Test accuracy: 0.964968
Validation loss: 256960.015808
Validation accuracy: 0.964066
Test accuracy: 0.964189
Validation loss: 257415.217163
Validation accuracy: 0.964422
Test accuracy: 0.964860
Validation loss: 257356.479614
Validation accuracy: 0.964362
Test accuracy: 0.964768
Validation loss: 258259.777100
Validation accuracy: 0.964286
Test accuracy: 0.964829
Validation loss: 258096.368286
Validation accuracy: 0.964278
Test accuracy: 0.964991
Validation loss: 258715.024902
Validation accuracy: 0.964179
Test accuracy: 0.964729
Validation loss: 256800.009216
Validation accuracy: 0.964589
Test accuracy: 0.964660
Validation loss: 256326.695129
Validation accuracy: 0.964642
Test accuracy: 0.964521
Validation loss: 256429.302063
Validation accuracy: 0.962980
Test accuracy: 0.964066
Validation loss: 258055.897461
Validation accuracy: 0.965204
Test accuracy: 0.965994
Validation loss: 257578.681152
Validation accuracy: 0.964733
Test accuracy: 0.964544
Validation loss: 258857.943970
Validation accuracy: 0.964923
Test accuracy: 0.965254
Validation loss: 257517.566772
Validation accuracy: 0.964825
Test accuracy: 0.964984
Training loss: 1775671.819824
Training accuracy: 0.968768

Epoch: 12
Validation loss: 257920.415527
Validation accuracy: 0.964248
Test accuracy: 0.961991
Validation loss: 256489.554871
Validation accuracy: 0.965895
Test accuracy: 0.964991
Validation loss: 256807.960327
Validation accuracy: 0.965568
Test accuracy: 0.965292
Validation loss: 257485.695496
Validation accuracy: 0.964271
Test accuracy: 0.964359
Validation loss: 257527.286011
Validation accuracy: 0.963451
Test accuracy: 0.964583
Validation loss: 256571.910278
Validation accuracy: 0.964096
Test accuracy: 0.964614
Validation loss: 256957.563843
Validation accuracy: 0.964377
Test accuracy: 0.967336
Validation loss: 257550.497314
Validation accuracy: 0.963990
Test accuracy: 0.965624
Validation loss: 257612.138245
Validation accuracy: 0.964339
Test accuracy: 0.965740
Validation loss: 258688.674438
Validation accuracy: 0.964764
Test accuracy: 0.965323
Validation loss: 257496.030945
Validation accuracy: 0.964749
Test accuracy: 0.964444
Validation loss: 257612.774536
Validation accuracy: 0.964202
Test accuracy: 0.964907
Validation loss: 258699.403076
Validation accuracy: 0.964650
Test accuracy: 0.965138
Validation loss: 258491.478455
Validation accuracy: 0.963625
Test accuracy: 0.965570
Validation loss: 257038.438416
Validation accuracy: 0.964627
Test accuracy: 0.965963
Validation loss: 258150.000732
Validation accuracy: 0.964346
Test accuracy: 0.966187
Validation loss: 258331.443604
Validation accuracy: 0.965196
Test accuracy: 0.966519
Validation loss: 257082.814575
Validation accuracy: 0.965697
Test accuracy: 0.965362
Validation loss: 257807.355591
Validation accuracy: 0.965728
Test accuracy: 0.965177
Validation loss: 258372.306519
Validation accuracy: 0.964999
Test accuracy: 0.964883
Validation loss: 257759.769531
Validation accuracy: 0.965022
Test accuracy: 0.964814
Validation loss: 257281.723328
Validation accuracy: 0.964908
Test accuracy: 0.966179
Validation loss: 256724.888794
Validation accuracy: 0.965067
Test accuracy: 0.965084
Validation loss: 256817.226807
Validation accuracy: 0.964179
Test accuracy: 0.965917
Training loss: 1776723.344910
Training accuracy: 0.970609

Epoch: 13
Validation loss: 257849.051270
Validation accuracy: 0.964779
Test accuracy: 0.965184
Validation loss: 257424.854736
Validation accuracy: 0.964855
Test accuracy: 0.965616
Validation loss: 258587.389404
Validation accuracy: 0.964369
Test accuracy: 0.966657
Validation loss: 258915.630859
Validation accuracy: 0.965121
Test accuracy: 0.966904
Validation loss: 258100.534180
Validation accuracy: 0.964749
Test accuracy: 0.966156
Validation loss: 258005.831909
Validation accuracy: 0.964271
Test accuracy: 0.964837
Validation loss: 258024.847046
Validation accuracy: 0.964354
Test accuracy: 0.965593
Validation loss: 257489.160217
Validation accuracy: 0.963663
Test accuracy: 0.966210
Validation loss: 258374.294678
Validation accuracy: 0.963937
Test accuracy: 0.964883
Validation loss: 257166.807495
Validation accuracy: 0.965007
Test accuracy: 0.965261
Validation loss: 257750.885925
Validation accuracy: 0.964718
Test accuracy: 0.964714
Validation loss: 258111.114624
Validation accuracy: 0.964293
Test accuracy: 0.965315
Validation loss: 257953.039124
Validation accuracy: 0.965045
Test accuracy: 0.966341
Validation loss: 258258.335327
Validation accuracy: 0.965052
Test accuracy: 0.964953
Validation loss: 256980.263062
Validation accuracy: 0.965060
Test accuracy: 0.965470
Validation loss: 257042.649109
Validation accuracy: 0.964453
Test accuracy: 0.965184
Validation loss: 257750.425293
Validation accuracy: 0.964992
Test accuracy: 0.965747
Validation loss: 258764.856689
Validation accuracy: 0.964893
Test accuracy: 0.965493
Validation loss: 257184.700989
Validation accuracy: 0.965136
Test accuracy: 0.963565
Validation loss: 257656.033203
Validation accuracy: 0.963739
Test accuracy: 0.963349
Validation loss: 259729.575928
Validation accuracy: 0.964430
Test accuracy: 0.965261
Validation loss: 258285.607056
Validation accuracy: 0.964445
Test accuracy: 0.963133
Validation loss: 259005.363464
Validation accuracy: 0.964673
Test accuracy: 0.966010
Validation loss: 257307.223572
Validation accuracy: 0.963937
Test accuracy: 0.963850
Training loss: 1775871.405945
Training accuracy: 0.971767

Epoch: 14
Validation loss: 257490.129395
Validation accuracy: 0.965196
Test accuracy: 0.965778
Validation loss: 256594.348022
Validation accuracy: 0.966175
Test accuracy: 0.966835
Validation loss: 258168.945251
Validation accuracy: 0.964604
Test accuracy: 0.964961
Validation loss: 257981.590332
Validation accuracy: 0.965310
Test accuracy: 0.966341
Validation loss: 257364.454895
Validation accuracy: 0.965841
Test accuracy: 0.964621
Validation loss: 258202.122864
Validation accuracy: 0.965090
Test accuracy: 0.965639
Validation loss: 256348.907349
Validation accuracy: 0.965568
Test accuracy: 0.966164
Validation loss: 258560.429565
Validation accuracy: 0.965250
Test accuracy: 0.965315
Validation loss: 257380.181763
Validation accuracy: 0.965052
Test accuracy: 0.966519
Validation loss: 258245.708801
Validation accuracy: 0.965500
Test accuracy: 0.966187
Validation loss: 257937.318237
Validation accuracy: 0.964969
Test accuracy: 0.965315
Validation loss: 257934.624207
Validation accuracy: 0.964673
Test accuracy: 0.965223
Validation loss: 257142.132935
Validation accuracy: 0.964931
Test accuracy: 0.965153
Validation loss: 257451.027222
Validation accuracy: 0.966365
Test accuracy: 0.964459
Validation loss: 256832.823242
Validation accuracy: 0.965090
Test accuracy: 0.966565
Validation loss: 257608.182922
Validation accuracy: 0.965750
Test accuracy: 0.965670
Validation loss: 258304.758179
Validation accuracy: 0.964050
Test accuracy: 0.964706
Validation loss: 257856.533386
Validation accuracy: 0.964468
Test accuracy: 0.965146
Validation loss: 256974.824341
Validation accuracy: 0.965280
Test accuracy: 0.965848
Validation loss: 258626.011047
Validation accuracy: 0.964832
Test accuracy: 0.965207
Validation loss: 256169.301270
Validation accuracy: 0.965083
Test accuracy: 0.965038
Validation loss: 258779.197632
Validation accuracy: 0.964612
Test accuracy: 0.966195
Validation loss: 258247.250732
Validation accuracy: 0.966145
Test accuracy: 0.965716
Validation loss: 257086.604980
Validation accuracy: 0.964802
Test accuracy: 0.965485
Training loss: 1774921.225159
Training accuracy: 0.971820

Epoch: 15
Validation loss: 258526.440796
Validation accuracy: 0.965242
Test accuracy: 0.967159
Validation loss: 257463.693909
Validation accuracy: 0.965477
Test accuracy: 0.967367
Validation loss: 258308.427734
Validation accuracy: 0.965788
Test accuracy: 0.965693
Validation loss: 258007.796143
Validation accuracy: 0.966084
Test accuracy: 0.965948
Validation loss: 258357.777649
Validation accuracy: 0.965872
Test accuracy: 0.965639
Validation loss: 257774.311462
Validation accuracy: 0.965857
Test accuracy: 0.966426
Validation loss: 257288.652832
Validation accuracy: 0.965394
Test accuracy: 0.965339
Validation loss: 258547.351257
Validation accuracy: 0.964779
Test accuracy: 0.966549
Validation loss: 257991.440002
Validation accuracy: 0.965090
Test accuracy: 0.965354
Validation loss: 256973.325623
Validation accuracy: 0.966206
Test accuracy: 0.966079
Validation loss: 257638.837402
Validation accuracy: 0.965652
Test accuracy: 0.965716
Validation loss: 257959.170471
Validation accuracy: 0.965287
Test accuracy: 0.967236
Validation loss: 258523.005615
Validation accuracy: 0.964817
Test accuracy: 0.966642
Validation loss: 257637.000488
Validation accuracy: 0.965849
Test accuracy: 0.965871
Validation loss: 257627.145142
Validation accuracy: 0.965606
Test accuracy: 0.965377
Validation loss: 257150.153015
Validation accuracy: 0.965766
Test accuracy: 0.966912
Validation loss: 256405.353699
Validation accuracy: 0.965143
Test accuracy: 0.964937
Validation loss: 257458.179016
Validation accuracy: 0.965599
Test accuracy: 0.964683
Validation loss: 255808.582520
Validation accuracy: 0.964696
Test accuracy: 0.967089
Validation loss: 258069.732849
Validation accuracy: 0.965986
Test accuracy: 0.966441
Validation loss: 257596.513062
Validation accuracy: 0.965917
Test accuracy: 0.966040
Validation loss: 257075.836914
Validation accuracy: 0.964938
Test accuracy: 0.965902
Validation loss: 255938.317688
Validation accuracy: 0.966312
Test accuracy: 0.966040
Validation loss: 258845.807983
Validation accuracy: 0.964992
Test accuracy: 0.964953
Training loss: 1774307.480011
Training accuracy: 0.972714

Epoch: 16
Validation loss: 256473.638855
Validation accuracy: 0.965599
Test accuracy: 0.966303
Validation loss: 257811.941772
Validation accuracy: 0.965682
Test accuracy: 0.966233
Validation loss: 257801.181641
Validation accuracy: 0.965477
Test accuracy: 0.965578
Validation loss: 258386.175415
Validation accuracy: 0.965454
Test accuracy: 0.966449
Validation loss: 258552.432434
Validation accuracy: 0.965576
Test accuracy: 0.965470
Validation loss: 258020.679077
Validation accuracy: 0.966578
Test accuracy: 0.965824
Validation loss: 257158.064270
Validation accuracy: 0.965530
Test accuracy: 0.965863
Validation loss: 257218.602539
Validation accuracy: 0.965652
Test accuracy: 0.966087
Validation loss: 257648.619873
Validation accuracy: 0.966001
Test accuracy: 0.966950
Validation loss: 258310.035522
Validation accuracy: 0.965712
Test accuracy: 0.965747
Validation loss: 256930.047424
Validation accuracy: 0.966524
Test accuracy: 0.966241
Validation loss: 257079.094360
Validation accuracy: 0.965485
Test accuracy: 0.965570
Validation loss: 258092.399353
Validation accuracy: 0.965986
Test accuracy: 0.965817
Validation loss: 256745.481262
Validation accuracy: 0.965508
Test accuracy: 0.965269
Validation loss: 257160.246338
Validation accuracy: 0.965637
Test accuracy: 0.967398
Validation loss: 257435.344543
Validation accuracy: 0.964878
Test accuracy: 0.966434
Validation loss: 258060.159058
Validation accuracy: 0.965614
Test accuracy: 0.967251
Validation loss: 257897.911804
Validation accuracy: 0.965933
Test accuracy: 0.966765
Validation loss: 257208.862305
Validation accuracy: 0.965272
Test accuracy: 0.965909
Validation loss: 257655.789795
Validation accuracy: 0.965454
Test accuracy: 0.964367
Validation loss: 257390.543884
Validation accuracy: 0.966039
Test accuracy: 0.965331
Validation loss: 257745.153809
Validation accuracy: 0.965568
Test accuracy: 0.964475
Validation loss: 258427.487671
Validation accuracy: 0.965295
Test accuracy: 0.968084
Validation loss: 258626.879883
Validation accuracy: 0.966449
Test accuracy: 0.966087
Training loss: 1772460.030914
Training accuracy: 0.972761

Epoch: 17
Validation loss: 257159.926147
Validation accuracy: 0.965113
Test accuracy: 0.967105
Validation loss: 257783.122620
Validation accuracy: 0.966016
Test accuracy: 0.965971
Validation loss: 257564.348572
Validation accuracy: 0.966282
Test accuracy: 0.965824
Validation loss: 256435.105652
Validation accuracy: 0.965447
Test accuracy: 0.967089
Validation loss: 258055.656677
Validation accuracy: 0.965409
Test accuracy: 0.965238
Validation loss: 256716.567322
Validation accuracy: 0.966221
Test accuracy: 0.965169
Validation loss: 257822.429504
Validation accuracy: 0.966274
Test accuracy: 0.965817
Validation loss: 257059.259583
Validation accuracy: 0.966418
Test accuracy: 0.967112
Validation loss: 256561.897461
Validation accuracy: 0.965667
Test accuracy: 0.967768
Validation loss: 256378.325378
Validation accuracy: 0.965492
Test accuracy: 0.965385
Validation loss: 257273.892212
Validation accuracy: 0.965986
Test accuracy: 0.966557
Validation loss: 257012.057617
Validation accuracy: 0.965227
Test accuracy: 0.967406
Validation loss: 257494.802063
Validation accuracy: 0.965477
Test accuracy: 0.966148
Validation loss: 257238.366882
Validation accuracy: 0.966137
Test accuracy: 0.966326
Validation loss: 257123.949829
Validation accuracy: 0.965325
Test accuracy: 0.965832
Validation loss: 256088.122192
Validation accuracy: 0.965439
Test accuracy: 0.964899
Validation loss: 257317.762024
Validation accuracy: 0.965978
Test accuracy: 0.966395
Validation loss: 257359.137329
Validation accuracy: 0.965371
Test accuracy: 0.965940
Validation loss: 257562.057739
Validation accuracy: 0.965804
Test accuracy: 0.965539
Validation loss: 257188.246948
Validation accuracy: 0.965424
Test accuracy: 0.966064
Validation loss: 256372.792114
Validation accuracy: 0.966449
Test accuracy: 0.967190
Validation loss: 257414.706055
Validation accuracy: 0.965978
Test accuracy: 0.965601
Validation loss: 257319.678467
Validation accuracy: 0.966122
Test accuracy: 0.965639
Validation loss: 257568.968994
Validation accuracy: 0.965454
Test accuracy: 0.965794
Training loss: 1769996.834656
