Namespace(char='64', dev='19,21', embed='64', filetype='ner', mlp='128', output='small_ner_tagged_baseline', test='22,24', train='0,18', trainer='adam', word='64')
Epoch: 0
Validation loss: 197201.592896
Validation accuracy: 0.000434
Test accuracy: 0.000307
Validation loss: 97435.781860
Validation accuracy: 0.911195
Test accuracy: 0.915737
Validation loss: 94828.688843
Validation accuracy: 0.919346
Test accuracy: 0.926817
Validation loss: 93234.901062
Validation accuracy: 0.924206
Test accuracy: 0.930684
Validation loss: 92770.775085
Validation accuracy: 0.932483
Test accuracy: 0.936960
Training loss: 658639.625854
Training accuracy: 0.940743

Epoch: 1
Validation loss: 92635.343323
Validation accuracy: 0.934359
Test accuracy: 0.939231
Validation loss: 92047.559143
Validation accuracy: 0.935858
Test accuracy: 0.939784
Validation loss: 91318.541382
Validation accuracy: 0.942076
Test accuracy: 0.945462
Validation loss: 91391.140564
Validation accuracy: 0.944597
Test accuracy: 0.948715
Validation loss: 91337.722168
Validation accuracy: 0.946656
Test accuracy: 0.950756
Training loss: 619999.312714
Training accuracy: 0.950530

Epoch: 2
Validation loss: 91228.780579
Validation accuracy: 0.944289
Test accuracy: 0.945109
Validation loss: 90771.050354
Validation accuracy: 0.946936
Test accuracy: 0.949651
Validation loss: 90278.728882
Validation accuracy: 0.950871
Test accuracy: 0.953948
Validation loss: 90600.992615
Validation accuracy: 0.951529
Test accuracy: 0.955099
Validation loss: 90825.974243
Validation accuracy: 0.952048
Test accuracy: 0.957339
Training loss: 615250.074158
Training accuracy: 0.958659

Epoch: 3
Validation loss: 90767.219604
Validation accuracy: 0.952076
Test accuracy: 0.955666
Validation loss: 90739.125183
Validation accuracy: 0.951445
Test accuracy: 0.953978
Validation loss: 90948.697998
Validation accuracy: 0.954092
Test accuracy: 0.956234
Validation loss: 90562.883362
Validation accuracy: 0.954008
Test accuracy: 0.957661
Validation loss: 90321.670227
Validation accuracy: 0.956109
Test accuracy: 0.959303
Training loss: 611978.389221
Training accuracy: 0.961406

Epoch: 4
Validation loss: 90747.489807
Validation accuracy: 0.954526
Test accuracy: 0.959380
Validation loss: 89956.310120
Validation accuracy: 0.956935
Test accuracy: 0.960439
Validation loss: 90386.343506
Validation accuracy: 0.955997
Test accuracy: 0.960853
Validation loss: 90735.940491
Validation accuracy: 0.957313
Test accuracy: 0.961083
Validation loss: 90149.923096
Validation accuracy: 0.960254
Test accuracy: 0.961559
Training loss: 609095.235413
Training accuracy: 0.965420

Epoch: 5
Validation loss: 89866.878784
Validation accuracy: 0.959638
Test accuracy: 0.962403
Validation loss: 90062.611633
Validation accuracy: 0.960520
Test accuracy: 0.962357
Validation loss: 89675.574585
Validation accuracy: 0.960310
Test accuracy: 0.962234
Validation loss: 89530.645691
Validation accuracy: 0.960548
Test accuracy: 0.963784
Validation loss: 90178.070374
Validation accuracy: 0.959974
Test accuracy: 0.964582
Training loss: 606303.988464
Training accuracy: 0.968201

Epoch: 6
Validation loss: 89632.767700
Validation accuracy: 0.962271
Test accuracy: 0.964997
Validation loss: 89860.187195
Validation accuracy: 0.960730
Test accuracy: 0.961835
Validation loss: 89728.900513
Validation accuracy: 0.961725
Test accuracy: 0.964383
Validation loss: 89184.982300
Validation accuracy: 0.962439
Test accuracy: 0.965641
Validation loss: 89416.861450
Validation accuracy: 0.963798
Test accuracy: 0.967621
Training loss: 605849.312500
Training accuracy: 0.968217

Epoch: 7
Validation loss: 89886.437073
Validation accuracy: 0.962173
Test accuracy: 0.965319
Validation loss: 89712.101013
Validation accuracy: 0.962901
Test accuracy: 0.965610
Validation loss: 89869.855652
Validation accuracy: 0.962719
Test accuracy: 0.966454
Validation loss: 89778.751587
Validation accuracy: 0.963868
Test accuracy: 0.968419
Validation loss: 89271.070557
Validation accuracy: 0.964638
Test accuracy: 0.966669
Training loss: 605662.210999
Training accuracy: 0.970979

Epoch: 8
Validation loss: 88880.253418
Validation accuracy: 0.964778
Test accuracy: 0.967835
Validation loss: 89211.555115
Validation accuracy: 0.964974
Test accuracy: 0.968449
Validation loss: 89980.325867
Validation accuracy: 0.965968
Test accuracy: 0.967697
Validation loss: 89697.407227
Validation accuracy: 0.966290
Test accuracy: 0.968649
Validation loss: 89659.842346
Validation accuracy: 0.966192
Test accuracy: 0.969539
Training loss: 601986.409058
Training accuracy: 0.972575

Epoch: 9
Validation loss: 89651.651245
Validation accuracy: 0.966164
Test accuracy: 0.969723
Validation loss: 88863.399292
Validation accuracy: 0.966865
Test accuracy: 0.971135
Validation loss: 88716.659912
Validation accuracy: 0.966613
Test accuracy: 0.968956
Validation loss: 88687.549072
Validation accuracy: 0.965702
Test accuracy: 0.968541
Validation loss: 89247.438293
Validation accuracy: 0.967243
Test accuracy: 0.969754
Training loss: 602930.533997
Training accuracy: 0.973232

Epoch: 10
Validation loss: 89318.881714
Validation accuracy: 0.966809
Test accuracy: 0.969677
Validation loss: 88904.956299
Validation accuracy: 0.967915
Test accuracy: 0.970398
Validation loss: 88960.160828
Validation accuracy: 0.966683
Test accuracy: 0.969923
Validation loss: 89160.491089
Validation accuracy: 0.968251
Test accuracy: 0.972102
Validation loss: 89020.416687
Validation accuracy: 0.966683
Test accuracy: 0.969662
Training loss: 602358.031769
Training accuracy: 0.973965

Epoch: 11
Validation loss: 89899.491150
Validation accuracy: 0.966669
Test accuracy: 0.971135
Validation loss: 88446.385620
Validation accuracy: 0.968349
Test accuracy: 0.972071
Validation loss: 89146.464111
Validation accuracy: 0.968251
Test accuracy: 0.972086
Validation loss: 89123.994568
Validation accuracy: 0.969063
Test accuracy: 0.971856
Validation loss: 88402.634705
Validation accuracy: 0.968545
Test accuracy: 0.972056
Training loss: 602693.061310
Training accuracy: 0.974637

Epoch: 12
Validation loss: 89123.977478
Validation accuracy: 0.967803
Test accuracy: 0.972209
Validation loss: 89129.336731
Validation accuracy: 0.968699
Test accuracy: 0.972255
Validation loss: 89527.604614
Validation accuracy: 0.968685
Test accuracy: 0.971657
Validation loss: 88622.893677
Validation accuracy: 0.970548
Test accuracy: 0.972761
Validation loss: 89242.084473
Validation accuracy: 0.969273
Test accuracy: 0.972869
Training loss: 600027.679810
Training accuracy: 0.975329

Epoch: 13
Validation loss: 88802.628967
Validation accuracy: 0.968279
Test accuracy: 0.972884
Validation loss: 88638.781799
Validation accuracy: 0.969119
Test accuracy: 0.971841
Validation loss: 89586.953247
Validation accuracy: 0.970044
Test accuracy: 0.973652
Validation loss: 88855.263977
Validation accuracy: 0.969806
Test accuracy: 0.972086
Validation loss: 88887.117859
Validation accuracy: 0.970128
Test accuracy: 0.972347
Training loss: 599408.586365
Training accuracy: 0.976152

Epoch: 14
Validation loss: 88758.407959
Validation accuracy: 0.968503
Test accuracy: 0.972148
Validation loss: 89008.134338
Validation accuracy: 0.968993
Test accuracy: 0.973728
Validation loss: 88890.539307
Validation accuracy: 0.969694
Test accuracy: 0.974127
Validation loss: 89225.622498
Validation accuracy: 0.969974
Test accuracy: 0.973682
Validation loss: 89204.649170
Validation accuracy: 0.969666
Test accuracy: 0.973084
Training loss: 598599.906006
Training accuracy: 0.977197

Epoch: 15
Validation loss: 88834.765930
Validation accuracy: 0.971332
Test accuracy: 0.974296
Validation loss: 89766.708801
Validation accuracy: 0.970072
Test accuracy: 0.973452
Validation loss: 89034.509033
Validation accuracy: 0.970422
Test accuracy: 0.973805
Validation loss: 89430.186157
Validation accuracy: 0.970436
Test accuracy: 0.974557
Validation loss: 88551.727295
Validation accuracy: 0.969792
Test accuracy: 0.972915
Training loss: 601443.094299
Training accuracy: 0.977386

Epoch: 16
Validation loss: 89377.114502
Validation accuracy: 0.969554
Test accuracy: 0.974772
Validation loss: 89113.199341
Validation accuracy: 0.969063
Test accuracy: 0.974050
Validation loss: 89076.592468
Validation accuracy: 0.969932
Test accuracy: 0.973452
Validation loss: 88695.382996
Validation accuracy: 0.971948
Test accuracy: 0.974848
Validation loss: 89151.434998
Validation accuracy: 0.971976
Test accuracy: 0.975002
Training loss: 600391.223053
Training accuracy: 0.978134

Epoch: 17
Validation loss: 89522.192383
Validation accuracy: 0.971766
Test accuracy: 0.974419
Validation loss: 89986.064819
Validation accuracy: 0.971696
Test accuracy: 0.974680
Validation loss: 88851.905212
Validation accuracy: 0.971640
Test accuracy: 0.974618
Validation loss: 88395.779785
Validation accuracy: 0.972354
Test accuracy: 0.975938
Validation loss: 88646.328369
Validation accuracy: 0.969946
Test accuracy: 0.974066
Training loss: 599870.202545
Training accuracy: 0.978603

Epoch: 18
Validation loss: 88624.204346
Validation accuracy: 0.971948
Test accuracy: 0.974818
Validation loss: 88118.030701
Validation accuracy: 0.971332
Test accuracy: 0.974787
Validation loss: 89063.198792
Validation accuracy: 0.972705
Test accuracy: 0.975554
Validation loss: 88537.065430
Validation accuracy: 0.971766
Test accuracy: 0.975125
Validation loss: 88683.622009
Validation accuracy: 0.971262
Test accuracy: 0.974020
Training loss: 599538.504211
Training accuracy: 0.977572

Epoch: 19
Validation loss: 88845.186768
Validation accuracy: 0.970954
Test accuracy: 0.974373
Validation loss: 89184.257324
Validation accuracy: 0.972046
Test accuracy: 0.975815
Validation loss: 88702.529602
Validation accuracy: 0.972242
Test accuracy: 0.976076
Validation loss: 88787.894592
Validation accuracy: 0.972102
Test accuracy: 0.975554
Validation loss: 89082.508240
Validation accuracy: 0.971416
Test accuracy: 0.975171
Training loss: 597913.543518
Training accuracy: 0.979472

Epoch: 20
Validation loss: 88919.068115
Validation accuracy: 0.972845
Test accuracy: 0.975355
Validation loss: 89249.548950
Validation accuracy: 0.972481
Test accuracy: 0.975416
Validation loss: 88773.175781
Validation accuracy: 0.972565
Test accuracy: 0.975815
Validation loss: 88772.617065
Validation accuracy: 0.972691
Test accuracy: 0.975447
Validation loss: 89227.548035
Validation accuracy: 0.972789
Test accuracy: 0.975186
Training loss: 600369.983978
Training accuracy: 0.979664

Epoch: 21
Validation loss: 88847.770935
Validation accuracy: 0.972495
Test accuracy: 0.975524
Validation loss: 89167.880066
Validation accuracy: 0.972621
Test accuracy: 0.976091
Validation loss: 88866.928223
Validation accuracy: 0.973769
Test accuracy: 0.975739
Validation loss: 89094.986389
Validation accuracy: 0.973643
Test accuracy: 0.976536
Validation loss: 88421.489197
Validation accuracy: 0.973111
Test accuracy: 0.976598
Training loss: 598333.146362
Training accuracy: 0.979575

Epoch: 22
Validation loss: 88594.171021
Validation accuracy: 0.971878
Test accuracy: 0.975033
Validation loss: 88822.595337
Validation accuracy: 0.973727
Test accuracy: 0.976859
Validation loss: 88988.183960
Validation accuracy: 0.973307
Test accuracy: 0.975401
Validation loss: 88861.015930
Validation accuracy: 0.973811
Test accuracy: 0.976613
Validation loss: 88677.668701
Validation accuracy: 0.972537
Test accuracy: 0.976306
Training loss: 597394.273682
Training accuracy: 0.980506

Epoch: 23
Validation loss: 88788.603394
Validation accuracy: 0.974105
Test accuracy: 0.976030
Validation loss: 88320.035217
Validation accuracy: 0.972803
Test accuracy: 0.975401
Validation loss: 88573.149902
Validation accuracy: 0.972859
Test accuracy: 0.974941
Validation loss: 88237.331604
Validation accuracy: 0.973195
Test accuracy: 0.976567
Validation loss: 89211.873230
Validation accuracy: 0.972789
Test accuracy: 0.976245
Training loss: 596008.478882
Training accuracy: 0.979732

Epoch: 24
Validation loss: 88483.101379
Validation accuracy: 0.972340
Test accuracy: 0.974864
Validation loss: 88034.119446
Validation accuracy: 0.971990
Test accuracy: 0.976306
Validation loss: 89416.522400
Validation accuracy: 0.973111
Test accuracy: 0.976030
Validation loss: 88848.038940
Validation accuracy: 0.973937
Test accuracy: 0.975432
Validation loss: 88846.378784
Validation accuracy: 0.973643
Test accuracy: 0.976889
Training loss: 597058.454498
Training accuracy: 0.980482

Epoch: 25
Validation loss: 88253.710571
Validation accuracy: 0.973825
Test accuracy: 0.976460
Validation loss: 88815.866150
Validation accuracy: 0.973671
Test accuracy: 0.975094
Validation loss: 88368.004395
Validation accuracy: 0.974287
Test accuracy: 0.976291
Validation loss: 88435.201416
Validation accuracy: 0.974399
Test accuracy: 0.976797
Validation loss: 88516.983826
Validation accuracy: 0.973475
Test accuracy: 0.976521
Training loss: 595941.088501
Training accuracy: 0.981095

Epoch: 26
Validation loss: 88501.810730
Validation accuracy: 0.974217
Test accuracy: 0.976552
Validation loss: 88962.349548
Validation accuracy: 0.973475
Test accuracy: 0.977427
Validation loss: 88752.065979
Validation accuracy: 0.974399
Test accuracy: 0.976184
Validation loss: 89053.021667
Validation accuracy: 0.974077
Test accuracy: 0.976383
Validation loss: 88179.317810
Validation accuracy: 0.974063
Test accuracy: 0.976306
Training loss: 597932.514984
Training accuracy: 0.981240

Epoch: 27
Validation loss: 88512.333801
Validation accuracy: 0.974203
Test accuracy: 0.977304
Validation loss: 88215.817017
Validation accuracy: 0.973181
Test accuracy: 0.976536
Validation loss: 87968.081299
Validation accuracy: 0.974889
Test accuracy: 0.977150
Validation loss: 88882.126831
Validation accuracy: 0.973699
Test accuracy: 0.976705
Validation loss: 88703.279236
Validation accuracy: 0.975085
Test accuracy: 0.977411
Training loss: 597238.357117
Training accuracy: 0.981513

Epoch: 28
Validation loss: 88310.482117
Validation accuracy: 0.974175
Test accuracy: 0.977227
Validation loss: 88779.014099
Validation accuracy: 0.975127
Test accuracy: 0.977089
Validation loss: 88151.459595
Validation accuracy: 0.974315
Test accuracy: 0.976705
Validation loss: 88275.692505
Validation accuracy: 0.973629
Test accuracy: 0.977288
Validation loss: 88519.773071
Validation accuracy: 0.976010
Test accuracy: 0.977703
Training loss: 596885.674561
Training accuracy: 0.981843

Epoch: 29
Validation loss: 88058.175659
Validation accuracy: 0.975001
Test accuracy: 0.977718
Validation loss: 88358.841980
Validation accuracy: 0.973545
Test accuracy: 0.977841
Validation loss: 88031.380554
Validation accuracy: 0.974035
Test accuracy: 0.976536
Validation loss: 88382.014404
Validation accuracy: 0.974077
Test accuracy: 0.976951
Validation loss: 88595.835266
Validation accuracy: 0.974791
Test accuracy: 0.977657
Training loss: 594968.401031
Training accuracy: 0.981868

Epoch: 30
Validation loss: 88208.303955
Validation accuracy: 0.974511
Test accuracy: 0.976352
Validation loss: 88182.390686
Validation accuracy: 0.974091
Test accuracy: 0.976767
Validation loss: 88331.926758
Validation accuracy: 0.974441
Test accuracy: 0.977565
Validation loss: 88316.983337
Validation accuracy: 0.973685
Test accuracy: 0.977626
Validation loss: 88377.102112
Validation accuracy: 0.975772
Test accuracy: 0.977887
Training loss: 597206.075378
Training accuracy: 0.982479

Epoch: 31
Validation loss: 88671.434082
Validation accuracy: 0.974721
Test accuracy: 0.977580
Validation loss: 88679.624329
Validation accuracy: 0.974609
Test accuracy: 0.977104
Validation loss: 88934.105652
Validation accuracy: 0.974637
Test accuracy: 0.977626
Validation loss: 88193.344666
Validation accuracy: 0.975380
Test accuracy: 0.977427
Validation loss: 88248.361267
Validation accuracy: 0.974525
Test accuracy: 0.977519
Training loss: 597033.973236
Training accuracy: 0.982348

Epoch: 32
Validation loss: 88477.280334
Validation accuracy: 0.975464
Test accuracy: 0.977258
Validation loss: 88510.568909
Validation accuracy: 0.975506
Test accuracy: 0.977519
Validation loss: 88209.222656
Validation accuracy: 0.974371
Test accuracy: 0.977488
Validation loss: 88640.464722
Validation accuracy: 0.975408
Test accuracy: 0.977718
Validation loss: 88200.237671
Validation accuracy: 0.974343
Test accuracy: 0.975769
Training loss: 596854.917908
Training accuracy: 0.982595

Epoch: 33
Validation loss: 88126.211487
Validation accuracy: 0.974847
Test accuracy: 0.978117
Validation loss: 88460.581970
Validation accuracy: 0.974721
Test accuracy: 0.977918
Validation loss: 87961.222412
Validation accuracy: 0.975772
Test accuracy: 0.977519
Validation loss: 87939.956665
Validation accuracy: 0.974553
Test accuracy: 0.976997
Validation loss: 88220.477966
Validation accuracy: 0.975211
Test accuracy: 0.977826
Training loss: 596109.359100
Training accuracy: 0.982570

Epoch: 34
Validation loss: 88335.516113
Validation accuracy: 0.975478
Test accuracy: 0.977764
Validation loss: 88244.839233
Validation accuracy: 0.976346
Test accuracy: 0.977503
Validation loss: 88465.153809
Validation accuracy: 0.975534
Test accuracy: 0.977749
Validation loss: 88701.283813
Validation accuracy: 0.974581
Test accuracy: 0.977273
Validation loss: 88363.126648
Validation accuracy: 0.975422
Test accuracy: 0.978731
Training loss: 594647.402527
Training accuracy: 0.983149

Epoch: 35
Validation loss: 87696.439026
Validation accuracy: 0.975197
Test accuracy: 0.978946
Validation loss: 88786.262512
Validation accuracy: 0.976038
Test accuracy: 0.978654
Validation loss: 87851.421265
Validation accuracy: 0.975394
Test accuracy: 0.977028
Validation loss: 89023.777283
Validation accuracy: 0.974539
Test accuracy: 0.977733
Validation loss: 88127.146912
Validation accuracy: 0.975394
Test accuracy: 0.979053
Training loss: 594822.758057
Training accuracy: 0.982449

Epoch: 36
Validation loss: 88284.760132
Validation accuracy: 0.974903
Test accuracy: 0.978286
Validation loss: 88885.899902
Validation accuracy: 0.974357
Test accuracy: 0.978255
Validation loss: 88180.925964
Validation accuracy: 0.975310
Test accuracy: 0.978317
Validation loss: 88351.857178
Validation accuracy: 0.976052
Test accuracy: 0.977319
Validation loss: 88535.122314
Validation accuracy: 0.975646
Test accuracy: 0.977488
Training loss: 595155.191589
Training accuracy: 0.983248

Epoch: 37
Validation loss: 88981.057129
Validation accuracy: 0.976150
Test accuracy: 0.979007
Validation loss: 88352.479553
Validation accuracy: 0.974777
Test accuracy: 0.977503
Validation loss: 88215.817688
Validation accuracy: 0.975548
Test accuracy: 0.978178
Validation loss: 87801.219910
Validation accuracy: 0.974749
Test accuracy: 0.977549
Validation loss: 88884.790100
Validation accuracy: 0.975590
Test accuracy: 0.978623
Training loss: 594894.890991
Training accuracy: 0.983293

Epoch: 38
Validation loss: 88287.223206
Validation accuracy: 0.975296
Test accuracy: 0.978132
Validation loss: 88537.110901
Validation accuracy: 0.975267
Test accuracy: 0.977964
Validation loss: 88649.256653
Validation accuracy: 0.976304
Test accuracy: 0.978271
Validation loss: 88682.965027
Validation accuracy: 0.976486
Test accuracy: 0.979161
Validation loss: 88317.959717
Validation accuracy: 0.975239
Test accuracy: 0.979007
Training loss: 595536.514160
Training accuracy: 0.983577

Epoch: 39
Validation loss: 87794.464172
Validation accuracy: 0.976234
Test accuracy: 0.978209
Validation loss: 88041.866821
Validation accuracy: 0.974553
Test accuracy: 0.978670
Validation loss: 88195.045593
Validation accuracy: 0.975141
Test accuracy: 0.979053
Validation loss: 88142.613647
Validation accuracy: 0.976458
Test accuracy: 0.978086
Validation loss: 88651.920593
Validation accuracy: 0.976234
Test accuracy: 0.978255
Training loss: 597400.932434
Training accuracy: 0.983802

Epoch: 40
Validation loss: 88449.666504
Validation accuracy: 0.975352
Test accuracy: 0.978132
Validation loss: 88723.418518
Validation accuracy: 0.975884
Test accuracy: 0.977979
Validation loss: 88387.370178
Validation accuracy: 0.975870
Test accuracy: 0.978102
Validation loss: 87935.960327
Validation accuracy: 0.975464
Test accuracy: 0.978286
Validation loss: 88324.315186
Validation accuracy: 0.976346
Test accuracy: 0.977948
Training loss: 595212.715576
Training accuracy: 0.983843

Epoch: 41
Validation loss: 87949.273438
Validation accuracy: 0.976570
Test accuracy: 0.979437
Validation loss: 88668.564697
Validation accuracy: 0.976248
Test accuracy: 0.978731
Validation loss: 87940.761780
Validation accuracy: 0.975772
Test accuracy: 0.978884
Validation loss: 88562.247314
Validation accuracy: 0.975730
Test accuracy: 0.978378
Validation loss: 88295.715515
Validation accuracy: 0.975688
Test accuracy: 0.978225
Training loss: 594148.878448
Training accuracy: 0.983707

Epoch: 42
Validation loss: 88127.820435
Validation accuracy: 0.975772
Test accuracy: 0.978531
Validation loss: 88253.788879
Validation accuracy: 0.976220
Test accuracy: 0.978409
Validation loss: 88968.127563
Validation accuracy: 0.975688
Test accuracy: 0.979283
Validation loss: 88375.411560
Validation accuracy: 0.976164
Test accuracy: 0.978025
Validation loss: 88647.904785
Validation accuracy: 0.976486
Test accuracy: 0.979406
Training loss: 596110.046356
Training accuracy: 0.984292

Epoch: 43
Validation loss: 88555.702148
Validation accuracy: 0.976472
Test accuracy: 0.979621
Validation loss: 88763.964661
Validation accuracy: 0.974749
Test accuracy: 0.978424
Validation loss: 88220.907227
Validation accuracy: 0.975464
Test accuracy: 0.979237
Validation loss: 88174.562866
Validation accuracy: 0.976668
Test accuracy: 0.979468
Validation loss: 88753.086060
Validation accuracy: 0.976864
Test accuracy: 0.978547
Training loss: 593509.679871
Training accuracy: 0.984327

Epoch: 44
Validation loss: 88143.116394
Validation accuracy: 0.977340
Test accuracy: 0.978654
Validation loss: 88700.935730
Validation accuracy: 0.976654
Test accuracy: 0.979468
Validation loss: 87917.989746
Validation accuracy: 0.976276
Test accuracy: 0.978700
Validation loss: 88533.437683
Validation accuracy: 0.975520
Test accuracy: 0.977964
Validation loss: 88049.997314
Validation accuracy: 0.976850
Test accuracy: 0.979314
Training loss: 595583.582214
Training accuracy: 0.984028

Epoch: 45
Validation loss: 88381.542969
Validation accuracy: 0.976738
Test accuracy: 0.979529
Validation loss: 88438.937622
Validation accuracy: 0.976570
Test accuracy: 0.979621
Validation loss: 88172.090454
Validation accuracy: 0.976570
Test accuracy: 0.978255
Validation loss: 88454.767456
Validation accuracy: 0.976850
Test accuracy: 0.979299
Validation loss: 88224.876648
Validation accuracy: 0.976122
Test accuracy: 0.977841
Training loss: 593404.495056
Training accuracy: 0.984642

Epoch: 46
Validation loss: 88461.047668
Validation accuracy: 0.976640
Test accuracy: 0.979022
Validation loss: 88587.717834
Validation accuracy: 0.977830
Test accuracy: 0.979345
Validation loss: 88010.201599
Validation accuracy: 0.977410
Test accuracy: 0.979928
Validation loss: 88469.090637
Validation accuracy: 0.975968
Test accuracy: 0.979237
Validation loss: 88395.390503
Validation accuracy: 0.977130
Test accuracy: 0.979514
Training loss: 593389.204590
Training accuracy: 0.984531

Epoch: 47
Validation loss: 88617.232971
Validation accuracy: 0.976570
Test accuracy: 0.978716
Validation loss: 88426.277893
Validation accuracy: 0.975464
Test accuracy: 0.978854
Validation loss: 88835.297485
Validation accuracy: 0.975716
Test accuracy: 0.978670
Validation loss: 88401.247009
Validation accuracy: 0.977480
Test accuracy: 0.979283
Validation loss: 88688.837097
Validation accuracy: 0.976080
Test accuracy: 0.978071
Training loss: 595051.419617
Training accuracy: 0.984481

Epoch: 48
Validation loss: 88881.736511
Validation accuracy: 0.976696
Test accuracy: 0.980572
Validation loss: 87899.671936
Validation accuracy: 0.976864
Test accuracy: 0.978838
Validation loss: 88532.566284
Validation accuracy: 0.976444
Test accuracy: 0.978930
Validation loss: 87982.434631
Validation accuracy: 0.976990
Test accuracy: 0.979621
Validation loss: 88742.851013
Validation accuracy: 0.976640
Test accuracy: 0.979452
Training loss: 592885.358215
Training accuracy: 0.984502

Epoch: 49
Validation loss: 88406.514709
Validation accuracy: 0.976570
Test accuracy: 0.978271
Validation loss: 88509.037109
Validation accuracy: 0.976248
Test accuracy: 0.979360
Validation loss: 87683.330078
Validation accuracy: 0.976584
Test accuracy: 0.979406
Validation loss: 88678.768860
Validation accuracy: 0.976066
Test accuracy: 0.979038
Validation loss: 88187.996338
Validation accuracy: 0.976976
Test accuracy: 0.978777
Training loss: 593024.382385
Training accuracy: 0.984545

Epoch: 50
Validation loss: 88434.342834
Validation accuracy: 0.976850
Test accuracy: 0.979406
Validation loss: 88795.475098
Validation accuracy: 0.976710
Test accuracy: 0.978716
Validation loss: 88787.116699
Validation accuracy: 0.977158
Test accuracy: 0.979943
Validation loss: 88094.366699
Validation accuracy: 0.976528
Test accuracy: 0.979437
Validation loss: 88428.886841
Validation accuracy: 0.976654
Test accuracy: 0.979805
Training loss: 595201.447174
Training accuracy: 0.984862

Epoch: 51
Validation loss: 88747.374634
Validation accuracy: 0.975604
Test accuracy: 0.978670
Validation loss: 88461.537354
Validation accuracy: 0.976808
Test accuracy: 0.979682
Validation loss: 88803.835571
Validation accuracy: 0.976136
Test accuracy: 0.978347
Validation loss: 88013.560974
Validation accuracy: 0.976066
Test accuracy: 0.979836
Validation loss: 88328.741821
Validation accuracy: 0.976738
Test accuracy: 0.979191
Training loss: 594759.846313
Training accuracy: 0.985095

Epoch: 52
Validation loss: 87756.281616
Validation accuracy: 0.977592
Test accuracy: 0.979575
Validation loss: 88390.774170
Validation accuracy: 0.977914
Test accuracy: 0.978946
Validation loss: 88290.285950
Validation accuracy: 0.977004
Test accuracy: 0.979022
Validation loss: 88360.655884
Validation accuracy: 0.976766
Test accuracy: 0.979483
Validation loss: 88478.696777
Validation accuracy: 0.976850
Test accuracy: 0.978670
Training loss: 593882.046234
Training accuracy: 0.984901

Epoch: 53
Validation loss: 88660.746704
Validation accuracy: 0.977186
Test accuracy: 0.979590
Validation loss: 88484.041138
Validation accuracy: 0.977438
Test accuracy: 0.980496
Validation loss: 88058.887573
Validation accuracy: 0.976304
Test accuracy: 0.978915
Validation loss: 88107.707275
Validation accuracy: 0.977536
Test accuracy: 0.980572
Validation loss: 88043.697144
Validation accuracy: 0.976206
Test accuracy: 0.979560
Training loss: 594302.411682
Training accuracy: 0.984918

Epoch: 54
Validation loss: 88592.152710
Validation accuracy: 0.975996
Test accuracy: 0.979713
Validation loss: 87922.569885
Validation accuracy: 0.976080
Test accuracy: 0.979329
Validation loss: 88033.507263
Validation accuracy: 0.977130
Test accuracy: 0.979682
Validation loss: 88569.584351
Validation accuracy: 0.976920
Test accuracy: 0.979974
Validation loss: 88131.031067
Validation accuracy: 0.976416
Test accuracy: 0.979636
Training loss: 592279.191772
Training accuracy: 0.984924

Epoch: 55
Validation loss: 88298.644836
Validation accuracy: 0.976766
Test accuracy: 0.979145
Validation loss: 87600.876160
Validation accuracy: 0.975912
Test accuracy: 0.979253
Validation loss: 87896.820007
Validation accuracy: 0.977102
Test accuracy: 0.979498
Validation loss: 87628.253601
Validation accuracy: 0.977172
Test accuracy: 0.979176
Validation loss: 88386.421204
Validation accuracy: 0.976752
Test accuracy: 0.979636
Training loss: 594643.421692
Training accuracy: 0.985291

Epoch: 56
Validation loss: 88269.466797
Validation accuracy: 0.976332
Test accuracy: 0.979560
Validation loss: 88192.092407
Validation accuracy: 0.976346
Test accuracy: 0.979851
Validation loss: 88233.228271
Validation accuracy: 0.977018
Test accuracy: 0.980281
Validation loss: 88562.096191
Validation accuracy: 0.976724
Test accuracy: 0.980143
Validation loss: 87780.568359
Validation accuracy: 0.975982
Test accuracy: 0.979145
Training loss: 593587.223999
Training accuracy: 0.985313

Epoch: 57
Validation loss: 88200.703430
Validation accuracy: 0.978433
Test accuracy: 0.979253
Validation loss: 88534.768066
Validation accuracy: 0.976794
Test accuracy: 0.980419
Validation loss: 87872.696777
Validation accuracy: 0.976766
Test accuracy: 0.979253
Validation loss: 88047.705261
Validation accuracy: 0.977200
Test accuracy: 0.979191
Validation loss: 88711.820862
Validation accuracy: 0.977410
Test accuracy: 0.979959
Training loss: 593466.595886
Training accuracy: 0.985348

Epoch: 58
Validation loss: 88545.521545
Validation accuracy: 0.977018
Test accuracy: 0.979667
Validation loss: 88272.888916
Validation accuracy: 0.978489
Test accuracy: 0.979820
Validation loss: 87675.739685
Validation accuracy: 0.977774
Test accuracy: 0.980265
Validation loss: 88103.340271
Validation accuracy: 0.977648
Test accuracy: 0.979928
Validation loss: 88918.537476
Validation accuracy: 0.976472
Test accuracy: 0.979099
Training loss: 593215.810883
Training accuracy: 0.985344

Epoch: 59
Validation loss: 87824.143372
Validation accuracy: 0.977032
Test accuracy: 0.979483
Validation loss: 87892.959778
Validation accuracy: 0.976542
Test accuracy: 0.979498
Validation loss: 88436.924988
Validation accuracy: 0.976948
Test accuracy: 0.980465
Validation loss: 88626.183411
Validation accuracy: 0.977620
Test accuracy: 0.980158
Validation loss: 88611.439392
Validation accuracy: 0.976262
Test accuracy: 0.979161
Training loss: 593150.483337
Training accuracy: 0.985550

Epoch: 60
Validation loss: 88467.091675
Validation accuracy: 0.977424
Test accuracy: 0.980143
Validation loss: 88367.502686
Validation accuracy: 0.976948
Test accuracy: 0.980281
Validation loss: 88002.253601
Validation accuracy: 0.977536
Test accuracy: 0.979836
Validation loss: 88261.969360
Validation accuracy: 0.977410
Test accuracy: 0.980434
Validation loss: 88827.903137
Validation accuracy: 0.976192
Test accuracy: 0.978854
Training loss: 593633.846008
Training accuracy: 0.985488

Epoch: 61
Validation loss: 88271.875000
Validation accuracy: 0.977228
Test accuracy: 0.978992
Validation loss: 88043.111755
Validation accuracy: 0.977144
Test accuracy: 0.978608
Validation loss: 88487.670166
Validation accuracy: 0.976836
Test accuracy: 0.979437
Validation loss: 88572.273438
Validation accuracy: 0.977592
Test accuracy: 0.980189
Validation loss: 88526.262085
Validation accuracy: 0.978433
Test accuracy: 0.980173
Training loss: 593403.734955
Training accuracy: 0.985812

Epoch: 62
Validation loss: 88691.518921
Validation accuracy: 0.978068
Test accuracy: 0.980465
Validation loss: 88195.484192
Validation accuracy: 0.977662
Test accuracy: 0.980312
Validation loss: 88603.967407
Validation accuracy: 0.978096
Test accuracy: 0.980158
Validation loss: 88251.203918
Validation accuracy: 0.977676
Test accuracy: 0.980204
Validation loss: 87765.735352
Validation accuracy: 0.977452
Test accuracy: 0.979774
Training loss: 593707.014709
Training accuracy: 0.985460

Epoch: 63
Validation loss: 88420.813599
Validation accuracy: 0.977158
Test accuracy: 0.979161
Validation loss: 88179.834229
Validation accuracy: 0.978419
Test accuracy: 0.980833
Validation loss: 88501.543884
Validation accuracy: 0.976682
Test accuracy: 0.980265
Validation loss: 88025.884705
Validation accuracy: 0.977718
Test accuracy: 0.980020
Validation loss: 88320.277893
Validation accuracy: 0.977354
Test accuracy: 0.979759
Training loss: 592650.285889
Training accuracy: 0.986055

Epoch: 64
Validation loss: 87766.514465
Validation accuracy: 0.977606
Test accuracy: 0.980265
Validation loss: 88156.070740
Validation accuracy: 0.978166
Test accuracy: 0.980358
Validation loss: 87717.980164
Validation accuracy: 0.977746
Test accuracy: 0.979728
Validation loss: 88415.049500
Validation accuracy: 0.976934
Test accuracy: 0.979882
Validation loss: 88656.939026
Validation accuracy: 0.978937
Test accuracy: 0.980081
Training loss: 593585.668396
Training accuracy: 0.986217

Epoch: 65
Validation loss: 88034.731995
Validation accuracy: 0.978026
Test accuracy: 0.980511
Validation loss: 88766.637695
Validation accuracy: 0.977130
Test accuracy: 0.979621
Validation loss: 88374.499268
Validation accuracy: 0.976948
Test accuracy: 0.979959
Validation loss: 88083.440796
Validation accuracy: 0.976850
Test accuracy: 0.977872
Validation loss: 88097.221985
Validation accuracy: 0.978209
Test accuracy: 0.980388
Training loss: 593888.862549
Training accuracy: 0.985742

Epoch: 66
Validation loss: 88073.543579
Validation accuracy: 0.977634
Test accuracy: 0.980388
Validation loss: 88036.374451
Validation accuracy: 0.977760
Test accuracy: 0.981324
Validation loss: 88117.784241
Validation accuracy: 0.977466
Test accuracy: 0.978900
Validation loss: 88500.936035
Validation accuracy: 0.978209
Test accuracy: 0.980358
Validation loss: 88148.133362
Validation accuracy: 0.978461
Test accuracy: 0.979851
Training loss: 594559.959991
Training accuracy: 0.986242

Epoch: 67
Validation loss: 87956.062927
Validation accuracy: 0.977368
Test accuracy: 0.980818
Validation loss: 88033.249146
Validation accuracy: 0.978180
Test accuracy: 0.979805
Validation loss: 88069.318604
Validation accuracy: 0.977368
Test accuracy: 0.979483
Validation loss: 88605.420105
Validation accuracy: 0.977452
Test accuracy: 0.979882
Validation loss: 87913.719849
Validation accuracy: 0.978110
Test accuracy: 0.979728
Training loss: 592307.283936
Training accuracy: 0.986084

Epoch: 68
Validation loss: 88583.324524
Validation accuracy: 0.977536
Test accuracy: 0.980250
Validation loss: 88398.144470
Validation accuracy: 0.977340
Test accuracy: 0.980695
Validation loss: 87968.097839
Validation accuracy: 0.978054
Test accuracy: 0.980603
Validation loss: 88650.763123
Validation accuracy: 0.977858
Test accuracy: 0.980864
Validation loss: 88069.212341
Validation accuracy: 0.977522
Test accuracy: 0.980603
Training loss: 592474.907715
Training accuracy: 0.986444

Epoch: 69
Validation loss: 88235.348511
Validation accuracy: 0.976934
Test accuracy: 0.981278
Validation loss: 88397.809021
Validation accuracy: 0.977634
Test accuracy: 0.981094
Validation loss: 87585.513550
Validation accuracy: 0.977732
Test accuracy: 0.980618
Validation loss: 88492.336670
Validation accuracy: 0.977606
Test accuracy: 0.980603
Validation loss: 88499.943604
Validation accuracy: 0.977508
Test accuracy: 0.979468
Training loss: 592623.756958
Training accuracy: 0.985810

Epoch: 70
Validation loss: 88431.331116
Validation accuracy: 0.976878
Test accuracy: 0.980250
Validation loss: 88270.255005
Validation accuracy: 0.977340
Test accuracy: 0.980664
Validation loss: 87951.587280
Validation accuracy: 0.978531
Test accuracy: 0.980327
Validation loss: 88098.909607
Validation accuracy: 0.977648
Test accuracy: 0.980035
Validation loss: 88035.837891
Validation accuracy: 0.977816
Test accuracy: 0.980680
Training loss: 592205.214783
Training accuracy: 0.986446

Epoch: 71
Validation loss: 88183.159668
Validation accuracy: 0.977718
Test accuracy: 0.980035
Validation loss: 87803.814453
Validation accuracy: 0.977984
Test accuracy: 0.980757
Validation loss: 88019.255005
Validation accuracy: 0.977606
Test accuracy: 0.980465
Validation loss: 88365.440186
Validation accuracy: 0.977746
Test accuracy: 0.981309
Validation loss: 88391.994751
Validation accuracy: 0.977620
Test accuracy: 0.980849
Training loss: 591459.447632
Training accuracy: 0.985799

Epoch: 72
Validation loss: 88095.601624
Validation accuracy: 0.977298
Test accuracy: 0.980849
Validation loss: 88037.374207
Validation accuracy: 0.978110
Test accuracy: 0.980419
Validation loss: 88468.760437
Validation accuracy: 0.978307
Test accuracy: 0.979560
Validation loss: 88041.816467
Validation accuracy: 0.978082
Test accuracy: 0.978961
Validation loss: 88287.186829
Validation accuracy: 0.976738
Test accuracy: 0.978455
Training loss: 593109.722656
Training accuracy: 0.986611

Epoch: 73
Validation loss: 88318.079651
Validation accuracy: 0.977284
Test accuracy: 0.980649
Validation loss: 88392.425049
Validation accuracy: 0.978475
Test accuracy: 0.979866
Validation loss: 88455.029053
Validation accuracy: 0.978166
Test accuracy: 0.979590
Validation loss: 88676.772400
Validation accuracy: 0.977186
Test accuracy: 0.980081
Validation loss: 88535.938904
Validation accuracy: 0.977452
Test accuracy: 0.980312
Training loss: 592396.797119
Training accuracy: 0.986788

Epoch: 74
Validation loss: 88125.945984
Validation accuracy: 0.978475
Test accuracy: 0.980572
Validation loss: 88092.038818
Validation accuracy: 0.977480
Test accuracy: 0.979575
Validation loss: 88333.060303
Validation accuracy: 0.978727
Test accuracy: 0.980419
Validation loss: 87846.713074
Validation accuracy: 0.977326
Test accuracy: 0.980695
Validation loss: 88393.587524
Validation accuracy: 0.978419
Test accuracy: 0.979836
Training loss: 591390.168121
Training accuracy: 0.986786

Epoch: 75
Validation loss: 87613.979065
Validation accuracy: 0.979245
Test accuracy: 0.980572
Validation loss: 88553.137756
Validation accuracy: 0.977928
Test accuracy: 0.980680
Validation loss: 88155.621338
Validation accuracy: 0.978237
Test accuracy: 0.980066
Validation loss: 87877.837036
Validation accuracy: 0.977592
Test accuracy: 0.979744
Validation loss: 88798.852600
Validation accuracy: 0.978293
Test accuracy: 0.979989
Training loss: 592734.316040
Training accuracy: 0.986388

Epoch: 76
Validation loss: 88620.944763
Validation accuracy: 0.978138
Test accuracy: 0.980250
Validation loss: 88651.422180
Validation accuracy: 0.978587
Test accuracy: 0.981616
Validation loss: 88146.099365
Validation accuracy: 0.978587
Test accuracy: 0.979728
Validation loss: 88433.479004
Validation accuracy: 0.978363
Test accuracy: 0.980511
Validation loss: 88599.647400
Validation accuracy: 0.978419
Test accuracy: 0.980327
Training loss: 593194.677063
Training accuracy: 0.986792

Epoch: 77
Validation loss: 88855.654480
Validation accuracy: 0.978419
Test accuracy: 0.980143
Validation loss: 88230.435486
Validation accuracy: 0.978601
Test accuracy: 0.979989
Validation loss: 88013.158325
Validation accuracy: 0.978194
Test accuracy: 0.981048
Validation loss: 87925.368164
Validation accuracy: 0.977984
Test accuracy: 0.980818
Validation loss: 87895.842346
Validation accuracy: 0.977774
Test accuracy: 0.980987
Training loss: 591497.887512
Training accuracy: 0.986526

Epoch: 78
Validation loss: 88474.945435
Validation accuracy: 0.978643
Test accuracy: 0.980818
Validation loss: 87323.679993
Validation accuracy: 0.978741
Test accuracy: 0.981202
Validation loss: 88693.169434
Validation accuracy: 0.978755
Test accuracy: 0.979744
Validation loss: 88121.461792
Validation accuracy: 0.977788
Test accuracy: 0.980143
Validation loss: 88111.057617
Validation accuracy: 0.977704
Test accuracy: 0.980557
Training loss: 593160.083740
Training accuracy: 0.986388

Epoch: 79
Validation loss: 87910.603394
Validation accuracy: 0.978811
Test accuracy: 0.981063
Validation loss: 88270.219543
Validation accuracy: 0.978769
Test accuracy: 0.980895
Validation loss: 88328.500244
Validation accuracy: 0.978335
Test accuracy: 0.980741
Validation loss: 88082.155701
Validation accuracy: 0.978265
Test accuracy: 0.980634
Validation loss: 88155.649170
Validation accuracy: 0.979189
Test accuracy: 0.981324
Training loss: 592426.885864
Training accuracy: 0.986388

Epoch: 80
Validation loss: 88569.397522
Validation accuracy: 0.978699
Test accuracy: 0.980741
Validation loss: 88551.777283
Validation accuracy: 0.978293
Test accuracy: 0.980434
Validation loss: 88235.877991
Validation accuracy: 0.978727
Test accuracy: 0.981017
Validation loss: 88516.502319
Validation accuracy: 0.978531
Test accuracy: 0.981570
Validation loss: 88268.548950
Validation accuracy: 0.978965
Test accuracy: 0.980434
Training loss: 592085.907715
Training accuracy: 0.986860

Epoch: 81
Validation loss: 88121.532532
Validation accuracy: 0.978713
Test accuracy: 0.981017
Validation loss: 87689.303650
Validation accuracy: 0.978166
Test accuracy: 0.979759
Validation loss: 88347.383423
Validation accuracy: 0.977774
Test accuracy: 0.980173
Validation loss: 88002.092285
Validation accuracy: 0.977438
Test accuracy: 0.980864
Validation loss: 88264.217163
Validation accuracy: 0.978489
Test accuracy: 0.980987
Training loss: 591727.549973
Training accuracy: 0.986854

Epoch: 82
Validation loss: 88375.929932
Validation accuracy: 0.978573
Test accuracy: 0.980956
Validation loss: 88141.444397
Validation accuracy: 0.978475
Test accuracy: 0.980895
Validation loss: 88550.464355
Validation accuracy: 0.978251
Test accuracy: 0.979590
Validation loss: 88217.467834
Validation accuracy: 0.978475
Test accuracy: 0.980281
Validation loss: 88487.050537
Validation accuracy: 0.977634
Test accuracy: 0.980695
Training loss: 591163.691803
Training accuracy: 0.986753

Epoch: 83
Validation loss: 88063.377258
Validation accuracy: 0.978559
Test accuracy: 0.980450
Validation loss: 88663.541748
Validation accuracy: 0.979021
Test accuracy: 0.980327
Validation loss: 88161.483704
Validation accuracy: 0.978223
Test accuracy: 0.981156
Validation loss: 88115.287476
Validation accuracy: 0.977746
Test accuracy: 0.980465
Validation loss: 88416.531677
Validation accuracy: 0.979119
Test accuracy: 0.981217
Training loss: 591419.894989
Training accuracy: 0.987235

Epoch: 84
Validation loss: 88305.554565
Validation accuracy: 0.979287
Test accuracy: 0.980158
Validation loss: 87965.968262
Validation accuracy: 0.978447
Test accuracy: 0.980680
Validation loss: 88744.287781
Validation accuracy: 0.978475
Test accuracy: 0.979943
Validation loss: 88004.487183
Validation accuracy: 0.979161
Test accuracy: 0.981539
Validation loss: 87786.801331
Validation accuracy: 0.977564
Test accuracy: 0.980404
Training loss: 592077.583252
Training accuracy: 0.986947

Epoch: 85
Validation loss: 87972.318665
Validation accuracy: 0.978349
Test accuracy: 0.980818
Validation loss: 88752.780334
Validation accuracy: 0.978321
Test accuracy: 0.980680
Validation loss: 88163.773743
Validation accuracy: 0.979231
Test accuracy: 0.981340
Validation loss: 88179.690857
Validation accuracy: 0.978825
Test accuracy: 0.981017
Validation loss: 88107.809387
Validation accuracy: 0.977676
Test accuracy: 0.980143
Training loss: 593154.366028
Training accuracy: 0.986656

Epoch: 86
Validation loss: 87824.665894
Validation accuracy: 0.977998
Test accuracy: 0.979866
Validation loss: 87904.585327
Validation accuracy: 0.978797
Test accuracy: 0.980634
Validation loss: 88641.875305
Validation accuracy: 0.979259
Test accuracy: 0.980588
Validation loss: 87930.986145
Validation accuracy: 0.978881
Test accuracy: 0.981447
Validation loss: 88324.267700
Validation accuracy: 0.977984
Test accuracy: 0.980265
Training loss: 591484.399017
Training accuracy: 0.986986

Epoch: 87
Validation loss: 87749.300598
Validation accuracy: 0.978867
Test accuracy: 0.980680
Validation loss: 87920.041931
Validation accuracy: 0.978461
Test accuracy: 0.980281
Validation loss: 88213.774963
Validation accuracy: 0.977508
Test accuracy: 0.981570
Validation loss: 87932.458557
Validation accuracy: 0.978489
Test accuracy: 0.980772
Validation loss: 88650.296875
Validation accuracy: 0.978937
Test accuracy: 0.980910
Training loss: 591621.114746
Training accuracy: 0.987490

Epoch: 88
Validation loss: 88096.352478
Validation accuracy: 0.978713
Test accuracy: 0.980925
Validation loss: 88574.744446
Validation accuracy: 0.978923
Test accuracy: 0.981278
Validation loss: 88264.017212
Validation accuracy: 0.978152
Test accuracy: 0.980849
Validation loss: 87879.076904
Validation accuracy: 0.978138
Test accuracy: 0.981017
Validation loss: 88462.421875
Validation accuracy: 0.978629
Test accuracy: 0.981140
Training loss: 592302.634613
Training accuracy: 0.986996

Epoch: 89
Validation loss: 88730.620667
Validation accuracy: 0.979063
Test accuracy: 0.980910
Validation loss: 87943.244873
Validation accuracy: 0.977690
Test accuracy: 0.980189
Validation loss: 87813.946411
Validation accuracy: 0.978615
Test accuracy: 0.980757
Validation loss: 87978.929993
Validation accuracy: 0.978082
Test accuracy: 0.981631
Validation loss: 88561.585388
Validation accuracy: 0.978433
Test accuracy: 0.980833
Training loss: 591777.887451
Training accuracy: 0.987130

Epoch: 90
Validation loss: 88470.840942
Validation accuracy: 0.978068
Test accuracy: 0.981294
Validation loss: 88059.343628
Validation accuracy: 0.978447
Test accuracy: 0.979989
Validation loss: 87903.086731
Validation accuracy: 0.978797
Test accuracy: 0.981002
Validation loss: 88161.647034
Validation accuracy: 0.978265
Test accuracy: 0.980112
Validation loss: 88210.653076
Validation accuracy: 0.978293
Test accuracy: 0.979851
Training loss: 591187.674591
Training accuracy: 0.987445

Epoch: 91
Validation loss: 88747.656189
Validation accuracy: 0.979119
Test accuracy: 0.980803
Validation loss: 88353.863831
Validation accuracy: 0.977914
Test accuracy: 0.981217
Validation loss: 88344.616455
Validation accuracy: 0.977648
Test accuracy: 0.979207
Validation loss: 87935.182617
Validation accuracy: 0.978321
Test accuracy: 0.978930
Validation loss: 88265.300415
Validation accuracy: 0.978545
Test accuracy: 0.981002
Training loss: 592735.605194
Training accuracy: 0.987418

Epoch: 92
Validation loss: 88323.922241
Validation accuracy: 0.978321
Test accuracy: 0.981125
Validation loss: 88707.851624
Validation accuracy: 0.978531
Test accuracy: 0.981263
Validation loss: 88730.912231
Validation accuracy: 0.978741
Test accuracy: 0.981478
Validation loss: 87594.594116
Validation accuracy: 0.978251
Test accuracy: 0.980956
Validation loss: 88802.191040
Validation accuracy: 0.978755
Test accuracy: 0.980542
Training loss: 592477.341461
Training accuracy: 0.987056

Epoch: 93
Validation loss: 87951.257446
Validation accuracy: 0.978391
Test accuracy: 0.980342
Validation loss: 88559.821777
Validation accuracy: 0.978727
Test accuracy: 0.980987
Validation loss: 87898.870300
Validation accuracy: 0.978657
Test accuracy: 0.981462
Validation loss: 87861.240173
Validation accuracy: 0.977760
Test accuracy: 0.980910
Validation loss: 88219.763672
Validation accuracy: 0.978615
Test accuracy: 0.980849
Training loss: 592896.851501
Training accuracy: 0.987142

Epoch: 94
Validation loss: 88340.052368
Validation accuracy: 0.979105
Test accuracy: 0.980772
Validation loss: 88131.951172
Validation accuracy: 0.979063
Test accuracy: 0.981278
Validation loss: 88424.762878
Validation accuracy: 0.978517
Test accuracy: 0.981601
Validation loss: 88518.722900
Validation accuracy: 0.977858
Test accuracy: 0.979590
Validation loss: 88054.251892
Validation accuracy: 0.978531
Test accuracy: 0.981048
Training loss: 592877.575806
Training accuracy: 0.986920

Epoch: 95
Validation loss: 88042.561951
Validation accuracy: 0.978166
Test accuracy: 0.980250
Validation loss: 88104.404663
Validation accuracy: 0.978587
Test accuracy: 0.981555
Validation loss: 87980.092712
Validation accuracy: 0.979147
Test accuracy: 0.980695
Validation loss: 88133.964478
Validation accuracy: 0.978419
Test accuracy: 0.981232
Validation loss: 88155.232910
Validation accuracy: 0.979091
Test accuracy: 0.981156
Training loss: 594814.582214
Training accuracy: 0.987056

Epoch: 96
Validation loss: 88582.897339
Validation accuracy: 0.978082
Test accuracy: 0.980419
Validation loss: 88334.651550
Validation accuracy: 0.977942
Test accuracy: 0.980833
Validation loss: 87696.089661
Validation accuracy: 0.979077
Test accuracy: 0.981386
Validation loss: 88170.016235
Validation accuracy: 0.979455
Test accuracy: 0.981785
Validation loss: 88653.190491
Validation accuracy: 0.978124
Test accuracy: 0.980787
Training loss: 592645.652222
Training accuracy: 0.987389

Epoch: 97
Validation loss: 88264.814819
Validation accuracy: 0.978321
Test accuracy: 0.980511
Validation loss: 88373.309509
Validation accuracy: 0.979427
Test accuracy: 0.980987
Validation loss: 88027.677307
Validation accuracy: 0.978741
Test accuracy: 0.981140
Validation loss: 88558.146851
Validation accuracy: 0.978881
Test accuracy: 0.980711
Validation loss: 88315.077148
Validation accuracy: 0.978068
Test accuracy: 0.980511
Training loss: 590885.599915
Training accuracy: 0.987480

Epoch: 98
Validation loss: 87243.383179
Validation accuracy: 0.978909
Test accuracy: 0.980956
Validation loss: 88000.308167
Validation accuracy: 0.978419
Test accuracy: 0.980772
Validation loss: 88334.565918
Validation accuracy: 0.978110
Test accuracy: 0.980757
Validation loss: 87914.897827
Validation accuracy: 0.978601
Test accuracy: 0.981309
Validation loss: 87863.398132
Validation accuracy: 0.979525
Test accuracy: 0.981202
Training loss: 591531.744415
Training accuracy: 0.987529

Epoch: 99
Validation loss: 88342.106079
Validation accuracy: 0.978825
Test accuracy: 0.981969
Validation loss: 88384.907532
Validation accuracy: 0.977718
Test accuracy: 0.980526
Validation loss: 88550.415710
Validation accuracy: 0.978811
Test accuracy: 0.980680
Validation loss: 88306.994873
Validation accuracy: 0.978461
Test accuracy: 0.981125
Validation loss: 88462.364685
Validation accuracy: 0.977942
Test accuracy: 0.981232
Training loss: 592505.603088
Training accuracy: 0.987369

Epoch: 100
Validation loss: 88302.429871
Validation accuracy: 0.978082
Test accuracy: 0.981677
Validation loss: 88733.767761
Validation accuracy: 0.978699
Test accuracy: 0.980695
Validation loss: 88759.115723
Validation accuracy: 0.979147
Test accuracy: 0.980542
Validation loss: 88123.300415
Validation accuracy: 0.979119
Test accuracy: 0.981370
Validation loss: 87754.151672
Validation accuracy: 0.978685
Test accuracy: 0.980864
Training loss: 593083.613403
Training accuracy: 0.987472

Epoch: 101
Validation loss: 88308.624573
Validation accuracy: 0.979245
Test accuracy: 0.980434
Validation loss: 87800.588013
Validation accuracy: 0.978054
Test accuracy: 0.979943
Validation loss: 88178.238159
Validation accuracy: 0.977942
Test accuracy: 0.981171
Validation loss: 87861.265747
Validation accuracy: 0.977914
Test accuracy: 0.981263
Validation loss: 87887.161926
Validation accuracy: 0.978783
Test accuracy: 0.981248
Training loss: 590586.794586
Training accuracy: 0.987484

Epoch: 102
Validation loss: 88280.090698
Validation accuracy: 0.979315
Test accuracy: 0.980787
Validation loss: 88671.919189
Validation accuracy: 0.978727
Test accuracy: 0.981355
Validation loss: 88806.872314
Validation accuracy: 0.977914
Test accuracy: 0.980219
Validation loss: 88598.244507
Validation accuracy: 0.978881
Test accuracy: 0.980772
Validation loss: 88177.483459
Validation accuracy: 0.979091
Test accuracy: 0.981631
Training loss: 592238.982788
Training accuracy: 0.987754

Epoch: 103
Validation loss: 88260.012634
Validation accuracy: 0.978769
Test accuracy: 0.981263
Validation loss: 88426.838745
Validation accuracy: 0.978110
Test accuracy: 0.981002
Validation loss: 88289.809143
Validation accuracy: 0.978797
Test accuracy: 0.980634
Validation loss: 88066.379150
Validation accuracy: 0.979413
Test accuracy: 0.981248
Validation loss: 88198.685547
Validation accuracy: 0.978979
Test accuracy: 0.981800
Training loss: 591717.822083
Training accuracy: 0.987645

Epoch: 104
Validation loss: 87889.270996
Validation accuracy: 0.978559
Test accuracy: 0.980726
Validation loss: 88127.374939
Validation accuracy: 0.978166
Test accuracy: 0.980649
Validation loss: 88218.558350
Validation accuracy: 0.978979
Test accuracy: 0.980864
Validation loss: 88062.538452
Validation accuracy: 0.978082
Test accuracy: 0.981202
Validation loss: 87530.838318
Validation accuracy: 0.978951
Test accuracy: 0.980833
Training loss: 592466.604126
Training accuracy: 0.987667

Epoch: 105
Validation loss: 88162.625366
Validation accuracy: 0.978643
Test accuracy: 0.980941
Validation loss: 88762.527161
Validation accuracy: 0.979189
Test accuracy: 0.981785
Validation loss: 88694.802429
Validation accuracy: 0.978012
Test accuracy: 0.980803
Validation loss: 88050.491394
Validation accuracy: 0.978180
Test accuracy: 0.981079
Validation loss: 89020.044983
Validation accuracy: 0.979455
Test accuracy: 0.981478
Training loss: 592774.075134
Training accuracy: 0.987608

Epoch: 106
Validation loss: 88243.468506
Validation accuracy: 0.978713
Test accuracy: 0.979959
Validation loss: 88150.624695
Validation accuracy: 0.978965
Test accuracy: 0.980204
Validation loss: 88365.052246
Validation accuracy: 0.978573
Test accuracy: 0.981171
Validation loss: 88067.024658
Validation accuracy: 0.978096
Test accuracy: 0.980649
Validation loss: 88001.881897
Validation accuracy: 0.979231
Test accuracy: 0.981631
Training loss: 591631.833252
Training accuracy: 0.987855

Epoch: 107
Validation loss: 87903.336975
Validation accuracy: 0.978349
Test accuracy: 0.981340
Validation loss: 87831.845947
Validation accuracy: 0.978054
Test accuracy: 0.980772
Validation loss: 88427.677185
Validation accuracy: 0.978783
Test accuracy: 0.981662
Validation loss: 88368.564941
Validation accuracy: 0.979021
Test accuracy: 0.980358
Validation loss: 87701.160767
Validation accuracy: 0.978377
Test accuracy: 0.982153
Training loss: 591082.422241
Training accuracy: 0.988022

Epoch: 108
Validation loss: 88299.430115
Validation accuracy: 0.979427
Test accuracy: 0.981447
Validation loss: 88433.443115
Validation accuracy: 0.978096
Test accuracy: 0.982184
Validation loss: 87706.084290
Validation accuracy: 0.978769
Test accuracy: 0.981877
Validation loss: 88208.990417
Validation accuracy: 0.979679
Test accuracy: 0.981478
Validation loss: 88259.199097
Validation accuracy: 0.979735
Test accuracy: 0.981616
Training loss: 593001.373138
Training accuracy: 0.988032

Epoch: 109
Validation loss: 88786.295532
Validation accuracy: 0.978475
Test accuracy: 0.981984
Validation loss: 87969.355530
Validation accuracy: 0.978769
Test accuracy: 0.981616
Validation loss: 88046.433289
Validation accuracy: 0.979483
Test accuracy: 0.980649
Validation loss: 87789.346741
Validation accuracy: 0.978265
Test accuracy: 0.980803
Validation loss: 88466.276917
Validation accuracy: 0.978727
Test accuracy: 0.980757
Training loss: 592192.780212
