Epoch: 0
Validation loss: 15518.257812
Validation accuracy: 0.500280
Test accuracy: 0.506557
Validation loss: 4365.656250
Validation accuracy: 0.886939
Test accuracy: 0.888168
Validation loss: 3622.559326
Validation accuracy: 0.909803
Test accuracy: 0.908197
Validation loss: 3086.386963
Validation accuracy: 0.927073
Test accuracy: 0.921953
Validation loss: 3018.973145
Validation accuracy: 0.925395
Test accuracy: 0.923378
Validation loss: 2665.305664
Validation accuracy: 0.933646
Test accuracy: 0.929081
Training loss: 33125.500587

Epoch: 1
Validation loss: 2818.727539
Validation accuracy: 0.929311
Test accuracy: 0.924163
Validation loss: 2670.149658
Validation accuracy: 0.934555
Test accuracy: 0.928867
Validation loss: 2559.436279
Validation accuracy: 0.934275
Test accuracy: 0.928938
Validation loss: 2670.050781
Validation accuracy: 0.935673
Test accuracy: 0.929437
Validation loss: 2509.091064
Validation accuracy: 0.942036
Test accuracy: 0.933856
Validation loss: 2301.335449
Validation accuracy: 0.944274
Test accuracy: 0.939558
Training loss: 17179.359484

Epoch: 2
Validation loss: 2411.358887
Validation accuracy: 0.939799
Test accuracy: 0.931718
Validation loss: 2351.930908
Validation accuracy: 0.940428
Test accuracy: 0.935923
Validation loss: 2524.326660
Validation accuracy: 0.937771
Test accuracy: 0.934426
Validation loss: 2476.216553
Validation accuracy: 0.944833
Test accuracy: 0.938489
Validation loss: 2450.780273
Validation accuracy: 0.942246
Test accuracy: 0.935495
Validation loss: 2485.288086
Validation accuracy: 0.935673
Test accuracy: 0.933856
Training loss: 11471.809277

Epoch: 3
Validation loss: 2390.053467
Validation accuracy: 0.945043
Test accuracy: 0.940841
Validation loss: 2483.480957
Validation accuracy: 0.944134
Test accuracy: 0.937847
Validation loss: 2792.779541
Validation accuracy: 0.936233
Test accuracy: 0.933571
Validation loss: 2741.769043
Validation accuracy: 0.942805
Test accuracy: 0.939914
Validation loss: 2660.057129
Validation accuracy: 0.938960
Test accuracy: 0.933428
Validation loss: 2720.339600
Validation accuracy: 0.939869
Test accuracy: 0.935495
Training loss: 7758.359796

Epoch: 4
Validation loss: 2773.771973
Validation accuracy: 0.935464
Test accuracy: 0.930577
Validation loss: 3139.395752
Validation accuracy: 0.940428
Test accuracy: 0.937135
Validation loss: 3180.539551
Validation accuracy: 0.939169
Test accuracy: 0.936493
Validation loss: 2934.979980
Validation accuracy: 0.938330
Test accuracy: 0.933999
Validation loss: 2950.941162
Validation accuracy: 0.939169
Test accuracy: 0.936422
Validation loss: 2893.796631
Validation accuracy: 0.941477
Test accuracy: 0.938632
Training loss: 5280.077880

Epoch: 5
Validation loss: 2949.461670
Validation accuracy: 0.941407
Test accuracy: 0.937919
Validation loss: 3881.254639
Validation accuracy: 0.937281
Test accuracy: 0.935923
Validation loss: 3801.672852
Validation accuracy: 0.938121
Test accuracy: 0.936066
Validation loss: 3412.826416
Validation accuracy: 0.935324
Test accuracy: 0.931290
Validation loss: 3287.814941
Validation accuracy: 0.943854
Test accuracy: 0.939059
Validation loss: 3452.792969
Validation accuracy: 0.937491
Test accuracy: 0.932787
Training loss: 3688.945254

Epoch: 6
Validation loss: 3515.349854
Validation accuracy: 0.939379
Test accuracy: 0.935852
Validation loss: 4138.013672
Validation accuracy: 0.939239
Test accuracy: 0.934141
Validation loss: 4194.423828
Validation accuracy: 0.936932
Test accuracy: 0.931504
Validation loss: 3880.516846
Validation accuracy: 0.938121
Test accuracy: 0.934925
Validation loss: 4319.361816
Validation accuracy: 0.934625
Test accuracy: 0.928653
Validation loss: 3942.781982
Validation accuracy: 0.941686
Test accuracy: 0.934783
Training loss: 2661.587670

Epoch: 7
Validation loss: 4289.952148
Validation accuracy: 0.938400
Test accuracy: 0.931433
Validation loss: 4834.575684
Validation accuracy: 0.937212
Test accuracy: 0.934711
Validation loss: 4680.671875
Validation accuracy: 0.937072
Test accuracy: 0.933001
Validation loss: 4692.155762
Validation accuracy: 0.938400
Test accuracy: 0.933001
Validation loss: 4688.112305
Validation accuracy: 0.937002
Test accuracy: 0.935068
Validation loss: 4715.992188
Validation accuracy: 0.937981
Test accuracy: 0.934925
Training loss: 2029.755897

Epoch: 8
Validation loss: 4701.646484
Validation accuracy: 0.934904
Test accuracy: 0.933713
Validation loss: 5197.747070
Validation accuracy: 0.938750
Test accuracy: 0.934854
Validation loss: 5899.541992
Validation accuracy: 0.940638
Test accuracy: 0.936493
Validation loss: 5447.430176
Validation accuracy: 0.938051
Test accuracy: 0.936351
Validation loss: 5256.828125
Validation accuracy: 0.938190
Test accuracy: 0.936351
Validation loss: 5541.020996
Validation accuracy: 0.935883
Test accuracy: 0.934070
Training loss: 1537.114865

Epoch: 9
Validation loss: 5357.096680
Validation accuracy: 0.940428
Test accuracy: 0.936351
Validation loss: 6081.542969
Validation accuracy: 0.937142
Test accuracy: 0.933927
Validation loss: 6343.232422
Validation accuracy: 0.940428
Test accuracy: 0.935282
Validation loss: 6846.149902
Validation accuracy: 0.935324
Test accuracy: 0.931860
Validation loss: 6825.548340
Validation accuracy: 0.934415
Test accuracy: 0.933999
Validation loss: 6643.425293
Validation accuracy: 0.939519
Test accuracy: 0.936351
Training loss: 1208.695869

Epoch: 10
Validation loss: 6573.123047
Validation accuracy: 0.938470
Test accuracy: 0.935495
Validation loss: 6852.990723
Validation accuracy: 0.936373
Test accuracy: 0.935282
Validation loss: 7527.411133
Validation accuracy: 0.939379
Test accuracy: 0.937919
Validation loss: 7365.959961
Validation accuracy: 0.940358
Test accuracy: 0.935994
Validation loss: 6792.395996
Validation accuracy: 0.936932
Test accuracy: 0.934426
Validation loss: 6319.815430
Validation accuracy: 0.938960
Test accuracy: 0.936493
Training loss: 1076.603336

Epoch: 11
Validation loss: 6260.997559
Validation accuracy: 0.939099
Test accuracy: 0.935282
Validation loss: 6651.092773
Validation accuracy: 0.939799
Test accuracy: 0.934783
Validation loss: 7003.693848
Validation accuracy: 0.940638
Test accuracy: 0.935852
Validation loss: 7113.866211
Validation accuracy: 0.936862
Test accuracy: 0.933927
Validation loss: 7454.897461
Validation accuracy: 0.936932
Test accuracy: 0.934426
Validation loss: 7460.047363
Validation accuracy: 0.936862
Test accuracy: 0.936208
Training loss: 819.447136

Epoch: 12
Validation loss: 7670.120117
Validation accuracy: 0.939449
Test accuracy: 0.934783
Validation loss: 8253.683594
Validation accuracy: 0.937351
Test accuracy: 0.934426
Validation loss: 8791.020508
Validation accuracy: 0.933995
Test accuracy: 0.933072
Validation loss: 8560.994141
Validation accuracy: 0.933646
Test accuracy: 0.929081
Validation loss: 7660.884277
Validation accuracy: 0.940078
Test accuracy: 0.935139
Validation loss: 8308.856445
Validation accuracy: 0.940428
Test accuracy: 0.935780
Training loss: 803.125394

Epoch: 13
Validation loss: 8289.416992
Validation accuracy: 0.938190
Test accuracy: 0.935282
Validation loss: 8255.062500
Validation accuracy: 0.937911
Test accuracy: 0.934070
Validation loss: 8847.411133
Validation accuracy: 0.937981
Test accuracy: 0.933001
Validation loss: 9059.362305
Validation accuracy: 0.936373
Test accuracy: 0.933428
Validation loss: 8929.387695
Validation accuracy: 0.937421
Test accuracy: 0.935353
Validation loss: 8936.735352
Validation accuracy: 0.936582
Test accuracy: 0.933713
Training loss: 790.250975

Epoch: 14
Validation loss: 8703.338867
Validation accuracy: 0.935533
Test accuracy: 0.932929
Validation loss: 8636.678711
Validation accuracy: 0.939099
Test accuracy: 0.935638
Validation loss: 9137.468750
Validation accuracy: 0.938750
Test accuracy: 0.935210
Validation loss: 9207.499023
Validation accuracy: 0.934555
Test accuracy: 0.930221
Validation loss: 8422.216797
Validation accuracy: 0.936512
Test accuracy: 0.932858
Validation loss: 8393.655273
Validation accuracy: 0.936932
Test accuracy: 0.932502
Training loss: 676.855237

Epoch: 15
Validation loss: 8533.081055
Validation accuracy: 0.936652
Test accuracy: 0.934355
Validation loss: 9725.028320
Validation accuracy: 0.937981
Test accuracy: 0.933927
Validation loss: 9060.281250
Validation accuracy: 0.938820
Test accuracy: 0.935353
Validation loss: 8620.868164
Validation accuracy: 0.937771
Test accuracy: 0.934426
Validation loss: 8420.356445
Validation accuracy: 0.937491
Test accuracy: 0.933999
Validation loss: 9039.583008
Validation accuracy: 0.939729
Test accuracy: 0.936351
Training loss: 596.418403

Epoch: 16
Validation loss: 8918.546875
Validation accuracy: 0.938470
Test accuracy: 0.933215
Validation loss: 9674.899414
Validation accuracy: 0.936093
Test accuracy: 0.933001
Validation loss: 9353.900391
Validation accuracy: 0.938890
Test accuracy: 0.934925
Validation loss: 9774.186523
Validation accuracy: 0.936512
Test accuracy: 0.934498
Validation loss: 10018.648438
Validation accuracy: 0.939379
Test accuracy: 0.935424
Validation loss: 10121.918945
Validation accuracy: 0.939938
Test accuracy: 0.934640
Training loss: 431.671729

Epoch: 17
Validation loss: 10078.265625
Validation accuracy: 0.940008
Test accuracy: 0.936208
Validation loss: 10479.140625
Validation accuracy: 0.939729
Test accuracy: 0.934783
Validation loss: 10611.277344
Validation accuracy: 0.938121
Test accuracy: 0.933143
Validation loss: 10738.283203
Validation accuracy: 0.939449
Test accuracy: 0.933927
Validation loss: 11380.543945
Validation accuracy: 0.937351
Test accuracy: 0.934569
Validation loss: 11012.772461
Validation accuracy: 0.939799
Test accuracy: 0.934854
Training loss: 434.066031

Epoch: 18
Validation loss: 11612.503906
Validation accuracy: 0.935533
Test accuracy: 0.932502
Validation loss: 10992.501953
Validation accuracy: 0.939869
Test accuracy: 0.935994
Validation loss: 11445.006836
Validation accuracy: 0.935743
Test accuracy: 0.932003
Validation loss: 11163.334961
Validation accuracy: 0.933016
Test accuracy: 0.930720
Validation loss: 10691.632812
Validation accuracy: 0.936163
Test accuracy: 0.933642
Validation loss: 10888.614258
Validation accuracy: 0.935114
Test accuracy: 0.932074
Training loss: 446.147661

Epoch: 19
Validation loss: 10782.346680
Validation accuracy: 0.937631
Test accuracy: 0.935424
Validation loss: 10819.043945
Validation accuracy: 0.936652
Test accuracy: 0.933571
Validation loss: 10849.876953
Validation accuracy: 0.936582
Test accuracy: 0.930934
Validation loss: 11127.036133
Validation accuracy: 0.936652
Test accuracy: 0.932502
Validation loss: 11328.017578
Validation accuracy: 0.937351
Test accuracy: 0.930862
Validation loss: 11294.215820
Validation accuracy: 0.937281
Test accuracy: 0.931504
Training loss: 331.526171

Epoch: 20
Validation loss: 11244.387695
Validation accuracy: 0.938051
Test accuracy: 0.934284
Validation loss: 11433.226562
Validation accuracy: 0.936512
Test accuracy: 0.931789
Validation loss: 11764.522461
Validation accuracy: 0.933576
Test accuracy: 0.931290
Validation loss: 11817.905273
Validation accuracy: 0.936512
Test accuracy: 0.933500
Validation loss: 12223.096680
Validation accuracy: 0.935324
Test accuracy: 0.932003
Validation loss: 11903.199219
Validation accuracy: 0.932667
Test accuracy: 0.927370
Training loss: 458.572197

Epoch: 21
Validation loss: 11529.429688
Validation accuracy: 0.936652
Test accuracy: 0.932787
Validation loss: 11660.319336
Validation accuracy: 0.935603
Test accuracy: 0.933072
Validation loss: 11522.946289
Validation accuracy: 0.936512
Test accuracy: 0.934426
Validation loss: 11736.282227
Validation accuracy: 0.934764
Test accuracy: 0.932145
Validation loss: 11603.991211
Validation accuracy: 0.938190
Test accuracy: 0.935210
Validation loss: 11984.263672
Validation accuracy: 0.932877
Test accuracy: 0.932288
Training loss: 365.542750

Epoch: 22
Validation loss: 11587.556641
Validation accuracy: 0.934974
Test accuracy: 0.933357
Validation loss: 12102.277344
Validation accuracy: 0.936512
Test accuracy: 0.934284
Validation loss: 11647.363281
Validation accuracy: 0.936512
Test accuracy: 0.934711
Validation loss: 11107.645508
Validation accuracy: 0.936582
Test accuracy: 0.935353
Validation loss: 11178.634766
Validation accuracy: 0.934974
Test accuracy: 0.933143
Validation loss: 11948.792969
Validation accuracy: 0.932597
Test accuracy: 0.932145
Training loss: 346.915058

Epoch: 23
Validation loss: 11716.167969
Validation accuracy: 0.933296
Test accuracy: 0.933072
Validation loss: 12101.466797
Validation accuracy: 0.935603
Test accuracy: 0.934854
Validation loss: 11733.337891
Validation accuracy: 0.932247
Test accuracy: 0.931005
Validation loss: 11294.968750
Validation accuracy: 0.935533
Test accuracy: 0.932787
Validation loss: 10715.681641
Validation accuracy: 0.934345
Test accuracy: 0.931148
Validation loss: 10547.630859
Validation accuracy: 0.937212
Test accuracy: 0.934640
Training loss: 353.984921

Epoch: 24
Validation loss: 10763.061523
Validation accuracy: 0.936792
Test accuracy: 0.933072
Validation loss: 11433.521484
Validation accuracy: 0.936652
Test accuracy: 0.933500
Validation loss: 11928.075195
Validation accuracy: 0.935673
Test accuracy: 0.933927
Validation loss: 11951.920898
Validation accuracy: 0.935883
Test accuracy: 0.932431
Validation loss: 11494.853516
Validation accuracy: 0.936163
Test accuracy: 0.934426
Validation loss: 11103.347656
Validation accuracy: 0.935743
Test accuracy: 0.934996
Training loss: 358.955886

Epoch: 25
Validation loss: 10571.249023
Validation accuracy: 0.936582
Test accuracy: 0.934925
Validation loss: 10004.161133
Validation accuracy: 0.936582
Test accuracy: 0.934569
Validation loss: 9721.575195
Validation accuracy: 0.939030
Test accuracy: 0.935852
Validation loss: 10554.482422
Validation accuracy: 0.936862
Test accuracy: 0.933927
Validation loss: 10700.713867
Validation accuracy: 0.937701
Test accuracy: 0.935638
Validation loss: 10574.890625
Validation accuracy: 0.939239
Test accuracy: 0.937491
Training loss: 318.576349

Epoch: 26
Validation loss: 10624.095703
Validation accuracy: 0.939589
Test accuracy: 0.936850
Validation loss: 10904.418945
Validation accuracy: 0.936442
Test accuracy: 0.934711
Validation loss: 10947.113281
Validation accuracy: 0.937561
Test accuracy: 0.933856
Validation loss: 11504.209961
Validation accuracy: 0.938960
Test accuracy: 0.935994
Validation loss: 11058.869141
Validation accuracy: 0.939239
Test accuracy: 0.935923
Validation loss: 11185.293945
Validation accuracy: 0.937841
Test accuracy: 0.935709
Training loss: 221.749048

Epoch: 27
Validation loss: 11809.173828
Validation accuracy: 0.933576
Test accuracy: 0.932858
Validation loss: 11481.162109
Validation accuracy: 0.939239
Test accuracy: 0.936921
Validation loss: 12522.255859
Validation accuracy: 0.936792
Test accuracy: 0.935353
Validation loss: 11898.953125
Validation accuracy: 0.936303
Test accuracy: 0.932858
Validation loss: 11966.176758
Validation accuracy: 0.936862
Test accuracy: 0.933785
Validation loss: 10941.455078
Validation accuracy: 0.940358
Test accuracy: 0.935567
Training loss: 258.956825

Epoch: 28
Validation loss: 10806.055664
Validation accuracy: 0.937631
Test accuracy: 0.933286
Validation loss: 10862.258789
Validation accuracy: 0.939239
Test accuracy: 0.935495
Validation loss: 11356.823242
Validation accuracy: 0.939938
Test accuracy: 0.935495
Validation loss: 11818.516602
Validation accuracy: 0.936512
Test accuracy: 0.933001
Validation loss: 12180.570312
Validation accuracy: 0.936373
Test accuracy: 0.933072
Validation loss: 11479.134766
Validation accuracy: 0.935533
Test accuracy: 0.932145
Training loss: 279.744342

Epoch: 29
Validation loss: 10926.000000
Validation accuracy: 0.938540
Test accuracy: 0.933357
Validation loss: 11638.789062
Validation accuracy: 0.938610
Test accuracy: 0.934426
Validation loss: 11982.690430
Validation accuracy: 0.937002
Test accuracy: 0.933286
Validation loss: 10273.134766
Validation accuracy: 0.938051
Test accuracy: 0.934925
Validation loss: 10577.785156
Validation accuracy: 0.937631
Test accuracy: 0.933001
Validation loss: 10684.798828
Validation accuracy: 0.937771
Test accuracy: 0.933072
Training loss: 261.032104

Epoch: 30
Validation loss: 11482.478516
Validation accuracy: 0.937631
Test accuracy: 0.934783
Validation loss: 10928.156250
Validation accuracy: 0.937701
Test accuracy: 0.934498
Validation loss: 10930.859375
Validation accuracy: 0.941267
Test accuracy: 0.937420
Validation loss: 11025.819336
Validation accuracy: 0.935813
Test accuracy: 0.933286
Validation loss: 10948.572266
Validation accuracy: 0.937911
Test accuracy: 0.936279
Validation loss: 11932.709961
Validation accuracy: 0.936163
Test accuracy: 0.933143
Training loss: 236.382039

Epoch: 31
Validation loss: 10853.818359
Validation accuracy: 0.937142
Test accuracy: 0.934070
Validation loss: 11342.075195
Validation accuracy: 0.937841
Test accuracy: 0.933999
Validation loss: 11118.682617
Validation accuracy: 0.934205
Test accuracy: 0.933785
Validation loss: 11851.521484
Validation accuracy: 0.936512
Test accuracy: 0.933856
Validation loss: 11668.871094
Validation accuracy: 0.935743
Test accuracy: 0.934212
Validation loss: 11383.852539
Validation accuracy: 0.935394
Test accuracy: 0.932787
Training loss: 179.468759

Epoch: 32
Validation loss: 10940.290039
Validation accuracy: 0.935743
Test accuracy: 0.932502
Validation loss: 11087.145508
Validation accuracy: 0.936303
Test accuracy: 0.933642
Validation loss: 11540.218750
Validation accuracy: 0.937911
Test accuracy: 0.934284
Validation loss: 11519.532227
Validation accuracy: 0.937072
Test accuracy: 0.934141
Validation loss: 10785.745117
Validation accuracy: 0.938190
Test accuracy: 0.934783
Validation loss: 9782.326172
Validation accuracy: 0.936582
Test accuracy: 0.932858
Training loss: 206.209476

Epoch: 33
Validation loss: 10361.282227
Validation accuracy: 0.937281
Test accuracy: 0.934925
Validation loss: 10866.186523
Validation accuracy: 0.937281
Test accuracy: 0.934498
Validation loss: 11591.450195
Validation accuracy: 0.934275
Test accuracy: 0.929865
Validation loss: 10659.071289
Validation accuracy: 0.937351
Test accuracy: 0.934141
Validation loss: 10045.579102
Validation accuracy: 0.936233
Test accuracy: 0.933856
Validation loss: 10332.175781
Validation accuracy: 0.935813
Test accuracy: 0.934141
Training loss: 171.832685

Epoch: 34
Validation loss: 10416.587891
Validation accuracy: 0.936582
Test accuracy: 0.933785
Validation loss: 10940.030273
Validation accuracy: 0.938820
Test accuracy: 0.933856
Validation loss: 10588.574219
Validation accuracy: 0.939030
Test accuracy: 0.936422
Validation loss: 10429.838867
Validation accuracy: 0.938121
Test accuracy: 0.935994
Validation loss: 10539.134766
Validation accuracy: 0.937421
Test accuracy: 0.934996
Validation loss: 11379.852539
Validation accuracy: 0.938610
Test accuracy: 0.933785
Training loss: 173.212716

Epoch: 35
Validation loss: 10802.371094
Validation accuracy: 0.938680
Test accuracy: 0.934640
Validation loss: 10301.109375
Validation accuracy: 0.937911
Test accuracy: 0.934355
Validation loss: 11013.220703
Validation accuracy: 0.933995
Test accuracy: 0.932502
Validation loss: 10507.007812
Validation accuracy: 0.935114
Test accuracy: 0.933642
Validation loss: 10229.134766
Validation accuracy: 0.936233
Test accuracy: 0.933785
Validation loss: 11313.266602
Validation accuracy: 0.934555
Test accuracy: 0.932074
Training loss: 193.561651

Epoch: 36
Validation loss: 10407.917969
Validation accuracy: 0.934764
Test accuracy: 0.932145
Validation loss: 10338.191406
Validation accuracy: 0.935114
Test accuracy: 0.930435
Validation loss: 11291.576172
Validation accuracy: 0.938820
Test accuracy: 0.934925
Validation loss: 11749.740234
Validation accuracy: 0.936792
Test accuracy: 0.933072
Validation loss: 11972.505859
Validation accuracy: 0.936652
Test accuracy: 0.933642
Validation loss: 10505.066406
Validation accuracy: 0.936862
Test accuracy: 0.932644
Training loss: 177.541602

Epoch: 37
Validation loss: 9454.677734
Validation accuracy: 0.938820
Test accuracy: 0.934783
Validation loss: 9254.979492
Validation accuracy: 0.937981
Test accuracy: 0.934284
Validation loss: 10025.439453
Validation accuracy: 0.937561
Test accuracy: 0.934284
Validation loss: 9879.972656
Validation accuracy: 0.935254
Test accuracy: 0.933713
Validation loss: 10252.547852
Validation accuracy: 0.936792
Test accuracy: 0.932359
Validation loss: 10810.517578
Validation accuracy: 0.939869
Test accuracy: 0.935210
Training loss: 164.744753

Epoch: 38
Validation loss: 11005.646484
Validation accuracy: 0.937351
Test accuracy: 0.932359
Validation loss: 11154.187500
Validation accuracy: 0.935673
Test accuracy: 0.932003
Validation loss: 11057.972656
Validation accuracy: 0.934485
Test accuracy: 0.930364
Validation loss: 11383.229492
Validation accuracy: 0.938121
Test accuracy: 0.936565
Validation loss: 12185.710938
Validation accuracy: 0.932807
Test accuracy: 0.933072
Validation loss: 12245.535156
Validation accuracy: 0.936023
Test accuracy: 0.935923
Training loss: 139.371116

Epoch: 39
Validation loss: 11500.262695
Validation accuracy: 0.936023
Test accuracy: 0.936137
Validation loss: 11558.224609
Validation accuracy: 0.935324
Test accuracy: 0.935852
Validation loss: 10775.780273
Validation accuracy: 0.937002
Test accuracy: 0.935139
Validation loss: 11504.553711
Validation accuracy: 0.937351
Test accuracy: 0.936066
Validation loss: 10396.800781
Validation accuracy: 0.936442
Test accuracy: 0.935068
Validation loss: 10259.258789
Validation accuracy: 0.936932
Test accuracy: 0.933927
Training loss: 183.255301

Epoch: 40
Validation loss: 10258.662109
Validation accuracy: 0.937981
Test accuracy: 0.935210
Validation loss: 11565.092773
Validation accuracy: 0.934485
Test accuracy: 0.931860
Validation loss: 11409.094727
Validation accuracy: 0.937631
Test accuracy: 0.935638
Validation loss: 11495.441406
Validation accuracy: 0.937421
Test accuracy: 0.933428
Validation loss: 11469.628906
Validation accuracy: 0.934834
Test accuracy: 0.933571
Validation loss: 11154.401367
Validation accuracy: 0.937981
Test accuracy: 0.937063
Training loss: 175.078425

Epoch: 41
Validation loss: 11306.982422
Validation accuracy: 0.936862
Test accuracy: 0.934284
Validation loss: 11133.656250
Validation accuracy: 0.935883
Test accuracy: 0.933856
Validation loss: 11739.588867
Validation accuracy: 0.935813
Test accuracy: 0.933357
Validation loss: 11886.401367
Validation accuracy: 0.937841
Test accuracy: 0.935852
Validation loss: 11034.227539
Validation accuracy: 0.936722
Test accuracy: 0.934284
Validation loss: 11270.849609
Validation accuracy: 0.939869
Test accuracy: 0.936351
Training loss: 179.960549

Epoch: 42
Validation loss: 11677.134766
Validation accuracy: 0.934974
Test accuracy: 0.933785
Validation loss: 11519.871094
Validation accuracy: 0.933925
Test accuracy: 0.931433
Validation loss: 11319.061523
Validation accuracy: 0.937491
Test accuracy: 0.934212
Validation loss: 11808.711914
Validation accuracy: 0.934974
Test accuracy: 0.934212
Validation loss: 11295.181641
Validation accuracy: 0.939449
Test accuracy: 0.935780
Validation loss: 11534.234375
Validation accuracy: 0.936722
Test accuracy: 0.934141
Training loss: 192.178546

Epoch: 43
Validation loss: 11158.014648
Validation accuracy: 0.937072
Test accuracy: 0.933713
Validation loss: 11197.488281
Validation accuracy: 0.935743
Test accuracy: 0.932502
Validation loss: 11387.818359
Validation accuracy: 0.936373
Test accuracy: 0.933856
Validation loss: 11428.095703
Validation accuracy: 0.938051
Test accuracy: 0.934070
Validation loss: 11377.528320
Validation accuracy: 0.938890
Test accuracy: 0.936137
Validation loss: 9549.310547
Validation accuracy: 0.939169
Test accuracy: 0.937206
Training loss: 168.688870

Epoch: 44
Validation loss: 9906.432617
Validation accuracy: 0.937281
Test accuracy: 0.934284
Validation loss: 10631.498047
Validation accuracy: 0.938540
Test accuracy: 0.934996
Validation loss: 10777.063477
Validation accuracy: 0.940708
Test accuracy: 0.936921
Validation loss: 10775.079102
Validation accuracy: 0.939589
Test accuracy: 0.935638
Validation loss: 10886.544922
Validation accuracy: 0.937911
Test accuracy: 0.934426
Validation loss: 9640.667969
Validation accuracy: 0.938540
Test accuracy: 0.936422
Training loss: 102.784855

Epoch: 45
Validation loss: 10355.250977
Validation accuracy: 0.937561
Test accuracy: 0.934141
Validation loss: 11047.732422
Validation accuracy: 0.938051
Test accuracy: 0.935139
Validation loss: 10592.536133
Validation accuracy: 0.940778
Test accuracy: 0.936066
Validation loss: 10554.930664
Validation accuracy: 0.940358
Test accuracy: 0.934141
Validation loss: 10423.091797
Validation accuracy: 0.940078
Test accuracy: 0.936279
Validation loss: 10036.534180
Validation accuracy: 0.939938
Test accuracy: 0.935139
Training loss: 137.937987

Epoch: 46
Validation loss: 8530.052734
Validation accuracy: 0.941057
Test accuracy: 0.936208
Validation loss: 9963.948242
Validation accuracy: 0.939309
Test accuracy: 0.933642
Validation loss: 10831.952148
Validation accuracy: 0.938540
Test accuracy: 0.935638
Validation loss: 12040.672852
Validation accuracy: 0.937841
Test accuracy: 0.933286
Validation loss: 10507.696289
Validation accuracy: 0.939309
Test accuracy: 0.934284
Validation loss: 10123.910156
Validation accuracy: 0.940638
Test accuracy: 0.934996
Training loss: 128.113995

Epoch: 47
Validation loss: 9878.221680
Validation accuracy: 0.938260
Test accuracy: 0.933713
Validation loss: 10310.742188
Validation accuracy: 0.940498
Test accuracy: 0.936778
Validation loss: 11560.646484
Validation accuracy: 0.935464
Test accuracy: 0.931504
Validation loss: 11714.720703
Validation accuracy: 0.933785
Test accuracy: 0.930007
Validation loss: 11174.606445
Validation accuracy: 0.936163
Test accuracy: 0.935282
Validation loss: 9996.577148
Validation accuracy: 0.937631
Test accuracy: 0.935994
Training loss: 160.453520

Epoch: 48
Validation loss: 10351.801758
Validation accuracy: 0.938330
Test accuracy: 0.936279
Validation loss: 10255.956055
Validation accuracy: 0.937072
Test accuracy: 0.935709
Validation loss: 10113.324219
Validation accuracy: 0.937351
Test accuracy: 0.934711
Validation loss: 9773.099609
Validation accuracy: 0.940917
Test accuracy: 0.938061
Validation loss: 10218.530273
Validation accuracy: 0.937701
Test accuracy: 0.933785
Validation loss: 10140.998047
Validation accuracy: 0.936163
Test accuracy: 0.933286
Training loss: 341.291578

Epoch: 49
Validation loss: 10395.974609
Validation accuracy: 0.940638
Test accuracy: 0.936778
Validation loss: 10445.972656
Validation accuracy: 0.938330
Test accuracy: 0.935780
Validation loss: 10358.906250
Validation accuracy: 0.938190
Test accuracy: 0.936850
Validation loss: 11072.141602
Validation accuracy: 0.936932
Test accuracy: 0.934711
Validation loss: 10508.201172
Validation accuracy: 0.935603
Test accuracy: 0.934141
Validation loss: 10064.546875
Validation accuracy: 0.938330
Test accuracy: 0.935495
Training loss: 122.155628

Epoch: 50
Validation loss: 10164.200195
Validation accuracy: 0.939030
Test accuracy: 0.936992
Validation loss: 10558.177734
Validation accuracy: 0.939239
Test accuracy: 0.936137
Validation loss: 10865.252930
Validation accuracy: 0.937911
Test accuracy: 0.935709
Validation loss: 10620.676758
Validation accuracy: 0.940008
Test accuracy: 0.937063
Validation loss: 9605.650391
Validation accuracy: 0.937981
Test accuracy: 0.935139
Validation loss: 10263.632812
Validation accuracy: 0.940148
Test accuracy: 0.937135
Training loss: 99.739392

Epoch: 51
Validation loss: 10360.260742
Validation accuracy: 0.939030
Test accuracy: 0.936921
Validation loss: 10208.878906
Validation accuracy: 0.940847
Test accuracy: 0.936921
Validation loss: 9758.031250
Validation accuracy: 0.939659
Test accuracy: 0.936636
Validation loss: 10764.760742
Validation accuracy: 0.936373
Test accuracy: 0.934996
Validation loss: 10008.804688
Validation accuracy: 0.937212
Test accuracy: 0.936351
Validation loss: 9934.743164
Validation accuracy: 0.938960
Test accuracy: 0.936422
Training loss: 132.071408

Epoch: 52
Validation loss: 10310.254883
Validation accuracy: 0.937351
Test accuracy: 0.933428
Validation loss: 9727.269531
Validation accuracy: 0.940218
Test accuracy: 0.937420
Validation loss: 11035.986328
Validation accuracy: 0.935953
Test accuracy: 0.934141
Validation loss: 10971.867188
Validation accuracy: 0.938540
Test accuracy: 0.936137
Validation loss: 10824.823242
Validation accuracy: 0.937561
Test accuracy: 0.934569
Validation loss: 9653.668945
Validation accuracy: 0.938330
Test accuracy: 0.935780
Training loss: 112.031942

Epoch: 53
Validation loss: 9961.084961
Validation accuracy: 0.939099
Test accuracy: 0.935923
Validation loss: 10681.124023
Validation accuracy: 0.938890
Test accuracy: 0.934854
Validation loss: 9982.609375
Validation accuracy: 0.934834
Test accuracy: 0.933143
Validation loss: 10183.196289
Validation accuracy: 0.939309
Test accuracy: 0.936422
Validation loss: 11507.370117
Validation accuracy: 0.939379
Test accuracy: 0.934783
Validation loss: 11258.940430
Validation accuracy: 0.937841
Test accuracy: 0.935495
Training loss: 113.467087

Epoch: 54
Validation loss: 10123.661133
Validation accuracy: 0.937561
Test accuracy: 0.935068
Validation loss: 10611.045898
Validation accuracy: 0.937002
Test accuracy: 0.934355
Validation loss: 10215.008789
Validation accuracy: 0.936932
Test accuracy: 0.933428
Validation loss: 10191.101562
Validation accuracy: 0.938540
Test accuracy: 0.935282
Validation loss: 10745.074219
Validation accuracy: 0.937421
Test accuracy: 0.934426
Validation loss: 10630.383789
Validation accuracy: 0.938680
Test accuracy: 0.934925
Training loss: 132.158483

Epoch: 55
Validation loss: 10718.382812
Validation accuracy: 0.938540
Test accuracy: 0.934783
Validation loss: 11157.218750
Validation accuracy: 0.938051
Test accuracy: 0.934212
Validation loss: 10611.289062
Validation accuracy: 0.939239
Test accuracy: 0.935780
Validation loss: 11044.499023
Validation accuracy: 0.937281
Test accuracy: 0.933785
Validation loss: 10953.787109
Validation accuracy: 0.936442
Test accuracy: 0.934925
Validation loss: 10862.505859
Validation accuracy: 0.939169
Test accuracy: 0.935210
Training loss: 126.630210

Epoch: 56
Validation loss: 10916.766602
Validation accuracy: 0.938680
Test accuracy: 0.935567
Validation loss: 10561.599609
Validation accuracy: 0.937212
Test accuracy: 0.934426
Validation loss: 11087.001953
Validation accuracy: 0.935394
Test accuracy: 0.933072
Validation loss: 10504.368164
Validation accuracy: 0.938190
Test accuracy: 0.934640
Validation loss: 10351.376953
Validation accuracy: 0.940708
Test accuracy: 0.936778
Validation loss: 11460.124023
Validation accuracy: 0.937701
Test accuracy: 0.934284
Training loss: 101.716806

Epoch: 57
Validation loss: 11923.898438
Validation accuracy: 0.937142
Test accuracy: 0.932716
Validation loss: 11478.109375
Validation accuracy: 0.935743
Test accuracy: 0.933286
Validation loss: 11548.496094
Validation accuracy: 0.934415
Test accuracy: 0.930720
Validation loss: 10567.282227
Validation accuracy: 0.937421
Test accuracy: 0.933001
Validation loss: 10771.596680
Validation accuracy: 0.938190
Test accuracy: 0.933571
Validation loss: 10266.985352
Validation accuracy: 0.938190
Test accuracy: 0.934711
Training loss: 113.929682

Epoch: 58
Validation loss: 9943.807617
Validation accuracy: 0.937701
Test accuracy: 0.934355
Validation loss: 10045.114258
Validation accuracy: 0.939938
Test accuracy: 0.934925
Validation loss: 9673.133789
Validation accuracy: 0.934694
Test accuracy: 0.933500
Validation loss: 10105.629883
Validation accuracy: 0.937491
Test accuracy: 0.934284
Validation loss: 10862.074219
Validation accuracy: 0.938051
Test accuracy: 0.934141
Validation loss: 10268.455078
Validation accuracy: 0.938470
Test accuracy: 0.933785
Training loss: 93.204884

Epoch: 59
Validation loss: 10587.400391
Validation accuracy: 0.937072
Test accuracy: 0.933143
Validation loss: 10622.962891
Validation accuracy: 0.937981
Test accuracy: 0.932858
Validation loss: 11099.373047
Validation accuracy: 0.940568
Test accuracy: 0.934996
Validation loss: 11864.126953
Validation accuracy: 0.938260
Test accuracy: 0.933713
Validation loss: 10879.744141
Validation accuracy: 0.938750
Test accuracy: 0.933999
Validation loss: 10519.832031
Validation accuracy: 0.936093
Test accuracy: 0.932929
Training loss: 115.811118

Epoch: 60
Validation loss: 10442.795898
Validation accuracy: 0.938960
Test accuracy: 0.934569
Validation loss: 10638.300781
Validation accuracy: 0.939519
Test accuracy: 0.934783
Validation loss: 10696.327148
Validation accuracy: 0.939449
Test accuracy: 0.934640
Validation loss: 11657.178711
Validation accuracy: 0.938890
Test accuracy: 0.933999
Validation loss: 11382.311523
Validation accuracy: 0.940078
Test accuracy: 0.934783
Validation loss: 10467.398438
Validation accuracy: 0.939589
Test accuracy: 0.934925
Training loss: 158.542562

Epoch: 61
Validation loss: 10402.501953
Validation accuracy: 0.941477
Test accuracy: 0.935139
Validation loss: 10484.883789
Validation accuracy: 0.940498
Test accuracy: 0.936422
Validation loss: 9554.167969
Validation accuracy: 0.940498
Test accuracy: 0.935495
Validation loss: 10210.320312
Validation accuracy: 0.937561
Test accuracy: 0.935424
Validation loss: 10561.228516
Validation accuracy: 0.940008
Test accuracy: 0.937135
Validation loss: 11015.100586
Validation accuracy: 0.939938
Test accuracy: 0.935068
Training loss: 129.449996

Epoch: 62
Validation loss: 10690.344727
Validation accuracy: 0.939309
Test accuracy: 0.934854
Validation loss: 10622.503906
Validation accuracy: 0.939169
Test accuracy: 0.935852
Validation loss: 10348.942383
Validation accuracy: 0.940778
Test accuracy: 0.936208
Validation loss: 10398.355469
Validation accuracy: 0.940288
Test accuracy: 0.935353
Validation loss: 9800.106445
Validation accuracy: 0.937212
Test accuracy: 0.934355
Validation loss: 9807.666992
Validation accuracy: 0.939309
Test accuracy: 0.934212
Training loss: 109.402966

Epoch: 63
Validation loss: 10665.241211
Validation accuracy: 0.936303
Test accuracy: 0.930862
Validation loss: 10196.907227
Validation accuracy: 0.938750
Test accuracy: 0.933642
Validation loss: 9850.488281
Validation accuracy: 0.938680
Test accuracy: 0.933642
Validation loss: 10468.550781
Validation accuracy: 0.936862
Test accuracy: 0.932003
Validation loss: 10557.104492
Validation accuracy: 0.937281
Test accuracy: 0.933999
Validation loss: 10452.860352
Validation accuracy: 0.939938
Test accuracy: 0.934070
Training loss: 123.940923

Epoch: 64
Validation loss: 11438.286133
Validation accuracy: 0.936862
Test accuracy: 0.932858
Validation loss: 11292.470703
Validation accuracy: 0.935184
Test accuracy: 0.932716
Validation loss: 11063.638672
Validation accuracy: 0.940288
Test accuracy: 0.935923
Validation loss: 10774.416016
Validation accuracy: 0.935953
Test accuracy: 0.934212
Validation loss: 10889.614258
Validation accuracy: 0.936792
Test accuracy: 0.933713
Validation loss: 11617.024414
Validation accuracy: 0.937212
Test accuracy: 0.934212
Training loss: 166.540551

Epoch: 65
Validation loss: 11378.732422
Validation accuracy: 0.937911
Test accuracy: 0.933785
Validation loss: 10975.339844
Validation accuracy: 0.937281
Test accuracy: 0.933927
Validation loss: 10797.818359
Validation accuracy: 0.939030
Test accuracy: 0.934640
Validation loss: 10397.463867
Validation accuracy: 0.941407
Test accuracy: 0.936137
Validation loss: 11202.579102
Validation accuracy: 0.939519
Test accuracy: 0.934996
Validation loss: 11488.971680
Validation accuracy: 0.937491
Test accuracy: 0.933072
Training loss: 130.639901

Epoch: 66
Validation loss: 9960.816406
Validation accuracy: 0.937212
Test accuracy: 0.933571
Validation loss: 10022.685547
Validation accuracy: 0.939239
Test accuracy: 0.934569
Validation loss: 10146.384766
Validation accuracy: 0.938750
Test accuracy: 0.935638
Validation loss: 11017.327148
Validation accuracy: 0.937911
Test accuracy: 0.935282
Validation loss: 9669.651367
Validation accuracy: 0.938890
Test accuracy: 0.935994
Validation loss: 10015.291016
Validation accuracy: 0.939379
Test accuracy: 0.937420
Training loss: 153.553026

Epoch: 67
Validation loss: 10321.431641
Validation accuracy: 0.939239
Test accuracy: 0.935780
Validation loss: 10312.585938
Validation accuracy: 0.938610
Test accuracy: 0.934854
Validation loss: 10970.927734
Validation accuracy: 0.938820
Test accuracy: 0.935567
Validation loss: 10541.186523
Validation accuracy: 0.941057
Test accuracy: 0.936921
Validation loss: 10124.068359
Validation accuracy: 0.940638
Test accuracy: 0.936636
Validation loss: 9921.580078
Validation accuracy: 0.941337
Test accuracy: 0.936351
Training loss: 90.781240

Epoch: 68
Validation loss: 9000.929688
Validation accuracy: 0.938470
Test accuracy: 0.934212
Validation loss: 10021.263672
Validation accuracy: 0.940498
Test accuracy: 0.936279
Validation loss: 10006.057617
Validation accuracy: 0.940847
Test accuracy: 0.935709
Validation loss: 9589.513672
Validation accuracy: 0.941197
Test accuracy: 0.936208
Validation loss: 10157.535156
Validation accuracy: 0.942036
Test accuracy: 0.936778
Validation loss: 9486.633789
Validation accuracy: 0.940218
Test accuracy: 0.935923
Training loss: 78.694660

Epoch: 69
Validation loss: 10655.880859
Validation accuracy: 0.938400
Test accuracy: 0.934498
Validation loss: 10655.250977
Validation accuracy: 0.938820
Test accuracy: 0.934212
Validation loss: 11029.088867
Validation accuracy: 0.940358
Test accuracy: 0.935567
Validation loss: 10771.985352
Validation accuracy: 0.940008
Test accuracy: 0.934783
Validation loss: 11565.050781
Validation accuracy: 0.941407
Test accuracy: 0.935424
Validation loss: 10798.868164
Validation accuracy: 0.940568
Test accuracy: 0.935709
Training loss: 61.609521

Epoch: 70
Validation loss: 9551.504883
Validation accuracy: 0.940288
Test accuracy: 0.935210
Validation loss: 9731.125977
Validation accuracy: 0.939589
Test accuracy: 0.935210
Validation loss: 10073.958984
Validation accuracy: 0.940008
Test accuracy: 0.934854
Validation loss: 10261.588867
Validation accuracy: 0.940288
Test accuracy: 0.935139
Validation loss: 10163.679688
Validation accuracy: 0.940638
Test accuracy: 0.935353
Validation loss: 10247.454102
Validation accuracy: 0.940008
Test accuracy: 0.935353
Training loss: 82.603603

Epoch: 71
Validation loss: 10302.754883
Validation accuracy: 0.941966
Test accuracy: 0.935923
Validation loss: 10697.221680
Validation accuracy: 0.941057
Test accuracy: 0.936066
Validation loss: 10926.065430
Validation accuracy: 0.939589
Test accuracy: 0.935495
Validation loss: 11312.339844
Validation accuracy: 0.940078
Test accuracy: 0.935424
Validation loss: 10473.274414
Validation accuracy: 0.937701
Test accuracy: 0.933927
Validation loss: 9657.750977
Validation accuracy: 0.939589
Test accuracy: 0.934284
Training loss: 92.035776

Epoch: 72
Validation loss: 9069.061523
Validation accuracy: 0.940638
Test accuracy: 0.934711
Validation loss: 10418.820312
Validation accuracy: 0.937911
Test accuracy: 0.934426
Validation loss: 10651.182617
Validation accuracy: 0.941477
Test accuracy: 0.935638
Validation loss: 10929.278320
Validation accuracy: 0.941686
Test accuracy: 0.936066
Validation loss: 10330.260742
Validation accuracy: 0.937841
Test accuracy: 0.934498
Validation loss: 9424.300781
Validation accuracy: 0.939519
Test accuracy: 0.936066
Training loss: 80.315638

Epoch: 73
Validation loss: 9942.448242
Validation accuracy: 0.940778
Test accuracy: 0.937776
Validation loss: 10189.336914
Validation accuracy: 0.940987
Test accuracy: 0.937919
Validation loss: 10485.799805
Validation accuracy: 0.940148
Test accuracy: 0.937135
Validation loss: 10645.170898
Validation accuracy: 0.940708
Test accuracy: 0.938845
Validation loss: 10428.612305
Validation accuracy: 0.940008
Test accuracy: 0.937420
Validation loss: 9654.305664
Validation accuracy: 0.941896
Test accuracy: 0.937349
Training loss: 98.307508

Epoch: 74
Validation loss: 9463.403320
Validation accuracy: 0.940008
Test accuracy: 0.937349
Validation loss: 8973.135742
Validation accuracy: 0.938610
Test accuracy: 0.935852
Validation loss: 9978.124023
Validation accuracy: 0.940847
Test accuracy: 0.937705
Validation loss: 10760.369141
Validation accuracy: 0.940708
Test accuracy: 0.937135
Validation loss: 10953.070312
Validation accuracy: 0.940847
Test accuracy: 0.936636
Validation loss: 10914.043945
Validation accuracy: 0.939729
Test accuracy: 0.937135
Training loss: 68.814511

Epoch: 75
Validation loss: 9676.262695
Validation accuracy: 0.939239
Test accuracy: 0.935994
Validation loss: 11654.835938
Validation accuracy: 0.937841
Test accuracy: 0.934854
Validation loss: 10011.512695
Validation accuracy: 0.939099
Test accuracy: 0.937277
Validation loss: 9704.893555
Validation accuracy: 0.939309
Test accuracy: 0.936422
Validation loss: 8851.763672
Validation accuracy: 0.937002
Test accuracy: 0.935495
Validation loss: 9941.983398
Validation accuracy: 0.937351
Test accuracy: 0.935139
Training loss: 88.773091

Epoch: 76
Validation loss: 9952.278320
Validation accuracy: 0.939309
Test accuracy: 0.935353
Validation loss: 10901.742188
Validation accuracy: 0.936303
Test accuracy: 0.934925
Validation loss: 10607.263672
Validation accuracy: 0.939309
Test accuracy: 0.934996
Validation loss: 11004.832031
Validation accuracy: 0.937911
Test accuracy: 0.935210
Validation loss: 9833.293945
Validation accuracy: 0.938051
Test accuracy: 0.934070
Validation loss: 10441.722656
Validation accuracy: 0.936442
Test accuracy: 0.933428
Training loss: 70.265625

Epoch: 77
Validation loss: 8724.067383
Validation accuracy: 0.940917
Test accuracy: 0.936066
Validation loss: 9711.731445
Validation accuracy: 0.939099
Test accuracy: 0.934212
Validation loss: 10689.193359
Validation accuracy: 0.939379
Test accuracy: 0.935495
Validation loss: 10753.846680
Validation accuracy: 0.935813
Test accuracy: 0.934783
Validation loss: 10130.847656
Validation accuracy: 0.936163
Test accuracy: 0.933785
Validation loss: 9732.148438
Validation accuracy: 0.937841
Test accuracy: 0.934854
Training loss: 57.255785

Epoch: 78
Validation loss: 9351.232422
Validation accuracy: 0.939519
Test accuracy: 0.935353
Validation loss: 11018.929688
Validation accuracy: 0.941547
Test accuracy: 0.936636
Validation loss: 11337.479492
Validation accuracy: 0.939729
Test accuracy: 0.934854
Validation loss: 10434.674805
Validation accuracy: 0.940498
Test accuracy: 0.935780
Validation loss: 9428.299805
Validation accuracy: 0.941966
Test accuracy: 0.936850
Validation loss: 10055.438477
Validation accuracy: 0.937561
Test accuracy: 0.935210
Training loss: 62.848073

Epoch: 79
Validation loss: 10410.204102
Validation accuracy: 0.939030
Test accuracy: 0.935068
Validation loss: 11162.724609
Validation accuracy: 0.938960
Test accuracy: 0.935495
Validation loss: 11889.150391
Validation accuracy: 0.937911
Test accuracy: 0.934640
Validation loss: 11395.966797
Validation accuracy: 0.938680
Test accuracy: 0.935282
Validation loss: 10181.678711
Validation accuracy: 0.937072
Test accuracy: 0.933500
Validation loss: 9142.979492
Validation accuracy: 0.936652
Test accuracy: 0.932929
Training loss: 80.298321

Epoch: 80
Validation loss: 10019.821289
Validation accuracy: 0.933716
Test accuracy: 0.930577
Validation loss: 10363.417969
Validation accuracy: 0.937212
Test accuracy: 0.935210
Validation loss: 10018.530273
Validation accuracy: 0.939869
Test accuracy: 0.936992
Validation loss: 10037.931641
Validation accuracy: 0.937771
Test accuracy: 0.934284
Validation loss: 10298.935547
Validation accuracy: 0.939169
Test accuracy: 0.933999
Validation loss: 10677.050781
Validation accuracy: 0.938121
Test accuracy: 0.933927
Training loss: 128.638426

Epoch: 81
Validation loss: 10294.753906
Validation accuracy: 0.939589
Test accuracy: 0.936992
Validation loss: 11231.000000
Validation accuracy: 0.938190
Test accuracy: 0.935210
Validation loss: 10908.844727
Validation accuracy: 0.936792
Test accuracy: 0.933856
Validation loss: 8824.938477
Validation accuracy: 0.938610
Test accuracy: 0.935638
Validation loss: 8835.242188
Validation accuracy: 0.938260
Test accuracy: 0.935495
Validation loss: 10041.581055
Validation accuracy: 0.936792
Test accuracy: 0.934498
Training loss: 148.435009

Epoch: 82
Validation loss: 10374.088867
Validation accuracy: 0.939239
Test accuracy: 0.935282
Validation loss: 10437.829102
Validation accuracy: 0.940638
Test accuracy: 0.935638
Validation loss: 10374.214844
Validation accuracy: 0.937771
Test accuracy: 0.934141
Validation loss: 10981.674805
Validation accuracy: 0.940218
Test accuracy: 0.935994
Validation loss: 10075.405273
Validation accuracy: 0.935533
Test accuracy: 0.932787
Validation loss: 9814.323242
Validation accuracy: 0.939799
Test accuracy: 0.935567
Training loss: 125.150900

Epoch: 83
Validation loss: 10094.763672
Validation accuracy: 0.937911
Test accuracy: 0.935210
Validation loss: 10892.088867
Validation accuracy: 0.937841
Test accuracy: 0.936636
Validation loss: 11216.839844
Validation accuracy: 0.937491
Test accuracy: 0.935353
Validation loss: 11228.777344
Validation accuracy: 0.936023
Test accuracy: 0.934355
Validation loss: 10246.608398
Validation accuracy: 0.937421
Test accuracy: 0.933856
Validation loss: 10726.944336
Validation accuracy: 0.938890
Test accuracy: 0.935852
Training loss: 153.578674

Epoch: 84
Validation loss: 9777.097656
Validation accuracy: 0.936792
Test accuracy: 0.932573
Validation loss: 10450.583008
Validation accuracy: 0.939449
Test accuracy: 0.934426
Validation loss: 10419.697266
Validation accuracy: 0.939729
Test accuracy: 0.934212
Validation loss: 9819.371094
Validation accuracy: 0.938121
Test accuracy: 0.934996
Validation loss: 9957.898438
Validation accuracy: 0.938750
Test accuracy: 0.934426
Validation loss: 10513.091797
Validation accuracy: 0.939239
Test accuracy: 0.934783
Training loss: 93.574879

Epoch: 85
Validation loss: 10682.252930
Validation accuracy: 0.939729
Test accuracy: 0.935994
Validation loss: 10734.439453
Validation accuracy: 0.938260
Test accuracy: 0.933713
Validation loss: 10264.838867
Validation accuracy: 0.938680
Test accuracy: 0.933927
Validation loss: 8543.312500
Validation accuracy: 0.939099
Test accuracy: 0.935638
Validation loss: 9391.274414
Validation accuracy: 0.939729
Test accuracy: 0.936137
Validation loss: 9527.408203
Validation accuracy: 0.937421
Test accuracy: 0.933785
Training loss: 109.963592

Epoch: 86
Validation loss: 9102.704102
Validation accuracy: 0.937771
Test accuracy: 0.934212
Validation loss: 9890.240234
Validation accuracy: 0.939729
Test accuracy: 0.934498
Validation loss: 10247.380859
Validation accuracy: 0.940498
Test accuracy: 0.934996
Validation loss: 10621.581055
Validation accuracy: 0.940778
Test accuracy: 0.935567
Validation loss: 10868.336914
Validation accuracy: 0.940078
Test accuracy: 0.935567
Validation loss: 11303.435547
Validation accuracy: 0.939869
Test accuracy: 0.936279
Training loss: 70.157617

Epoch: 87
Validation loss: 11757.584961
Validation accuracy: 0.939099
Test accuracy: 0.933999
Validation loss: 10064.269531
Validation accuracy: 0.938121
Test accuracy: 0.933927
Validation loss: 9689.338867
Validation accuracy: 0.937491
Test accuracy: 0.933215
Validation loss: 9443.901367
Validation accuracy: 0.938470
Test accuracy: 0.933357
Validation loss: 10482.922852
Validation accuracy: 0.938470
Test accuracy: 0.934070
Validation loss: 10885.113281
Validation accuracy: 0.938260
Test accuracy: 0.933286
Training loss: 74.205616

Epoch: 88
Validation loss: 11060.277344
Validation accuracy: 0.938330
Test accuracy: 0.933571
Validation loss: 11236.929688
Validation accuracy: 0.938890
Test accuracy: 0.935139
Validation loss: 10845.011719
Validation accuracy: 0.941127
Test accuracy: 0.937277
Validation loss: 9122.938477
Validation accuracy: 0.938540
Test accuracy: 0.932787
Validation loss: 9412.302734
Validation accuracy: 0.939449
Test accuracy: 0.933571
Validation loss: 9992.678711
Validation accuracy: 0.939099
Test accuracy: 0.935139
Training loss: 66.293594

Epoch: 89
Validation loss: 9984.099609
Validation accuracy: 0.937841
Test accuracy: 0.933927
Validation loss: 10135.582031
Validation accuracy: 0.935603
Test accuracy: 0.933428
Validation loss: 9979.349609
Validation accuracy: 0.934834
Test accuracy: 0.933143
Validation loss: 10995.562500
Validation accuracy: 0.935743
Test accuracy: 0.933927
Validation loss: 11295.352539
Validation accuracy: 0.934555
Test accuracy: 0.932787
Validation loss: 10534.087891
Validation accuracy: 0.937002
Test accuracy: 0.933999
Training loss: 87.306352

Epoch: 90
Validation loss: 9927.527344
Validation accuracy: 0.937841
Test accuracy: 0.934498
Validation loss: 9802.572266
Validation accuracy: 0.937771
Test accuracy: 0.935709
Validation loss: 10407.839844
Validation accuracy: 0.937771
Test accuracy: 0.935638
Validation loss: 10555.676758
Validation accuracy: 0.937701
Test accuracy: 0.935068
Validation loss: 10300.248047
Validation accuracy: 0.935813
Test accuracy: 0.934711
Validation loss: 9730.658203
Validation accuracy: 0.936512
Test accuracy: 0.934925
Training loss: 57.641843

Epoch: 91
Validation loss: 9517.770508
Validation accuracy: 0.936233
Test accuracy: 0.935282
Validation loss: 9881.203125
Validation accuracy: 0.937351
Test accuracy: 0.935424
Validation loss: 10158.418945
Validation accuracy: 0.936932
Test accuracy: 0.936137
Validation loss: 10554.589844
Validation accuracy: 0.936582
Test accuracy: 0.935994
Validation loss: 9963.020508
Validation accuracy: 0.937981
Test accuracy: 0.936137
Validation loss: 9966.834961
Validation accuracy: 0.935603
Test accuracy: 0.934284
Training loss: 70.340973

Epoch: 92
Validation loss: 9270.880859
Validation accuracy: 0.936862
Test accuracy: 0.934498
Validation loss: 9998.386719
Validation accuracy: 0.938680
Test accuracy: 0.937063
Validation loss: 10615.097656
Validation accuracy: 0.939449
Test accuracy: 0.936279
Validation loss: 10985.346680
Validation accuracy: 0.937701
Test accuracy: 0.934996
Validation loss: 10149.076172
Validation accuracy: 0.939659
Test accuracy: 0.936850
Validation loss: 10133.488281
Validation accuracy: 0.939729
Test accuracy: 0.936778
Training loss: 69.822821

Epoch: 93
Validation loss: 9929.355469
Validation accuracy: 0.938051
Test accuracy: 0.936422
Validation loss: 9844.180664
Validation accuracy: 0.938750
Test accuracy: 0.936493
Validation loss: 9841.921875
Validation accuracy: 0.937421
Test accuracy: 0.933927
Validation loss: 9892.891602
Validation accuracy: 0.938260
Test accuracy: 0.934355
Validation loss: 9998.075195
Validation accuracy: 0.938051
Test accuracy: 0.932644
Validation loss: 10428.348633
Validation accuracy: 0.938190
Test accuracy: 0.935495
Training loss: 96.423709

Epoch: 94
Validation loss: 10344.855469
Validation accuracy: 0.937421
Test accuracy: 0.935282
Validation loss: 10370.896484
Validation accuracy: 0.940847
Test accuracy: 0.937847
Validation loss: 10025.137695
Validation accuracy: 0.940987
Test accuracy: 0.937776
Validation loss: 10908.771484
Validation accuracy: 0.938820
Test accuracy: 0.935139
Validation loss: 10727.171875
Validation accuracy: 0.941127
Test accuracy: 0.935567
Validation loss: 9683.954102
Validation accuracy: 0.939799
Test accuracy: 0.934711
Training loss: 122.524364

Epoch: 95
Validation loss: 9792.807617
Validation accuracy: 0.937981
Test accuracy: 0.933428
Validation loss: 10121.546875
Validation accuracy: 0.939239
Test accuracy: 0.935495
Validation loss: 10224.940430
Validation accuracy: 0.939239
Test accuracy: 0.934070
Validation loss: 10372.762695
Validation accuracy: 0.939589
Test accuracy: 0.933856
Validation loss: 10066.048828
Validation accuracy: 0.939030
Test accuracy: 0.936066
Validation loss: 10383.768555
Validation accuracy: 0.938330
Test accuracy: 0.934783
Training loss: 94.253826

Epoch: 96
Validation loss: 9803.779297
Validation accuracy: 0.940428
Test accuracy: 0.934640
Validation loss: 10156.320312
Validation accuracy: 0.938890
Test accuracy: 0.933856
Validation loss: 10063.138672
Validation accuracy: 0.938330
Test accuracy: 0.933571
Validation loss: 10805.746094
Validation accuracy: 0.938750
Test accuracy: 0.934925
Validation loss: 10484.764648
Validation accuracy: 0.938680
Test accuracy: 0.933286
Validation loss: 10476.308594
Validation accuracy: 0.937981
Test accuracy: 0.933143
Training loss: 76.141372

Epoch: 97
Validation loss: 10244.526367
Validation accuracy: 0.938610
Test accuracy: 0.933642
Validation loss: 10699.069336
Validation accuracy: 0.937561
Test accuracy: 0.934640
Validation loss: 10832.997070
Validation accuracy: 0.937631
Test accuracy: 0.933500
Validation loss: 11152.404297
Validation accuracy: 0.937981
Test accuracy: 0.933713
Validation loss: 11285.992188
Validation accuracy: 0.938400
Test accuracy: 0.934569
Validation loss: 10282.018555
Validation accuracy: 0.938680
Test accuracy: 0.934426
Training loss: 76.983179

Epoch: 98
Validation loss: 9793.379883
Validation accuracy: 0.937981
Test accuracy: 0.934212
Validation loss: 10703.074219
Validation accuracy: 0.937841
Test accuracy: 0.933856
Validation loss: 10196.627930
Validation accuracy: 0.939659
Test accuracy: 0.935139
Validation loss: 10124.640625
Validation accuracy: 0.940428
Test accuracy: 0.935282
Validation loss: 10373.462891
Validation accuracy: 0.939869
Test accuracy: 0.936351
Validation loss: 10812.890625
Validation accuracy: 0.939938
Test accuracy: 0.935780
Training loss: 58.331220

Epoch: 99
Validation loss: 10804.963867
Validation accuracy: 0.939449
Test accuracy: 0.934854
Validation loss: 10850.480469
Validation accuracy: 0.939309
Test accuracy: 0.934783
Validation loss: 10727.748047
Validation accuracy: 0.942735
Test accuracy: 0.936992
Validation loss: 10877.189453
Validation accuracy: 0.940847
Test accuracy: 0.936351
Validation loss: 9210.644531
Validation accuracy: 0.940708
Test accuracy: 0.936707
Validation loss: 9570.042969
Validation accuracy: 0.940008
Test accuracy: 0.936137
Training loss: 67.173027

Epoch: 100
Validation loss: 9229.970703
Validation accuracy: 0.939239
Test accuracy: 0.936279
Validation loss: 9902.617188
Validation accuracy: 0.939379
Test accuracy: 0.936137
Validation loss: 10170.710938
Validation accuracy: 0.939729
Test accuracy: 0.935282
Validation loss: 9287.463867
Validation accuracy: 0.939869
Test accuracy: 0.936422
Validation loss: 9540.440430
Validation accuracy: 0.938820
Test accuracy: 0.935852
Validation loss: 9981.194336
Validation accuracy: 0.937771
Test accuracy: 0.933927
Training loss: 57.031044

Epoch: 101
Validation loss: 10154.092773
Validation accuracy: 0.936303
Test accuracy: 0.932288
Validation loss: 9911.520508
Validation accuracy: 0.936792
Test accuracy: 0.932074
Validation loss: 9957.584961
Validation accuracy: 0.939449
Test accuracy: 0.936351
Validation loss: 9513.961914
Validation accuracy: 0.938400
Test accuracy: 0.934996
Validation loss: 10174.251953
Validation accuracy: 0.938890
Test accuracy: 0.934355
Validation loss: 9851.504883
Validation accuracy: 0.941057
Test accuracy: 0.936351
Training loss: 83.102085

Epoch: 102
Validation loss: 10259.476562
Validation accuracy: 0.939519
Test accuracy: 0.935139
Validation loss: 10424.697266
Validation accuracy: 0.939099
Test accuracy: 0.933500
Validation loss: 10561.102539
Validation accuracy: 0.936163
Test accuracy: 0.931290
Validation loss: 10131.917969
Validation accuracy: 0.937421
Test accuracy: 0.933072
Validation loss: 11065.286133
Validation accuracy: 0.936792
Test accuracy: 0.933286
Validation loss: 9629.761719
Validation accuracy: 0.938820
Test accuracy: 0.934711
Training loss: 120.221848

Epoch: 103
Validation loss: 9522.708008
Validation accuracy: 0.938190
Test accuracy: 0.933785
Validation loss: 9282.335938
Validation accuracy: 0.937281
Test accuracy: 0.933072
Validation loss: 10191.605469
Validation accuracy: 0.938540
Test accuracy: 0.933571
Validation loss: 10254.284180
Validation accuracy: 0.938750
Test accuracy: 0.934498
Validation loss: 10388.625000
Validation accuracy: 0.938820
Test accuracy: 0.934355
Validation loss: 9994.689453
Validation accuracy: 0.938470
Test accuracy: 0.934569
Training loss: 96.669773

Epoch: 104
Validation loss: 9988.055664
Validation accuracy: 0.937911
Test accuracy: 0.933286
Validation loss: 9774.454102
Validation accuracy: 0.938610
Test accuracy: 0.934569
Validation loss: 10411.270508
Validation accuracy: 0.939169
Test accuracy: 0.934355
Validation loss: 10236.088867
Validation accuracy: 0.938610
Test accuracy: 0.935282
Validation loss: 10433.376953
Validation accuracy: 0.939799
Test accuracy: 0.934640
Validation loss: 9925.385742
Validation accuracy: 0.937911
Test accuracy: 0.933428
Training loss: 105.556690

Epoch: 105
Validation loss: 9407.697266
Validation accuracy: 0.939519
Test accuracy: 0.935068
Validation loss: 10039.312500
Validation accuracy: 0.936163
Test accuracy: 0.932858
Validation loss: 10925.168945
Validation accuracy: 0.937072
Test accuracy: 0.933072
Validation loss: 10725.982422
Validation accuracy: 0.937981
Test accuracy: 0.934426
Validation loss: 10117.714844
Validation accuracy: 0.937561
Test accuracy: 0.933428
Validation loss: 10788.074219
Validation accuracy: 0.934764
Test accuracy: 0.932145
Training loss: 99.545759

Epoch: 106
Validation loss: 10266.741211
Validation accuracy: 0.935324
Test accuracy: 0.933357
Validation loss: 9633.684570
Validation accuracy: 0.936373
Test accuracy: 0.934498
Validation loss: 9749.113281
Validation accuracy: 0.939239
Test accuracy: 0.936850
Validation loss: 8841.109375
Validation accuracy: 0.936442
Test accuracy: 0.933001
Validation loss: 9024.557617
Validation accuracy: 0.939938
Test accuracy: 0.935923
Validation loss: 9400.873047
Validation accuracy: 0.938540
Test accuracy: 0.933428
Training loss: 69.147324

Epoch: 107
Validation loss: 10228.104492
Validation accuracy: 0.937841
Test accuracy: 0.934212
Validation loss: 10432.604492
Validation accuracy: 0.938750
Test accuracy: 0.935709
Validation loss: 10285.630859
Validation accuracy: 0.938330
Test accuracy: 0.936279
Validation loss: 9810.455078
Validation accuracy: 0.938890
Test accuracy: 0.935139
Validation loss: 9533.056641
Validation accuracy: 0.938610
Test accuracy: 0.934783
Validation loss: 9742.050781
Validation accuracy: 0.938890
Test accuracy: 0.935424
Training loss: 70.080794

Epoch: 108
Validation loss: 9468.489258
Validation accuracy: 0.937911
Test accuracy: 0.934284
Validation loss: 8621.028320
Validation accuracy: 0.938680
Test accuracy: 0.933999
Validation loss: 9482.028320
Validation accuracy: 0.937841
Test accuracy: 0.934783
Validation loss: 10296.224609
Validation accuracy: 0.939309
Test accuracy: 0.936493
Validation loss: 10558.369141
Validation accuracy: 0.939169
Test accuracy: 0.935994
Validation loss: 9676.202148
Validation accuracy: 0.939169
Test accuracy: 0.935068
Training loss: 79.818160

Epoch: 109
Validation loss: 9510.564453
Validation accuracy: 0.940498
Test accuracy: 0.935210
Validation loss: 9551.949219
Validation accuracy: 0.940568
Test accuracy: 0.935923
Validation loss: 9731.772461
Validation accuracy: 0.941477
Test accuracy: 0.936778
Validation loss: 10218.322266
Validation accuracy: 0.939869
Test accuracy: 0.935709
Validation loss: 10904.045898
Validation accuracy: 0.937491
Test accuracy: 0.934070
Validation loss: 9593.625977
Validation accuracy: 0.938750
Test accuracy: 0.933143
Training loss: 69.481551

Epoch: 110
Validation loss: 9071.583008
Validation accuracy: 0.938960
Test accuracy: 0.933357
Validation loss: 8698.945312
Validation accuracy: 0.939239
Test accuracy: 0.934355
Validation loss: 9577.772461
Validation accuracy: 0.938960
Test accuracy: 0.934355
Validation loss: 9664.668945
Validation accuracy: 0.938820
Test accuracy: 0.934070
Validation loss: 9887.431641
Validation accuracy: 0.940078
Test accuracy: 0.934640
Validation loss: 9233.763672
Validation accuracy: 0.940148
Test accuracy: 0.935068
Training loss: 49.336856

Epoch: 111
Validation loss: 9550.378906
Validation accuracy: 0.939729
Test accuracy: 0.935994
Validation loss: 9771.886719
Validation accuracy: 0.939659
Test accuracy: 0.935780
Validation loss: 9770.349609
Validation accuracy: 0.939729
Test accuracy: 0.935852
Validation loss: 10098.491211
Validation accuracy: 0.938960
Test accuracy: 0.935424
Validation loss: 10070.916992
Validation accuracy: 0.939589
Test accuracy: 0.935068
Validation loss: 8978.600586
Validation accuracy: 0.939449
Test accuracy: 0.934783
Training loss: 46.576789

Epoch: 112
Validation loss: 9037.961914
Validation accuracy: 0.938820
Test accuracy: 0.934996
Validation loss: 9763.430664
Validation accuracy: 0.938680
Test accuracy: 0.934925
Validation loss: 10080.119141
Validation accuracy: 0.938051
Test accuracy: 0.933927
Validation loss: 9438.542969
Validation accuracy: 0.938260
Test accuracy: 0.934640
Validation loss: 9916.125977
Validation accuracy: 0.939309
Test accuracy: 0.935068
Validation loss: 8827.380859
Validation accuracy: 0.938750
Test accuracy: 0.935994
Training loss: 49.155658

Epoch: 113
Validation loss: 9095.697266
Validation accuracy: 0.938960
Test accuracy: 0.936208
Validation loss: 9587.703125
Validation accuracy: 0.938680
Test accuracy: 0.935424
Validation loss: 9551.467773
Validation accuracy: 0.939099
Test accuracy: 0.935139
Validation loss: 10125.191406
Validation accuracy: 0.938680
Test accuracy: 0.934355
Validation loss: 8607.732422
Validation accuracy: 0.939379
Test accuracy: 0.935068
Validation loss: 8728.798828
Validation accuracy: 0.940778
Test accuracy: 0.935780
Training loss: 45.865788

Epoch: 114
Validation loss: 9574.891602
Validation accuracy: 0.940428
Test accuracy: 0.936137
Validation loss: 10028.208008
Validation accuracy: 0.940008
Test accuracy: 0.935638
Validation loss: 10174.576172
Validation accuracy: 0.939099
Test accuracy: 0.934925
Validation loss: 9067.249023
Validation accuracy: 0.939659
Test accuracy: 0.935068
Validation loss: 10030.262695
Validation accuracy: 0.938890
Test accuracy: 0.933856
Validation loss: 10314.473633
Validation accuracy: 0.939309
Test accuracy: 0.934070
Training loss: 94.782822

Epoch: 115
Validation loss: 10225.348633
Validation accuracy: 0.939659
Test accuracy: 0.935780
Validation loss: 9870.770508
Validation accuracy: 0.940078
Test accuracy: 0.934212
Validation loss: 9882.087891
Validation accuracy: 0.941197
Test accuracy: 0.935780
Validation loss: 10365.631836
Validation accuracy: 0.940148
Test accuracy: 0.934925
Validation loss: 10680.071289
Validation accuracy: 0.940078
Test accuracy: 0.935994
Validation loss: 10584.109375
Validation accuracy: 0.941966
Test accuracy: 0.935994
Training loss: 70.673245

Epoch: 116
Validation loss: 10674.315430
Validation accuracy: 0.941966
Test accuracy: 0.936422
Validation loss: 10248.296875
Validation accuracy: 0.941407
Test accuracy: 0.935780
Validation loss: 9267.186523
Validation accuracy: 0.940078
Test accuracy: 0.933999
Validation loss: 9572.321289
Validation accuracy: 0.941197
Test accuracy: 0.934569
Validation loss: 10289.005859
Validation accuracy: 0.938820
Test accuracy: 0.933642
Validation loss: 9633.749023
Validation accuracy: 0.940218
Test accuracy: 0.934996
Training loss: 80.596166

Epoch: 117
Validation loss: 9231.140625
Validation accuracy: 0.940288
Test accuracy: 0.934284
Validation loss: 10796.237305
Validation accuracy: 0.938260
Test accuracy: 0.933642
Validation loss: 9674.524414
Validation accuracy: 0.938890
Test accuracy: 0.933856
Validation loss: 9085.676758
Validation accuracy: 0.941826
Test accuracy: 0.935709
Validation loss: 8903.107422
Validation accuracy: 0.941896
Test accuracy: 0.934711
Validation loss: 9534.135742
Validation accuracy: 0.939869
Test accuracy: 0.933713
Training loss: 72.441776

Epoch: 118
Validation loss: 9810.902344
Validation accuracy: 0.941477
Test accuracy: 0.935994
Validation loss: 10865.236328
Validation accuracy: 0.942176
Test accuracy: 0.936066
Validation loss: 10045.737305
Validation accuracy: 0.942595
Test accuracy: 0.936921
Validation loss: 9754.775391
Validation accuracy: 0.940778
Test accuracy: 0.936279
Validation loss: 9446.313477
Validation accuracy: 0.938680
Test accuracy: 0.933856
Validation loss: 10299.435547
Validation accuracy: 0.939938
Test accuracy: 0.933500
Training loss: 95.743214

Epoch: 119
Validation loss: 11267.376953
Validation accuracy: 0.937841
Test accuracy: 0.932217
Validation loss: 10563.571289
Validation accuracy: 0.940568
Test accuracy: 0.934141
Validation loss: 10620.729492
Validation accuracy: 0.938890
Test accuracy: 0.934925
Validation loss: 10337.586914
Validation accuracy: 0.939449
Test accuracy: 0.933999
Validation loss: 10003.073242
Validation accuracy: 0.942875
Test accuracy: 0.936493
Validation loss: 9669.088867
Validation accuracy: 0.938260
Test accuracy: 0.933642
Training loss: 151.228956

Epoch: 120
Validation loss: 8889.360352
Validation accuracy: 0.938750
Test accuracy: 0.933927
Validation loss: 9959.014648
Validation accuracy: 0.940987
Test accuracy: 0.936208
Validation loss: 10277.421875
Validation accuracy: 0.941826
Test accuracy: 0.936850
Validation loss: 8985.195312
Validation accuracy: 0.940778
Test accuracy: 0.935923
Validation loss: 9462.625977
Validation accuracy: 0.940288
Test accuracy: 0.935068
Validation loss: 9612.389648
Validation accuracy: 0.937911
Test accuracy: 0.932573
Training loss: 152.820165

Epoch: 121
Validation loss: 9753.736328
Validation accuracy: 0.937351
Test accuracy: 0.933428
Validation loss: 9462.894531
Validation accuracy: 0.940708
Test accuracy: 0.934783
Validation loss: 9168.024414
Validation accuracy: 0.940078
Test accuracy: 0.933856
Validation loss: 9385.986328
Validation accuracy: 0.939659
Test accuracy: 0.934569
Validation loss: 9900.011719
Validation accuracy: 0.940498
Test accuracy: 0.934498
Validation loss: 9798.207031
Validation accuracy: 0.940358
Test accuracy: 0.933571
Training loss: 470.586187

Epoch: 122
Validation loss: 9154.021484
Validation accuracy: 0.942526
Test accuracy: 0.935923
Validation loss: 8954.418945
Validation accuracy: 0.940358
Test accuracy: 0.932217
Validation loss: 9329.208008
Validation accuracy: 0.940708
Test accuracy: 0.933999
Validation loss: 9401.583984
Validation accuracy: 0.940987
Test accuracy: 0.933856
Validation loss: 10793.786133
Validation accuracy: 0.939449
Test accuracy: 0.932716
Validation loss: 9361.114258
Validation accuracy: 0.936582
Test accuracy: 0.931575
Training loss: 100.256260

Epoch: 123
Validation loss: 9381.728516
Validation accuracy: 0.938750
Test accuracy: 0.933571
Validation loss: 10204.367188
Validation accuracy: 0.939309
Test accuracy: 0.933999
Validation loss: 10271.384766
Validation accuracy: 0.939449
Test accuracy: 0.933713
Validation loss: 10570.892578
Validation accuracy: 0.940288
Test accuracy: 0.934426
Validation loss: 10572.981445
Validation accuracy: 0.939379
Test accuracy: 0.933215
Validation loss: 9235.222656
Validation accuracy: 0.940358
Test accuracy: 0.934854
Training loss: 86.513706

Epoch: 124
Validation loss: 8922.830078
Validation accuracy: 0.941547
Test accuracy: 0.935923
Validation loss: 10015.050781
Validation accuracy: 0.940148
Test accuracy: 0.934783
Validation loss: 10622.083008
Validation accuracy: 0.938890
Test accuracy: 0.934212
Validation loss: 11082.698242
Validation accuracy: 0.939519
Test accuracy: 0.934070
Validation loss: 10699.109375
Validation accuracy: 0.940218
Test accuracy: 0.935210
Validation loss: 10162.157227
Validation accuracy: 0.938540
Test accuracy: 0.933571
Training loss: 50.836621

Epoch: 125
Validation loss: 10492.950195
Validation accuracy: 0.939379
Test accuracy: 0.933999
Validation loss: 10827.277344
Validation accuracy: 0.938470
Test accuracy: 0.933785
Validation loss: 9593.782227
Validation accuracy: 0.939589
Test accuracy: 0.933713
Validation loss: 9766.553711
Validation accuracy: 0.939169
Test accuracy: 0.933500
Validation loss: 9488.346680
Validation accuracy: 0.940428
Test accuracy: 0.935139
Validation loss: 10429.674805
Validation accuracy: 0.939869
Test accuracy: 0.934783
Training loss: 50.269488

Epoch: 126
Validation loss: 10511.996094
Validation accuracy: 0.940358
Test accuracy: 0.935567
Validation loss: 10570.246094
Validation accuracy: 0.940568
Test accuracy: 0.935495
Validation loss: 10879.478516
Validation accuracy: 0.938330
Test accuracy: 0.933143
Validation loss: 10479.446289
Validation accuracy: 0.938890
Test accuracy: 0.933642
Validation loss: 10484.732422
Validation accuracy: 0.939659
Test accuracy: 0.933500
Validation loss: 10452.181641
Validation accuracy: 0.938610
Test accuracy: 0.933143
Training loss: 64.047417

Epoch: 127
Validation loss: 9308.405273
Validation accuracy: 0.939589
Test accuracy: 0.935139
Validation loss: 10113.556641
Validation accuracy: 0.940358
Test accuracy: 0.935424
Validation loss: 10987.056641
Validation accuracy: 0.939030
Test accuracy: 0.935353
Validation loss: 11463.910156
Validation accuracy: 0.939938
Test accuracy: 0.935852
Validation loss: 10844.155273
Validation accuracy: 0.940358
Test accuracy: 0.936137
Validation loss: 9026.960938
Validation accuracy: 0.939449
Test accuracy: 0.934212
Training loss: 46.854347

Epoch: 128
Validation loss: 9364.385742
Validation accuracy: 0.940498
Test accuracy: 0.934783
Validation loss: 9686.790039
Validation accuracy: 0.940008
Test accuracy: 0.934925
Validation loss: 10623.215820
Validation accuracy: 0.939869
Test accuracy: 0.934854
Validation loss: 10663.640625
Validation accuracy: 0.939938
Test accuracy: 0.935424
Validation loss: 10767.424805
Validation accuracy: 0.939729
Test accuracy: 0.935424
Validation loss: 9899.806641
Validation accuracy: 0.939449
Test accuracy: 0.935852
Training loss: 42.272959

Epoch: 129
Validation loss: 9420.302734
Validation accuracy: 0.939869
Test accuracy: 0.935852
Validation loss: 9984.982422
Validation accuracy: 0.940428
Test accuracy: 0.936137
Validation loss: 10272.367188
Validation accuracy: 0.940358
Test accuracy: 0.936493
Validation loss: 9805.553711
Validation accuracy: 0.940358
Test accuracy: 0.935567
Validation loss: 10214.075195
Validation accuracy: 0.941267
Test accuracy: 0.935638
Validation loss: 10559.725586
Validation accuracy: 0.938750
Test accuracy: 0.934284
Training loss: 45.975609

Epoch: 130
Validation loss: 10015.246094
Validation accuracy: 0.938820
Test accuracy: 0.934569
Validation loss: 9960.375000
Validation accuracy: 0.939169
Test accuracy: 0.934141
Validation loss: 10241.260742
Validation accuracy: 0.941127
Test accuracy: 0.935353
Validation loss: 10053.002930
Validation accuracy: 0.941966
Test accuracy: 0.935852
Validation loss: 10633.250977
Validation accuracy: 0.941617
Test accuracy: 0.935852
Validation loss: 11065.148438
Validation accuracy: 0.935813
Test accuracy: 0.934212
Training loss: 64.862102

Epoch: 131
Validation loss: 10129.488281
Validation accuracy: 0.938820
Test accuracy: 0.934783
Validation loss: 10053.324219
Validation accuracy: 0.939449
Test accuracy: 0.935282
Validation loss: 9613.166016
Validation accuracy: 0.940568
Test accuracy: 0.934996
Validation loss: 9316.134766
Validation accuracy: 0.938960
Test accuracy: 0.934498
Validation loss: 9830.851562
Validation accuracy: 0.940148
Test accuracy: 0.934711
Validation loss: 9743.310547
Validation accuracy: 0.941337
Test accuracy: 0.935780
Training loss: 50.752017

Epoch: 132
Validation loss: 10100.675781
Validation accuracy: 0.939309
Test accuracy: 0.934711
Validation loss: 10832.873047
Validation accuracy: 0.938820
Test accuracy: 0.934640
Validation loss: 10508.337891
Validation accuracy: 0.938820
Test accuracy: 0.933999
Validation loss: 9638.736328
Validation accuracy: 0.938890
Test accuracy: 0.934711
Validation loss: 9152.073242
Validation accuracy: 0.939099
Test accuracy: 0.933143
Validation loss: 9857.012695
Validation accuracy: 0.940218
Test accuracy: 0.934854
Training loss: 49.116294

Epoch: 133
Validation loss: 10135.799805
Validation accuracy: 0.939938
Test accuracy: 0.935210
Validation loss: 10329.459961
Validation accuracy: 0.940078
Test accuracy: 0.934711
Validation loss: 9996.155273
Validation accuracy: 0.939309
Test accuracy: 0.935139
Validation loss: 10403.310547
Validation accuracy: 0.939449
Test accuracy: 0.934640
Validation loss: 10736.536133
Validation accuracy: 0.939938
Test accuracy: 0.934640
Validation loss: 10619.188477
Validation accuracy: 0.940568
Test accuracy: 0.935780
Training loss: 59.700572

Epoch: 134
Validation loss: 9734.064453
Validation accuracy: 0.940358
Test accuracy: 0.935139
Validation loss: 10281.559570
Validation accuracy: 0.940078
Test accuracy: 0.934711
Validation loss: 10330.049805
Validation accuracy: 0.940288
Test accuracy: 0.934996
Validation loss: 9991.924805
Validation accuracy: 0.940778
Test accuracy: 0.935709
Validation loss: 9682.906250
Validation accuracy: 0.940778
Test accuracy: 0.935567
Validation loss: 9518.952148
Validation accuracy: 0.939938
Test accuracy: 0.934925
Training loss: 81.107580

Epoch: 135
Validation loss: 10068.666016
Validation accuracy: 0.939729
Test accuracy: 0.934141
Validation loss: 10303.225586
Validation accuracy: 0.939869
Test accuracy: 0.934426
Validation loss: 10575.189453
Validation accuracy: 0.939309
Test accuracy: 0.934783
Validation loss: 9702.563477
Validation accuracy: 0.940148
Test accuracy: 0.935353
Validation loss: 9829.351562
Validation accuracy: 0.942316
Test accuracy: 0.935638
Validation loss: 10483.071289
Validation accuracy: 0.938260
Test accuracy: 0.934355
Training loss: 131.967271

Epoch: 136
Validation loss: 9715.550781
Validation accuracy: 0.938400
Test accuracy: 0.933999
Validation loss: 9688.079102
Validation accuracy: 0.939938
Test accuracy: 0.934925
Validation loss: 9787.010742
Validation accuracy: 0.942316
Test accuracy: 0.936636
Validation loss: 9977.246094
Validation accuracy: 0.941477
Test accuracy: 0.935780
Validation loss: 9820.611328
Validation accuracy: 0.939938
Test accuracy: 0.935068
Validation loss: 10448.781250
Validation accuracy: 0.939449
Test accuracy: 0.934711
Training loss: 118.176053

Epoch: 137
Validation loss: 10659.200195
Validation accuracy: 0.939589
Test accuracy: 0.933999
Validation loss: 10388.161133
Validation accuracy: 0.939379
Test accuracy: 0.934141
Validation loss: 10584.208008
Validation accuracy: 0.939938
Test accuracy: 0.934212
Validation loss: 10837.293945
Validation accuracy: 0.939449
Test accuracy: 0.934212
Validation loss: 10382.406250
Validation accuracy: 0.940358
Test accuracy: 0.933500
Validation loss: 9685.310547
Validation accuracy: 0.939169
Test accuracy: 0.933428
Training loss: 63.048613

Epoch: 138
Validation loss: 9401.011719
Validation accuracy: 0.939239
Test accuracy: 0.933856
Validation loss: 10176.299805
Validation accuracy: 0.939799
Test accuracy: 0.934284
Validation loss: 9626.134766
Validation accuracy: 0.941127
Test accuracy: 0.934854
Validation loss: 8794.437500
Validation accuracy: 0.941127
Test accuracy: 0.935139
Validation loss: 9893.819336
Validation accuracy: 0.939379
Test accuracy: 0.933927
Validation loss: 9693.474609
Validation accuracy: 0.938470
Test accuracy: 0.933785
Training loss: 59.903577

Epoch: 139
Validation loss: 9769.448242
Validation accuracy: 0.939169
Test accuracy: 0.933856
Validation loss: 9984.624023
Validation accuracy: 0.937701
Test accuracy: 0.933428
Validation loss: 10193.028320
Validation accuracy: 0.938750
Test accuracy: 0.933856
Validation loss: 10201.481445
Validation accuracy: 0.939169
Test accuracy: 0.933713
Validation loss: 9738.394531
Validation accuracy: 0.938750
Test accuracy: 0.934212
Validation loss: 9764.120117
Validation accuracy: 0.939309
Test accuracy: 0.934355
Training loss: 58.532480

Epoch: 140
Validation loss: 9619.694336
Validation accuracy: 0.938960
Test accuracy: 0.933999
Validation loss: 9943.306641
Validation accuracy: 0.939938
Test accuracy: 0.934070
Validation loss: 9579.299805
Validation accuracy: 0.939519
Test accuracy: 0.934640
Validation loss: 9212.359375
Validation accuracy: 0.939449
Test accuracy: 0.935282
Validation loss: 10068.190430
Validation accuracy: 0.940358
Test accuracy: 0.935210
Validation loss: 9527.250977
Validation accuracy: 0.939729
Test accuracy: 0.934426
Training loss: 41.778120

Epoch: 141
Validation loss: 9999.244141
Validation accuracy: 0.939239
Test accuracy: 0.934212
Validation loss: 9781.358398
Validation accuracy: 0.940008
Test accuracy: 0.934711
Validation loss: 9653.165039
Validation accuracy: 0.940008
Test accuracy: 0.934925
Validation loss: 9833.961914
Validation accuracy: 0.940568
Test accuracy: 0.935495
Validation loss: 9930.427734
Validation accuracy: 0.939938
Test accuracy: 0.935353
Validation loss: 9959.736328
Validation accuracy: 0.939449
Test accuracy: 0.935139
Training loss: 40.736462

Epoch: 142
Validation loss: 9824.843750
Validation accuracy: 0.939589
Test accuracy: 0.934640
Validation loss: 10239.853516
Validation accuracy: 0.938750
Test accuracy: 0.934426
Validation loss: 10048.842773
Validation accuracy: 0.939309
Test accuracy: 0.934854
Validation loss: 9229.989258
Validation accuracy: 0.939799
Test accuracy: 0.934996
Validation loss: 9406.697266
Validation accuracy: 0.940568
Test accuracy: 0.935282
Validation loss: 9189.613281
Validation accuracy: 0.940288
Test accuracy: 0.935068
Training loss: 42.504948

Epoch: 143
Validation loss: 9067.796875
Validation accuracy: 0.939659
Test accuracy: 0.934996
Validation loss: 9841.725586
Validation accuracy: 0.939659
Test accuracy: 0.935424
Validation loss: 9836.507812
Validation accuracy: 0.938960
Test accuracy: 0.935210
Validation loss: 9137.401367
Validation accuracy: 0.938400
Test accuracy: 0.935210
Validation loss: 9448.679688
Validation accuracy: 0.939589
Test accuracy: 0.935139
Validation loss: 9785.970703
Validation accuracy: 0.940078
Test accuracy: 0.935353
Training loss: 40.235436

Epoch: 144
Validation loss: 9735.742188
Validation accuracy: 0.940008
Test accuracy: 0.934711
Validation loss: 9507.951172
Validation accuracy: 0.939729
Test accuracy: 0.934783
Validation loss: 10143.354492
Validation accuracy: 0.939169
Test accuracy: 0.934640
Validation loss: 9902.831055
Validation accuracy: 0.939938
Test accuracy: 0.934498
Validation loss: 9751.852539
Validation accuracy: 0.939869
Test accuracy: 0.934996
Validation loss: 9227.012695
Validation accuracy: 0.940498
Test accuracy: 0.935210
Training loss: 41.954459

Epoch: 145
Validation loss: 9111.983398
Validation accuracy: 0.939239
Test accuracy: 0.934854
Validation loss: 9267.049805
Validation accuracy: 0.939869
Test accuracy: 0.935424
Validation loss: 9676.063477
Validation accuracy: 0.940218
Test accuracy: 0.935139
Validation loss: 9802.545898
Validation accuracy: 0.940148
Test accuracy: 0.935353
Validation loss: 9587.408203
Validation accuracy: 0.940288
Test accuracy: 0.934640
Validation loss: 9631.325195
Validation accuracy: 0.940218
Test accuracy: 0.934996
Training loss: 40.622504

Epoch: 146
Validation loss: 9047.445312
Validation accuracy: 0.939799
Test accuracy: 0.934854
Validation loss: 9639.006836
Validation accuracy: 0.939379
Test accuracy: 0.935567
Validation loss: 9884.069336
Validation accuracy: 0.939938
Test accuracy: 0.935567
Validation loss: 10301.968750
Validation accuracy: 0.939099
Test accuracy: 0.935210
Validation loss: 9709.184570
Validation accuracy: 0.940218
Test accuracy: 0.934925
Validation loss: 8861.285156
Validation accuracy: 0.940917
Test accuracy: 0.934996
Training loss: 43.243423

Epoch: 147
Validation loss: 9649.897461
Validation accuracy: 0.939589
Test accuracy: 0.934996
Validation loss: 9137.792969
Validation accuracy: 0.940078
Test accuracy: 0.935638
Validation loss: 9635.547852
Validation accuracy: 0.939519
Test accuracy: 0.935495
Validation loss: 9346.202148
Validation accuracy: 0.939519
Test accuracy: 0.935353
Validation loss: 9274.340820
Validation accuracy: 0.940428
Test accuracy: 0.935852
Validation loss: 10245.731445
Validation accuracy: 0.939729
Test accuracy: 0.935923
Training loss: 43.874038

Epoch: 148
Validation loss: 9952.193359
Validation accuracy: 0.940148
Test accuracy: 0.935780
Validation loss: 8838.926758
Validation accuracy: 0.940288
Test accuracy: 0.936208
Validation loss: 9435.452148
Validation accuracy: 0.940218
Test accuracy: 0.935994
Validation loss: 9869.491211
Validation accuracy: 0.939938
Test accuracy: 0.935353
Validation loss: 9594.146484
Validation accuracy: 0.939589
Test accuracy: 0.935068
Validation loss: 9307.744141
Validation accuracy: 0.940008
Test accuracy: 0.935139
Training loss: 42.987152

Epoch: 149
Validation loss: 9301.003906
Validation accuracy: 0.940778
Test accuracy: 0.935495
Validation loss: 9963.394531
Validation accuracy: 0.939938
Test accuracy: 0.935852
Validation loss: 10418.419922
Validation accuracy: 0.939729
Test accuracy: 0.935567
Validation loss: 10258.145508
Validation accuracy: 0.940078
Test accuracy: 0.935424
Validation loss: 10703.324219
Validation accuracy: 0.940428
Test accuracy: 0.936066
Validation loss: 8913.994141
Validation accuracy: 0.941127
Test accuracy: 0.935638
Training loss: 45.369912

Epoch: 150
Validation loss: 8574.537109
Validation accuracy: 0.940638
Test accuracy: 0.935282
Validation loss: 8928.577148
Validation accuracy: 0.940917
Test accuracy: 0.935567
Validation loss: 9613.800781
Validation accuracy: 0.938750
Test accuracy: 0.935424
Validation loss: 8582.948242
Validation accuracy: 0.939099
Test accuracy: 0.935567
Validation loss: 9164.378906
Validation accuracy: 0.940358
Test accuracy: 0.936279
Validation loss: 9041.244141
Validation accuracy: 0.940987
Test accuracy: 0.935638
Training loss: 44.698209

Epoch: 151
Validation loss: 9431.630859
Validation accuracy: 0.940708
Test accuracy: 0.935495
Validation loss: 9982.066406
Validation accuracy: 0.940568
Test accuracy: 0.934996
Validation loss: 9910.655273
Validation accuracy: 0.940708
Test accuracy: 0.935852
Validation loss: 9773.430664
Validation accuracy: 0.940428
Test accuracy: 0.935923
Validation loss: 9346.885742
Validation accuracy: 0.939729
Test accuracy: 0.935780
Validation loss: 9706.949219
Validation accuracy: 0.941057
Test accuracy: 0.935780
Training loss: 41.787913

Epoch: 152
Validation loss: 8953.470703
Validation accuracy: 0.940008
Test accuracy: 0.936066
Validation loss: 8837.325195
Validation accuracy: 0.940987
Test accuracy: 0.935780
Validation loss: 9272.054688
Validation accuracy: 0.940917
Test accuracy: 0.935567
Validation loss: 9512.884766
Validation accuracy: 0.940498
Test accuracy: 0.935994
Validation loss: 9657.316406
Validation accuracy: 0.939869
Test accuracy: 0.935994
Validation loss: 9663.848633
Validation accuracy: 0.939799
Test accuracy: 0.935994
Training loss: 42.228243

Epoch: 153
Validation loss: 8887.833984
Validation accuracy: 0.940917
Test accuracy: 0.935567
Validation loss: 9203.609375
Validation accuracy: 0.939589
Test accuracy: 0.934996
Validation loss: 8908.840820
Validation accuracy: 0.940708
Test accuracy: 0.935495
Validation loss: 9895.012695
Validation accuracy: 0.941197
Test accuracy: 0.935780
Validation loss: 8875.212891
Validation accuracy: 0.941197
Test accuracy: 0.935353
Validation loss: 9310.942383
Validation accuracy: 0.940358
Test accuracy: 0.935495
Training loss: 42.769545

Epoch: 154
Validation loss: 9071.224609
Validation accuracy: 0.940288
Test accuracy: 0.935709
Validation loss: 9724.759766
Validation accuracy: 0.939869
Test accuracy: 0.935424
Validation loss: 10180.553711
Validation accuracy: 0.938820
Test accuracy: 0.934996
Validation loss: 9592.713867
Validation accuracy: 0.939589
Test accuracy: 0.935780
Validation loss: 8763.999023
Validation accuracy: 0.940568
Test accuracy: 0.935852
Validation loss: 9557.698242
Validation accuracy: 0.940428
Test accuracy: 0.935424
Training loss: 39.869783

Epoch: 155
Validation loss: 9776.453125
Validation accuracy: 0.941057
Test accuracy: 0.935495
Validation loss: 10111.959961
Validation accuracy: 0.940428
Test accuracy: 0.935282
Validation loss: 9561.252930
Validation accuracy: 0.940358
Test accuracy: 0.935424
Validation loss: 8986.129883
Validation accuracy: 0.939938
Test accuracy: 0.935424
Validation loss: 8951.563477
Validation accuracy: 0.940288
Test accuracy: 0.935495
Validation loss: 9324.979492
Validation accuracy: 0.939869
Test accuracy: 0.935852
Training loss: 42.520818

Epoch: 156
Validation loss: 9556.913086
Validation accuracy: 0.940008
Test accuracy: 0.935353
Validation loss: 9928.562500
Validation accuracy: 0.940078
Test accuracy: 0.934640
Validation loss: 9816.811523
Validation accuracy: 0.940778
Test accuracy: 0.935282
Validation loss: 9147.121094
Validation accuracy: 0.939938
Test accuracy: 0.934854
Validation loss: 9827.276367
Validation accuracy: 0.939659
Test accuracy: 0.935353
Validation loss: 9349.612305
Validation accuracy: 0.939030
Test accuracy: 0.934569
Training loss: 41.286845

Epoch: 157
Validation loss: 8712.617188
Validation accuracy: 0.940078
Test accuracy: 0.935638
Validation loss: 10504.174805
Validation accuracy: 0.939239
Test accuracy: 0.934854
Validation loss: 12127.325195
Validation accuracy: 0.932457
Test accuracy: 0.927370
Validation loss: 8640.256836
Validation accuracy: 0.940078
Test accuracy: 0.937420
Validation loss: 9738.380859
Validation accuracy: 0.937002
Test accuracy: 0.935638
Validation loss: 9710.439453
Validation accuracy: 0.937212
Test accuracy: 0.935139
Training loss: 268.931199

Epoch: 158
Validation loss: 8658.662109
Validation accuracy: 0.939869
Test accuracy: 0.935353
Validation loss: 10192.506836
Validation accuracy: 0.935673
Test accuracy: 0.932502
Validation loss: 10588.579102
Validation accuracy: 0.935883
Test accuracy: 0.932716
Validation loss: 9169.095703
Validation accuracy: 0.937981
Test accuracy: 0.933856
Validation loss: 9197.546875
Validation accuracy: 0.938330
Test accuracy: 0.935780
Validation loss: 9493.636719
Validation accuracy: 0.936652
Test accuracy: 0.934783
Training loss: 277.268811

Epoch: 159
Validation loss: 9681.309570
Validation accuracy: 0.936163
Test accuracy: 0.934284
Validation loss: 10670.660156
Validation accuracy: 0.937421
Test accuracy: 0.934426
Validation loss: 10731.417969
Validation accuracy: 0.937491
Test accuracy: 0.933215
Validation loss: 10410.974609
Validation accuracy: 0.939659
Test accuracy: 0.935923
Validation loss: 10810.353516
Validation accuracy: 0.937561
Test accuracy: 0.935210
Validation loss: 10804.204102
Validation accuracy: 0.937911
Test accuracy: 0.935068
Training loss: 145.265560

Epoch: 160
Validation loss: 10347.627930
Validation accuracy: 0.937701
Test accuracy: 0.935068
Validation loss: 11025.864258
Validation accuracy: 0.937351
Test accuracy: 0.935210
Validation loss: 11396.833984
Validation accuracy: 0.939099
Test accuracy: 0.937349
Validation loss: 10734.491211
Validation accuracy: 0.939309
Test accuracy: 0.937349
Validation loss: 10190.670898
Validation accuracy: 0.940358
Test accuracy: 0.937705
Validation loss: 10406.047852
Validation accuracy: 0.938470
Test accuracy: 0.936137
Training loss: 67.584253

Epoch: 161
Validation loss: 10146.147461
Validation accuracy: 0.938540
Test accuracy: 0.934996
Validation loss: 10288.992188
Validation accuracy: 0.939589
Test accuracy: 0.936493
Validation loss: 10709.137695
Validation accuracy: 0.939239
Test accuracy: 0.936707
Validation loss: 10639.432617
Validation accuracy: 0.938890
Test accuracy: 0.935068
Validation loss: 9407.422852
Validation accuracy: 0.940008
Test accuracy: 0.936565
Validation loss: 9767.109375
Validation accuracy: 0.940008
Test accuracy: 0.936850
Training loss: 86.009191

Epoch: 162
Validation loss: 9824.592773
Validation accuracy: 0.940218
Test accuracy: 0.937349
Validation loss: 10696.551758
Validation accuracy: 0.939799
Test accuracy: 0.936707
Validation loss: 11221.773438
Validation accuracy: 0.939938
Test accuracy: 0.936351
Validation loss: 10814.056641
Validation accuracy: 0.939099
Test accuracy: 0.936351
Validation loss: 10388.084961
Validation accuracy: 0.939589
Test accuracy: 0.936992
Validation loss: 9800.223633
Validation accuracy: 0.940987
Test accuracy: 0.938061
Training loss: 48.891331

Epoch: 163
Validation loss: 8782.935547
Validation accuracy: 0.940708
Test accuracy: 0.937634
Validation loss: 10076.407227
Validation accuracy: 0.940008
Test accuracy: 0.937277
Validation loss: 9506.593750
Validation accuracy: 0.940078
Test accuracy: 0.937277
Validation loss: 8987.929688
Validation accuracy: 0.940847
Test accuracy: 0.936636
Validation loss: 9164.288086
Validation accuracy: 0.941337
Test accuracy: 0.936992
Validation loss: 9350.904297
Validation accuracy: 0.941896
Test accuracy: 0.936850
